<?xml version="1.0" encoding="UTF-8"?>
<testsuite xmlns:xsi="http://www.w3.org/2001/XMLSchema-instance" xsi:noNamespaceSchemaLocation="https://maven.apache.org/surefire/maven-surefire-plugin/xsd/surefire-test-report-3.0.xsd" version="3.0" name="com.draekk.todomaster.controllers.GeneralControllerTest" time="1.424" tests="8" errors="8" skipped="0" failures="0">
  <properties>
    <property name="java.specification.version" value="17"/>
    <property name="sun.cpu.isalist" value="amd64"/>
    <property name="sun.jnu.encoding" value="Cp1252"/>
    <property name="java.class.path" value="C:\Users\asahi\OneDrive\Documentos\programacion\porfolio-projects\todo-app\todo-master\todomaster\target\test-classes;C:\Users\asahi\OneDrive\Documentos\programacion\porfolio-projects\todo-app\todo-master\todomaster\target\classes;C:\Users\asahi\.m2\repository\jakarta\platform\jakarta.jakartaee-api\10.0.0\jakarta.jakartaee-api-10.0.0.jar;C:\Users\asahi\.m2\repository\jakarta\platform\jakarta.jakartaee-web-api\10.0.0\jakarta.jakartaee-web-api-10.0.0.jar;C:\Users\asahi\.m2\repository\jakarta\servlet\jsp\jakarta.servlet.jsp-api\3.1.0\jakarta.servlet.jsp-api-3.1.0.jar;C:\Users\asahi\.m2\repository\jakarta\el\jakarta.el-api\5.0.1\jakarta.el-api-5.0.1.jar;C:\Users\asahi\.m2\repository\jakarta\servlet\jsp\jstl\jakarta.servlet.jsp.jstl-api\3.0.0\jakarta.servlet.jsp.jstl-api-3.0.0.jar;C:\Users\asahi\.m2\repository\jakarta\faces\jakarta.faces-api\4.0.1\jakarta.faces-api-4.0.1.jar;C:\Users\asahi\.m2\repository\jakarta\ws\rs\jakarta.ws.rs-api\3.1.0\jakarta.ws.rs-api-3.1.0.jar;C:\Users\asahi\.m2\repository\jakarta\websocket\jakarta.websocket-api\2.1.0\jakarta.websocket-api-2.1.0.jar;C:\Users\asahi\.m2\repository\jakarta\websocket\jakarta.websocket-client-api\2.1.0\jakarta.websocket-client-api-2.1.0.jar;C:\Users\asahi\.m2\repository\jakarta\json\jakarta.json-api\2.1.0\jakarta.json-api-2.1.0.jar;C:\Users\asahi\.m2\repository\jakarta\json\bind\jakarta.json.bind-api\3.0.0\jakarta.json.bind-api-3.0.0.jar;C:\Users\asahi\.m2\repository\jakarta\annotation\jakarta.annotation-api\2.1.1\jakarta.annotation-api-2.1.1.jar;C:\Users\asahi\.m2\repository\jakarta\ejb\jakarta.ejb-api\4.0.1\jakarta.ejb-api-4.0.1.jar;C:\Users\asahi\.m2\repository\jakarta\transaction\jakarta.transaction-api\2.0.1\jakarta.transaction-api-2.0.1.jar;C:\Users\asahi\.m2\repository\jakarta\persistence\jakarta.persistence-api\3.1.0\jakarta.persistence-api-3.1.0.jar;C:\Users\asahi\.m2\repository\jakarta\validation\jakarta.validation-api\3.0.2\jakarta.validation-api-3.0.2.jar;C:\Users\asahi\.m2\repository\jakarta\interceptor\jakarta.interceptor-api\2.1.0\jakarta.interceptor-api-2.1.0.jar;C:\Users\asahi\.m2\repository\jakarta\enterprise\jakarta.enterprise.cdi-api\4.0.1\jakarta.enterprise.cdi-api-4.0.1.jar;C:\Users\asahi\.m2\repository\jakarta\enterprise\jakarta.enterprise.lang-model\4.0.1\jakarta.enterprise.lang-model-4.0.1.jar;C:\Users\asahi\.m2\repository\jakarta\inject\jakarta.inject-api\2.0.1\jakarta.inject-api-2.0.1.jar;C:\Users\asahi\.m2\repository\jakarta\authentication\jakarta.authentication-api\3.0.0\jakarta.authentication-api-3.0.0.jar;C:\Users\asahi\.m2\repository\jakarta\security\enterprise\jakarta.security.enterprise-api\3.0.0\jakarta.security.enterprise-api-3.0.0.jar;C:\Users\asahi\.m2\repository\jakarta\jms\jakarta.jms-api\3.1.0\jakarta.jms-api-3.1.0.jar;C:\Users\asahi\.m2\repository\jakarta\activation\jakarta.activation-api\2.1.0\jakarta.activation-api-2.1.0.jar;C:\Users\asahi\.m2\repository\jakarta\mail\jakarta.mail-api\2.1.0\jakarta.mail-api-2.1.0.jar;C:\Users\asahi\.m2\repository\jakarta\resource\jakarta.resource-api\2.1.0\jakarta.resource-api-2.1.0.jar;C:\Users\asahi\.m2\repository\jakarta\authorization\jakarta.authorization-api\2.1.0\jakarta.authorization-api-2.1.0.jar;C:\Users\asahi\.m2\repository\jakarta\batch\jakarta.batch-api\2.1.1\jakarta.batch-api-2.1.1.jar;C:\Users\asahi\.m2\repository\jakarta\servlet\jakarta.servlet-api\6.0.0\jakarta.servlet-api-6.0.0.jar;C:\Users\asahi\.m2\repository\org\eclipse\persistence\org.eclipse.persistence.core\2.7.12\org.eclipse.persistence.core-2.7.12.jar;C:\Users\asahi\.m2\repository\org\eclipse\persistence\org.eclipse.persistence.asm\9.4.0\org.eclipse.persistence.asm-9.4.0.jar;C:\Users\asahi\.m2\repository\org\eclipse\persistence\org.eclipse.persistence.antlr\2.7.12\org.eclipse.persistence.antlr-2.7.12.jar;C:\Users\asahi\.m2\repository\org\eclipse\persistence\org.eclipse.persistence.jpa\2.7.12\org.eclipse.persistence.jpa-2.7.12.jar;C:\Users\asahi\.m2\repository\org\eclipse\persistence\org.eclipse.persistence.jpa.jpql\2.7.12\org.eclipse.persistence.jpa.jpql-2.7.12.jar;C:\Users\asahi\.m2\repository\org\eclipse\persistence\org.eclipse.persistence.moxy\2.7.12\org.eclipse.persistence.moxy-2.7.12.jar;C:\Users\asahi\.m2\repository\org\eclipse\persistence\jakarta.persistence\2.2.3\jakarta.persistence-2.2.3.jar;C:\Users\asahi\.m2\repository\org\eclipse\persistence\org.eclipse.persistence.jpa.modelgen.processor\2.7.12\org.eclipse.persistence.jpa.modelgen.processor-2.7.12.jar;C:\Users\asahi\.m2\repository\javax\servlet\javax.servlet-api\4.0.1\javax.servlet-api-4.0.1.jar;C:\Users\asahi\.m2\repository\org\eclipse\parsson\jakarta.json\1.1.5\jakarta.json-1.1.5.jar;C:\Users\asahi\.m2\repository\org\junit\jupiter\junit-jupiter-api\5.6.0\junit-jupiter-api-5.6.0.jar;C:\Users\asahi\.m2\repository\org\apiguardian\apiguardian-api\1.1.0\apiguardian-api-1.1.0.jar;C:\Users\asahi\.m2\repository\org\opentest4j\opentest4j\1.2.0\opentest4j-1.2.0.jar;C:\Users\asahi\.m2\repository\org\junit\platform\junit-platform-commons\1.6.0\junit-platform-commons-1.6.0.jar;C:\Users\asahi\.m2\repository\org\junit\jupiter\junit-jupiter-params\5.6.0\junit-jupiter-params-5.6.0.jar;C:\Users\asahi\.m2\repository\org\junit\jupiter\junit-jupiter-engine\5.6.0\junit-jupiter-engine-5.6.0.jar;C:\Users\asahi\.m2\repository\org\junit\platform\junit-platform-engine\1.6.0\junit-platform-engine-1.6.0.jar;"/>
    <property name="java.vm.vendor" value="Eclipse Adoptium"/>
    <property name="sun.arch.data.model" value="64"/>
    <property name="user.variant" value=""/>
    <property name="java.vendor.url" value="https://adoptium.net/"/>
    <property name="user.timezone" value="America/Santiago"/>
    <property name="os.name" value="Windows 11"/>
    <property name="java.vm.specification.version" value="17"/>
    <property name="sun.java.launcher" value="SUN_STANDARD"/>
    <property name="user.country" value="CL"/>
    <property name="sun.boot.library.path" value="C:\Program Files\sts-4.21.0.RELEASE\plugins\org.eclipse.justj.openjdk.hotspot.jre.full.win32.x86_64_17.0.9.v20231028-0858\jre\bin"/>
    <property name="sun.java.command" value="C:\Users\asahi\AppData\Local\Temp\surefire2963711441412267348\surefirebooter-20231208235258149_3.jar C:\Users\asahi\AppData\Local\Temp\surefire2963711441412267348 2023-12-08T23-52-57_847-jvmRun1 surefire-20231208235258149_1tmp surefire_0-20231208235258149_2tmp"/>
    <property name="jdk.debug" value="release"/>
    <property name="surefire.test.class.path" value="C:\Users\asahi\OneDrive\Documentos\programacion\porfolio-projects\todo-app\todo-master\todomaster\target\test-classes;C:\Users\asahi\OneDrive\Documentos\programacion\porfolio-projects\todo-app\todo-master\todomaster\target\classes;C:\Users\asahi\.m2\repository\jakarta\platform\jakarta.jakartaee-api\10.0.0\jakarta.jakartaee-api-10.0.0.jar;C:\Users\asahi\.m2\repository\jakarta\platform\jakarta.jakartaee-web-api\10.0.0\jakarta.jakartaee-web-api-10.0.0.jar;C:\Users\asahi\.m2\repository\jakarta\servlet\jsp\jakarta.servlet.jsp-api\3.1.0\jakarta.servlet.jsp-api-3.1.0.jar;C:\Users\asahi\.m2\repository\jakarta\el\jakarta.el-api\5.0.1\jakarta.el-api-5.0.1.jar;C:\Users\asahi\.m2\repository\jakarta\servlet\jsp\jstl\jakarta.servlet.jsp.jstl-api\3.0.0\jakarta.servlet.jsp.jstl-api-3.0.0.jar;C:\Users\asahi\.m2\repository\jakarta\faces\jakarta.faces-api\4.0.1\jakarta.faces-api-4.0.1.jar;C:\Users\asahi\.m2\repository\jakarta\ws\rs\jakarta.ws.rs-api\3.1.0\jakarta.ws.rs-api-3.1.0.jar;C:\Users\asahi\.m2\repository\jakarta\websocket\jakarta.websocket-api\2.1.0\jakarta.websocket-api-2.1.0.jar;C:\Users\asahi\.m2\repository\jakarta\websocket\jakarta.websocket-client-api\2.1.0\jakarta.websocket-client-api-2.1.0.jar;C:\Users\asahi\.m2\repository\jakarta\json\jakarta.json-api\2.1.0\jakarta.json-api-2.1.0.jar;C:\Users\asahi\.m2\repository\jakarta\json\bind\jakarta.json.bind-api\3.0.0\jakarta.json.bind-api-3.0.0.jar;C:\Users\asahi\.m2\repository\jakarta\annotation\jakarta.annotation-api\2.1.1\jakarta.annotation-api-2.1.1.jar;C:\Users\asahi\.m2\repository\jakarta\ejb\jakarta.ejb-api\4.0.1\jakarta.ejb-api-4.0.1.jar;C:\Users\asahi\.m2\repository\jakarta\transaction\jakarta.transaction-api\2.0.1\jakarta.transaction-api-2.0.1.jar;C:\Users\asahi\.m2\repository\jakarta\persistence\jakarta.persistence-api\3.1.0\jakarta.persistence-api-3.1.0.jar;C:\Users\asahi\.m2\repository\jakarta\validation\jakarta.validation-api\3.0.2\jakarta.validation-api-3.0.2.jar;C:\Users\asahi\.m2\repository\jakarta\interceptor\jakarta.interceptor-api\2.1.0\jakarta.interceptor-api-2.1.0.jar;C:\Users\asahi\.m2\repository\jakarta\enterprise\jakarta.enterprise.cdi-api\4.0.1\jakarta.enterprise.cdi-api-4.0.1.jar;C:\Users\asahi\.m2\repository\jakarta\enterprise\jakarta.enterprise.lang-model\4.0.1\jakarta.enterprise.lang-model-4.0.1.jar;C:\Users\asahi\.m2\repository\jakarta\inject\jakarta.inject-api\2.0.1\jakarta.inject-api-2.0.1.jar;C:\Users\asahi\.m2\repository\jakarta\authentication\jakarta.authentication-api\3.0.0\jakarta.authentication-api-3.0.0.jar;C:\Users\asahi\.m2\repository\jakarta\security\enterprise\jakarta.security.enterprise-api\3.0.0\jakarta.security.enterprise-api-3.0.0.jar;C:\Users\asahi\.m2\repository\jakarta\jms\jakarta.jms-api\3.1.0\jakarta.jms-api-3.1.0.jar;C:\Users\asahi\.m2\repository\jakarta\activation\jakarta.activation-api\2.1.0\jakarta.activation-api-2.1.0.jar;C:\Users\asahi\.m2\repository\jakarta\mail\jakarta.mail-api\2.1.0\jakarta.mail-api-2.1.0.jar;C:\Users\asahi\.m2\repository\jakarta\resource\jakarta.resource-api\2.1.0\jakarta.resource-api-2.1.0.jar;C:\Users\asahi\.m2\repository\jakarta\authorization\jakarta.authorization-api\2.1.0\jakarta.authorization-api-2.1.0.jar;C:\Users\asahi\.m2\repository\jakarta\batch\jakarta.batch-api\2.1.1\jakarta.batch-api-2.1.1.jar;C:\Users\asahi\.m2\repository\jakarta\servlet\jakarta.servlet-api\6.0.0\jakarta.servlet-api-6.0.0.jar;C:\Users\asahi\.m2\repository\org\eclipse\persistence\org.eclipse.persistence.core\2.7.12\org.eclipse.persistence.core-2.7.12.jar;C:\Users\asahi\.m2\repository\org\eclipse\persistence\org.eclipse.persistence.asm\9.4.0\org.eclipse.persistence.asm-9.4.0.jar;C:\Users\asahi\.m2\repository\org\eclipse\persistence\org.eclipse.persistence.antlr\2.7.12\org.eclipse.persistence.antlr-2.7.12.jar;C:\Users\asahi\.m2\repository\org\eclipse\persistence\org.eclipse.persistence.jpa\2.7.12\org.eclipse.persistence.jpa-2.7.12.jar;C:\Users\asahi\.m2\repository\org\eclipse\persistence\org.eclipse.persistence.jpa.jpql\2.7.12\org.eclipse.persistence.jpa.jpql-2.7.12.jar;C:\Users\asahi\.m2\repository\org\eclipse\persistence\org.eclipse.persistence.moxy\2.7.12\org.eclipse.persistence.moxy-2.7.12.jar;C:\Users\asahi\.m2\repository\org\eclipse\persistence\jakarta.persistence\2.2.3\jakarta.persistence-2.2.3.jar;C:\Users\asahi\.m2\repository\org\eclipse\persistence\org.eclipse.persistence.jpa.modelgen.processor\2.7.12\org.eclipse.persistence.jpa.modelgen.processor-2.7.12.jar;C:\Users\asahi\.m2\repository\javax\servlet\javax.servlet-api\4.0.1\javax.servlet-api-4.0.1.jar;C:\Users\asahi\.m2\repository\org\eclipse\parsson\jakarta.json\1.1.5\jakarta.json-1.1.5.jar;C:\Users\asahi\.m2\repository\org\junit\jupiter\junit-jupiter-api\5.6.0\junit-jupiter-api-5.6.0.jar;C:\Users\asahi\.m2\repository\org\apiguardian\apiguardian-api\1.1.0\apiguardian-api-1.1.0.jar;C:\Users\asahi\.m2\repository\org\opentest4j\opentest4j\1.2.0\opentest4j-1.2.0.jar;C:\Users\asahi\.m2\repository\org\junit\platform\junit-platform-commons\1.6.0\junit-platform-commons-1.6.0.jar;C:\Users\asahi\.m2\repository\org\junit\jupiter\junit-jupiter-params\5.6.0\junit-jupiter-params-5.6.0.jar;C:\Users\asahi\.m2\repository\org\junit\jupiter\junit-jupiter-engine\5.6.0\junit-jupiter-engine-5.6.0.jar;C:\Users\asahi\.m2\repository\org\junit\platform\junit-platform-engine\1.6.0\junit-platform-engine-1.6.0.jar;"/>
    <property name="sun.cpu.endian" value="little"/>
    <property name="user.home" value="C:\Users\asahi"/>
    <property name="user.language" value="es"/>
    <property name="java.specification.vendor" value="Oracle Corporation"/>
    <property name="java.version.date" value="2023-10-17"/>
    <property name="java.home" value="C:\Program Files\sts-4.21.0.RELEASE\plugins\org.eclipse.justj.openjdk.hotspot.jre.full.win32.x86_64_17.0.9.v20231028-0858\jre"/>
    <property name="file.separator" value="\"/>
    <property name="style.color" value="always"/>
    <property name="basedir" value="C:\Users\asahi\OneDrive\Documentos\programacion\porfolio-projects\todo-app\todo-master\todomaster"/>
    <property name="java.vm.compressedOopsMode" value="32-bit"/>
    <property name="line.separator" value="&#10;"/>
    <property name="java.vm.specification.vendor" value="Oracle Corporation"/>
    <property name="java.specification.name" value="Java Platform API Specification"/>
    <property name="surefire.real.class.path" value="C:\Users\asahi\AppData\Local\Temp\surefire2963711441412267348\surefirebooter-20231208235258149_3.jar"/>
    <property name="user.script" value=""/>
    <property name="sun.management.compiler" value="HotSpot 64-Bit Tiered Compilers"/>
    <property name="java.runtime.version" value="17.0.9+9"/>
    <property name="user.name" value="asahi"/>
    <property name="path.separator" value=";"/>
    <property name="os.version" value="10.0"/>
    <property name="java.runtime.name" value="OpenJDK Runtime Environment"/>
    <property name="file.encoding" value="Cp1252"/>
    <property name="java.vm.name" value="OpenJDK 64-Bit Server VM"/>
    <property name="java.vendor.version" value="Temurin-17.0.9+9"/>
    <property name="localRepository" value="C:\Users\asahi\.m2\repository"/>
    <property name="java.vendor.url.bug" value="https://github.com/adoptium/adoptium-support/issues"/>
    <property name="java.io.tmpdir" value="C:\Users\asahi\AppData\Local\Temp\"/>
    <property name="java.version" value="17.0.9"/>
    <property name="user.dir" value="C:\Users\asahi\OneDrive\Documentos\programacion\porfolio-projects\todo-app\todo-master\todomaster"/>
    <property name="os.arch" value="amd64"/>
    <property name="java.vm.specification.name" value="Java Virtual Machine Specification"/>
    <property name="sun.os.patch.level" value=""/>
    <property name="native.encoding" value="Cp1252"/>
    <property name="java.library.path" value="C:\Program Files\sts-4.21.0.RELEASE\plugins\org.eclipse.justj.openjdk.hotspot.jre.full.win32.x86_64_17.0.9.v20231028-0858\jre\bin;C:\Windows\Sun\Java\bin;C:\Windows\system32;C:\Windows;C:/Program Files/sts-4.21.0.RELEASE//plugins/org.eclipse.justj.openjdk.hotspot.jre.full.win32.x86_64_17.0.9.v20231028-0858/jre/bin/server;C:/Program Files/sts-4.21.0.RELEASE//plugins/org.eclipse.justj.openjdk.hotspot.jre.full.win32.x86_64_17.0.9.v20231028-0858/jre/bin;C:\Program Files\OpenLogic\jdk-17.0.9.9-hotspot\bin;C:\Program Files\OpenLogic\jdk-11.0.21.9-hotspot\bin;C:\Program Files\OpenLogic\jdk-8.0.392.08-hotspot\bin;C:\Program Files\Python312\Scripts\;C:\Program Files\Python312\;C:\Program Files\Eclipse Adoptium\jdk-21.0.1.12-hotspot\bin;C:\Program Files\Eclipse Adoptium\jdk-11.0.21.9-hotspot\bin;C:\Program Files\Eclipse Adoptium\jdk-17.0.9.9-hotspot\bin;C:\Program Files\Eclipse Adoptium\jdk-8.0.392.8-hotspot\bin;C:\Program Files\Eclipse Adoptium\jre-21.0.1.12-hotspot\bin;C:\Program Files\Eclipse Adoptium\jre-8.0.392.8-hotspot\bin;C:\Program Files\Eclipse Adoptium\jre-17.0.9.9-hotspot\bin;C:\Program Files\Eclipse Adoptium\jre-11.0.21.9-hotspot\bin;C:\Windows\system32;C:\Windows;C:\Windows\System32\Wbem;C:\Windows\System32\WindowsPowerShell\v1.0\;C:\Windows\System32\OpenSSH\;C:\Program Files\Microsoft VS Code\bin;C:\Program Files\Git\cmd;C:\Program Files\MySQL\MySQL Shell 8.0\bin\;C:\Users\asahi\AppData\Local\Microsoft\WindowsApps;;C:\Program Files\sts-4.21.0.RELEASE;;."/>
    <property name="java.vm.info" value="mixed mode"/>
    <property name="java.vendor" value="Eclipse Adoptium"/>
    <property name="java.vm.version" value="17.0.9+9"/>
    <property name="sun.io.unicode.encoding" value="UnicodeLittle"/>
    <property name="java.class.version" value="61.0"/>
  </properties>
  <testcase name="testGetTaskList_long" classname="com.draekk.todomaster.controllers.GeneralControllerTest" time="0.811">
    <error message="Exception [EclipseLink-4003] (Eclipse Persistence Services - 2.7.12.v20230209-e5c4074ef3): org.eclipse.persistence.exceptions.DatabaseException&#10;Exception Description: Configuration error.  Class [org.postgresql.Driver] not found." type="javax.persistence.PersistenceException"><![CDATA[javax.persistence.PersistenceException: 
Exception [EclipseLink-4003] (Eclipse Persistence Services - 2.7.12.v20230209-e5c4074ef3): org.eclipse.persistence.exceptions.DatabaseException
Exception Description: Configuration error.  Class [org.postgresql.Driver] not found.
	at org.eclipse.persistence.internal.jpa.EntityManagerSetupImpl.deploy(EntityManagerSetupImpl.java:854)
	at org.eclipse.persistence.internal.jpa.EntityManagerFactoryDelegate.getAbstractSession(EntityManagerFactoryDelegate.java:222)
	at org.eclipse.persistence.internal.jpa.EntityManagerFactoryDelegate.getDatabaseSession(EntityManagerFactoryDelegate.java:200)
	at org.eclipse.persistence.internal.jpa.EntityManagerFactoryImpl.getDatabaseSession(EntityManagerFactoryImpl.java:542)
	at org.eclipse.persistence.jpa.PersistenceProvider.createEntityManagerFactoryImpl(PersistenceProvider.java:153)
	at org.eclipse.persistence.jpa.PersistenceProvider.createEntityManagerFactory(PersistenceProvider.java:191)
	at javax.persistence.Persistence.createEntityManagerFactory(Persistence.java:80)
	at javax.persistence.Persistence.createEntityManagerFactory(Persistence.java:55)
	at com.draekk.todomaster.persistence.UserJpaController.<init>(UserJpaController.java:32)
	at com.draekk.todomaster.persistence.PersistenceController.<init>(PersistenceController.java:11)
	at com.draekk.todomaster.controllers.GeneralController.<init>(GeneralController.java:15)
	at com.draekk.todomaster.controllers.GeneralControllerTest.testGetTaskList_long(GeneralControllerTest.java:117)
	at java.base/jdk.internal.reflect.NativeMethodAccessorImpl.invoke0(Native Method)
	at java.base/jdk.internal.reflect.NativeMethodAccessorImpl.invoke(NativeMethodAccessorImpl.java:77)
	at java.base/jdk.internal.reflect.DelegatingMethodAccessorImpl.invoke(DelegatingMethodAccessorImpl.java:43)
	at java.base/java.lang.reflect.Method.invoke(Method.java:568)
	at org.junit.platform.commons.util.ReflectionUtils.invokeMethod(ReflectionUtils.java:686)
	at org.junit.jupiter.engine.execution.MethodInvocation.proceed(MethodInvocation.java:60)
	at org.junit.jupiter.engine.execution.InvocationInterceptorChain$ValidatingInvocation.proceed(InvocationInterceptorChain.java:131)
	at org.junit.jupiter.engine.extension.TimeoutExtension.intercept(TimeoutExtension.java:149)
	at org.junit.jupiter.engine.extension.TimeoutExtension.interceptTestableMethod(TimeoutExtension.java:140)
	at org.junit.jupiter.engine.extension.TimeoutExtension.interceptTestMethod(TimeoutExtension.java:84)
	at org.junit.jupiter.engine.execution.ExecutableInvoker$ReflectiveInterceptorCall.lambda$ofVoidMethod$0(ExecutableInvoker.java:115)
	at org.junit.jupiter.engine.execution.ExecutableInvoker.lambda$invoke$0(ExecutableInvoker.java:105)
	at org.junit.jupiter.engine.execution.InvocationInterceptorChain$InterceptedInvocation.proceed(InvocationInterceptorChain.java:106)
	at org.junit.jupiter.engine.execution.InvocationInterceptorChain.proceed(InvocationInterceptorChain.java:64)
	at org.junit.jupiter.engine.execution.InvocationInterceptorChain.chainAndInvoke(InvocationInterceptorChain.java:45)
	at org.junit.jupiter.engine.execution.InvocationInterceptorChain.invoke(InvocationInterceptorChain.java:37)
	at org.junit.jupiter.engine.execution.ExecutableInvoker.invoke(ExecutableInvoker.java:104)
	at org.junit.jupiter.engine.execution.ExecutableInvoker.invoke(ExecutableInvoker.java:98)
	at org.junit.jupiter.engine.descriptor.TestMethodTestDescriptor.lambda$invokeTestMethod$6(TestMethodTestDescriptor.java:205)
	at org.junit.platform.engine.support.hierarchical.ThrowableCollector.execute(ThrowableCollector.java:73)
	at org.junit.jupiter.engine.descriptor.TestMethodTestDescriptor.invokeTestMethod(TestMethodTestDescriptor.java:201)
	at org.junit.jupiter.engine.descriptor.TestMethodTestDescriptor.execute(TestMethodTestDescriptor.java:137)
	at org.junit.jupiter.engine.descriptor.TestMethodTestDescriptor.execute(TestMethodTestDescriptor.java:71)
	at org.junit.platform.engine.support.hierarchical.NodeTestTask.lambda$executeRecursively$5(NodeTestTask.java:135)
	at org.junit.platform.engine.support.hierarchical.ThrowableCollector.execute(ThrowableCollector.java:73)
	at org.junit.platform.engine.support.hierarchical.NodeTestTask.lambda$executeRecursively$7(NodeTestTask.java:125)
	at org.junit.platform.engine.support.hierarchical.Node.around(Node.java:135)
	at org.junit.platform.engine.support.hierarchical.NodeTestTask.lambda$executeRecursively$8(NodeTestTask.java:123)
	at org.junit.platform.engine.support.hierarchical.ThrowableCollector.execute(ThrowableCollector.java:73)
	at org.junit.platform.engine.support.hierarchical.NodeTestTask.executeRecursively(NodeTestTask.java:122)
	at org.junit.platform.engine.support.hierarchical.NodeTestTask.execute(NodeTestTask.java:80)
	at java.base/java.util.ArrayList.forEach(ArrayList.java:1511)
	at org.junit.platform.engine.support.hierarchical.SameThreadHierarchicalTestExecutorService.invokeAll(SameThreadHierarchicalTestExecutorService.java:38)
	at org.junit.platform.engine.support.hierarchical.NodeTestTask.lambda$executeRecursively$5(NodeTestTask.java:139)
	at org.junit.platform.engine.support.hierarchical.ThrowableCollector.execute(ThrowableCollector.java:73)
	at org.junit.platform.engine.support.hierarchical.NodeTestTask.lambda$executeRecursively$7(NodeTestTask.java:125)
	at org.junit.platform.engine.support.hierarchical.Node.around(Node.java:135)
	at org.junit.platform.engine.support.hierarchical.NodeTestTask.lambda$executeRecursively$8(NodeTestTask.java:123)
	at org.junit.platform.engine.support.hierarchical.ThrowableCollector.execute(ThrowableCollector.java:73)
	at org.junit.platform.engine.support.hierarchical.NodeTestTask.executeRecursively(NodeTestTask.java:122)
	at org.junit.platform.engine.support.hierarchical.NodeTestTask.execute(NodeTestTask.java:80)
	at java.base/java.util.ArrayList.forEach(ArrayList.java:1511)
	at org.junit.platform.engine.support.hierarchical.SameThreadHierarchicalTestExecutorService.invokeAll(SameThreadHierarchicalTestExecutorService.java:38)
	at org.junit.platform.engine.support.hierarchical.NodeTestTask.lambda$executeRecursively$5(NodeTestTask.java:139)
	at org.junit.platform.engine.support.hierarchical.ThrowableCollector.execute(ThrowableCollector.java:73)
	at org.junit.platform.engine.support.hierarchical.NodeTestTask.lambda$executeRecursively$7(NodeTestTask.java:125)
	at org.junit.platform.engine.support.hierarchical.Node.around(Node.java:135)
	at org.junit.platform.engine.support.hierarchical.NodeTestTask.lambda$executeRecursively$8(NodeTestTask.java:123)
	at org.junit.platform.engine.support.hierarchical.ThrowableCollector.execute(ThrowableCollector.java:73)
	at org.junit.platform.engine.support.hierarchical.NodeTestTask.executeRecursively(NodeTestTask.java:122)
	at org.junit.platform.engine.support.hierarchical.NodeTestTask.execute(NodeTestTask.java:80)
	at org.junit.platform.engine.support.hierarchical.SameThreadHierarchicalTestExecutorService.submit(SameThreadHierarchicalTestExecutorService.java:32)
	at org.junit.platform.engine.support.hierarchical.HierarchicalTestExecutor.execute(HierarchicalTestExecutor.java:57)
	at org.junit.platform.engine.support.hierarchical.HierarchicalTestEngine.execute(HierarchicalTestEngine.java:51)
	at org.junit.platform.launcher.core.DefaultLauncher.execute(DefaultLauncher.java:248)
	at org.junit.platform.launcher.core.DefaultLauncher.lambda$execute$5(DefaultLauncher.java:211)
	at org.junit.platform.launcher.core.DefaultLauncher.withInterceptedStreams(DefaultLauncher.java:226)
	at org.junit.platform.launcher.core.DefaultLauncher.execute(DefaultLauncher.java:199)
	at org.junit.platform.launcher.core.DefaultLauncher.execute(DefaultLauncher.java:132)
	at org.apache.maven.surefire.junitplatform.LazyLauncher.execute(LazyLauncher.java:56)
	at org.apache.maven.surefire.junitplatform.JUnitPlatformProvider.execute(JUnitPlatformProvider.java:184)
	at org.apache.maven.surefire.junitplatform.JUnitPlatformProvider.invokeAllTests(JUnitPlatformProvider.java:148)
	at org.apache.maven.surefire.junitplatform.JUnitPlatformProvider.invoke(JUnitPlatformProvider.java:122)
	at org.apache.maven.surefire.booter.ForkedBooter.runSuitesInProcess(ForkedBooter.java:385)
	at org.apache.maven.surefire.booter.ForkedBooter.execute(ForkedBooter.java:162)
	at org.apache.maven.surefire.booter.ForkedBooter.run(ForkedBooter.java:507)
	at org.apache.maven.surefire.booter.ForkedBooter.main(ForkedBooter.java:495)
Caused by: Exception [EclipseLink-4003] (Eclipse Persistence Services - 2.7.12.v20230209-e5c4074ef3): org.eclipse.persistence.exceptions.DatabaseException
Exception Description: Configuration error.  Class [org.postgresql.Driver] not found.
	at org.eclipse.persistence.exceptions.DatabaseException.configurationErrorClassNotFound(DatabaseException.java:91)
	at org.eclipse.persistence.sessions.DefaultConnector.loadDriverClass(DefaultConnector.java:269)
	at org.eclipse.persistence.sessions.DefaultConnector.connect(DefaultConnector.java:87)
	at org.eclipse.persistence.sessions.DatasourceLogin.connectToDatasource(DatasourceLogin.java:172)
	at org.eclipse.persistence.internal.sessions.DatabaseSessionImpl.setOrDetectDatasource(DatabaseSessionImpl.java:226)
	at org.eclipse.persistence.internal.sessions.DatabaseSessionImpl.loginAndDetectDatasource(DatabaseSessionImpl.java:810)
	at org.eclipse.persistence.internal.jpa.EntityManagerFactoryProvider.login(EntityManagerFactoryProvider.java:261)
	at org.eclipse.persistence.internal.jpa.EntityManagerSetupImpl.deploy(EntityManagerSetupImpl.java:771)
	... 78 more
]]></error>
    <system-out><![CDATA[getTaskList
[EL Finest]: properties: 2023-12-08 23:52:59.674--ServerSession(1324843695)--Thread(Thread[main,5,main])--property=eclipselink.logging.parameters; value=true
[EL Fine]: server: 2023-12-08 23:52:59.686--Thread(Thread[main,5,main])--Configured server platform: org.eclipse.persistence.platform.server.NoServerPlatform
[EL Finest]: jpa: 2023-12-08 23:52:59.686--ServerSession(1324843695)--Thread(Thread[main,5,main])--Begin predeploying Persistence Unit TodoMasterPU; session /file:/C:/Users/asahi/OneDrive/Documentos/programacion/porfolio-projects/todo-app/todo-master/todomaster/target/classes/_TodoMasterPU; state Initial; factoryCount 0
[EL Finest]: properties: 2023-12-08 23:52:59.687--ServerSession(1324843695)--Thread(Thread[main,5,main])--property=eclipselink.orm.throw.exceptions; default value=true
[EL Finest]: properties: 2023-12-08 23:52:59.688--ServerSession(1324843695)--Thread(Thread[main,5,main])--property=eclipselink.multitenant.tenants-share-emf; default value=true
[EL Finest]: properties: 2023-12-08 23:52:59.688--ServerSession(1324843695)--Thread(Thread[main,5,main])--property=eclipselink.multitenant.tenants-share-cache; default value=false
[EL Finer]: metadata: 2023-12-08 23:52:59.705--Thread(Thread[main,5,main])--Searching for mapping file: [META-INF/orm.xml] at root URL: [file:/C:/Users/asahi/OneDrive/Documentos/programacion/porfolio-projects/todo-app/todo-master/todomaster/target/classes/].
[EL Finer]: metadata: 2023-12-08 23:52:59.71--Thread(Thread[main,5,main])--Searching for mapping file: [META-INF/eclipselink-orm.xml] at root URL: [file:/C:/Users/asahi/OneDrive/Documentos/programacion/porfolio-projects/todo-app/todo-master/todomaster/target/classes/].
[EL Config]: metadata: 2023-12-08 23:52:59.863--ServerSession(1324843695)--Thread(Thread[main,5,main])--The access type for the persistent class [class com.draekk.todomaster.models.User] is set to [FIELD].
[EL Config]: metadata: 2023-12-08 23:52:59.898--ServerSession(1324843695)--Thread(Thread[main,5,main])--The target entity (reference) class for the one to many mapping element [field tasks] is being defaulted to: class com.draekk.todomaster.models.Task.
[EL Config]: metadata: 2023-12-08 23:52:59.9--ServerSession(1324843695)--Thread(Thread[main,5,main])--The access type for the persistent class [class com.draekk.todomaster.models.Task] is set to [FIELD].
[EL Config]: metadata: 2023-12-08 23:52:59.902--ServerSession(1324843695)--Thread(Thread[main,5,main])--The target entity (reference) class for the many to one mapping element [field user] is being defaulted to: class com.draekk.todomaster.models.User.
[EL Config]: metadata: 2023-12-08 23:52:59.903--ServerSession(1324843695)--Thread(Thread[main,5,main])--The alias name for the entity class [class com.draekk.todomaster.models.User] is being defaulted to: User.
[EL Config]: metadata: 2023-12-08 23:52:59.941--ServerSession(1324843695)--Thread(Thread[main,5,main])--The column name for element [lastName] is being defaulted to: LASTNAME.
[EL Config]: metadata: 2023-12-08 23:52:59.944--ServerSession(1324843695)--Thread(Thread[main,5,main])--The column name for element [password] is being defaulted to: PASSWORD.
[EL Config]: metadata: 2023-12-08 23:52:59.944--ServerSession(1324843695)--Thread(Thread[main,5,main])--The column name for element [name] is being defaulted to: NAME.
[EL Config]: metadata: 2023-12-08 23:52:59.945--ServerSession(1324843695)--Thread(Thread[main,5,main])--The column name for element [id] is being defaulted to: ID.
[EL Config]: metadata: 2023-12-08 23:52:59.946--ServerSession(1324843695)--Thread(Thread[main,5,main])--The column name for element [email] is being defaulted to: EMAIL.
[EL Config]: metadata: 2023-12-08 23:52:59.946--ServerSession(1324843695)--Thread(Thread[main,5,main])--The column name for element [username] is being defaulted to: USERNAME.
[EL Config]: metadata: 2023-12-08 23:52:59.947--ServerSession(1324843695)--Thread(Thread[main,5,main])--The alias name for the entity class [class com.draekk.todomaster.models.Task] is being defaulted to: Task.
[EL Config]: metadata: 2023-12-08 23:52:59.948--ServerSession(1324843695)--Thread(Thread[main,5,main])--The column name for element [description] is being defaulted to: DESCRIPTION.
[EL Config]: metadata: 2023-12-08 23:52:59.948--ServerSession(1324843695)--Thread(Thread[main,5,main])--The column name for element [id] is being defaulted to: ID.
[EL Config]: metadata: 2023-12-08 23:52:59.949--ServerSession(1324843695)--Thread(Thread[main,5,main])--The column name for element [isCompleted] is being defaulted to: ISCOMPLETED.
[EL Config]: metadata: 2023-12-08 23:52:59.966--ServerSession(1324843695)--Thread(Thread[main,5,main])--The primary key column name for the mapping element [field user] is being defaulted to: ID.
[EL Finest]: jpa: 2023-12-08 23:53:00.003--ServerSession(1324843695)--Thread(Thread[main,5,main])--End predeploying Persistence Unit TodoMasterPU; session /file:/C:/Users/asahi/OneDrive/Documentos/programacion/porfolio-projects/todo-app/todo-master/todomaster/target/classes/_TodoMasterPU; state Predeployed; factoryCount 0
[EL Finer]: weaver: 2023-12-08 23:53:00.004--Thread(Thread[main,5,main])--JavaSECMPInitializer - transformer is null.
[EL Finest]: jpa: 2023-12-08 23:53:00.004--ServerSession(1324843695)--Thread(Thread[main,5,main])--Begin predeploying Persistence Unit TodoMasterPU; session /file:/C:/Users/asahi/OneDrive/Documentos/programacion/porfolio-projects/todo-app/todo-master/todomaster/target/classes/_TodoMasterPU; state Predeployed; factoryCount 0
[EL Finest]: jpa: 2023-12-08 23:53:00.005--ServerSession(1324843695)--Thread(Thread[main,5,main])--End predeploying Persistence Unit TodoMasterPU; session /file:/C:/Users/asahi/OneDrive/Documentos/programacion/porfolio-projects/todo-app/todo-master/todomaster/target/classes/_TodoMasterPU; state Predeployed; factoryCount 1
[EL Finer]: metamodel: 2023-12-08 23:53:00.018--ServerSession(1324843695)--Thread(Thread[main,5,main])--Canonical Metamodel class [com.draekk.todomaster.models.Task_] found and instantiated during initialization.
[EL Finer]: metamodel: 2023-12-08 23:53:00.021--ServerSession(1324843695)--Thread(Thread[main,5,main])--Canonical Metamodel class [com.draekk.todomaster.models.User_] found and instantiated during initialization.
[EL Finest]: jpa: 2023-12-08 23:53:00.023--ServerSession(1324843695)--Thread(Thread[main,5,main])--Begin deploying Persistence Unit TodoMasterPU; session /file:/C:/Users/asahi/OneDrive/Documentos/programacion/porfolio-projects/todo-app/todo-master/todomaster/target/classes/_TodoMasterPU; state Predeployed; factoryCount 1
[EL Finest]: jpa: 2023-12-08 23:53:00.048--ServerSession(1324843695)--Thread(Thread[main,5,main])--Bean Validation Factory was not initialized: [javax/validation/Validation].
[EL Finer]: 2023-12-08 23:53:00.051--Thread(Thread[main,5,main])--initializing session manager
[EL Finest]: properties: 2023-12-08 23:53:00.052--ServerSession(1324843695)--Thread(Thread[main,5,main])--property=eclipselink.logging.level; value=FINEST; translated value=FINEST
[EL Finest]: properties: 2023-12-08 23:53:00.053--ServerSession(1324843695)--Thread(Thread[main,5,main])--property=eclipselink.logging.parameters; value=true
[EL Finest]: properties: 2023-12-08 23:53:00.053--ServerSession(1324843695)--Thread(Thread[main,5,main])--property=eclipselink.logging.level; value=FINEST; translated value=FINEST
[EL Finest]: properties: 2023-12-08 23:53:00.054--ServerSession(1324843695)--Thread(Thread[main,5,main])--property=eclipselink.logging.parameters; value=true
[EL Finest]: properties: 2023-12-08 23:53:00.056--ServerSession(1324843695)--Thread(Thread[main,5,main])--property=javax.persistence.jdbc.user; value=postgres
[EL Finest]: properties: 2023-12-08 23:53:00.057--ServerSession(1324843695)--Thread(Thread[main,5,main])--property=javax.persistence.jdbc.password; value=xxxxxx
[EL Finest]: properties: 2023-12-08 23:53:00.155--ServerSession(1324843695)--Thread(Thread[main,5,main])--property=javax.persistence.jdbc.driver; value=org.postgresql.Driver
[EL Finest]: properties: 2023-12-08 23:53:00.155--ServerSession(1324843695)--Thread(Thread[main,5,main])--property=javax.persistence.jdbc.url; value=jdbc:postgresql://monorail.proxy.rlwy.net:32742/railway
[EL Info]: 2023-12-08 23:53:00.158--ServerSession(1324843695)--Thread(Thread[main,5,main])--EclipseLink, version: Eclipse Persistence Services - 2.7.12.v20230209-e5c4074ef3
[EL Severe]: ejb: 2023-12-08 23:53:00.164--ServerSession(1324843695)--Thread(Thread[main,5,main])--Local Exception Stack: 
Exception [EclipseLink-4003] (Eclipse Persistence Services - 2.7.12.v20230209-e5c4074ef3): org.eclipse.persistence.exceptions.DatabaseException
Exception Description: Configuration error.  Class [org.postgresql.Driver] not found.
	at org.eclipse.persistence.exceptions.DatabaseException.configurationErrorClassNotFound(DatabaseException.java:91)
	at org.eclipse.persistence.sessions.DefaultConnector.loadDriverClass(DefaultConnector.java:269)
	at org.eclipse.persistence.sessions.DefaultConnector.connect(DefaultConnector.java:87)
	at org.eclipse.persistence.sessions.DatasourceLogin.connectToDatasource(DatasourceLogin.java:172)
	at org.eclipse.persistence.internal.sessions.DatabaseSessionImpl.setOrDetectDatasource(DatabaseSessionImpl.java:226)
	at org.eclipse.persistence.internal.sessions.DatabaseSessionImpl.loginAndDetectDatasource(DatabaseSessionImpl.java:810)
	at org.eclipse.persistence.internal.jpa.EntityManagerFactoryProvider.login(EntityManagerFactoryProvider.java:261)
	at org.eclipse.persistence.internal.jpa.EntityManagerSetupImpl.deploy(EntityManagerSetupImpl.java:771)
	at org.eclipse.persistence.internal.jpa.EntityManagerFactoryDelegate.getAbstractSession(EntityManagerFactoryDelegate.java:222)
	at org.eclipse.persistence.internal.jpa.EntityManagerFactoryDelegate.getDatabaseSession(EntityManagerFactoryDelegate.java:200)
	at org.eclipse.persistence.internal.jpa.EntityManagerFactoryImpl.getDatabaseSession(EntityManagerFactoryImpl.java:542)
	at org.eclipse.persistence.jpa.PersistenceProvider.createEntityManagerFactoryImpl(PersistenceProvider.java:153)
	at org.eclipse.persistence.jpa.PersistenceProvider.createEntityManagerFactory(PersistenceProvider.java:191)
	at javax.persistence.Persistence.createEntityManagerFactory(Persistence.java:80)
	at javax.persistence.Persistence.createEntityManagerFactory(Persistence.java:55)
	at com.draekk.todomaster.persistence.UserJpaController.<init>(UserJpaController.java:32)
	at com.draekk.todomaster.persistence.PersistenceController.<init>(PersistenceController.java:11)
	at com.draekk.todomaster.controllers.GeneralController.<init>(GeneralController.java:15)
	at com.draekk.todomaster.controllers.GeneralControllerTest.testGetTaskList_long(GeneralControllerTest.java:117)
	at java.base/jdk.internal.reflect.NativeMethodAccessorImpl.invoke0(Native Method)
	at java.base/jdk.internal.reflect.NativeMethodAccessorImpl.invoke(NativeMethodAccessorImpl.java:77)
	at java.base/jdk.internal.reflect.DelegatingMethodAccessorImpl.invoke(DelegatingMethodAccessorImpl.java:43)
	at java.base/java.lang.reflect.Method.invoke(Method.java:568)
	at org.junit.platform.commons.util.ReflectionUtils.invokeMethod(ReflectionUtils.java:686)
	at org.junit.jupiter.engine.execution.MethodInvocation.proceed(MethodInvocation.java:60)
	at org.junit.jupiter.engine.execution.InvocationInterceptorChain$ValidatingInvocation.proceed(InvocationInterceptorChain.java:131)
	at org.junit.jupiter.engine.extension.TimeoutExtension.intercept(TimeoutExtension.java:149)
	at org.junit.jupiter.engine.extension.TimeoutExtension.interceptTestableMethod(TimeoutExtension.java:140)
	at org.junit.jupiter.engine.extension.TimeoutExtension.interceptTestMethod(TimeoutExtension.java:84)
	at org.junit.jupiter.engine.execution.ExecutableInvoker$ReflectiveInterceptorCall.lambda$ofVoidMethod$0(ExecutableInvoker.java:115)
	at org.junit.jupiter.engine.execution.ExecutableInvoker.lambda$invoke$0(ExecutableInvoker.java:105)
	at org.junit.jupiter.engine.execution.InvocationInterceptorChain$InterceptedInvocation.proceed(InvocationInterceptorChain.java:106)
	at org.junit.jupiter.engine.execution.InvocationInterceptorChain.proceed(InvocationInterceptorChain.java:64)
	at org.junit.jupiter.engine.execution.InvocationInterceptorChain.chainAndInvoke(InvocationInterceptorChain.java:45)
	at org.junit.jupiter.engine.execution.InvocationInterceptorChain.invoke(InvocationInterceptorChain.java:37)
	at org.junit.jupiter.engine.execution.ExecutableInvoker.invoke(ExecutableInvoker.java:104)
	at org.junit.jupiter.engine.execution.ExecutableInvoker.invoke(ExecutableInvoker.java:98)
	at org.junit.jupiter.engine.descriptor.TestMethodTestDescriptor.lambda$invokeTestMethod$6(TestMethodTestDescriptor.java:205)
	at org.junit.platform.engine.support.hierarchical.ThrowableCollector.execute(ThrowableCollector.java:73)
	at org.junit.jupiter.engine.descriptor.TestMethodTestDescriptor.invokeTestMethod(TestMethodTestDescriptor.java:201)
	at org.junit.jupiter.engine.descriptor.TestMethodTestDescriptor.execute(TestMethodTestDescriptor.java:137)
	at org.junit.jupiter.engine.descriptor.TestMethodTestDescriptor.execute(TestMethodTestDescriptor.java:71)
	at org.junit.platform.engine.support.hierarchical.NodeTestTask.lambda$executeRecursively$5(NodeTestTask.java:135)
	at org.junit.platform.engine.support.hierarchical.ThrowableCollector.execute(ThrowableCollector.java:73)
	at org.junit.platform.engine.support.hierarchical.NodeTestTask.lambda$executeRecursively$7(NodeTestTask.java:125)
	at org.junit.platform.engine.support.hierarchical.Node.around(Node.java:135)
	at org.junit.platform.engine.support.hierarchical.NodeTestTask.lambda$executeRecursively$8(NodeTestTask.java:123)
	at org.junit.platform.engine.support.hierarchical.ThrowableCollector.execute(ThrowableCollector.java:73)
	at org.junit.platform.engine.support.hierarchical.NodeTestTask.executeRecursively(NodeTestTask.java:122)
	at org.junit.platform.engine.support.hierarchical.NodeTestTask.execute(NodeTestTask.java:80)
	at java.base/java.util.ArrayList.forEach(ArrayList.java:1511)
	at org.junit.platform.engine.support.hierarchical.SameThreadHierarchicalTestExecutorService.invokeAll(SameThreadHierarchicalTestExecutorService.java:38)
	at org.junit.platform.engine.support.hierarchical.NodeTestTask.lambda$executeRecursively$5(NodeTestTask.java:139)
	at org.junit.platform.engine.support.hierarchical.ThrowableCollector.execute(ThrowableCollector.java:73)
	at org.junit.platform.engine.support.hierarchical.NodeTestTask.lambda$executeRecursively$7(NodeTestTask.java:125)
	at org.junit.platform.engine.support.hierarchical.Node.around(Node.java:135)
	at org.junit.platform.engine.support.hierarchical.NodeTestTask.lambda$executeRecursively$8(NodeTestTask.java:123)
	at org.junit.platform.engine.support.hierarchical.ThrowableCollector.execute(ThrowableCollector.java:73)
	at org.junit.platform.engine.support.hierarchical.NodeTestTask.executeRecursively(NodeTestTask.java:122)
	at org.junit.platform.engine.support.hierarchical.NodeTestTask.execute(NodeTestTask.java:80)
	at java.base/java.util.ArrayList.forEach(ArrayList.java:1511)
	at org.junit.platform.engine.support.hierarchical.SameThreadHierarchicalTestExecutorService.invokeAll(SameThreadHierarchicalTestExecutorService.java:38)
	at org.junit.platform.engine.support.hierarchical.NodeTestTask.lambda$executeRecursively$5(NodeTestTask.java:139)
	at org.junit.platform.engine.support.hierarchical.ThrowableCollector.execute(ThrowableCollector.java:73)
	at org.junit.platform.engine.support.hierarchical.NodeTestTask.lambda$executeRecursively$7(NodeTestTask.java:125)
	at org.junit.platform.engine.support.hierarchical.Node.around(Node.java:135)
	at org.junit.platform.engine.support.hierarchical.NodeTestTask.lambda$executeRecursively$8(NodeTestTask.java:123)
	at org.junit.platform.engine.support.hierarchical.ThrowableCollector.execute(ThrowableCollector.java:73)
	at org.junit.platform.engine.support.hierarchical.NodeTestTask.executeRecursively(NodeTestTask.java:122)
	at org.junit.platform.engine.support.hierarchical.NodeTestTask.execute(NodeTestTask.java:80)
	at org.junit.platform.engine.support.hierarchical.SameThreadHierarchicalTestExecutorService.submit(SameThreadHierarchicalTestExecutorService.java:32)
	at org.junit.platform.engine.support.hierarchical.HierarchicalTestExecutor.execute(HierarchicalTestExecutor.java:57)
	at org.junit.platform.engine.support.hierarchical.HierarchicalTestEngine.execute(HierarchicalTestEngine.java:51)
	at org.junit.platform.launcher.core.DefaultLauncher.execute(DefaultLauncher.java:248)
	at org.junit.platform.launcher.core.DefaultLauncher.lambda$execute$5(DefaultLauncher.java:211)
	at org.junit.platform.launcher.core.DefaultLauncher.withInterceptedStreams(DefaultLauncher.java:226)
	at org.junit.platform.launcher.core.DefaultLauncher.execute(DefaultLauncher.java:199)
	at org.junit.platform.launcher.core.DefaultLauncher.execute(DefaultLauncher.java:132)
	at org.apache.maven.surefire.junitplatform.LazyLauncher.execute(LazyLauncher.java:56)
	at org.apache.maven.surefire.junitplatform.JUnitPlatformProvider.execute(JUnitPlatformProvider.java:184)
	at org.apache.maven.surefire.junitplatform.JUnitPlatformProvider.invokeAllTests(JUnitPlatformProvider.java:148)
	at org.apache.maven.surefire.junitplatform.JUnitPlatformProvider.invoke(JUnitPlatformProvider.java:122)
	at org.apache.maven.surefire.booter.ForkedBooter.runSuitesInProcess(ForkedBooter.java:385)
	at org.apache.maven.surefire.booter.ForkedBooter.execute(ForkedBooter.java:162)
	at org.apache.maven.surefire.booter.ForkedBooter.run(ForkedBooter.java:507)
	at org.apache.maven.surefire.booter.ForkedBooter.main(ForkedBooter.java:495)

[EL Finest]: jpa: 2023-12-08 23:53:00.168--ServerSession(1324843695)--Thread(Thread[main,5,main])--End deploying Persistence Unit TodoMasterPU; session /file:/C:/Users/asahi/OneDrive/Documentos/programacion/porfolio-projects/todo-app/todo-master/todomaster/target/classes/_TodoMasterPU; state HalfDeployed; factoryCount 1
[EL Finest]: jpa: 2023-12-08 23:53:00.169--ServerSession(1324843695)--Thread(Thread[main,5,main])--Begin undeploying Persistence Unit TodoMasterPU; session /file:/C:/Users/asahi/OneDrive/Documentos/programacion/porfolio-projects/todo-app/todo-master/todomaster/target/classes/_TodoMasterPU; state HalfDeployed; factoryCount 1
[EL Finest]: jpa: 2023-12-08 23:53:00.169--ServerSession(1324843695)--Thread(Thread[main,5,main])--End undeploying Persistence Unit TodoMasterPU; session /file:/C:/Users/asahi/OneDrive/Documentos/programacion/porfolio-projects/todo-app/todo-master/todomaster/target/classes/_TodoMasterPU; state Undeployed; factoryCount 0
]]></system-out>
  </testcase>
  <testcase name="testGetLoginUser" classname="com.draekk.todomaster.controllers.GeneralControllerTest" time="0.094">
    <error message="Exception [EclipseLink-4003] (Eclipse Persistence Services - 2.7.12.v20230209-e5c4074ef3): org.eclipse.persistence.exceptions.DatabaseException&#10;Exception Description: Configuration error.  Class [org.postgresql.Driver] not found." type="javax.persistence.PersistenceException"><![CDATA[javax.persistence.PersistenceException: 
Exception [EclipseLink-4003] (Eclipse Persistence Services - 2.7.12.v20230209-e5c4074ef3): org.eclipse.persistence.exceptions.DatabaseException
Exception Description: Configuration error.  Class [org.postgresql.Driver] not found.
	at org.eclipse.persistence.internal.jpa.EntityManagerSetupImpl.deploy(EntityManagerSetupImpl.java:854)
	at org.eclipse.persistence.internal.jpa.EntityManagerFactoryDelegate.getAbstractSession(EntityManagerFactoryDelegate.java:222)
	at org.eclipse.persistence.internal.jpa.EntityManagerFactoryDelegate.getDatabaseSession(EntityManagerFactoryDelegate.java:200)
	at org.eclipse.persistence.internal.jpa.EntityManagerFactoryImpl.getDatabaseSession(EntityManagerFactoryImpl.java:542)
	at org.eclipse.persistence.jpa.PersistenceProvider.createEntityManagerFactoryImpl(PersistenceProvider.java:153)
	at org.eclipse.persistence.jpa.PersistenceProvider.createEntityManagerFactory(PersistenceProvider.java:191)
	at javax.persistence.Persistence.createEntityManagerFactory(Persistence.java:80)
	at javax.persistence.Persistence.createEntityManagerFactory(Persistence.java:55)
	at com.draekk.todomaster.persistence.UserJpaController.<init>(UserJpaController.java:32)
	at com.draekk.todomaster.persistence.PersistenceController.<init>(PersistenceController.java:11)
	at com.draekk.todomaster.controllers.GeneralController.<init>(GeneralController.java:15)
	at com.draekk.todomaster.controllers.GeneralControllerTest.testGetLoginUser(GeneralControllerTest.java:74)
	at java.base/jdk.internal.reflect.NativeMethodAccessorImpl.invoke0(Native Method)
	at java.base/jdk.internal.reflect.NativeMethodAccessorImpl.invoke(NativeMethodAccessorImpl.java:77)
	at java.base/jdk.internal.reflect.DelegatingMethodAccessorImpl.invoke(DelegatingMethodAccessorImpl.java:43)
	at java.base/java.lang.reflect.Method.invoke(Method.java:568)
	at org.junit.platform.commons.util.ReflectionUtils.invokeMethod(ReflectionUtils.java:686)
	at org.junit.jupiter.engine.execution.MethodInvocation.proceed(MethodInvocation.java:60)
	at org.junit.jupiter.engine.execution.InvocationInterceptorChain$ValidatingInvocation.proceed(InvocationInterceptorChain.java:131)
	at org.junit.jupiter.engine.extension.TimeoutExtension.intercept(TimeoutExtension.java:149)
	at org.junit.jupiter.engine.extension.TimeoutExtension.interceptTestableMethod(TimeoutExtension.java:140)
	at org.junit.jupiter.engine.extension.TimeoutExtension.interceptTestMethod(TimeoutExtension.java:84)
	at org.junit.jupiter.engine.execution.ExecutableInvoker$ReflectiveInterceptorCall.lambda$ofVoidMethod$0(ExecutableInvoker.java:115)
	at org.junit.jupiter.engine.execution.ExecutableInvoker.lambda$invoke$0(ExecutableInvoker.java:105)
	at org.junit.jupiter.engine.execution.InvocationInterceptorChain$InterceptedInvocation.proceed(InvocationInterceptorChain.java:106)
	at org.junit.jupiter.engine.execution.InvocationInterceptorChain.proceed(InvocationInterceptorChain.java:64)
	at org.junit.jupiter.engine.execution.InvocationInterceptorChain.chainAndInvoke(InvocationInterceptorChain.java:45)
	at org.junit.jupiter.engine.execution.InvocationInterceptorChain.invoke(InvocationInterceptorChain.java:37)
	at org.junit.jupiter.engine.execution.ExecutableInvoker.invoke(ExecutableInvoker.java:104)
	at org.junit.jupiter.engine.execution.ExecutableInvoker.invoke(ExecutableInvoker.java:98)
	at org.junit.jupiter.engine.descriptor.TestMethodTestDescriptor.lambda$invokeTestMethod$6(TestMethodTestDescriptor.java:205)
	at org.junit.platform.engine.support.hierarchical.ThrowableCollector.execute(ThrowableCollector.java:73)
	at org.junit.jupiter.engine.descriptor.TestMethodTestDescriptor.invokeTestMethod(TestMethodTestDescriptor.java:201)
	at org.junit.jupiter.engine.descriptor.TestMethodTestDescriptor.execute(TestMethodTestDescriptor.java:137)
	at org.junit.jupiter.engine.descriptor.TestMethodTestDescriptor.execute(TestMethodTestDescriptor.java:71)
	at org.junit.platform.engine.support.hierarchical.NodeTestTask.lambda$executeRecursively$5(NodeTestTask.java:135)
	at org.junit.platform.engine.support.hierarchical.ThrowableCollector.execute(ThrowableCollector.java:73)
	at org.junit.platform.engine.support.hierarchical.NodeTestTask.lambda$executeRecursively$7(NodeTestTask.java:125)
	at org.junit.platform.engine.support.hierarchical.Node.around(Node.java:135)
	at org.junit.platform.engine.support.hierarchical.NodeTestTask.lambda$executeRecursively$8(NodeTestTask.java:123)
	at org.junit.platform.engine.support.hierarchical.ThrowableCollector.execute(ThrowableCollector.java:73)
	at org.junit.platform.engine.support.hierarchical.NodeTestTask.executeRecursively(NodeTestTask.java:122)
	at org.junit.platform.engine.support.hierarchical.NodeTestTask.execute(NodeTestTask.java:80)
	at java.base/java.util.ArrayList.forEach(ArrayList.java:1511)
	at org.junit.platform.engine.support.hierarchical.SameThreadHierarchicalTestExecutorService.invokeAll(SameThreadHierarchicalTestExecutorService.java:38)
	at org.junit.platform.engine.support.hierarchical.NodeTestTask.lambda$executeRecursively$5(NodeTestTask.java:139)
	at org.junit.platform.engine.support.hierarchical.ThrowableCollector.execute(ThrowableCollector.java:73)
	at org.junit.platform.engine.support.hierarchical.NodeTestTask.lambda$executeRecursively$7(NodeTestTask.java:125)
	at org.junit.platform.engine.support.hierarchical.Node.around(Node.java:135)
	at org.junit.platform.engine.support.hierarchical.NodeTestTask.lambda$executeRecursively$8(NodeTestTask.java:123)
	at org.junit.platform.engine.support.hierarchical.ThrowableCollector.execute(ThrowableCollector.java:73)
	at org.junit.platform.engine.support.hierarchical.NodeTestTask.executeRecursively(NodeTestTask.java:122)
	at org.junit.platform.engine.support.hierarchical.NodeTestTask.execute(NodeTestTask.java:80)
	at java.base/java.util.ArrayList.forEach(ArrayList.java:1511)
	at org.junit.platform.engine.support.hierarchical.SameThreadHierarchicalTestExecutorService.invokeAll(SameThreadHierarchicalTestExecutorService.java:38)
	at org.junit.platform.engine.support.hierarchical.NodeTestTask.lambda$executeRecursively$5(NodeTestTask.java:139)
	at org.junit.platform.engine.support.hierarchical.ThrowableCollector.execute(ThrowableCollector.java:73)
	at org.junit.platform.engine.support.hierarchical.NodeTestTask.lambda$executeRecursively$7(NodeTestTask.java:125)
	at org.junit.platform.engine.support.hierarchical.Node.around(Node.java:135)
	at org.junit.platform.engine.support.hierarchical.NodeTestTask.lambda$executeRecursively$8(NodeTestTask.java:123)
	at org.junit.platform.engine.support.hierarchical.ThrowableCollector.execute(ThrowableCollector.java:73)
	at org.junit.platform.engine.support.hierarchical.NodeTestTask.executeRecursively(NodeTestTask.java:122)
	at org.junit.platform.engine.support.hierarchical.NodeTestTask.execute(NodeTestTask.java:80)
	at org.junit.platform.engine.support.hierarchical.SameThreadHierarchicalTestExecutorService.submit(SameThreadHierarchicalTestExecutorService.java:32)
	at org.junit.platform.engine.support.hierarchical.HierarchicalTestExecutor.execute(HierarchicalTestExecutor.java:57)
	at org.junit.platform.engine.support.hierarchical.HierarchicalTestEngine.execute(HierarchicalTestEngine.java:51)
	at org.junit.platform.launcher.core.DefaultLauncher.execute(DefaultLauncher.java:248)
	at org.junit.platform.launcher.core.DefaultLauncher.lambda$execute$5(DefaultLauncher.java:211)
	at org.junit.platform.launcher.core.DefaultLauncher.withInterceptedStreams(DefaultLauncher.java:226)
	at org.junit.platform.launcher.core.DefaultLauncher.execute(DefaultLauncher.java:199)
	at org.junit.platform.launcher.core.DefaultLauncher.execute(DefaultLauncher.java:132)
	at org.apache.maven.surefire.junitplatform.LazyLauncher.execute(LazyLauncher.java:56)
	at org.apache.maven.surefire.junitplatform.JUnitPlatformProvider.execute(JUnitPlatformProvider.java:184)
	at org.apache.maven.surefire.junitplatform.JUnitPlatformProvider.invokeAllTests(JUnitPlatformProvider.java:148)
	at org.apache.maven.surefire.junitplatform.JUnitPlatformProvider.invoke(JUnitPlatformProvider.java:122)
	at org.apache.maven.surefire.booter.ForkedBooter.runSuitesInProcess(ForkedBooter.java:385)
	at org.apache.maven.surefire.booter.ForkedBooter.execute(ForkedBooter.java:162)
	at org.apache.maven.surefire.booter.ForkedBooter.run(ForkedBooter.java:507)
	at org.apache.maven.surefire.booter.ForkedBooter.main(ForkedBooter.java:495)
Caused by: Exception [EclipseLink-4003] (Eclipse Persistence Services - 2.7.12.v20230209-e5c4074ef3): org.eclipse.persistence.exceptions.DatabaseException
Exception Description: Configuration error.  Class [org.postgresql.Driver] not found.
	at org.eclipse.persistence.exceptions.DatabaseException.configurationErrorClassNotFound(DatabaseException.java:91)
	at org.eclipse.persistence.sessions.DefaultConnector.loadDriverClass(DefaultConnector.java:269)
	at org.eclipse.persistence.sessions.DefaultConnector.connect(DefaultConnector.java:87)
	at org.eclipse.persistence.sessions.DatasourceLogin.connectToDatasource(DatasourceLogin.java:172)
	at org.eclipse.persistence.internal.sessions.DatabaseSessionImpl.setOrDetectDatasource(DatabaseSessionImpl.java:226)
	at org.eclipse.persistence.internal.sessions.DatabaseSessionImpl.loginAndDetectDatasource(DatabaseSessionImpl.java:810)
	at org.eclipse.persistence.internal.jpa.EntityManagerFactoryProvider.login(EntityManagerFactoryProvider.java:261)
	at org.eclipse.persistence.internal.jpa.EntityManagerSetupImpl.deploy(EntityManagerSetupImpl.java:771)
	... 78 more
]]></error>
    <system-out><![CDATA[getLoginUser
[EL Finer]: 2023-12-08 23:53:00.196--Thread(Thread[main,5,main])--fixUNC: before fixing: url = file:/C:/Users/asahi/OneDrive/Documentos/programacion/porfolio-projects/todo-app/todo-master/todomaster/target/classes/, authority = , file = /C:/Users/asahi/OneDrive/Documentos/programacion/porfolio-projects/todo-app/todo-master/todomaster/target/classes/ (There is no English translation for this message.)
[EL Finer]: 2023-12-08 23:53:00.2--Thread(Thread[main,5,main])--fixUNC: after fixing: url = file:/C:/Users/asahi/OneDrive/Documentos/programacion/porfolio-projects/todo-app/todo-master/todomaster/target/classes/, authority = null, file = /C:/Users/asahi/OneDrive/Documentos/programacion/porfolio-projects/todo-app/todo-master/todomaster/target/classes/ (There is no English translation for this message.)
[EL Fine]: moxy: 2023-12-08 23:53:00.21--Thread(Thread[main,5,main])--SAXParserFactory instance: com.sun.org.apache.xerces.internal.jaxp.SAXParserFactoryImpl@5c8504fd
[EL Finer]: jpa: 2023-12-08 23:53:00.213--Thread(Thread[main,5,main])--JavaSECMPInitializer - predeploying TodoMasterPU.
[EL Finest]: properties: 2023-12-08 23:53:00.221--ServerSession(79161706)--Thread(Thread[main,5,main])--property=eclipselink.logging.parameters; value=true
[EL Fine]: server: 2023-12-08 23:53:00.221--Thread(Thread[main,5,main])--Configured server platform: org.eclipse.persistence.platform.server.NoServerPlatform
[EL Finest]: jpa: 2023-12-08 23:53:00.221--ServerSession(79161706)--Thread(Thread[main,5,main])--Begin predeploying Persistence Unit TodoMasterPU; session /file:/C:/Users/asahi/OneDrive/Documentos/programacion/porfolio-projects/todo-app/todo-master/todomaster/target/classes/_TodoMasterPU; state Initial; factoryCount 0
[EL Finest]: properties: 2023-12-08 23:53:00.222--ServerSession(79161706)--Thread(Thread[main,5,main])--property=eclipselink.orm.throw.exceptions; default value=true
[EL Finest]: properties: 2023-12-08 23:53:00.222--ServerSession(79161706)--Thread(Thread[main,5,main])--property=eclipselink.multitenant.tenants-share-emf; default value=true
[EL Finest]: properties: 2023-12-08 23:53:00.222--ServerSession(79161706)--Thread(Thread[main,5,main])--property=eclipselink.multitenant.tenants-share-cache; default value=false
[EL Finer]: metadata: 2023-12-08 23:53:00.223--Thread(Thread[main,5,main])--Searching for mapping file: [META-INF/orm.xml] at root URL: [file:/C:/Users/asahi/OneDrive/Documentos/programacion/porfolio-projects/todo-app/todo-master/todomaster/target/classes/].
[EL Finer]: metadata: 2023-12-08 23:53:00.231--Thread(Thread[main,5,main])--Searching for mapping file: [META-INF/eclipselink-orm.xml] at root URL: [file:/C:/Users/asahi/OneDrive/Documentos/programacion/porfolio-projects/todo-app/todo-master/todomaster/target/classes/].
[EL Config]: metadata: 2023-12-08 23:53:00.266--ServerSession(79161706)--Thread(Thread[main,5,main])--The access type for the persistent class [class com.draekk.todomaster.models.User] is set to [FIELD].
[EL Config]: metadata: 2023-12-08 23:53:00.269--ServerSession(79161706)--Thread(Thread[main,5,main])--The target entity (reference) class for the one to many mapping element [field tasks] is being defaulted to: class com.draekk.todomaster.models.Task.
[EL Config]: metadata: 2023-12-08 23:53:00.27--ServerSession(79161706)--Thread(Thread[main,5,main])--The access type for the persistent class [class com.draekk.todomaster.models.Task] is set to [FIELD].
[EL Config]: metadata: 2023-12-08 23:53:00.271--ServerSession(79161706)--Thread(Thread[main,5,main])--The target entity (reference) class for the many to one mapping element [field user] is being defaulted to: class com.draekk.todomaster.models.User.
[EL Config]: metadata: 2023-12-08 23:53:00.271--ServerSession(79161706)--Thread(Thread[main,5,main])--The alias name for the entity class [class com.draekk.todomaster.models.User] is being defaulted to: User.
[EL Config]: metadata: 2023-12-08 23:53:00.272--ServerSession(79161706)--Thread(Thread[main,5,main])--The column name for element [lastName] is being defaulted to: LASTNAME.
[EL Config]: metadata: 2023-12-08 23:53:00.272--ServerSession(79161706)--Thread(Thread[main,5,main])--The column name for element [password] is being defaulted to: PASSWORD.
[EL Config]: metadata: 2023-12-08 23:53:00.272--ServerSession(79161706)--Thread(Thread[main,5,main])--The column name for element [name] is being defaulted to: NAME.
[EL Config]: metadata: 2023-12-08 23:53:00.273--ServerSession(79161706)--Thread(Thread[main,5,main])--The column name for element [id] is being defaulted to: ID.
[EL Config]: metadata: 2023-12-08 23:53:00.273--ServerSession(79161706)--Thread(Thread[main,5,main])--The column name for element [email] is being defaulted to: EMAIL.
[EL Config]: metadata: 2023-12-08 23:53:00.274--ServerSession(79161706)--Thread(Thread[main,5,main])--The column name for element [username] is being defaulted to: USERNAME.
[EL Config]: metadata: 2023-12-08 23:53:00.274--ServerSession(79161706)--Thread(Thread[main,5,main])--The alias name for the entity class [class com.draekk.todomaster.models.Task] is being defaulted to: Task.
[EL Config]: metadata: 2023-12-08 23:53:00.274--ServerSession(79161706)--Thread(Thread[main,5,main])--The column name for element [description] is being defaulted to: DESCRIPTION.
[EL Config]: metadata: 2023-12-08 23:53:00.275--ServerSession(79161706)--Thread(Thread[main,5,main])--The column name for element [id] is being defaulted to: ID.
[EL Config]: metadata: 2023-12-08 23:53:00.275--ServerSession(79161706)--Thread(Thread[main,5,main])--The column name for element [isCompleted] is being defaulted to: ISCOMPLETED.
[EL Config]: metadata: 2023-12-08 23:53:00.275--ServerSession(79161706)--Thread(Thread[main,5,main])--The primary key column name for the mapping element [field user] is being defaulted to: ID.
[EL Finest]: jpa: 2023-12-08 23:53:00.276--ServerSession(79161706)--Thread(Thread[main,5,main])--End predeploying Persistence Unit TodoMasterPU; session /file:/C:/Users/asahi/OneDrive/Documentos/programacion/porfolio-projects/todo-app/todo-master/todomaster/target/classes/_TodoMasterPU; state Predeployed; factoryCount 0
[EL Finer]: weaver: 2023-12-08 23:53:00.277--Thread(Thread[main,5,main])--JavaSECMPInitializer - transformer is null.
[EL Finest]: jpa: 2023-12-08 23:53:00.277--ServerSession(79161706)--Thread(Thread[main,5,main])--Begin predeploying Persistence Unit TodoMasterPU; session /file:/C:/Users/asahi/OneDrive/Documentos/programacion/porfolio-projects/todo-app/todo-master/todomaster/target/classes/_TodoMasterPU; state Predeployed; factoryCount 0
[EL Finest]: jpa: 2023-12-08 23:53:00.277--ServerSession(79161706)--Thread(Thread[main,5,main])--End predeploying Persistence Unit TodoMasterPU; session /file:/C:/Users/asahi/OneDrive/Documentos/programacion/porfolio-projects/todo-app/todo-master/todomaster/target/classes/_TodoMasterPU; state Predeployed; factoryCount 1
[EL Finer]: metamodel: 2023-12-08 23:53:00.277--ServerSession(79161706)--Thread(Thread[main,5,main])--Canonical Metamodel class [com.draekk.todomaster.models.Task_] found and instantiated during initialization.
[EL Finer]: metamodel: 2023-12-08 23:53:00.278--ServerSession(79161706)--Thread(Thread[main,5,main])--Canonical Metamodel class [com.draekk.todomaster.models.User_] found and instantiated during initialization.
[EL Finest]: jpa: 2023-12-08 23:53:00.278--ServerSession(79161706)--Thread(Thread[main,5,main])--Begin deploying Persistence Unit TodoMasterPU; session /file:/C:/Users/asahi/OneDrive/Documentos/programacion/porfolio-projects/todo-app/todo-master/todomaster/target/classes/_TodoMasterPU; state Predeployed; factoryCount 1
[EL Finest]: jpa: 2023-12-08 23:53:00.279--ServerSession(79161706)--Thread(Thread[main,5,main])--Bean Validation Factory was not initialized: [javax/validation/Validation].
[EL Finest]: properties: 2023-12-08 23:53:00.279--ServerSession(79161706)--Thread(Thread[main,5,main])--property=eclipselink.logging.level; value=FINEST; translated value=FINEST
[EL Finest]: properties: 2023-12-08 23:53:00.28--ServerSession(79161706)--Thread(Thread[main,5,main])--property=eclipselink.logging.parameters; value=true
[EL Finest]: properties: 2023-12-08 23:53:00.28--ServerSession(79161706)--Thread(Thread[main,5,main])--property=eclipselink.logging.level; value=FINEST; translated value=FINEST
[EL Finest]: properties: 2023-12-08 23:53:00.28--ServerSession(79161706)--Thread(Thread[main,5,main])--property=eclipselink.logging.parameters; value=true
[EL Finest]: properties: 2023-12-08 23:53:00.28--ServerSession(79161706)--Thread(Thread[main,5,main])--property=javax.persistence.jdbc.user; value=postgres
[EL Finest]: properties: 2023-12-08 23:53:00.281--ServerSession(79161706)--Thread(Thread[main,5,main])--property=javax.persistence.jdbc.password; value=xxxxxx
[EL Finest]: properties: 2023-12-08 23:53:00.283--ServerSession(79161706)--Thread(Thread[main,5,main])--property=javax.persistence.jdbc.driver; value=org.postgresql.Driver
[EL Finest]: properties: 2023-12-08 23:53:00.283--ServerSession(79161706)--Thread(Thread[main,5,main])--property=javax.persistence.jdbc.url; value=jdbc:postgresql://monorail.proxy.rlwy.net:32742/railway
[EL Info]: 2023-12-08 23:53:00.284--ServerSession(79161706)--Thread(Thread[main,5,main])--EclipseLink, version: Eclipse Persistence Services - 2.7.12.v20230209-e5c4074ef3
[EL Severe]: ejb: 2023-12-08 23:53:00.284--ServerSession(79161706)--Thread(Thread[main,5,main])--Local Exception Stack: 
Exception [EclipseLink-4003] (Eclipse Persistence Services - 2.7.12.v20230209-e5c4074ef3): org.eclipse.persistence.exceptions.DatabaseException
Exception Description: Configuration error.  Class [org.postgresql.Driver] not found.
	at org.eclipse.persistence.exceptions.DatabaseException.configurationErrorClassNotFound(DatabaseException.java:91)
	at org.eclipse.persistence.sessions.DefaultConnector.loadDriverClass(DefaultConnector.java:269)
	at org.eclipse.persistence.sessions.DefaultConnector.connect(DefaultConnector.java:87)
	at org.eclipse.persistence.sessions.DatasourceLogin.connectToDatasource(DatasourceLogin.java:172)
	at org.eclipse.persistence.internal.sessions.DatabaseSessionImpl.setOrDetectDatasource(DatabaseSessionImpl.java:226)
	at org.eclipse.persistence.internal.sessions.DatabaseSessionImpl.loginAndDetectDatasource(DatabaseSessionImpl.java:810)
	at org.eclipse.persistence.internal.jpa.EntityManagerFactoryProvider.login(EntityManagerFactoryProvider.java:261)
	at org.eclipse.persistence.internal.jpa.EntityManagerSetupImpl.deploy(EntityManagerSetupImpl.java:771)
	at org.eclipse.persistence.internal.jpa.EntityManagerFactoryDelegate.getAbstractSession(EntityManagerFactoryDelegate.java:222)
	at org.eclipse.persistence.internal.jpa.EntityManagerFactoryDelegate.getDatabaseSession(EntityManagerFactoryDelegate.java:200)
	at org.eclipse.persistence.internal.jpa.EntityManagerFactoryImpl.getDatabaseSession(EntityManagerFactoryImpl.java:542)
	at org.eclipse.persistence.jpa.PersistenceProvider.createEntityManagerFactoryImpl(PersistenceProvider.java:153)
	at org.eclipse.persistence.jpa.PersistenceProvider.createEntityManagerFactory(PersistenceProvider.java:191)
	at javax.persistence.Persistence.createEntityManagerFactory(Persistence.java:80)
	at javax.persistence.Persistence.createEntityManagerFactory(Persistence.java:55)
	at com.draekk.todomaster.persistence.UserJpaController.<init>(UserJpaController.java:32)
	at com.draekk.todomaster.persistence.PersistenceController.<init>(PersistenceController.java:11)
	at com.draekk.todomaster.controllers.GeneralController.<init>(GeneralController.java:15)
	at com.draekk.todomaster.controllers.GeneralControllerTest.testGetLoginUser(GeneralControllerTest.java:74)
	at java.base/jdk.internal.reflect.NativeMethodAccessorImpl.invoke0(Native Method)
	at java.base/jdk.internal.reflect.NativeMethodAccessorImpl.invoke(NativeMethodAccessorImpl.java:77)
	at java.base/jdk.internal.reflect.DelegatingMethodAccessorImpl.invoke(DelegatingMethodAccessorImpl.java:43)
	at java.base/java.lang.reflect.Method.invoke(Method.java:568)
	at org.junit.platform.commons.util.ReflectionUtils.invokeMethod(ReflectionUtils.java:686)
	at org.junit.jupiter.engine.execution.MethodInvocation.proceed(MethodInvocation.java:60)
	at org.junit.jupiter.engine.execution.InvocationInterceptorChain$ValidatingInvocation.proceed(InvocationInterceptorChain.java:131)
	at org.junit.jupiter.engine.extension.TimeoutExtension.intercept(TimeoutExtension.java:149)
	at org.junit.jupiter.engine.extension.TimeoutExtension.interceptTestableMethod(TimeoutExtension.java:140)
	at org.junit.jupiter.engine.extension.TimeoutExtension.interceptTestMethod(TimeoutExtension.java:84)
	at org.junit.jupiter.engine.execution.ExecutableInvoker$ReflectiveInterceptorCall.lambda$ofVoidMethod$0(ExecutableInvoker.java:115)
	at org.junit.jupiter.engine.execution.ExecutableInvoker.lambda$invoke$0(ExecutableInvoker.java:105)
	at org.junit.jupiter.engine.execution.InvocationInterceptorChain$InterceptedInvocation.proceed(InvocationInterceptorChain.java:106)
	at org.junit.jupiter.engine.execution.InvocationInterceptorChain.proceed(InvocationInterceptorChain.java:64)
	at org.junit.jupiter.engine.execution.InvocationInterceptorChain.chainAndInvoke(InvocationInterceptorChain.java:45)
	at org.junit.jupiter.engine.execution.InvocationInterceptorChain.invoke(InvocationInterceptorChain.java:37)
	at org.junit.jupiter.engine.execution.ExecutableInvoker.invoke(ExecutableInvoker.java:104)
	at org.junit.jupiter.engine.execution.ExecutableInvoker.invoke(ExecutableInvoker.java:98)
	at org.junit.jupiter.engine.descriptor.TestMethodTestDescriptor.lambda$invokeTestMethod$6(TestMethodTestDescriptor.java:205)
	at org.junit.platform.engine.support.hierarchical.ThrowableCollector.execute(ThrowableCollector.java:73)
	at org.junit.jupiter.engine.descriptor.TestMethodTestDescriptor.invokeTestMethod(TestMethodTestDescriptor.java:201)
	at org.junit.jupiter.engine.descriptor.TestMethodTestDescriptor.execute(TestMethodTestDescriptor.java:137)
	at org.junit.jupiter.engine.descriptor.TestMethodTestDescriptor.execute(TestMethodTestDescriptor.java:71)
	at org.junit.platform.engine.support.hierarchical.NodeTestTask.lambda$executeRecursively$5(NodeTestTask.java:135)
	at org.junit.platform.engine.support.hierarchical.ThrowableCollector.execute(ThrowableCollector.java:73)
	at org.junit.platform.engine.support.hierarchical.NodeTestTask.lambda$executeRecursively$7(NodeTestTask.java:125)
	at org.junit.platform.engine.support.hierarchical.Node.around(Node.java:135)
	at org.junit.platform.engine.support.hierarchical.NodeTestTask.lambda$executeRecursively$8(NodeTestTask.java:123)
	at org.junit.platform.engine.support.hierarchical.ThrowableCollector.execute(ThrowableCollector.java:73)
	at org.junit.platform.engine.support.hierarchical.NodeTestTask.executeRecursively(NodeTestTask.java:122)
	at org.junit.platform.engine.support.hierarchical.NodeTestTask.execute(NodeTestTask.java:80)
	at java.base/java.util.ArrayList.forEach(ArrayList.java:1511)
	at org.junit.platform.engine.support.hierarchical.SameThreadHierarchicalTestExecutorService.invokeAll(SameThreadHierarchicalTestExecutorService.java:38)
	at org.junit.platform.engine.support.hierarchical.NodeTestTask.lambda$executeRecursively$5(NodeTestTask.java:139)
	at org.junit.platform.engine.support.hierarchical.ThrowableCollector.execute(ThrowableCollector.java:73)
	at org.junit.platform.engine.support.hierarchical.NodeTestTask.lambda$executeRecursively$7(NodeTestTask.java:125)
	at org.junit.platform.engine.support.hierarchical.Node.around(Node.java:135)
	at org.junit.platform.engine.support.hierarchical.NodeTestTask.lambda$executeRecursively$8(NodeTestTask.java:123)
	at org.junit.platform.engine.support.hierarchical.ThrowableCollector.execute(ThrowableCollector.java:73)
	at org.junit.platform.engine.support.hierarchical.NodeTestTask.executeRecursively(NodeTestTask.java:122)
	at org.junit.platform.engine.support.hierarchical.NodeTestTask.execute(NodeTestTask.java:80)
	at java.base/java.util.ArrayList.forEach(ArrayList.java:1511)
	at org.junit.platform.engine.support.hierarchical.SameThreadHierarchicalTestExecutorService.invokeAll(SameThreadHierarchicalTestExecutorService.java:38)
	at org.junit.platform.engine.support.hierarchical.NodeTestTask.lambda$executeRecursively$5(NodeTestTask.java:139)
	at org.junit.platform.engine.support.hierarchical.ThrowableCollector.execute(ThrowableCollector.java:73)
	at org.junit.platform.engine.support.hierarchical.NodeTestTask.lambda$executeRecursively$7(NodeTestTask.java:125)
	at org.junit.platform.engine.support.hierarchical.Node.around(Node.java:135)
	at org.junit.platform.engine.support.hierarchical.NodeTestTask.lambda$executeRecursively$8(NodeTestTask.java:123)
	at org.junit.platform.engine.support.hierarchical.ThrowableCollector.execute(ThrowableCollector.java:73)
	at org.junit.platform.engine.support.hierarchical.NodeTestTask.executeRecursively(NodeTestTask.java:122)
	at org.junit.platform.engine.support.hierarchical.NodeTestTask.execute(NodeTestTask.java:80)
	at org.junit.platform.engine.support.hierarchical.SameThreadHierarchicalTestExecutorService.submit(SameThreadHierarchicalTestExecutorService.java:32)
	at org.junit.platform.engine.support.hierarchical.HierarchicalTestExecutor.execute(HierarchicalTestExecutor.java:57)
	at org.junit.platform.engine.support.hierarchical.HierarchicalTestEngine.execute(HierarchicalTestEngine.java:51)
	at org.junit.platform.launcher.core.DefaultLauncher.execute(DefaultLauncher.java:248)
	at org.junit.platform.launcher.core.DefaultLauncher.lambda$execute$5(DefaultLauncher.java:211)
	at org.junit.platform.launcher.core.DefaultLauncher.withInterceptedStreams(DefaultLauncher.java:226)
	at org.junit.platform.launcher.core.DefaultLauncher.execute(DefaultLauncher.java:199)
	at org.junit.platform.launcher.core.DefaultLauncher.execute(DefaultLauncher.java:132)
	at org.apache.maven.surefire.junitplatform.LazyLauncher.execute(LazyLauncher.java:56)
	at org.apache.maven.surefire.junitplatform.JUnitPlatformProvider.execute(JUnitPlatformProvider.java:184)
	at org.apache.maven.surefire.junitplatform.JUnitPlatformProvider.invokeAllTests(JUnitPlatformProvider.java:148)
	at org.apache.maven.surefire.junitplatform.JUnitPlatformProvider.invoke(JUnitPlatformProvider.java:122)
	at org.apache.maven.surefire.booter.ForkedBooter.runSuitesInProcess(ForkedBooter.java:385)
	at org.apache.maven.surefire.booter.ForkedBooter.execute(ForkedBooter.java:162)
	at org.apache.maven.surefire.booter.ForkedBooter.run(ForkedBooter.java:507)
	at org.apache.maven.surefire.booter.ForkedBooter.main(ForkedBooter.java:495)

[EL Finest]: jpa: 2023-12-08 23:53:00.286--ServerSession(79161706)--Thread(Thread[main,5,main])--End deploying Persistence Unit TodoMasterPU; session /file:/C:/Users/asahi/OneDrive/Documentos/programacion/porfolio-projects/todo-app/todo-master/todomaster/target/classes/_TodoMasterPU; state HalfDeployed; factoryCount 1
[EL Finest]: jpa: 2023-12-08 23:53:00.286--ServerSession(79161706)--Thread(Thread[main,5,main])--Begin undeploying Persistence Unit TodoMasterPU; session /file:/C:/Users/asahi/OneDrive/Documentos/programacion/porfolio-projects/todo-app/todo-master/todomaster/target/classes/_TodoMasterPU; state HalfDeployed; factoryCount 1
[EL Finest]: jpa: 2023-12-08 23:53:00.286--ServerSession(79161706)--Thread(Thread[main,5,main])--End undeploying Persistence Unit TodoMasterPU; session /file:/C:/Users/asahi/OneDrive/Documentos/programacion/porfolio-projects/todo-app/todo-master/todomaster/target/classes/_TodoMasterPU; state Undeployed; factoryCount 0
]]></system-out>
  </testcase>
  <testcase name="testProcessUser" classname="com.draekk.todomaster.controllers.GeneralControllerTest" time="0.081">
    <error message="Exception [EclipseLink-4003] (Eclipse Persistence Services - 2.7.12.v20230209-e5c4074ef3): org.eclipse.persistence.exceptions.DatabaseException&#10;Exception Description: Configuration error.  Class [org.postgresql.Driver] not found." type="javax.persistence.PersistenceException"><![CDATA[javax.persistence.PersistenceException: 
Exception [EclipseLink-4003] (Eclipse Persistence Services - 2.7.12.v20230209-e5c4074ef3): org.eclipse.persistence.exceptions.DatabaseException
Exception Description: Configuration error.  Class [org.postgresql.Driver] not found.
	at org.eclipse.persistence.internal.jpa.EntityManagerSetupImpl.deploy(EntityManagerSetupImpl.java:854)
	at org.eclipse.persistence.internal.jpa.EntityManagerFactoryDelegate.getAbstractSession(EntityManagerFactoryDelegate.java:222)
	at org.eclipse.persistence.internal.jpa.EntityManagerFactoryDelegate.getDatabaseSession(EntityManagerFactoryDelegate.java:200)
	at org.eclipse.persistence.internal.jpa.EntityManagerFactoryImpl.getDatabaseSession(EntityManagerFactoryImpl.java:542)
	at org.eclipse.persistence.jpa.PersistenceProvider.createEntityManagerFactoryImpl(PersistenceProvider.java:153)
	at org.eclipse.persistence.jpa.PersistenceProvider.createEntityManagerFactory(PersistenceProvider.java:191)
	at javax.persistence.Persistence.createEntityManagerFactory(Persistence.java:80)
	at javax.persistence.Persistence.createEntityManagerFactory(Persistence.java:55)
	at com.draekk.todomaster.persistence.UserJpaController.<init>(UserJpaController.java:32)
	at com.draekk.todomaster.persistence.PersistenceController.<init>(PersistenceController.java:11)
	at com.draekk.todomaster.controllers.GeneralController.<init>(GeneralController.java:15)
	at com.draekk.todomaster.controllers.GeneralControllerTest.testProcessUser(GeneralControllerTest.java:44)
	at java.base/jdk.internal.reflect.NativeMethodAccessorImpl.invoke0(Native Method)
	at java.base/jdk.internal.reflect.NativeMethodAccessorImpl.invoke(NativeMethodAccessorImpl.java:77)
	at java.base/jdk.internal.reflect.DelegatingMethodAccessorImpl.invoke(DelegatingMethodAccessorImpl.java:43)
	at java.base/java.lang.reflect.Method.invoke(Method.java:568)
	at org.junit.platform.commons.util.ReflectionUtils.invokeMethod(ReflectionUtils.java:686)
	at org.junit.jupiter.engine.execution.MethodInvocation.proceed(MethodInvocation.java:60)
	at org.junit.jupiter.engine.execution.InvocationInterceptorChain$ValidatingInvocation.proceed(InvocationInterceptorChain.java:131)
	at org.junit.jupiter.engine.extension.TimeoutExtension.intercept(TimeoutExtension.java:149)
	at org.junit.jupiter.engine.extension.TimeoutExtension.interceptTestableMethod(TimeoutExtension.java:140)
	at org.junit.jupiter.engine.extension.TimeoutExtension.interceptTestMethod(TimeoutExtension.java:84)
	at org.junit.jupiter.engine.execution.ExecutableInvoker$ReflectiveInterceptorCall.lambda$ofVoidMethod$0(ExecutableInvoker.java:115)
	at org.junit.jupiter.engine.execution.ExecutableInvoker.lambda$invoke$0(ExecutableInvoker.java:105)
	at org.junit.jupiter.engine.execution.InvocationInterceptorChain$InterceptedInvocation.proceed(InvocationInterceptorChain.java:106)
	at org.junit.jupiter.engine.execution.InvocationInterceptorChain.proceed(InvocationInterceptorChain.java:64)
	at org.junit.jupiter.engine.execution.InvocationInterceptorChain.chainAndInvoke(InvocationInterceptorChain.java:45)
	at org.junit.jupiter.engine.execution.InvocationInterceptorChain.invoke(InvocationInterceptorChain.java:37)
	at org.junit.jupiter.engine.execution.ExecutableInvoker.invoke(ExecutableInvoker.java:104)
	at org.junit.jupiter.engine.execution.ExecutableInvoker.invoke(ExecutableInvoker.java:98)
	at org.junit.jupiter.engine.descriptor.TestMethodTestDescriptor.lambda$invokeTestMethod$6(TestMethodTestDescriptor.java:205)
	at org.junit.platform.engine.support.hierarchical.ThrowableCollector.execute(ThrowableCollector.java:73)
	at org.junit.jupiter.engine.descriptor.TestMethodTestDescriptor.invokeTestMethod(TestMethodTestDescriptor.java:201)
	at org.junit.jupiter.engine.descriptor.TestMethodTestDescriptor.execute(TestMethodTestDescriptor.java:137)
	at org.junit.jupiter.engine.descriptor.TestMethodTestDescriptor.execute(TestMethodTestDescriptor.java:71)
	at org.junit.platform.engine.support.hierarchical.NodeTestTask.lambda$executeRecursively$5(NodeTestTask.java:135)
	at org.junit.platform.engine.support.hierarchical.ThrowableCollector.execute(ThrowableCollector.java:73)
	at org.junit.platform.engine.support.hierarchical.NodeTestTask.lambda$executeRecursively$7(NodeTestTask.java:125)
	at org.junit.platform.engine.support.hierarchical.Node.around(Node.java:135)
	at org.junit.platform.engine.support.hierarchical.NodeTestTask.lambda$executeRecursively$8(NodeTestTask.java:123)
	at org.junit.platform.engine.support.hierarchical.ThrowableCollector.execute(ThrowableCollector.java:73)
	at org.junit.platform.engine.support.hierarchical.NodeTestTask.executeRecursively(NodeTestTask.java:122)
	at org.junit.platform.engine.support.hierarchical.NodeTestTask.execute(NodeTestTask.java:80)
	at java.base/java.util.ArrayList.forEach(ArrayList.java:1511)
	at org.junit.platform.engine.support.hierarchical.SameThreadHierarchicalTestExecutorService.invokeAll(SameThreadHierarchicalTestExecutorService.java:38)
	at org.junit.platform.engine.support.hierarchical.NodeTestTask.lambda$executeRecursively$5(NodeTestTask.java:139)
	at org.junit.platform.engine.support.hierarchical.ThrowableCollector.execute(ThrowableCollector.java:73)
	at org.junit.platform.engine.support.hierarchical.NodeTestTask.lambda$executeRecursively$7(NodeTestTask.java:125)
	at org.junit.platform.engine.support.hierarchical.Node.around(Node.java:135)
	at org.junit.platform.engine.support.hierarchical.NodeTestTask.lambda$executeRecursively$8(NodeTestTask.java:123)
	at org.junit.platform.engine.support.hierarchical.ThrowableCollector.execute(ThrowableCollector.java:73)
	at org.junit.platform.engine.support.hierarchical.NodeTestTask.executeRecursively(NodeTestTask.java:122)
	at org.junit.platform.engine.support.hierarchical.NodeTestTask.execute(NodeTestTask.java:80)
	at java.base/java.util.ArrayList.forEach(ArrayList.java:1511)
	at org.junit.platform.engine.support.hierarchical.SameThreadHierarchicalTestExecutorService.invokeAll(SameThreadHierarchicalTestExecutorService.java:38)
	at org.junit.platform.engine.support.hierarchical.NodeTestTask.lambda$executeRecursively$5(NodeTestTask.java:139)
	at org.junit.platform.engine.support.hierarchical.ThrowableCollector.execute(ThrowableCollector.java:73)
	at org.junit.platform.engine.support.hierarchical.NodeTestTask.lambda$executeRecursively$7(NodeTestTask.java:125)
	at org.junit.platform.engine.support.hierarchical.Node.around(Node.java:135)
	at org.junit.platform.engine.support.hierarchical.NodeTestTask.lambda$executeRecursively$8(NodeTestTask.java:123)
	at org.junit.platform.engine.support.hierarchical.ThrowableCollector.execute(ThrowableCollector.java:73)
	at org.junit.platform.engine.support.hierarchical.NodeTestTask.executeRecursively(NodeTestTask.java:122)
	at org.junit.platform.engine.support.hierarchical.NodeTestTask.execute(NodeTestTask.java:80)
	at org.junit.platform.engine.support.hierarchical.SameThreadHierarchicalTestExecutorService.submit(SameThreadHierarchicalTestExecutorService.java:32)
	at org.junit.platform.engine.support.hierarchical.HierarchicalTestExecutor.execute(HierarchicalTestExecutor.java:57)
	at org.junit.platform.engine.support.hierarchical.HierarchicalTestEngine.execute(HierarchicalTestEngine.java:51)
	at org.junit.platform.launcher.core.DefaultLauncher.execute(DefaultLauncher.java:248)
	at org.junit.platform.launcher.core.DefaultLauncher.lambda$execute$5(DefaultLauncher.java:211)
	at org.junit.platform.launcher.core.DefaultLauncher.withInterceptedStreams(DefaultLauncher.java:226)
	at org.junit.platform.launcher.core.DefaultLauncher.execute(DefaultLauncher.java:199)
	at org.junit.platform.launcher.core.DefaultLauncher.execute(DefaultLauncher.java:132)
	at org.apache.maven.surefire.junitplatform.LazyLauncher.execute(LazyLauncher.java:56)
	at org.apache.maven.surefire.junitplatform.JUnitPlatformProvider.execute(JUnitPlatformProvider.java:184)
	at org.apache.maven.surefire.junitplatform.JUnitPlatformProvider.invokeAllTests(JUnitPlatformProvider.java:148)
	at org.apache.maven.surefire.junitplatform.JUnitPlatformProvider.invoke(JUnitPlatformProvider.java:122)
	at org.apache.maven.surefire.booter.ForkedBooter.runSuitesInProcess(ForkedBooter.java:385)
	at org.apache.maven.surefire.booter.ForkedBooter.execute(ForkedBooter.java:162)
	at org.apache.maven.surefire.booter.ForkedBooter.run(ForkedBooter.java:507)
	at org.apache.maven.surefire.booter.ForkedBooter.main(ForkedBooter.java:495)
Caused by: Exception [EclipseLink-4003] (Eclipse Persistence Services - 2.7.12.v20230209-e5c4074ef3): org.eclipse.persistence.exceptions.DatabaseException
Exception Description: Configuration error.  Class [org.postgresql.Driver] not found.
	at org.eclipse.persistence.exceptions.DatabaseException.configurationErrorClassNotFound(DatabaseException.java:91)
	at org.eclipse.persistence.sessions.DefaultConnector.loadDriverClass(DefaultConnector.java:269)
	at org.eclipse.persistence.sessions.DefaultConnector.connect(DefaultConnector.java:87)
	at org.eclipse.persistence.sessions.DatasourceLogin.connectToDatasource(DatasourceLogin.java:172)
	at org.eclipse.persistence.internal.sessions.DatabaseSessionImpl.setOrDetectDatasource(DatabaseSessionImpl.java:226)
	at org.eclipse.persistence.internal.sessions.DatabaseSessionImpl.loginAndDetectDatasource(DatabaseSessionImpl.java:810)
	at org.eclipse.persistence.internal.jpa.EntityManagerFactoryProvider.login(EntityManagerFactoryProvider.java:261)
	at org.eclipse.persistence.internal.jpa.EntityManagerSetupImpl.deploy(EntityManagerSetupImpl.java:771)
	... 78 more
]]></error>
    <system-out><![CDATA[processUser
[EL Finer]: 2023-12-08 23:53:00.293--Thread(Thread[main,5,main])--fixUNC: before fixing: url = file:/C:/Users/asahi/OneDrive/Documentos/programacion/porfolio-projects/todo-app/todo-master/todomaster/target/classes/, authority = , file = /C:/Users/asahi/OneDrive/Documentos/programacion/porfolio-projects/todo-app/todo-master/todomaster/target/classes/ (There is no English translation for this message.)
[EL Finer]: 2023-12-08 23:53:00.294--Thread(Thread[main,5,main])--fixUNC: after fixing: url = file:/C:/Users/asahi/OneDrive/Documentos/programacion/porfolio-projects/todo-app/todo-master/todomaster/target/classes/, authority = null, file = /C:/Users/asahi/OneDrive/Documentos/programacion/porfolio-projects/todo-app/todo-master/todomaster/target/classes/ (There is no English translation for this message.)
[EL Fine]: moxy: 2023-12-08 23:53:00.303--Thread(Thread[main,5,main])--SAXParserFactory instance: com.sun.org.apache.xerces.internal.jaxp.SAXParserFactoryImpl@765f05af
[EL Finer]: jpa: 2023-12-08 23:53:00.305--Thread(Thread[main,5,main])--JavaSECMPInitializer - predeploying TodoMasterPU.
[EL Finest]: properties: 2023-12-08 23:53:00.314--ServerSession(1660325375)--Thread(Thread[main,5,main])--property=eclipselink.logging.parameters; value=true
[EL Fine]: server: 2023-12-08 23:53:00.314--Thread(Thread[main,5,main])--Configured server platform: org.eclipse.persistence.platform.server.NoServerPlatform
[EL Finest]: jpa: 2023-12-08 23:53:00.315--ServerSession(1660325375)--Thread(Thread[main,5,main])--Begin predeploying Persistence Unit TodoMasterPU; session /file:/C:/Users/asahi/OneDrive/Documentos/programacion/porfolio-projects/todo-app/todo-master/todomaster/target/classes/_TodoMasterPU; state Initial; factoryCount 0
[EL Finest]: properties: 2023-12-08 23:53:00.315--ServerSession(1660325375)--Thread(Thread[main,5,main])--property=eclipselink.orm.throw.exceptions; default value=true
[EL Finest]: properties: 2023-12-08 23:53:00.315--ServerSession(1660325375)--Thread(Thread[main,5,main])--property=eclipselink.multitenant.tenants-share-emf; default value=true
[EL Finest]: properties: 2023-12-08 23:53:00.315--ServerSession(1660325375)--Thread(Thread[main,5,main])--property=eclipselink.multitenant.tenants-share-cache; default value=false
[EL Finer]: metadata: 2023-12-08 23:53:00.316--Thread(Thread[main,5,main])--Searching for mapping file: [META-INF/orm.xml] at root URL: [file:/C:/Users/asahi/OneDrive/Documentos/programacion/porfolio-projects/todo-app/todo-master/todomaster/target/classes/].
[EL Finer]: metadata: 2023-12-08 23:53:00.322--Thread(Thread[main,5,main])--Searching for mapping file: [META-INF/eclipselink-orm.xml] at root URL: [file:/C:/Users/asahi/OneDrive/Documentos/programacion/porfolio-projects/todo-app/todo-master/todomaster/target/classes/].
[EL Config]: metadata: 2023-12-08 23:53:00.353--ServerSession(1660325375)--Thread(Thread[main,5,main])--The access type for the persistent class [class com.draekk.todomaster.models.User] is set to [FIELD].
[EL Config]: metadata: 2023-12-08 23:53:00.356--ServerSession(1660325375)--Thread(Thread[main,5,main])--The target entity (reference) class for the one to many mapping element [field tasks] is being defaulted to: class com.draekk.todomaster.models.Task.
[EL Config]: metadata: 2023-12-08 23:53:00.357--ServerSession(1660325375)--Thread(Thread[main,5,main])--The access type for the persistent class [class com.draekk.todomaster.models.Task] is set to [FIELD].
[EL Config]: metadata: 2023-12-08 23:53:00.357--ServerSession(1660325375)--Thread(Thread[main,5,main])--The target entity (reference) class for the many to one mapping element [field user] is being defaulted to: class com.draekk.todomaster.models.User.
[EL Config]: metadata: 2023-12-08 23:53:00.357--ServerSession(1660325375)--Thread(Thread[main,5,main])--The alias name for the entity class [class com.draekk.todomaster.models.User] is being defaulted to: User.
[EL Config]: metadata: 2023-12-08 23:53:00.358--ServerSession(1660325375)--Thread(Thread[main,5,main])--The column name for element [lastName] is being defaulted to: LASTNAME.
[EL Config]: metadata: 2023-12-08 23:53:00.358--ServerSession(1660325375)--Thread(Thread[main,5,main])--The column name for element [password] is being defaulted to: PASSWORD.
[EL Config]: metadata: 2023-12-08 23:53:00.359--ServerSession(1660325375)--Thread(Thread[main,5,main])--The column name for element [name] is being defaulted to: NAME.
[EL Config]: metadata: 2023-12-08 23:53:00.359--ServerSession(1660325375)--Thread(Thread[main,5,main])--The column name for element [id] is being defaulted to: ID.
[EL Config]: metadata: 2023-12-08 23:53:00.359--ServerSession(1660325375)--Thread(Thread[main,5,main])--The column name for element [email] is being defaulted to: EMAIL.
[EL Config]: metadata: 2023-12-08 23:53:00.359--ServerSession(1660325375)--Thread(Thread[main,5,main])--The column name for element [username] is being defaulted to: USERNAME.
[EL Config]: metadata: 2023-12-08 23:53:00.359--ServerSession(1660325375)--Thread(Thread[main,5,main])--The alias name for the entity class [class com.draekk.todomaster.models.Task] is being defaulted to: Task.
[EL Config]: metadata: 2023-12-08 23:53:00.36--ServerSession(1660325375)--Thread(Thread[main,5,main])--The column name for element [description] is being defaulted to: DESCRIPTION.
[EL Config]: metadata: 2023-12-08 23:53:00.36--ServerSession(1660325375)--Thread(Thread[main,5,main])--The column name for element [id] is being defaulted to: ID.
[EL Config]: metadata: 2023-12-08 23:53:00.36--ServerSession(1660325375)--Thread(Thread[main,5,main])--The column name for element [isCompleted] is being defaulted to: ISCOMPLETED.
[EL Config]: metadata: 2023-12-08 23:53:00.361--ServerSession(1660325375)--Thread(Thread[main,5,main])--The primary key column name for the mapping element [field user] is being defaulted to: ID.
[EL Finest]: jpa: 2023-12-08 23:53:00.361--ServerSession(1660325375)--Thread(Thread[main,5,main])--End predeploying Persistence Unit TodoMasterPU; session /file:/C:/Users/asahi/OneDrive/Documentos/programacion/porfolio-projects/todo-app/todo-master/todomaster/target/classes/_TodoMasterPU; state Predeployed; factoryCount 0
[EL Finer]: weaver: 2023-12-08 23:53:00.362--Thread(Thread[main,5,main])--JavaSECMPInitializer - transformer is null.
[EL Finest]: jpa: 2023-12-08 23:53:00.362--ServerSession(1660325375)--Thread(Thread[main,5,main])--Begin predeploying Persistence Unit TodoMasterPU; session /file:/C:/Users/asahi/OneDrive/Documentos/programacion/porfolio-projects/todo-app/todo-master/todomaster/target/classes/_TodoMasterPU; state Predeployed; factoryCount 0
[EL Finest]: jpa: 2023-12-08 23:53:00.362--ServerSession(1660325375)--Thread(Thread[main,5,main])--End predeploying Persistence Unit TodoMasterPU; session /file:/C:/Users/asahi/OneDrive/Documentos/programacion/porfolio-projects/todo-app/todo-master/todomaster/target/classes/_TodoMasterPU; state Predeployed; factoryCount 1
[EL Finer]: metamodel: 2023-12-08 23:53:00.362--ServerSession(1660325375)--Thread(Thread[main,5,main])--Canonical Metamodel class [com.draekk.todomaster.models.Task_] found and instantiated during initialization.
[EL Finer]: metamodel: 2023-12-08 23:53:00.363--ServerSession(1660325375)--Thread(Thread[main,5,main])--Canonical Metamodel class [com.draekk.todomaster.models.User_] found and instantiated during initialization.
[EL Finest]: jpa: 2023-12-08 23:53:00.363--ServerSession(1660325375)--Thread(Thread[main,5,main])--Begin deploying Persistence Unit TodoMasterPU; session /file:/C:/Users/asahi/OneDrive/Documentos/programacion/porfolio-projects/todo-app/todo-master/todomaster/target/classes/_TodoMasterPU; state Predeployed; factoryCount 1
[EL Finest]: jpa: 2023-12-08 23:53:00.364--ServerSession(1660325375)--Thread(Thread[main,5,main])--Bean Validation Factory was not initialized: [javax/validation/Validation].
[EL Finest]: properties: 2023-12-08 23:53:00.365--ServerSession(1660325375)--Thread(Thread[main,5,main])--property=eclipselink.logging.level; value=FINEST; translated value=FINEST
[EL Finest]: properties: 2023-12-08 23:53:00.365--ServerSession(1660325375)--Thread(Thread[main,5,main])--property=eclipselink.logging.parameters; value=true
[EL Finest]: properties: 2023-12-08 23:53:00.365--ServerSession(1660325375)--Thread(Thread[main,5,main])--property=eclipselink.logging.level; value=FINEST; translated value=FINEST
[EL Finest]: properties: 2023-12-08 23:53:00.365--ServerSession(1660325375)--Thread(Thread[main,5,main])--property=eclipselink.logging.parameters; value=true
[EL Finest]: properties: 2023-12-08 23:53:00.365--ServerSession(1660325375)--Thread(Thread[main,5,main])--property=javax.persistence.jdbc.user; value=postgres
[EL Finest]: properties: 2023-12-08 23:53:00.366--ServerSession(1660325375)--Thread(Thread[main,5,main])--property=javax.persistence.jdbc.password; value=xxxxxx
[EL Finest]: properties: 2023-12-08 23:53:00.367--ServerSession(1660325375)--Thread(Thread[main,5,main])--property=javax.persistence.jdbc.driver; value=org.postgresql.Driver
[EL Finest]: properties: 2023-12-08 23:53:00.367--ServerSession(1660325375)--Thread(Thread[main,5,main])--property=javax.persistence.jdbc.url; value=jdbc:postgresql://monorail.proxy.rlwy.net:32742/railway
[EL Info]: 2023-12-08 23:53:00.368--ServerSession(1660325375)--Thread(Thread[main,5,main])--EclipseLink, version: Eclipse Persistence Services - 2.7.12.v20230209-e5c4074ef3
[EL Severe]: ejb: 2023-12-08 23:53:00.368--ServerSession(1660325375)--Thread(Thread[main,5,main])--Local Exception Stack: 
Exception [EclipseLink-4003] (Eclipse Persistence Services - 2.7.12.v20230209-e5c4074ef3): org.eclipse.persistence.exceptions.DatabaseException
Exception Description: Configuration error.  Class [org.postgresql.Driver] not found.
	at org.eclipse.persistence.exceptions.DatabaseException.configurationErrorClassNotFound(DatabaseException.java:91)
	at org.eclipse.persistence.sessions.DefaultConnector.loadDriverClass(DefaultConnector.java:269)
	at org.eclipse.persistence.sessions.DefaultConnector.connect(DefaultConnector.java:87)
	at org.eclipse.persistence.sessions.DatasourceLogin.connectToDatasource(DatasourceLogin.java:172)
	at org.eclipse.persistence.internal.sessions.DatabaseSessionImpl.setOrDetectDatasource(DatabaseSessionImpl.java:226)
	at org.eclipse.persistence.internal.sessions.DatabaseSessionImpl.loginAndDetectDatasource(DatabaseSessionImpl.java:810)
	at org.eclipse.persistence.internal.jpa.EntityManagerFactoryProvider.login(EntityManagerFactoryProvider.java:261)
	at org.eclipse.persistence.internal.jpa.EntityManagerSetupImpl.deploy(EntityManagerSetupImpl.java:771)
	at org.eclipse.persistence.internal.jpa.EntityManagerFactoryDelegate.getAbstractSession(EntityManagerFactoryDelegate.java:222)
	at org.eclipse.persistence.internal.jpa.EntityManagerFactoryDelegate.getDatabaseSession(EntityManagerFactoryDelegate.java:200)
	at org.eclipse.persistence.internal.jpa.EntityManagerFactoryImpl.getDatabaseSession(EntityManagerFactoryImpl.java:542)
	at org.eclipse.persistence.jpa.PersistenceProvider.createEntityManagerFactoryImpl(PersistenceProvider.java:153)
	at org.eclipse.persistence.jpa.PersistenceProvider.createEntityManagerFactory(PersistenceProvider.java:191)
	at javax.persistence.Persistence.createEntityManagerFactory(Persistence.java:80)
	at javax.persistence.Persistence.createEntityManagerFactory(Persistence.java:55)
	at com.draekk.todomaster.persistence.UserJpaController.<init>(UserJpaController.java:32)
	at com.draekk.todomaster.persistence.PersistenceController.<init>(PersistenceController.java:11)
	at com.draekk.todomaster.controllers.GeneralController.<init>(GeneralController.java:15)
	at com.draekk.todomaster.controllers.GeneralControllerTest.testProcessUser(GeneralControllerTest.java:44)
	at java.base/jdk.internal.reflect.NativeMethodAccessorImpl.invoke0(Native Method)
	at java.base/jdk.internal.reflect.NativeMethodAccessorImpl.invoke(NativeMethodAccessorImpl.java:77)
	at java.base/jdk.internal.reflect.DelegatingMethodAccessorImpl.invoke(DelegatingMethodAccessorImpl.java:43)
	at java.base/java.lang.reflect.Method.invoke(Method.java:568)
	at org.junit.platform.commons.util.ReflectionUtils.invokeMethod(ReflectionUtils.java:686)
	at org.junit.jupiter.engine.execution.MethodInvocation.proceed(MethodInvocation.java:60)
	at org.junit.jupiter.engine.execution.InvocationInterceptorChain$ValidatingInvocation.proceed(InvocationInterceptorChain.java:131)
	at org.junit.jupiter.engine.extension.TimeoutExtension.intercept(TimeoutExtension.java:149)
	at org.junit.jupiter.engine.extension.TimeoutExtension.interceptTestableMethod(TimeoutExtension.java:140)
	at org.junit.jupiter.engine.extension.TimeoutExtension.interceptTestMethod(TimeoutExtension.java:84)
	at org.junit.jupiter.engine.execution.ExecutableInvoker$ReflectiveInterceptorCall.lambda$ofVoidMethod$0(ExecutableInvoker.java:115)
	at org.junit.jupiter.engine.execution.ExecutableInvoker.lambda$invoke$0(ExecutableInvoker.java:105)
	at org.junit.jupiter.engine.execution.InvocationInterceptorChain$InterceptedInvocation.proceed(InvocationInterceptorChain.java:106)
	at org.junit.jupiter.engine.execution.InvocationInterceptorChain.proceed(InvocationInterceptorChain.java:64)
	at org.junit.jupiter.engine.execution.InvocationInterceptorChain.chainAndInvoke(InvocationInterceptorChain.java:45)
	at org.junit.jupiter.engine.execution.InvocationInterceptorChain.invoke(InvocationInterceptorChain.java:37)
	at org.junit.jupiter.engine.execution.ExecutableInvoker.invoke(ExecutableInvoker.java:104)
	at org.junit.jupiter.engine.execution.ExecutableInvoker.invoke(ExecutableInvoker.java:98)
	at org.junit.jupiter.engine.descriptor.TestMethodTestDescriptor.lambda$invokeTestMethod$6(TestMethodTestDescriptor.java:205)
	at org.junit.platform.engine.support.hierarchical.ThrowableCollector.execute(ThrowableCollector.java:73)
	at org.junit.jupiter.engine.descriptor.TestMethodTestDescriptor.invokeTestMethod(TestMethodTestDescriptor.java:201)
	at org.junit.jupiter.engine.descriptor.TestMethodTestDescriptor.execute(TestMethodTestDescriptor.java:137)
	at org.junit.jupiter.engine.descriptor.TestMethodTestDescriptor.execute(TestMethodTestDescriptor.java:71)
	at org.junit.platform.engine.support.hierarchical.NodeTestTask.lambda$executeRecursively$5(NodeTestTask.java:135)
	at org.junit.platform.engine.support.hierarchical.ThrowableCollector.execute(ThrowableCollector.java:73)
	at org.junit.platform.engine.support.hierarchical.NodeTestTask.lambda$executeRecursively$7(NodeTestTask.java:125)
	at org.junit.platform.engine.support.hierarchical.Node.around(Node.java:135)
	at org.junit.platform.engine.support.hierarchical.NodeTestTask.lambda$executeRecursively$8(NodeTestTask.java:123)
	at org.junit.platform.engine.support.hierarchical.ThrowableCollector.execute(ThrowableCollector.java:73)
	at org.junit.platform.engine.support.hierarchical.NodeTestTask.executeRecursively(NodeTestTask.java:122)
	at org.junit.platform.engine.support.hierarchical.NodeTestTask.execute(NodeTestTask.java:80)
	at java.base/java.util.ArrayList.forEach(ArrayList.java:1511)
	at org.junit.platform.engine.support.hierarchical.SameThreadHierarchicalTestExecutorService.invokeAll(SameThreadHierarchicalTestExecutorService.java:38)
	at org.junit.platform.engine.support.hierarchical.NodeTestTask.lambda$executeRecursively$5(NodeTestTask.java:139)
	at org.junit.platform.engine.support.hierarchical.ThrowableCollector.execute(ThrowableCollector.java:73)
	at org.junit.platform.engine.support.hierarchical.NodeTestTask.lambda$executeRecursively$7(NodeTestTask.java:125)
	at org.junit.platform.engine.support.hierarchical.Node.around(Node.java:135)
	at org.junit.platform.engine.support.hierarchical.NodeTestTask.lambda$executeRecursively$8(NodeTestTask.java:123)
	at org.junit.platform.engine.support.hierarchical.ThrowableCollector.execute(ThrowableCollector.java:73)
	at org.junit.platform.engine.support.hierarchical.NodeTestTask.executeRecursively(NodeTestTask.java:122)
	at org.junit.platform.engine.support.hierarchical.NodeTestTask.execute(NodeTestTask.java:80)
	at java.base/java.util.ArrayList.forEach(ArrayList.java:1511)
	at org.junit.platform.engine.support.hierarchical.SameThreadHierarchicalTestExecutorService.invokeAll(SameThreadHierarchicalTestExecutorService.java:38)
	at org.junit.platform.engine.support.hierarchical.NodeTestTask.lambda$executeRecursively$5(NodeTestTask.java:139)
	at org.junit.platform.engine.support.hierarchical.ThrowableCollector.execute(ThrowableCollector.java:73)
	at org.junit.platform.engine.support.hierarchical.NodeTestTask.lambda$executeRecursively$7(NodeTestTask.java:125)
	at org.junit.platform.engine.support.hierarchical.Node.around(Node.java:135)
	at org.junit.platform.engine.support.hierarchical.NodeTestTask.lambda$executeRecursively$8(NodeTestTask.java:123)
	at org.junit.platform.engine.support.hierarchical.ThrowableCollector.execute(ThrowableCollector.java:73)
	at org.junit.platform.engine.support.hierarchical.NodeTestTask.executeRecursively(NodeTestTask.java:122)
	at org.junit.platform.engine.support.hierarchical.NodeTestTask.execute(NodeTestTask.java:80)
	at org.junit.platform.engine.support.hierarchical.SameThreadHierarchicalTestExecutorService.submit(SameThreadHierarchicalTestExecutorService.java:32)
	at org.junit.platform.engine.support.hierarchical.HierarchicalTestExecutor.execute(HierarchicalTestExecutor.java:57)
	at org.junit.platform.engine.support.hierarchical.HierarchicalTestEngine.execute(HierarchicalTestEngine.java:51)
	at org.junit.platform.launcher.core.DefaultLauncher.execute(DefaultLauncher.java:248)
	at org.junit.platform.launcher.core.DefaultLauncher.lambda$execute$5(DefaultLauncher.java:211)
	at org.junit.platform.launcher.core.DefaultLauncher.withInterceptedStreams(DefaultLauncher.java:226)
	at org.junit.platform.launcher.core.DefaultLauncher.execute(DefaultLauncher.java:199)
	at org.junit.platform.launcher.core.DefaultLauncher.execute(DefaultLauncher.java:132)
	at org.apache.maven.surefire.junitplatform.LazyLauncher.execute(LazyLauncher.java:56)
	at org.apache.maven.surefire.junitplatform.JUnitPlatformProvider.execute(JUnitPlatformProvider.java:184)
	at org.apache.maven.surefire.junitplatform.JUnitPlatformProvider.invokeAllTests(JUnitPlatformProvider.java:148)
	at org.apache.maven.surefire.junitplatform.JUnitPlatformProvider.invoke(JUnitPlatformProvider.java:122)
	at org.apache.maven.surefire.booter.ForkedBooter.runSuitesInProcess(ForkedBooter.java:385)
	at org.apache.maven.surefire.booter.ForkedBooter.execute(ForkedBooter.java:162)
	at org.apache.maven.surefire.booter.ForkedBooter.run(ForkedBooter.java:507)
	at org.apache.maven.surefire.booter.ForkedBooter.main(ForkedBooter.java:495)

[EL Finest]: jpa: 2023-12-08 23:53:00.369--ServerSession(1660325375)--Thread(Thread[main,5,main])--End deploying Persistence Unit TodoMasterPU; session /file:/C:/Users/asahi/OneDrive/Documentos/programacion/porfolio-projects/todo-app/todo-master/todomaster/target/classes/_TodoMasterPU; state HalfDeployed; factoryCount 1
[EL Finest]: jpa: 2023-12-08 23:53:00.37--ServerSession(1660325375)--Thread(Thread[main,5,main])--Begin undeploying Persistence Unit TodoMasterPU; session /file:/C:/Users/asahi/OneDrive/Documentos/programacion/porfolio-projects/todo-app/todo-master/todomaster/target/classes/_TodoMasterPU; state HalfDeployed; factoryCount 1
[EL Finest]: jpa: 2023-12-08 23:53:00.37--ServerSession(1660325375)--Thread(Thread[main,5,main])--End undeploying Persistence Unit TodoMasterPU; session /file:/C:/Users/asahi/OneDrive/Documentos/programacion/porfolio-projects/todo-app/todo-master/todomaster/target/classes/_TodoMasterPU; state Undeployed; factoryCount 0
]]></system-out>
  </testcase>
  <testcase name="testCompleteTask" classname="com.draekk.todomaster.controllers.GeneralControllerTest" time="0.074">
    <error message="Exception [EclipseLink-4003] (Eclipse Persistence Services - 2.7.12.v20230209-e5c4074ef3): org.eclipse.persistence.exceptions.DatabaseException&#10;Exception Description: Configuration error.  Class [org.postgresql.Driver] not found." type="javax.persistence.PersistenceException"><![CDATA[javax.persistence.PersistenceException: 
Exception [EclipseLink-4003] (Eclipse Persistence Services - 2.7.12.v20230209-e5c4074ef3): org.eclipse.persistence.exceptions.DatabaseException
Exception Description: Configuration error.  Class [org.postgresql.Driver] not found.
	at org.eclipse.persistence.internal.jpa.EntityManagerSetupImpl.deploy(EntityManagerSetupImpl.java:854)
	at org.eclipse.persistence.internal.jpa.EntityManagerFactoryDelegate.getAbstractSession(EntityManagerFactoryDelegate.java:222)
	at org.eclipse.persistence.internal.jpa.EntityManagerFactoryDelegate.getDatabaseSession(EntityManagerFactoryDelegate.java:200)
	at org.eclipse.persistence.internal.jpa.EntityManagerFactoryImpl.getDatabaseSession(EntityManagerFactoryImpl.java:542)
	at org.eclipse.persistence.jpa.PersistenceProvider.createEntityManagerFactoryImpl(PersistenceProvider.java:153)
	at org.eclipse.persistence.jpa.PersistenceProvider.createEntityManagerFactory(PersistenceProvider.java:191)
	at javax.persistence.Persistence.createEntityManagerFactory(Persistence.java:80)
	at javax.persistence.Persistence.createEntityManagerFactory(Persistence.java:55)
	at com.draekk.todomaster.persistence.UserJpaController.<init>(UserJpaController.java:32)
	at com.draekk.todomaster.persistence.PersistenceController.<init>(PersistenceController.java:11)
	at com.draekk.todomaster.controllers.GeneralController.<init>(GeneralController.java:15)
	at com.draekk.todomaster.controllers.GeneralControllerTest.testCompleteTask(GeneralControllerTest.java:145)
	at java.base/jdk.internal.reflect.NativeMethodAccessorImpl.invoke0(Native Method)
	at java.base/jdk.internal.reflect.NativeMethodAccessorImpl.invoke(NativeMethodAccessorImpl.java:77)
	at java.base/jdk.internal.reflect.DelegatingMethodAccessorImpl.invoke(DelegatingMethodAccessorImpl.java:43)
	at java.base/java.lang.reflect.Method.invoke(Method.java:568)
	at org.junit.platform.commons.util.ReflectionUtils.invokeMethod(ReflectionUtils.java:686)
	at org.junit.jupiter.engine.execution.MethodInvocation.proceed(MethodInvocation.java:60)
	at org.junit.jupiter.engine.execution.InvocationInterceptorChain$ValidatingInvocation.proceed(InvocationInterceptorChain.java:131)
	at org.junit.jupiter.engine.extension.TimeoutExtension.intercept(TimeoutExtension.java:149)
	at org.junit.jupiter.engine.extension.TimeoutExtension.interceptTestableMethod(TimeoutExtension.java:140)
	at org.junit.jupiter.engine.extension.TimeoutExtension.interceptTestMethod(TimeoutExtension.java:84)
	at org.junit.jupiter.engine.execution.ExecutableInvoker$ReflectiveInterceptorCall.lambda$ofVoidMethod$0(ExecutableInvoker.java:115)
	at org.junit.jupiter.engine.execution.ExecutableInvoker.lambda$invoke$0(ExecutableInvoker.java:105)
	at org.junit.jupiter.engine.execution.InvocationInterceptorChain$InterceptedInvocation.proceed(InvocationInterceptorChain.java:106)
	at org.junit.jupiter.engine.execution.InvocationInterceptorChain.proceed(InvocationInterceptorChain.java:64)
	at org.junit.jupiter.engine.execution.InvocationInterceptorChain.chainAndInvoke(InvocationInterceptorChain.java:45)
	at org.junit.jupiter.engine.execution.InvocationInterceptorChain.invoke(InvocationInterceptorChain.java:37)
	at org.junit.jupiter.engine.execution.ExecutableInvoker.invoke(ExecutableInvoker.java:104)
	at org.junit.jupiter.engine.execution.ExecutableInvoker.invoke(ExecutableInvoker.java:98)
	at org.junit.jupiter.engine.descriptor.TestMethodTestDescriptor.lambda$invokeTestMethod$6(TestMethodTestDescriptor.java:205)
	at org.junit.platform.engine.support.hierarchical.ThrowableCollector.execute(ThrowableCollector.java:73)
	at org.junit.jupiter.engine.descriptor.TestMethodTestDescriptor.invokeTestMethod(TestMethodTestDescriptor.java:201)
	at org.junit.jupiter.engine.descriptor.TestMethodTestDescriptor.execute(TestMethodTestDescriptor.java:137)
	at org.junit.jupiter.engine.descriptor.TestMethodTestDescriptor.execute(TestMethodTestDescriptor.java:71)
	at org.junit.platform.engine.support.hierarchical.NodeTestTask.lambda$executeRecursively$5(NodeTestTask.java:135)
	at org.junit.platform.engine.support.hierarchical.ThrowableCollector.execute(ThrowableCollector.java:73)
	at org.junit.platform.engine.support.hierarchical.NodeTestTask.lambda$executeRecursively$7(NodeTestTask.java:125)
	at org.junit.platform.engine.support.hierarchical.Node.around(Node.java:135)
	at org.junit.platform.engine.support.hierarchical.NodeTestTask.lambda$executeRecursively$8(NodeTestTask.java:123)
	at org.junit.platform.engine.support.hierarchical.ThrowableCollector.execute(ThrowableCollector.java:73)
	at org.junit.platform.engine.support.hierarchical.NodeTestTask.executeRecursively(NodeTestTask.java:122)
	at org.junit.platform.engine.support.hierarchical.NodeTestTask.execute(NodeTestTask.java:80)
	at java.base/java.util.ArrayList.forEach(ArrayList.java:1511)
	at org.junit.platform.engine.support.hierarchical.SameThreadHierarchicalTestExecutorService.invokeAll(SameThreadHierarchicalTestExecutorService.java:38)
	at org.junit.platform.engine.support.hierarchical.NodeTestTask.lambda$executeRecursively$5(NodeTestTask.java:139)
	at org.junit.platform.engine.support.hierarchical.ThrowableCollector.execute(ThrowableCollector.java:73)
	at org.junit.platform.engine.support.hierarchical.NodeTestTask.lambda$executeRecursively$7(NodeTestTask.java:125)
	at org.junit.platform.engine.support.hierarchical.Node.around(Node.java:135)
	at org.junit.platform.engine.support.hierarchical.NodeTestTask.lambda$executeRecursively$8(NodeTestTask.java:123)
	at org.junit.platform.engine.support.hierarchical.ThrowableCollector.execute(ThrowableCollector.java:73)
	at org.junit.platform.engine.support.hierarchical.NodeTestTask.executeRecursively(NodeTestTask.java:122)
	at org.junit.platform.engine.support.hierarchical.NodeTestTask.execute(NodeTestTask.java:80)
	at java.base/java.util.ArrayList.forEach(ArrayList.java:1511)
	at org.junit.platform.engine.support.hierarchical.SameThreadHierarchicalTestExecutorService.invokeAll(SameThreadHierarchicalTestExecutorService.java:38)
	at org.junit.platform.engine.support.hierarchical.NodeTestTask.lambda$executeRecursively$5(NodeTestTask.java:139)
	at org.junit.platform.engine.support.hierarchical.ThrowableCollector.execute(ThrowableCollector.java:73)
	at org.junit.platform.engine.support.hierarchical.NodeTestTask.lambda$executeRecursively$7(NodeTestTask.java:125)
	at org.junit.platform.engine.support.hierarchical.Node.around(Node.java:135)
	at org.junit.platform.engine.support.hierarchical.NodeTestTask.lambda$executeRecursively$8(NodeTestTask.java:123)
	at org.junit.platform.engine.support.hierarchical.ThrowableCollector.execute(ThrowableCollector.java:73)
	at org.junit.platform.engine.support.hierarchical.NodeTestTask.executeRecursively(NodeTestTask.java:122)
	at org.junit.platform.engine.support.hierarchical.NodeTestTask.execute(NodeTestTask.java:80)
	at org.junit.platform.engine.support.hierarchical.SameThreadHierarchicalTestExecutorService.submit(SameThreadHierarchicalTestExecutorService.java:32)
	at org.junit.platform.engine.support.hierarchical.HierarchicalTestExecutor.execute(HierarchicalTestExecutor.java:57)
	at org.junit.platform.engine.support.hierarchical.HierarchicalTestEngine.execute(HierarchicalTestEngine.java:51)
	at org.junit.platform.launcher.core.DefaultLauncher.execute(DefaultLauncher.java:248)
	at org.junit.platform.launcher.core.DefaultLauncher.lambda$execute$5(DefaultLauncher.java:211)
	at org.junit.platform.launcher.core.DefaultLauncher.withInterceptedStreams(DefaultLauncher.java:226)
	at org.junit.platform.launcher.core.DefaultLauncher.execute(DefaultLauncher.java:199)
	at org.junit.platform.launcher.core.DefaultLauncher.execute(DefaultLauncher.java:132)
	at org.apache.maven.surefire.junitplatform.LazyLauncher.execute(LazyLauncher.java:56)
	at org.apache.maven.surefire.junitplatform.JUnitPlatformProvider.execute(JUnitPlatformProvider.java:184)
	at org.apache.maven.surefire.junitplatform.JUnitPlatformProvider.invokeAllTests(JUnitPlatformProvider.java:148)
	at org.apache.maven.surefire.junitplatform.JUnitPlatformProvider.invoke(JUnitPlatformProvider.java:122)
	at org.apache.maven.surefire.booter.ForkedBooter.runSuitesInProcess(ForkedBooter.java:385)
	at org.apache.maven.surefire.booter.ForkedBooter.execute(ForkedBooter.java:162)
	at org.apache.maven.surefire.booter.ForkedBooter.run(ForkedBooter.java:507)
	at org.apache.maven.surefire.booter.ForkedBooter.main(ForkedBooter.java:495)
Caused by: Exception [EclipseLink-4003] (Eclipse Persistence Services - 2.7.12.v20230209-e5c4074ef3): org.eclipse.persistence.exceptions.DatabaseException
Exception Description: Configuration error.  Class [org.postgresql.Driver] not found.
	at org.eclipse.persistence.exceptions.DatabaseException.configurationErrorClassNotFound(DatabaseException.java:91)
	at org.eclipse.persistence.sessions.DefaultConnector.loadDriverClass(DefaultConnector.java:269)
	at org.eclipse.persistence.sessions.DefaultConnector.connect(DefaultConnector.java:87)
	at org.eclipse.persistence.sessions.DatasourceLogin.connectToDatasource(DatasourceLogin.java:172)
	at org.eclipse.persistence.internal.sessions.DatabaseSessionImpl.setOrDetectDatasource(DatabaseSessionImpl.java:226)
	at org.eclipse.persistence.internal.sessions.DatabaseSessionImpl.loginAndDetectDatasource(DatabaseSessionImpl.java:810)
	at org.eclipse.persistence.internal.jpa.EntityManagerFactoryProvider.login(EntityManagerFactoryProvider.java:261)
	at org.eclipse.persistence.internal.jpa.EntityManagerSetupImpl.deploy(EntityManagerSetupImpl.java:771)
	... 78 more
]]></error>
    <system-out><![CDATA[completeTask
[EL Finer]: 2023-12-08 23:53:00.376--Thread(Thread[main,5,main])--fixUNC: before fixing: url = file:/C:/Users/asahi/OneDrive/Documentos/programacion/porfolio-projects/todo-app/todo-master/todomaster/target/classes/, authority = , file = /C:/Users/asahi/OneDrive/Documentos/programacion/porfolio-projects/todo-app/todo-master/todomaster/target/classes/ (There is no English translation for this message.)
[EL Finer]: 2023-12-08 23:53:00.377--Thread(Thread[main,5,main])--fixUNC: after fixing: url = file:/C:/Users/asahi/OneDrive/Documentos/programacion/porfolio-projects/todo-app/todo-master/todomaster/target/classes/, authority = null, file = /C:/Users/asahi/OneDrive/Documentos/programacion/porfolio-projects/todo-app/todo-master/todomaster/target/classes/ (There is no English translation for this message.)
[EL Fine]: moxy: 2023-12-08 23:53:00.388--Thread(Thread[main,5,main])--SAXParserFactory instance: com.sun.org.apache.xerces.internal.jaxp.SAXParserFactoryImpl@aeab9a1
[EL Finer]: jpa: 2023-12-08 23:53:00.39--Thread(Thread[main,5,main])--JavaSECMPInitializer - predeploying TodoMasterPU.
[EL Finest]: properties: 2023-12-08 23:53:00.397--ServerSession(1089930529)--Thread(Thread[main,5,main])--property=eclipselink.logging.parameters; value=true
[EL Fine]: server: 2023-12-08 23:53:00.397--Thread(Thread[main,5,main])--Configured server platform: org.eclipse.persistence.platform.server.NoServerPlatform
[EL Finest]: jpa: 2023-12-08 23:53:00.397--ServerSession(1089930529)--Thread(Thread[main,5,main])--Begin predeploying Persistence Unit TodoMasterPU; session /file:/C:/Users/asahi/OneDrive/Documentos/programacion/porfolio-projects/todo-app/todo-master/todomaster/target/classes/_TodoMasterPU; state Initial; factoryCount 0
[EL Finest]: properties: 2023-12-08 23:53:00.397--ServerSession(1089930529)--Thread(Thread[main,5,main])--property=eclipselink.orm.throw.exceptions; default value=true
[EL Finest]: properties: 2023-12-08 23:53:00.397--ServerSession(1089930529)--Thread(Thread[main,5,main])--property=eclipselink.multitenant.tenants-share-emf; default value=true
[EL Finest]: properties: 2023-12-08 23:53:00.397--ServerSession(1089930529)--Thread(Thread[main,5,main])--property=eclipselink.multitenant.tenants-share-cache; default value=false
[EL Finer]: metadata: 2023-12-08 23:53:00.398--Thread(Thread[main,5,main])--Searching for mapping file: [META-INF/orm.xml] at root URL: [file:/C:/Users/asahi/OneDrive/Documentos/programacion/porfolio-projects/todo-app/todo-master/todomaster/target/classes/].
[EL Finer]: metadata: 2023-12-08 23:53:00.402--Thread(Thread[main,5,main])--Searching for mapping file: [META-INF/eclipselink-orm.xml] at root URL: [file:/C:/Users/asahi/OneDrive/Documentos/programacion/porfolio-projects/todo-app/todo-master/todomaster/target/classes/].
[EL Config]: metadata: 2023-12-08 23:53:00.429--ServerSession(1089930529)--Thread(Thread[main,5,main])--The access type for the persistent class [class com.draekk.todomaster.models.User] is set to [FIELD].
[EL Config]: metadata: 2023-12-08 23:53:00.432--ServerSession(1089930529)--Thread(Thread[main,5,main])--The target entity (reference) class for the one to many mapping element [field tasks] is being defaulted to: class com.draekk.todomaster.models.Task.
[EL Config]: metadata: 2023-12-08 23:53:00.432--ServerSession(1089930529)--Thread(Thread[main,5,main])--The access type for the persistent class [class com.draekk.todomaster.models.Task] is set to [FIELD].
[EL Config]: metadata: 2023-12-08 23:53:00.433--ServerSession(1089930529)--Thread(Thread[main,5,main])--The target entity (reference) class for the many to one mapping element [field user] is being defaulted to: class com.draekk.todomaster.models.User.
[EL Config]: metadata: 2023-12-08 23:53:00.433--ServerSession(1089930529)--Thread(Thread[main,5,main])--The alias name for the entity class [class com.draekk.todomaster.models.User] is being defaulted to: User.
[EL Config]: metadata: 2023-12-08 23:53:00.433--ServerSession(1089930529)--Thread(Thread[main,5,main])--The column name for element [lastName] is being defaulted to: LASTNAME.
[EL Config]: metadata: 2023-12-08 23:53:00.434--ServerSession(1089930529)--Thread(Thread[main,5,main])--The column name for element [password] is being defaulted to: PASSWORD.
[EL Config]: metadata: 2023-12-08 23:53:00.434--ServerSession(1089930529)--Thread(Thread[main,5,main])--The column name for element [name] is being defaulted to: NAME.
[EL Config]: metadata: 2023-12-08 23:53:00.434--ServerSession(1089930529)--Thread(Thread[main,5,main])--The column name for element [id] is being defaulted to: ID.
[EL Config]: metadata: 2023-12-08 23:53:00.434--ServerSession(1089930529)--Thread(Thread[main,5,main])--The column name for element [email] is being defaulted to: EMAIL.
[EL Config]: metadata: 2023-12-08 23:53:00.434--ServerSession(1089930529)--Thread(Thread[main,5,main])--The column name for element [username] is being defaulted to: USERNAME.
[EL Config]: metadata: 2023-12-08 23:53:00.434--ServerSession(1089930529)--Thread(Thread[main,5,main])--The alias name for the entity class [class com.draekk.todomaster.models.Task] is being defaulted to: Task.
[EL Config]: metadata: 2023-12-08 23:53:00.435--ServerSession(1089930529)--Thread(Thread[main,5,main])--The column name for element [description] is being defaulted to: DESCRIPTION.
[EL Config]: metadata: 2023-12-08 23:53:00.435--ServerSession(1089930529)--Thread(Thread[main,5,main])--The column name for element [id] is being defaulted to: ID.
[EL Config]: metadata: 2023-12-08 23:53:00.435--ServerSession(1089930529)--Thread(Thread[main,5,main])--The column name for element [isCompleted] is being defaulted to: ISCOMPLETED.
[EL Config]: metadata: 2023-12-08 23:53:00.436--ServerSession(1089930529)--Thread(Thread[main,5,main])--The primary key column name for the mapping element [field user] is being defaulted to: ID.
[EL Finest]: jpa: 2023-12-08 23:53:00.436--ServerSession(1089930529)--Thread(Thread[main,5,main])--End predeploying Persistence Unit TodoMasterPU; session /file:/C:/Users/asahi/OneDrive/Documentos/programacion/porfolio-projects/todo-app/todo-master/todomaster/target/classes/_TodoMasterPU; state Predeployed; factoryCount 0
[EL Finer]: weaver: 2023-12-08 23:53:00.437--Thread(Thread[main,5,main])--JavaSECMPInitializer - transformer is null.
[EL Finest]: jpa: 2023-12-08 23:53:00.437--ServerSession(1089930529)--Thread(Thread[main,5,main])--Begin predeploying Persistence Unit TodoMasterPU; session /file:/C:/Users/asahi/OneDrive/Documentos/programacion/porfolio-projects/todo-app/todo-master/todomaster/target/classes/_TodoMasterPU; state Predeployed; factoryCount 0
[EL Finest]: jpa: 2023-12-08 23:53:00.437--ServerSession(1089930529)--Thread(Thread[main,5,main])--End predeploying Persistence Unit TodoMasterPU; session /file:/C:/Users/asahi/OneDrive/Documentos/programacion/porfolio-projects/todo-app/todo-master/todomaster/target/classes/_TodoMasterPU; state Predeployed; factoryCount 1
[EL Finer]: metamodel: 2023-12-08 23:53:00.437--ServerSession(1089930529)--Thread(Thread[main,5,main])--Canonical Metamodel class [com.draekk.todomaster.models.Task_] found and instantiated during initialization.
[EL Finer]: metamodel: 2023-12-08 23:53:00.438--ServerSession(1089930529)--Thread(Thread[main,5,main])--Canonical Metamodel class [com.draekk.todomaster.models.User_] found and instantiated during initialization.
[EL Finest]: jpa: 2023-12-08 23:53:00.438--ServerSession(1089930529)--Thread(Thread[main,5,main])--Begin deploying Persistence Unit TodoMasterPU; session /file:/C:/Users/asahi/OneDrive/Documentos/programacion/porfolio-projects/todo-app/todo-master/todomaster/target/classes/_TodoMasterPU; state Predeployed; factoryCount 1
[EL Finest]: jpa: 2023-12-08 23:53:00.439--ServerSession(1089930529)--Thread(Thread[main,5,main])--Bean Validation Factory was not initialized: [javax/validation/Validation].
[EL Finest]: properties: 2023-12-08 23:53:00.44--ServerSession(1089930529)--Thread(Thread[main,5,main])--property=eclipselink.logging.level; value=FINEST; translated value=FINEST
[EL Finest]: properties: 2023-12-08 23:53:00.44--ServerSession(1089930529)--Thread(Thread[main,5,main])--property=eclipselink.logging.parameters; value=true
[EL Finest]: properties: 2023-12-08 23:53:00.44--ServerSession(1089930529)--Thread(Thread[main,5,main])--property=eclipselink.logging.level; value=FINEST; translated value=FINEST
[EL Finest]: properties: 2023-12-08 23:53:00.44--ServerSession(1089930529)--Thread(Thread[main,5,main])--property=eclipselink.logging.parameters; value=true
[EL Finest]: properties: 2023-12-08 23:53:00.441--ServerSession(1089930529)--Thread(Thread[main,5,main])--property=javax.persistence.jdbc.user; value=postgres
[EL Finest]: properties: 2023-12-08 23:53:00.441--ServerSession(1089930529)--Thread(Thread[main,5,main])--property=javax.persistence.jdbc.password; value=xxxxxx
[EL Finest]: properties: 2023-12-08 23:53:00.444--ServerSession(1089930529)--Thread(Thread[main,5,main])--property=javax.persistence.jdbc.driver; value=org.postgresql.Driver
[EL Finest]: properties: 2023-12-08 23:53:00.444--ServerSession(1089930529)--Thread(Thread[main,5,main])--property=javax.persistence.jdbc.url; value=jdbc:postgresql://monorail.proxy.rlwy.net:32742/railway
[EL Info]: 2023-12-08 23:53:00.444--ServerSession(1089930529)--Thread(Thread[main,5,main])--EclipseLink, version: Eclipse Persistence Services - 2.7.12.v20230209-e5c4074ef3
[EL Severe]: ejb: 2023-12-08 23:53:00.445--ServerSession(1089930529)--Thread(Thread[main,5,main])--Local Exception Stack: 
Exception [EclipseLink-4003] (Eclipse Persistence Services - 2.7.12.v20230209-e5c4074ef3): org.eclipse.persistence.exceptions.DatabaseException
Exception Description: Configuration error.  Class [org.postgresql.Driver] not found.
	at org.eclipse.persistence.exceptions.DatabaseException.configurationErrorClassNotFound(DatabaseException.java:91)
	at org.eclipse.persistence.sessions.DefaultConnector.loadDriverClass(DefaultConnector.java:269)
	at org.eclipse.persistence.sessions.DefaultConnector.connect(DefaultConnector.java:87)
	at org.eclipse.persistence.sessions.DatasourceLogin.connectToDatasource(DatasourceLogin.java:172)
	at org.eclipse.persistence.internal.sessions.DatabaseSessionImpl.setOrDetectDatasource(DatabaseSessionImpl.java:226)
	at org.eclipse.persistence.internal.sessions.DatabaseSessionImpl.loginAndDetectDatasource(DatabaseSessionImpl.java:810)
	at org.eclipse.persistence.internal.jpa.EntityManagerFactoryProvider.login(EntityManagerFactoryProvider.java:261)
	at org.eclipse.persistence.internal.jpa.EntityManagerSetupImpl.deploy(EntityManagerSetupImpl.java:771)
	at org.eclipse.persistence.internal.jpa.EntityManagerFactoryDelegate.getAbstractSession(EntityManagerFactoryDelegate.java:222)
	at org.eclipse.persistence.internal.jpa.EntityManagerFactoryDelegate.getDatabaseSession(EntityManagerFactoryDelegate.java:200)
	at org.eclipse.persistence.internal.jpa.EntityManagerFactoryImpl.getDatabaseSession(EntityManagerFactoryImpl.java:542)
	at org.eclipse.persistence.jpa.PersistenceProvider.createEntityManagerFactoryImpl(PersistenceProvider.java:153)
	at org.eclipse.persistence.jpa.PersistenceProvider.createEntityManagerFactory(PersistenceProvider.java:191)
	at javax.persistence.Persistence.createEntityManagerFactory(Persistence.java:80)
	at javax.persistence.Persistence.createEntityManagerFactory(Persistence.java:55)
	at com.draekk.todomaster.persistence.UserJpaController.<init>(UserJpaController.java:32)
	at com.draekk.todomaster.persistence.PersistenceController.<init>(PersistenceController.java:11)
	at com.draekk.todomaster.controllers.GeneralController.<init>(GeneralController.java:15)
	at com.draekk.todomaster.controllers.GeneralControllerTest.testCompleteTask(GeneralControllerTest.java:145)
	at java.base/jdk.internal.reflect.NativeMethodAccessorImpl.invoke0(Native Method)
	at java.base/jdk.internal.reflect.NativeMethodAccessorImpl.invoke(NativeMethodAccessorImpl.java:77)
	at java.base/jdk.internal.reflect.DelegatingMethodAccessorImpl.invoke(DelegatingMethodAccessorImpl.java:43)
	at java.base/java.lang.reflect.Method.invoke(Method.java:568)
	at org.junit.platform.commons.util.ReflectionUtils.invokeMethod(ReflectionUtils.java:686)
	at org.junit.jupiter.engine.execution.MethodInvocation.proceed(MethodInvocation.java:60)
	at org.junit.jupiter.engine.execution.InvocationInterceptorChain$ValidatingInvocation.proceed(InvocationInterceptorChain.java:131)
	at org.junit.jupiter.engine.extension.TimeoutExtension.intercept(TimeoutExtension.java:149)
	at org.junit.jupiter.engine.extension.TimeoutExtension.interceptTestableMethod(TimeoutExtension.java:140)
	at org.junit.jupiter.engine.extension.TimeoutExtension.interceptTestMethod(TimeoutExtension.java:84)
	at org.junit.jupiter.engine.execution.ExecutableInvoker$ReflectiveInterceptorCall.lambda$ofVoidMethod$0(ExecutableInvoker.java:115)
	at org.junit.jupiter.engine.execution.ExecutableInvoker.lambda$invoke$0(ExecutableInvoker.java:105)
	at org.junit.jupiter.engine.execution.InvocationInterceptorChain$InterceptedInvocation.proceed(InvocationInterceptorChain.java:106)
	at org.junit.jupiter.engine.execution.InvocationInterceptorChain.proceed(InvocationInterceptorChain.java:64)
	at org.junit.jupiter.engine.execution.InvocationInterceptorChain.chainAndInvoke(InvocationInterceptorChain.java:45)
	at org.junit.jupiter.engine.execution.InvocationInterceptorChain.invoke(InvocationInterceptorChain.java:37)
	at org.junit.jupiter.engine.execution.ExecutableInvoker.invoke(ExecutableInvoker.java:104)
	at org.junit.jupiter.engine.execution.ExecutableInvoker.invoke(ExecutableInvoker.java:98)
	at org.junit.jupiter.engine.descriptor.TestMethodTestDescriptor.lambda$invokeTestMethod$6(TestMethodTestDescriptor.java:205)
	at org.junit.platform.engine.support.hierarchical.ThrowableCollector.execute(ThrowableCollector.java:73)
	at org.junit.jupiter.engine.descriptor.TestMethodTestDescriptor.invokeTestMethod(TestMethodTestDescriptor.java:201)
	at org.junit.jupiter.engine.descriptor.TestMethodTestDescriptor.execute(TestMethodTestDescriptor.java:137)
	at org.junit.jupiter.engine.descriptor.TestMethodTestDescriptor.execute(TestMethodTestDescriptor.java:71)
	at org.junit.platform.engine.support.hierarchical.NodeTestTask.lambda$executeRecursively$5(NodeTestTask.java:135)
	at org.junit.platform.engine.support.hierarchical.ThrowableCollector.execute(ThrowableCollector.java:73)
	at org.junit.platform.engine.support.hierarchical.NodeTestTask.lambda$executeRecursively$7(NodeTestTask.java:125)
	at org.junit.platform.engine.support.hierarchical.Node.around(Node.java:135)
	at org.junit.platform.engine.support.hierarchical.NodeTestTask.lambda$executeRecursively$8(NodeTestTask.java:123)
	at org.junit.platform.engine.support.hierarchical.ThrowableCollector.execute(ThrowableCollector.java:73)
	at org.junit.platform.engine.support.hierarchical.NodeTestTask.executeRecursively(NodeTestTask.java:122)
	at org.junit.platform.engine.support.hierarchical.NodeTestTask.execute(NodeTestTask.java:80)
	at java.base/java.util.ArrayList.forEach(ArrayList.java:1511)
	at org.junit.platform.engine.support.hierarchical.SameThreadHierarchicalTestExecutorService.invokeAll(SameThreadHierarchicalTestExecutorService.java:38)
	at org.junit.platform.engine.support.hierarchical.NodeTestTask.lambda$executeRecursively$5(NodeTestTask.java:139)
	at org.junit.platform.engine.support.hierarchical.ThrowableCollector.execute(ThrowableCollector.java:73)
	at org.junit.platform.engine.support.hierarchical.NodeTestTask.lambda$executeRecursively$7(NodeTestTask.java:125)
	at org.junit.platform.engine.support.hierarchical.Node.around(Node.java:135)
	at org.junit.platform.engine.support.hierarchical.NodeTestTask.lambda$executeRecursively$8(NodeTestTask.java:123)
	at org.junit.platform.engine.support.hierarchical.ThrowableCollector.execute(ThrowableCollector.java:73)
	at org.junit.platform.engine.support.hierarchical.NodeTestTask.executeRecursively(NodeTestTask.java:122)
	at org.junit.platform.engine.support.hierarchical.NodeTestTask.execute(NodeTestTask.java:80)
	at java.base/java.util.ArrayList.forEach(ArrayList.java:1511)
	at org.junit.platform.engine.support.hierarchical.SameThreadHierarchicalTestExecutorService.invokeAll(SameThreadHierarchicalTestExecutorService.java:38)
	at org.junit.platform.engine.support.hierarchical.NodeTestTask.lambda$executeRecursively$5(NodeTestTask.java:139)
	at org.junit.platform.engine.support.hierarchical.ThrowableCollector.execute(ThrowableCollector.java:73)
	at org.junit.platform.engine.support.hierarchical.NodeTestTask.lambda$executeRecursively$7(NodeTestTask.java:125)
	at org.junit.platform.engine.support.hierarchical.Node.around(Node.java:135)
	at org.junit.platform.engine.support.hierarchical.NodeTestTask.lambda$executeRecursively$8(NodeTestTask.java:123)
	at org.junit.platform.engine.support.hierarchical.ThrowableCollector.execute(ThrowableCollector.java:73)
	at org.junit.platform.engine.support.hierarchical.NodeTestTask.executeRecursively(NodeTestTask.java:122)
	at org.junit.platform.engine.support.hierarchical.NodeTestTask.execute(NodeTestTask.java:80)
	at org.junit.platform.engine.support.hierarchical.SameThreadHierarchicalTestExecutorService.submit(SameThreadHierarchicalTestExecutorService.java:32)
	at org.junit.platform.engine.support.hierarchical.HierarchicalTestExecutor.execute(HierarchicalTestExecutor.java:57)
	at org.junit.platform.engine.support.hierarchical.HierarchicalTestEngine.execute(HierarchicalTestEngine.java:51)
	at org.junit.platform.launcher.core.DefaultLauncher.execute(DefaultLauncher.java:248)
	at org.junit.platform.launcher.core.DefaultLauncher.lambda$execute$5(DefaultLauncher.java:211)
	at org.junit.platform.launcher.core.DefaultLauncher.withInterceptedStreams(DefaultLauncher.java:226)
	at org.junit.platform.launcher.core.DefaultLauncher.execute(DefaultLauncher.java:199)
	at org.junit.platform.launcher.core.DefaultLauncher.execute(DefaultLauncher.java:132)
	at org.apache.maven.surefire.junitplatform.LazyLauncher.execute(LazyLauncher.java:56)
	at org.apache.maven.surefire.junitplatform.JUnitPlatformProvider.execute(JUnitPlatformProvider.java:184)
	at org.apache.maven.surefire.junitplatform.JUnitPlatformProvider.invokeAllTests(JUnitPlatformProvider.java:148)
	at org.apache.maven.surefire.junitplatform.JUnitPlatformProvider.invoke(JUnitPlatformProvider.java:122)
	at org.apache.maven.surefire.booter.ForkedBooter.runSuitesInProcess(ForkedBooter.java:385)
	at org.apache.maven.surefire.booter.ForkedBooter.execute(ForkedBooter.java:162)
	at org.apache.maven.surefire.booter.ForkedBooter.run(ForkedBooter.java:507)
	at org.apache.maven.surefire.booter.ForkedBooter.main(ForkedBooter.java:495)

[EL Finest]: jpa: 2023-12-08 23:53:00.446--ServerSession(1089930529)--Thread(Thread[main,5,main])--End deploying Persistence Unit TodoMasterPU; session /file:/C:/Users/asahi/OneDrive/Documentos/programacion/porfolio-projects/todo-app/todo-master/todomaster/target/classes/_TodoMasterPU; state HalfDeployed; factoryCount 1
[EL Finest]: jpa: 2023-12-08 23:53:00.447--ServerSession(1089930529)--Thread(Thread[main,5,main])--Begin undeploying Persistence Unit TodoMasterPU; session /file:/C:/Users/asahi/OneDrive/Documentos/programacion/porfolio-projects/todo-app/todo-master/todomaster/target/classes/_TodoMasterPU; state HalfDeployed; factoryCount 1
[EL Finest]: jpa: 2023-12-08 23:53:00.447--ServerSession(1089930529)--Thread(Thread[main,5,main])--End undeploying Persistence Unit TodoMasterPU; session /file:/C:/Users/asahi/OneDrive/Documentos/programacion/porfolio-projects/todo-app/todo-master/todomaster/target/classes/_TodoMasterPU; state Undeployed; factoryCount 0
]]></system-out>
  </testcase>
  <testcase name="testCreateTask" classname="com.draekk.todomaster.controllers.GeneralControllerTest" time="0.086">
    <error message="Exception [EclipseLink-4003] (Eclipse Persistence Services - 2.7.12.v20230209-e5c4074ef3): org.eclipse.persistence.exceptions.DatabaseException&#10;Exception Description: Configuration error.  Class [org.postgresql.Driver] not found." type="javax.persistence.PersistenceException"><![CDATA[javax.persistence.PersistenceException: 
Exception [EclipseLink-4003] (Eclipse Persistence Services - 2.7.12.v20230209-e5c4074ef3): org.eclipse.persistence.exceptions.DatabaseException
Exception Description: Configuration error.  Class [org.postgresql.Driver] not found.
	at org.eclipse.persistence.internal.jpa.EntityManagerSetupImpl.deploy(EntityManagerSetupImpl.java:854)
	at org.eclipse.persistence.internal.jpa.EntityManagerFactoryDelegate.getAbstractSession(EntityManagerFactoryDelegate.java:222)
	at org.eclipse.persistence.internal.jpa.EntityManagerFactoryDelegate.getDatabaseSession(EntityManagerFactoryDelegate.java:200)
	at org.eclipse.persistence.internal.jpa.EntityManagerFactoryImpl.getDatabaseSession(EntityManagerFactoryImpl.java:542)
	at org.eclipse.persistence.jpa.PersistenceProvider.createEntityManagerFactoryImpl(PersistenceProvider.java:153)
	at org.eclipse.persistence.jpa.PersistenceProvider.createEntityManagerFactory(PersistenceProvider.java:191)
	at javax.persistence.Persistence.createEntityManagerFactory(Persistence.java:80)
	at javax.persistence.Persistence.createEntityManagerFactory(Persistence.java:55)
	at com.draekk.todomaster.persistence.UserJpaController.<init>(UserJpaController.java:32)
	at com.draekk.todomaster.persistence.PersistenceController.<init>(PersistenceController.java:11)
	at com.draekk.todomaster.controllers.GeneralController.<init>(GeneralController.java:15)
	at com.draekk.todomaster.controllers.GeneralControllerTest.testCreateTask(GeneralControllerTest.java:88)
	at java.base/jdk.internal.reflect.NativeMethodAccessorImpl.invoke0(Native Method)
	at java.base/jdk.internal.reflect.NativeMethodAccessorImpl.invoke(NativeMethodAccessorImpl.java:77)
	at java.base/jdk.internal.reflect.DelegatingMethodAccessorImpl.invoke(DelegatingMethodAccessorImpl.java:43)
	at java.base/java.lang.reflect.Method.invoke(Method.java:568)
	at org.junit.platform.commons.util.ReflectionUtils.invokeMethod(ReflectionUtils.java:686)
	at org.junit.jupiter.engine.execution.MethodInvocation.proceed(MethodInvocation.java:60)
	at org.junit.jupiter.engine.execution.InvocationInterceptorChain$ValidatingInvocation.proceed(InvocationInterceptorChain.java:131)
	at org.junit.jupiter.engine.extension.TimeoutExtension.intercept(TimeoutExtension.java:149)
	at org.junit.jupiter.engine.extension.TimeoutExtension.interceptTestableMethod(TimeoutExtension.java:140)
	at org.junit.jupiter.engine.extension.TimeoutExtension.interceptTestMethod(TimeoutExtension.java:84)
	at org.junit.jupiter.engine.execution.ExecutableInvoker$ReflectiveInterceptorCall.lambda$ofVoidMethod$0(ExecutableInvoker.java:115)
	at org.junit.jupiter.engine.execution.ExecutableInvoker.lambda$invoke$0(ExecutableInvoker.java:105)
	at org.junit.jupiter.engine.execution.InvocationInterceptorChain$InterceptedInvocation.proceed(InvocationInterceptorChain.java:106)
	at org.junit.jupiter.engine.execution.InvocationInterceptorChain.proceed(InvocationInterceptorChain.java:64)
	at org.junit.jupiter.engine.execution.InvocationInterceptorChain.chainAndInvoke(InvocationInterceptorChain.java:45)
	at org.junit.jupiter.engine.execution.InvocationInterceptorChain.invoke(InvocationInterceptorChain.java:37)
	at org.junit.jupiter.engine.execution.ExecutableInvoker.invoke(ExecutableInvoker.java:104)
	at org.junit.jupiter.engine.execution.ExecutableInvoker.invoke(ExecutableInvoker.java:98)
	at org.junit.jupiter.engine.descriptor.TestMethodTestDescriptor.lambda$invokeTestMethod$6(TestMethodTestDescriptor.java:205)
	at org.junit.platform.engine.support.hierarchical.ThrowableCollector.execute(ThrowableCollector.java:73)
	at org.junit.jupiter.engine.descriptor.TestMethodTestDescriptor.invokeTestMethod(TestMethodTestDescriptor.java:201)
	at org.junit.jupiter.engine.descriptor.TestMethodTestDescriptor.execute(TestMethodTestDescriptor.java:137)
	at org.junit.jupiter.engine.descriptor.TestMethodTestDescriptor.execute(TestMethodTestDescriptor.java:71)
	at org.junit.platform.engine.support.hierarchical.NodeTestTask.lambda$executeRecursively$5(NodeTestTask.java:135)
	at org.junit.platform.engine.support.hierarchical.ThrowableCollector.execute(ThrowableCollector.java:73)
	at org.junit.platform.engine.support.hierarchical.NodeTestTask.lambda$executeRecursively$7(NodeTestTask.java:125)
	at org.junit.platform.engine.support.hierarchical.Node.around(Node.java:135)
	at org.junit.platform.engine.support.hierarchical.NodeTestTask.lambda$executeRecursively$8(NodeTestTask.java:123)
	at org.junit.platform.engine.support.hierarchical.ThrowableCollector.execute(ThrowableCollector.java:73)
	at org.junit.platform.engine.support.hierarchical.NodeTestTask.executeRecursively(NodeTestTask.java:122)
	at org.junit.platform.engine.support.hierarchical.NodeTestTask.execute(NodeTestTask.java:80)
	at java.base/java.util.ArrayList.forEach(ArrayList.java:1511)
	at org.junit.platform.engine.support.hierarchical.SameThreadHierarchicalTestExecutorService.invokeAll(SameThreadHierarchicalTestExecutorService.java:38)
	at org.junit.platform.engine.support.hierarchical.NodeTestTask.lambda$executeRecursively$5(NodeTestTask.java:139)
	at org.junit.platform.engine.support.hierarchical.ThrowableCollector.execute(ThrowableCollector.java:73)
	at org.junit.platform.engine.support.hierarchical.NodeTestTask.lambda$executeRecursively$7(NodeTestTask.java:125)
	at org.junit.platform.engine.support.hierarchical.Node.around(Node.java:135)
	at org.junit.platform.engine.support.hierarchical.NodeTestTask.lambda$executeRecursively$8(NodeTestTask.java:123)
	at org.junit.platform.engine.support.hierarchical.ThrowableCollector.execute(ThrowableCollector.java:73)
	at org.junit.platform.engine.support.hierarchical.NodeTestTask.executeRecursively(NodeTestTask.java:122)
	at org.junit.platform.engine.support.hierarchical.NodeTestTask.execute(NodeTestTask.java:80)
	at java.base/java.util.ArrayList.forEach(ArrayList.java:1511)
	at org.junit.platform.engine.support.hierarchical.SameThreadHierarchicalTestExecutorService.invokeAll(SameThreadHierarchicalTestExecutorService.java:38)
	at org.junit.platform.engine.support.hierarchical.NodeTestTask.lambda$executeRecursively$5(NodeTestTask.java:139)
	at org.junit.platform.engine.support.hierarchical.ThrowableCollector.execute(ThrowableCollector.java:73)
	at org.junit.platform.engine.support.hierarchical.NodeTestTask.lambda$executeRecursively$7(NodeTestTask.java:125)
	at org.junit.platform.engine.support.hierarchical.Node.around(Node.java:135)
	at org.junit.platform.engine.support.hierarchical.NodeTestTask.lambda$executeRecursively$8(NodeTestTask.java:123)
	at org.junit.platform.engine.support.hierarchical.ThrowableCollector.execute(ThrowableCollector.java:73)
	at org.junit.platform.engine.support.hierarchical.NodeTestTask.executeRecursively(NodeTestTask.java:122)
	at org.junit.platform.engine.support.hierarchical.NodeTestTask.execute(NodeTestTask.java:80)
	at org.junit.platform.engine.support.hierarchical.SameThreadHierarchicalTestExecutorService.submit(SameThreadHierarchicalTestExecutorService.java:32)
	at org.junit.platform.engine.support.hierarchical.HierarchicalTestExecutor.execute(HierarchicalTestExecutor.java:57)
	at org.junit.platform.engine.support.hierarchical.HierarchicalTestEngine.execute(HierarchicalTestEngine.java:51)
	at org.junit.platform.launcher.core.DefaultLauncher.execute(DefaultLauncher.java:248)
	at org.junit.platform.launcher.core.DefaultLauncher.lambda$execute$5(DefaultLauncher.java:211)
	at org.junit.platform.launcher.core.DefaultLauncher.withInterceptedStreams(DefaultLauncher.java:226)
	at org.junit.platform.launcher.core.DefaultLauncher.execute(DefaultLauncher.java:199)
	at org.junit.platform.launcher.core.DefaultLauncher.execute(DefaultLauncher.java:132)
	at org.apache.maven.surefire.junitplatform.LazyLauncher.execute(LazyLauncher.java:56)
	at org.apache.maven.surefire.junitplatform.JUnitPlatformProvider.execute(JUnitPlatformProvider.java:184)
	at org.apache.maven.surefire.junitplatform.JUnitPlatformProvider.invokeAllTests(JUnitPlatformProvider.java:148)
	at org.apache.maven.surefire.junitplatform.JUnitPlatformProvider.invoke(JUnitPlatformProvider.java:122)
	at org.apache.maven.surefire.booter.ForkedBooter.runSuitesInProcess(ForkedBooter.java:385)
	at org.apache.maven.surefire.booter.ForkedBooter.execute(ForkedBooter.java:162)
	at org.apache.maven.surefire.booter.ForkedBooter.run(ForkedBooter.java:507)
	at org.apache.maven.surefire.booter.ForkedBooter.main(ForkedBooter.java:495)
Caused by: Exception [EclipseLink-4003] (Eclipse Persistence Services - 2.7.12.v20230209-e5c4074ef3): org.eclipse.persistence.exceptions.DatabaseException
Exception Description: Configuration error.  Class [org.postgresql.Driver] not found.
	at org.eclipse.persistence.exceptions.DatabaseException.configurationErrorClassNotFound(DatabaseException.java:91)
	at org.eclipse.persistence.sessions.DefaultConnector.loadDriverClass(DefaultConnector.java:269)
	at org.eclipse.persistence.sessions.DefaultConnector.connect(DefaultConnector.java:87)
	at org.eclipse.persistence.sessions.DatasourceLogin.connectToDatasource(DatasourceLogin.java:172)
	at org.eclipse.persistence.internal.sessions.DatabaseSessionImpl.setOrDetectDatasource(DatabaseSessionImpl.java:226)
	at org.eclipse.persistence.internal.sessions.DatabaseSessionImpl.loginAndDetectDatasource(DatabaseSessionImpl.java:810)
	at org.eclipse.persistence.internal.jpa.EntityManagerFactoryProvider.login(EntityManagerFactoryProvider.java:261)
	at org.eclipse.persistence.internal.jpa.EntityManagerSetupImpl.deploy(EntityManagerSetupImpl.java:771)
	... 78 more
]]></error>
    <system-out><![CDATA[createTask
[EL Finer]: 2023-12-08 23:53:00.454--Thread(Thread[main,5,main])--fixUNC: before fixing: url = file:/C:/Users/asahi/OneDrive/Documentos/programacion/porfolio-projects/todo-app/todo-master/todomaster/target/classes/, authority = , file = /C:/Users/asahi/OneDrive/Documentos/programacion/porfolio-projects/todo-app/todo-master/todomaster/target/classes/ (There is no English translation for this message.)
[EL Finer]: 2023-12-08 23:53:00.455--Thread(Thread[main,5,main])--fixUNC: after fixing: url = file:/C:/Users/asahi/OneDrive/Documentos/programacion/porfolio-projects/todo-app/todo-master/todomaster/target/classes/, authority = null, file = /C:/Users/asahi/OneDrive/Documentos/programacion/porfolio-projects/todo-app/todo-master/todomaster/target/classes/ (There is no English translation for this message.)
[EL Fine]: moxy: 2023-12-08 23:53:00.465--Thread(Thread[main,5,main])--SAXParserFactory instance: com.sun.org.apache.xerces.internal.jaxp.SAXParserFactoryImpl@4b3a45f1
[EL Finer]: jpa: 2023-12-08 23:53:00.468--Thread(Thread[main,5,main])--JavaSECMPInitializer - predeploying TodoMasterPU.
[EL Finest]: properties: 2023-12-08 23:53:00.476--ServerSession(396918327)--Thread(Thread[main,5,main])--property=eclipselink.logging.parameters; value=true
[EL Fine]: server: 2023-12-08 23:53:00.476--Thread(Thread[main,5,main])--Configured server platform: org.eclipse.persistence.platform.server.NoServerPlatform
[EL Finest]: jpa: 2023-12-08 23:53:00.476--ServerSession(396918327)--Thread(Thread[main,5,main])--Begin predeploying Persistence Unit TodoMasterPU; session /file:/C:/Users/asahi/OneDrive/Documentos/programacion/porfolio-projects/todo-app/todo-master/todomaster/target/classes/_TodoMasterPU; state Initial; factoryCount 0
[EL Finest]: properties: 2023-12-08 23:53:00.477--ServerSession(396918327)--Thread(Thread[main,5,main])--property=eclipselink.orm.throw.exceptions; default value=true
[EL Finest]: properties: 2023-12-08 23:53:00.477--ServerSession(396918327)--Thread(Thread[main,5,main])--property=eclipselink.multitenant.tenants-share-emf; default value=true
[EL Finest]: properties: 2023-12-08 23:53:00.477--ServerSession(396918327)--Thread(Thread[main,5,main])--property=eclipselink.multitenant.tenants-share-cache; default value=false
[EL Finer]: metadata: 2023-12-08 23:53:00.477--Thread(Thread[main,5,main])--Searching for mapping file: [META-INF/orm.xml] at root URL: [file:/C:/Users/asahi/OneDrive/Documentos/programacion/porfolio-projects/todo-app/todo-master/todomaster/target/classes/].
[EL Finer]: metadata: 2023-12-08 23:53:00.484--Thread(Thread[main,5,main])--Searching for mapping file: [META-INF/eclipselink-orm.xml] at root URL: [file:/C:/Users/asahi/OneDrive/Documentos/programacion/porfolio-projects/todo-app/todo-master/todomaster/target/classes/].
[EL Config]: metadata: 2023-12-08 23:53:00.514--ServerSession(396918327)--Thread(Thread[main,5,main])--The access type for the persistent class [class com.draekk.todomaster.models.User] is set to [FIELD].
[EL Config]: metadata: 2023-12-08 23:53:00.521--ServerSession(396918327)--Thread(Thread[main,5,main])--The target entity (reference) class for the one to many mapping element [field tasks] is being defaulted to: class com.draekk.todomaster.models.Task.
[EL Config]: metadata: 2023-12-08 23:53:00.522--ServerSession(396918327)--Thread(Thread[main,5,main])--The access type for the persistent class [class com.draekk.todomaster.models.Task] is set to [FIELD].
[EL Config]: metadata: 2023-12-08 23:53:00.523--ServerSession(396918327)--Thread(Thread[main,5,main])--The target entity (reference) class for the many to one mapping element [field user] is being defaulted to: class com.draekk.todomaster.models.User.
[EL Config]: metadata: 2023-12-08 23:53:00.523--ServerSession(396918327)--Thread(Thread[main,5,main])--The alias name for the entity class [class com.draekk.todomaster.models.User] is being defaulted to: User.
[EL Config]: metadata: 2023-12-08 23:53:00.524--ServerSession(396918327)--Thread(Thread[main,5,main])--The column name for element [lastName] is being defaulted to: LASTNAME.
[EL Config]: metadata: 2023-12-08 23:53:00.524--ServerSession(396918327)--Thread(Thread[main,5,main])--The column name for element [password] is being defaulted to: PASSWORD.
[EL Config]: metadata: 2023-12-08 23:53:00.524--ServerSession(396918327)--Thread(Thread[main,5,main])--The column name for element [name] is being defaulted to: NAME.
[EL Config]: metadata: 2023-12-08 23:53:00.524--ServerSession(396918327)--Thread(Thread[main,5,main])--The column name for element [id] is being defaulted to: ID.
[EL Config]: metadata: 2023-12-08 23:53:00.525--ServerSession(396918327)--Thread(Thread[main,5,main])--The column name for element [email] is being defaulted to: EMAIL.
[EL Config]: metadata: 2023-12-08 23:53:00.525--ServerSession(396918327)--Thread(Thread[main,5,main])--The column name for element [username] is being defaulted to: USERNAME.
[EL Config]: metadata: 2023-12-08 23:53:00.525--ServerSession(396918327)--Thread(Thread[main,5,main])--The alias name for the entity class [class com.draekk.todomaster.models.Task] is being defaulted to: Task.
[EL Config]: metadata: 2023-12-08 23:53:00.525--ServerSession(396918327)--Thread(Thread[main,5,main])--The column name for element [description] is being defaulted to: DESCRIPTION.
[EL Config]: metadata: 2023-12-08 23:53:00.526--ServerSession(396918327)--Thread(Thread[main,5,main])--The column name for element [id] is being defaulted to: ID.
[EL Config]: metadata: 2023-12-08 23:53:00.526--ServerSession(396918327)--Thread(Thread[main,5,main])--The column name for element [isCompleted] is being defaulted to: ISCOMPLETED.
[EL Config]: metadata: 2023-12-08 23:53:00.526--ServerSession(396918327)--Thread(Thread[main,5,main])--The primary key column name for the mapping element [field user] is being defaulted to: ID.
[EL Finest]: jpa: 2023-12-08 23:53:00.527--ServerSession(396918327)--Thread(Thread[main,5,main])--End predeploying Persistence Unit TodoMasterPU; session /file:/C:/Users/asahi/OneDrive/Documentos/programacion/porfolio-projects/todo-app/todo-master/todomaster/target/classes/_TodoMasterPU; state Predeployed; factoryCount 0
[EL Finer]: weaver: 2023-12-08 23:53:00.528--Thread(Thread[main,5,main])--JavaSECMPInitializer - transformer is null.
[EL Finest]: jpa: 2023-12-08 23:53:00.528--ServerSession(396918327)--Thread(Thread[main,5,main])--Begin predeploying Persistence Unit TodoMasterPU; session /file:/C:/Users/asahi/OneDrive/Documentos/programacion/porfolio-projects/todo-app/todo-master/todomaster/target/classes/_TodoMasterPU; state Predeployed; factoryCount 0
[EL Finest]: jpa: 2023-12-08 23:53:00.528--ServerSession(396918327)--Thread(Thread[main,5,main])--End predeploying Persistence Unit TodoMasterPU; session /file:/C:/Users/asahi/OneDrive/Documentos/programacion/porfolio-projects/todo-app/todo-master/todomaster/target/classes/_TodoMasterPU; state Predeployed; factoryCount 1
[EL Finer]: metamodel: 2023-12-08 23:53:00.528--ServerSession(396918327)--Thread(Thread[main,5,main])--Canonical Metamodel class [com.draekk.todomaster.models.Task_] found and instantiated during initialization.
[EL Finer]: metamodel: 2023-12-08 23:53:00.529--ServerSession(396918327)--Thread(Thread[main,5,main])--Canonical Metamodel class [com.draekk.todomaster.models.User_] found and instantiated during initialization.
[EL Finest]: jpa: 2023-12-08 23:53:00.529--ServerSession(396918327)--Thread(Thread[main,5,main])--Begin deploying Persistence Unit TodoMasterPU; session /file:/C:/Users/asahi/OneDrive/Documentos/programacion/porfolio-projects/todo-app/todo-master/todomaster/target/classes/_TodoMasterPU; state Predeployed; factoryCount 1
[EL Finest]: jpa: 2023-12-08 23:53:00.53--ServerSession(396918327)--Thread(Thread[main,5,main])--Bean Validation Factory was not initialized: [javax/validation/Validation].
[EL Finest]: properties: 2023-12-08 23:53:00.53--ServerSession(396918327)--Thread(Thread[main,5,main])--property=eclipselink.logging.level; value=FINEST; translated value=FINEST
[EL Finest]: properties: 2023-12-08 23:53:00.53--ServerSession(396918327)--Thread(Thread[main,5,main])--property=eclipselink.logging.parameters; value=true
[EL Finest]: properties: 2023-12-08 23:53:00.53--ServerSession(396918327)--Thread(Thread[main,5,main])--property=eclipselink.logging.level; value=FINEST; translated value=FINEST
[EL Finest]: properties: 2023-12-08 23:53:00.532--ServerSession(396918327)--Thread(Thread[main,5,main])--property=eclipselink.logging.parameters; value=true
[EL Finest]: properties: 2023-12-08 23:53:00.532--ServerSession(396918327)--Thread(Thread[main,5,main])--property=javax.persistence.jdbc.user; value=postgres
[EL Finest]: properties: 2023-12-08 23:53:00.532--ServerSession(396918327)--Thread(Thread[main,5,main])--property=javax.persistence.jdbc.password; value=xxxxxx
[EL Finest]: properties: 2023-12-08 23:53:00.533--ServerSession(396918327)--Thread(Thread[main,5,main])--property=javax.persistence.jdbc.driver; value=org.postgresql.Driver
[EL Finest]: properties: 2023-12-08 23:53:00.533--ServerSession(396918327)--Thread(Thread[main,5,main])--property=javax.persistence.jdbc.url; value=jdbc:postgresql://monorail.proxy.rlwy.net:32742/railway
[EL Info]: 2023-12-08 23:53:00.534--ServerSession(396918327)--Thread(Thread[main,5,main])--EclipseLink, version: Eclipse Persistence Services - 2.7.12.v20230209-e5c4074ef3
[EL Severe]: ejb: 2023-12-08 23:53:00.534--ServerSession(396918327)--Thread(Thread[main,5,main])--Local Exception Stack: 
Exception [EclipseLink-4003] (Eclipse Persistence Services - 2.7.12.v20230209-e5c4074ef3): org.eclipse.persistence.exceptions.DatabaseException
Exception Description: Configuration error.  Class [org.postgresql.Driver] not found.
	at org.eclipse.persistence.exceptions.DatabaseException.configurationErrorClassNotFound(DatabaseException.java:91)
	at org.eclipse.persistence.sessions.DefaultConnector.loadDriverClass(DefaultConnector.java:269)
	at org.eclipse.persistence.sessions.DefaultConnector.connect(DefaultConnector.java:87)
	at org.eclipse.persistence.sessions.DatasourceLogin.connectToDatasource(DatasourceLogin.java:172)
	at org.eclipse.persistence.internal.sessions.DatabaseSessionImpl.setOrDetectDatasource(DatabaseSessionImpl.java:226)
	at org.eclipse.persistence.internal.sessions.DatabaseSessionImpl.loginAndDetectDatasource(DatabaseSessionImpl.java:810)
	at org.eclipse.persistence.internal.jpa.EntityManagerFactoryProvider.login(EntityManagerFactoryProvider.java:261)
	at org.eclipse.persistence.internal.jpa.EntityManagerSetupImpl.deploy(EntityManagerSetupImpl.java:771)
	at org.eclipse.persistence.internal.jpa.EntityManagerFactoryDelegate.getAbstractSession(EntityManagerFactoryDelegate.java:222)
	at org.eclipse.persistence.internal.jpa.EntityManagerFactoryDelegate.getDatabaseSession(EntityManagerFactoryDelegate.java:200)
	at org.eclipse.persistence.internal.jpa.EntityManagerFactoryImpl.getDatabaseSession(EntityManagerFactoryImpl.java:542)
	at org.eclipse.persistence.jpa.PersistenceProvider.createEntityManagerFactoryImpl(PersistenceProvider.java:153)
	at org.eclipse.persistence.jpa.PersistenceProvider.createEntityManagerFactory(PersistenceProvider.java:191)
	at javax.persistence.Persistence.createEntityManagerFactory(Persistence.java:80)
	at javax.persistence.Persistence.createEntityManagerFactory(Persistence.java:55)
	at com.draekk.todomaster.persistence.UserJpaController.<init>(UserJpaController.java:32)
	at com.draekk.todomaster.persistence.PersistenceController.<init>(PersistenceController.java:11)
	at com.draekk.todomaster.controllers.GeneralController.<init>(GeneralController.java:15)
	at com.draekk.todomaster.controllers.GeneralControllerTest.testCreateTask(GeneralControllerTest.java:88)
	at java.base/jdk.internal.reflect.NativeMethodAccessorImpl.invoke0(Native Method)
	at java.base/jdk.internal.reflect.NativeMethodAccessorImpl.invoke(NativeMethodAccessorImpl.java:77)
	at java.base/jdk.internal.reflect.DelegatingMethodAccessorImpl.invoke(DelegatingMethodAccessorImpl.java:43)
	at java.base/java.lang.reflect.Method.invoke(Method.java:568)
	at org.junit.platform.commons.util.ReflectionUtils.invokeMethod(ReflectionUtils.java:686)
	at org.junit.jupiter.engine.execution.MethodInvocation.proceed(MethodInvocation.java:60)
	at org.junit.jupiter.engine.execution.InvocationInterceptorChain$ValidatingInvocation.proceed(InvocationInterceptorChain.java:131)
	at org.junit.jupiter.engine.extension.TimeoutExtension.intercept(TimeoutExtension.java:149)
	at org.junit.jupiter.engine.extension.TimeoutExtension.interceptTestableMethod(TimeoutExtension.java:140)
	at org.junit.jupiter.engine.extension.TimeoutExtension.interceptTestMethod(TimeoutExtension.java:84)
	at org.junit.jupiter.engine.execution.ExecutableInvoker$ReflectiveInterceptorCall.lambda$ofVoidMethod$0(ExecutableInvoker.java:115)
	at org.junit.jupiter.engine.execution.ExecutableInvoker.lambda$invoke$0(ExecutableInvoker.java:105)
	at org.junit.jupiter.engine.execution.InvocationInterceptorChain$InterceptedInvocation.proceed(InvocationInterceptorChain.java:106)
	at org.junit.jupiter.engine.execution.InvocationInterceptorChain.proceed(InvocationInterceptorChain.java:64)
	at org.junit.jupiter.engine.execution.InvocationInterceptorChain.chainAndInvoke(InvocationInterceptorChain.java:45)
	at org.junit.jupiter.engine.execution.InvocationInterceptorChain.invoke(InvocationInterceptorChain.java:37)
	at org.junit.jupiter.engine.execution.ExecutableInvoker.invoke(ExecutableInvoker.java:104)
	at org.junit.jupiter.engine.execution.ExecutableInvoker.invoke(ExecutableInvoker.java:98)
	at org.junit.jupiter.engine.descriptor.TestMethodTestDescriptor.lambda$invokeTestMethod$6(TestMethodTestDescriptor.java:205)
	at org.junit.platform.engine.support.hierarchical.ThrowableCollector.execute(ThrowableCollector.java:73)
	at org.junit.jupiter.engine.descriptor.TestMethodTestDescriptor.invokeTestMethod(TestMethodTestDescriptor.java:201)
	at org.junit.jupiter.engine.descriptor.TestMethodTestDescriptor.execute(TestMethodTestDescriptor.java:137)
	at org.junit.jupiter.engine.descriptor.TestMethodTestDescriptor.execute(TestMethodTestDescriptor.java:71)
	at org.junit.platform.engine.support.hierarchical.NodeTestTask.lambda$executeRecursively$5(NodeTestTask.java:135)
	at org.junit.platform.engine.support.hierarchical.ThrowableCollector.execute(ThrowableCollector.java:73)
	at org.junit.platform.engine.support.hierarchical.NodeTestTask.lambda$executeRecursively$7(NodeTestTask.java:125)
	at org.junit.platform.engine.support.hierarchical.Node.around(Node.java:135)
	at org.junit.platform.engine.support.hierarchical.NodeTestTask.lambda$executeRecursively$8(NodeTestTask.java:123)
	at org.junit.platform.engine.support.hierarchical.ThrowableCollector.execute(ThrowableCollector.java:73)
	at org.junit.platform.engine.support.hierarchical.NodeTestTask.executeRecursively(NodeTestTask.java:122)
	at org.junit.platform.engine.support.hierarchical.NodeTestTask.execute(NodeTestTask.java:80)
	at java.base/java.util.ArrayList.forEach(ArrayList.java:1511)
	at org.junit.platform.engine.support.hierarchical.SameThreadHierarchicalTestExecutorService.invokeAll(SameThreadHierarchicalTestExecutorService.java:38)
	at org.junit.platform.engine.support.hierarchical.NodeTestTask.lambda$executeRecursively$5(NodeTestTask.java:139)
	at org.junit.platform.engine.support.hierarchical.ThrowableCollector.execute(ThrowableCollector.java:73)
	at org.junit.platform.engine.support.hierarchical.NodeTestTask.lambda$executeRecursively$7(NodeTestTask.java:125)
	at org.junit.platform.engine.support.hierarchical.Node.around(Node.java:135)
	at org.junit.platform.engine.support.hierarchical.NodeTestTask.lambda$executeRecursively$8(NodeTestTask.java:123)
	at org.junit.platform.engine.support.hierarchical.ThrowableCollector.execute(ThrowableCollector.java:73)
	at org.junit.platform.engine.support.hierarchical.NodeTestTask.executeRecursively(NodeTestTask.java:122)
	at org.junit.platform.engine.support.hierarchical.NodeTestTask.execute(NodeTestTask.java:80)
	at java.base/java.util.ArrayList.forEach(ArrayList.java:1511)
	at org.junit.platform.engine.support.hierarchical.SameThreadHierarchicalTestExecutorService.invokeAll(SameThreadHierarchicalTestExecutorService.java:38)
	at org.junit.platform.engine.support.hierarchical.NodeTestTask.lambda$executeRecursively$5(NodeTestTask.java:139)
	at org.junit.platform.engine.support.hierarchical.ThrowableCollector.execute(ThrowableCollector.java:73)
	at org.junit.platform.engine.support.hierarchical.NodeTestTask.lambda$executeRecursively$7(NodeTestTask.java:125)
	at org.junit.platform.engine.support.hierarchical.Node.around(Node.java:135)
	at org.junit.platform.engine.support.hierarchical.NodeTestTask.lambda$executeRecursively$8(NodeTestTask.java:123)
	at org.junit.platform.engine.support.hierarchical.ThrowableCollector.execute(ThrowableCollector.java:73)
	at org.junit.platform.engine.support.hierarchical.NodeTestTask.executeRecursively(NodeTestTask.java:122)
	at org.junit.platform.engine.support.hierarchical.NodeTestTask.execute(NodeTestTask.java:80)
	at org.junit.platform.engine.support.hierarchical.SameThreadHierarchicalTestExecutorService.submit(SameThreadHierarchicalTestExecutorService.java:32)
	at org.junit.platform.engine.support.hierarchical.HierarchicalTestExecutor.execute(HierarchicalTestExecutor.java:57)
	at org.junit.platform.engine.support.hierarchical.HierarchicalTestEngine.execute(HierarchicalTestEngine.java:51)
	at org.junit.platform.launcher.core.DefaultLauncher.execute(DefaultLauncher.java:248)
	at org.junit.platform.launcher.core.DefaultLauncher.lambda$execute$5(DefaultLauncher.java:211)
	at org.junit.platform.launcher.core.DefaultLauncher.withInterceptedStreams(DefaultLauncher.java:226)
	at org.junit.platform.launcher.core.DefaultLauncher.execute(DefaultLauncher.java:199)
	at org.junit.platform.launcher.core.DefaultLauncher.execute(DefaultLauncher.java:132)
	at org.apache.maven.surefire.junitplatform.LazyLauncher.execute(LazyLauncher.java:56)
	at org.apache.maven.surefire.junitplatform.JUnitPlatformProvider.execute(JUnitPlatformProvider.java:184)
	at org.apache.maven.surefire.junitplatform.JUnitPlatformProvider.invokeAllTests(JUnitPlatformProvider.java:148)
	at org.apache.maven.surefire.junitplatform.JUnitPlatformProvider.invoke(JUnitPlatformProvider.java:122)
	at org.apache.maven.surefire.booter.ForkedBooter.runSuitesInProcess(ForkedBooter.java:385)
	at org.apache.maven.surefire.booter.ForkedBooter.execute(ForkedBooter.java:162)
	at org.apache.maven.surefire.booter.ForkedBooter.run(ForkedBooter.java:507)
	at org.apache.maven.surefire.booter.ForkedBooter.main(ForkedBooter.java:495)

[EL Finest]: jpa: 2023-12-08 23:53:00.535--ServerSession(396918327)--Thread(Thread[main,5,main])--End deploying Persistence Unit TodoMasterPU; session /file:/C:/Users/asahi/OneDrive/Documentos/programacion/porfolio-projects/todo-app/todo-master/todomaster/target/classes/_TodoMasterPU; state HalfDeployed; factoryCount 1
[EL Finest]: jpa: 2023-12-08 23:53:00.535--ServerSession(396918327)--Thread(Thread[main,5,main])--Begin undeploying Persistence Unit TodoMasterPU; session /file:/C:/Users/asahi/OneDrive/Documentos/programacion/porfolio-projects/todo-app/todo-master/todomaster/target/classes/_TodoMasterPU; state HalfDeployed; factoryCount 1
[EL Finest]: jpa: 2023-12-08 23:53:00.536--ServerSession(396918327)--Thread(Thread[main,5,main])--End undeploying Persistence Unit TodoMasterPU; session /file:/C:/Users/asahi/OneDrive/Documentos/programacion/porfolio-projects/todo-app/todo-master/todomaster/target/classes/_TodoMasterPU; state Undeployed; factoryCount 0
]]></system-out>
  </testcase>
  <testcase name="testDeleteTask" classname="com.draekk.todomaster.controllers.GeneralControllerTest" time="0.073">
    <error message="Exception [EclipseLink-4003] (Eclipse Persistence Services - 2.7.12.v20230209-e5c4074ef3): org.eclipse.persistence.exceptions.DatabaseException&#10;Exception Description: Configuration error.  Class [org.postgresql.Driver] not found." type="javax.persistence.PersistenceException"><![CDATA[javax.persistence.PersistenceException: 
Exception [EclipseLink-4003] (Eclipse Persistence Services - 2.7.12.v20230209-e5c4074ef3): org.eclipse.persistence.exceptions.DatabaseException
Exception Description: Configuration error.  Class [org.postgresql.Driver] not found.
	at org.eclipse.persistence.internal.jpa.EntityManagerSetupImpl.deploy(EntityManagerSetupImpl.java:854)
	at org.eclipse.persistence.internal.jpa.EntityManagerFactoryDelegate.getAbstractSession(EntityManagerFactoryDelegate.java:222)
	at org.eclipse.persistence.internal.jpa.EntityManagerFactoryDelegate.getDatabaseSession(EntityManagerFactoryDelegate.java:200)
	at org.eclipse.persistence.internal.jpa.EntityManagerFactoryImpl.getDatabaseSession(EntityManagerFactoryImpl.java:542)
	at org.eclipse.persistence.jpa.PersistenceProvider.createEntityManagerFactoryImpl(PersistenceProvider.java:153)
	at org.eclipse.persistence.jpa.PersistenceProvider.createEntityManagerFactory(PersistenceProvider.java:191)
	at javax.persistence.Persistence.createEntityManagerFactory(Persistence.java:80)
	at javax.persistence.Persistence.createEntityManagerFactory(Persistence.java:55)
	at com.draekk.todomaster.persistence.UserJpaController.<init>(UserJpaController.java:32)
	at com.draekk.todomaster.persistence.PersistenceController.<init>(PersistenceController.java:11)
	at com.draekk.todomaster.controllers.GeneralController.<init>(GeneralController.java:15)
	at com.draekk.todomaster.controllers.GeneralControllerTest.testDeleteTask(GeneralControllerTest.java:132)
	at java.base/jdk.internal.reflect.NativeMethodAccessorImpl.invoke0(Native Method)
	at java.base/jdk.internal.reflect.NativeMethodAccessorImpl.invoke(NativeMethodAccessorImpl.java:77)
	at java.base/jdk.internal.reflect.DelegatingMethodAccessorImpl.invoke(DelegatingMethodAccessorImpl.java:43)
	at java.base/java.lang.reflect.Method.invoke(Method.java:568)
	at org.junit.platform.commons.util.ReflectionUtils.invokeMethod(ReflectionUtils.java:686)
	at org.junit.jupiter.engine.execution.MethodInvocation.proceed(MethodInvocation.java:60)
	at org.junit.jupiter.engine.execution.InvocationInterceptorChain$ValidatingInvocation.proceed(InvocationInterceptorChain.java:131)
	at org.junit.jupiter.engine.extension.TimeoutExtension.intercept(TimeoutExtension.java:149)
	at org.junit.jupiter.engine.extension.TimeoutExtension.interceptTestableMethod(TimeoutExtension.java:140)
	at org.junit.jupiter.engine.extension.TimeoutExtension.interceptTestMethod(TimeoutExtension.java:84)
	at org.junit.jupiter.engine.execution.ExecutableInvoker$ReflectiveInterceptorCall.lambda$ofVoidMethod$0(ExecutableInvoker.java:115)
	at org.junit.jupiter.engine.execution.ExecutableInvoker.lambda$invoke$0(ExecutableInvoker.java:105)
	at org.junit.jupiter.engine.execution.InvocationInterceptorChain$InterceptedInvocation.proceed(InvocationInterceptorChain.java:106)
	at org.junit.jupiter.engine.execution.InvocationInterceptorChain.proceed(InvocationInterceptorChain.java:64)
	at org.junit.jupiter.engine.execution.InvocationInterceptorChain.chainAndInvoke(InvocationInterceptorChain.java:45)
	at org.junit.jupiter.engine.execution.InvocationInterceptorChain.invoke(InvocationInterceptorChain.java:37)
	at org.junit.jupiter.engine.execution.ExecutableInvoker.invoke(ExecutableInvoker.java:104)
	at org.junit.jupiter.engine.execution.ExecutableInvoker.invoke(ExecutableInvoker.java:98)
	at org.junit.jupiter.engine.descriptor.TestMethodTestDescriptor.lambda$invokeTestMethod$6(TestMethodTestDescriptor.java:205)
	at org.junit.platform.engine.support.hierarchical.ThrowableCollector.execute(ThrowableCollector.java:73)
	at org.junit.jupiter.engine.descriptor.TestMethodTestDescriptor.invokeTestMethod(TestMethodTestDescriptor.java:201)
	at org.junit.jupiter.engine.descriptor.TestMethodTestDescriptor.execute(TestMethodTestDescriptor.java:137)
	at org.junit.jupiter.engine.descriptor.TestMethodTestDescriptor.execute(TestMethodTestDescriptor.java:71)
	at org.junit.platform.engine.support.hierarchical.NodeTestTask.lambda$executeRecursively$5(NodeTestTask.java:135)
	at org.junit.platform.engine.support.hierarchical.ThrowableCollector.execute(ThrowableCollector.java:73)
	at org.junit.platform.engine.support.hierarchical.NodeTestTask.lambda$executeRecursively$7(NodeTestTask.java:125)
	at org.junit.platform.engine.support.hierarchical.Node.around(Node.java:135)
	at org.junit.platform.engine.support.hierarchical.NodeTestTask.lambda$executeRecursively$8(NodeTestTask.java:123)
	at org.junit.platform.engine.support.hierarchical.ThrowableCollector.execute(ThrowableCollector.java:73)
	at org.junit.platform.engine.support.hierarchical.NodeTestTask.executeRecursively(NodeTestTask.java:122)
	at org.junit.platform.engine.support.hierarchical.NodeTestTask.execute(NodeTestTask.java:80)
	at java.base/java.util.ArrayList.forEach(ArrayList.java:1511)
	at org.junit.platform.engine.support.hierarchical.SameThreadHierarchicalTestExecutorService.invokeAll(SameThreadHierarchicalTestExecutorService.java:38)
	at org.junit.platform.engine.support.hierarchical.NodeTestTask.lambda$executeRecursively$5(NodeTestTask.java:139)
	at org.junit.platform.engine.support.hierarchical.ThrowableCollector.execute(ThrowableCollector.java:73)
	at org.junit.platform.engine.support.hierarchical.NodeTestTask.lambda$executeRecursively$7(NodeTestTask.java:125)
	at org.junit.platform.engine.support.hierarchical.Node.around(Node.java:135)
	at org.junit.platform.engine.support.hierarchical.NodeTestTask.lambda$executeRecursively$8(NodeTestTask.java:123)
	at org.junit.platform.engine.support.hierarchical.ThrowableCollector.execute(ThrowableCollector.java:73)
	at org.junit.platform.engine.support.hierarchical.NodeTestTask.executeRecursively(NodeTestTask.java:122)
	at org.junit.platform.engine.support.hierarchical.NodeTestTask.execute(NodeTestTask.java:80)
	at java.base/java.util.ArrayList.forEach(ArrayList.java:1511)
	at org.junit.platform.engine.support.hierarchical.SameThreadHierarchicalTestExecutorService.invokeAll(SameThreadHierarchicalTestExecutorService.java:38)
	at org.junit.platform.engine.support.hierarchical.NodeTestTask.lambda$executeRecursively$5(NodeTestTask.java:139)
	at org.junit.platform.engine.support.hierarchical.ThrowableCollector.execute(ThrowableCollector.java:73)
	at org.junit.platform.engine.support.hierarchical.NodeTestTask.lambda$executeRecursively$7(NodeTestTask.java:125)
	at org.junit.platform.engine.support.hierarchical.Node.around(Node.java:135)
	at org.junit.platform.engine.support.hierarchical.NodeTestTask.lambda$executeRecursively$8(NodeTestTask.java:123)
	at org.junit.platform.engine.support.hierarchical.ThrowableCollector.execute(ThrowableCollector.java:73)
	at org.junit.platform.engine.support.hierarchical.NodeTestTask.executeRecursively(NodeTestTask.java:122)
	at org.junit.platform.engine.support.hierarchical.NodeTestTask.execute(NodeTestTask.java:80)
	at org.junit.platform.engine.support.hierarchical.SameThreadHierarchicalTestExecutorService.submit(SameThreadHierarchicalTestExecutorService.java:32)
	at org.junit.platform.engine.support.hierarchical.HierarchicalTestExecutor.execute(HierarchicalTestExecutor.java:57)
	at org.junit.platform.engine.support.hierarchical.HierarchicalTestEngine.execute(HierarchicalTestEngine.java:51)
	at org.junit.platform.launcher.core.DefaultLauncher.execute(DefaultLauncher.java:248)
	at org.junit.platform.launcher.core.DefaultLauncher.lambda$execute$5(DefaultLauncher.java:211)
	at org.junit.platform.launcher.core.DefaultLauncher.withInterceptedStreams(DefaultLauncher.java:226)
	at org.junit.platform.launcher.core.DefaultLauncher.execute(DefaultLauncher.java:199)
	at org.junit.platform.launcher.core.DefaultLauncher.execute(DefaultLauncher.java:132)
	at org.apache.maven.surefire.junitplatform.LazyLauncher.execute(LazyLauncher.java:56)
	at org.apache.maven.surefire.junitplatform.JUnitPlatformProvider.execute(JUnitPlatformProvider.java:184)
	at org.apache.maven.surefire.junitplatform.JUnitPlatformProvider.invokeAllTests(JUnitPlatformProvider.java:148)
	at org.apache.maven.surefire.junitplatform.JUnitPlatformProvider.invoke(JUnitPlatformProvider.java:122)
	at org.apache.maven.surefire.booter.ForkedBooter.runSuitesInProcess(ForkedBooter.java:385)
	at org.apache.maven.surefire.booter.ForkedBooter.execute(ForkedBooter.java:162)
	at org.apache.maven.surefire.booter.ForkedBooter.run(ForkedBooter.java:507)
	at org.apache.maven.surefire.booter.ForkedBooter.main(ForkedBooter.java:495)
Caused by: Exception [EclipseLink-4003] (Eclipse Persistence Services - 2.7.12.v20230209-e5c4074ef3): org.eclipse.persistence.exceptions.DatabaseException
Exception Description: Configuration error.  Class [org.postgresql.Driver] not found.
	at org.eclipse.persistence.exceptions.DatabaseException.configurationErrorClassNotFound(DatabaseException.java:91)
	at org.eclipse.persistence.sessions.DefaultConnector.loadDriverClass(DefaultConnector.java:269)
	at org.eclipse.persistence.sessions.DefaultConnector.connect(DefaultConnector.java:87)
	at org.eclipse.persistence.sessions.DatasourceLogin.connectToDatasource(DatasourceLogin.java:172)
	at org.eclipse.persistence.internal.sessions.DatabaseSessionImpl.setOrDetectDatasource(DatabaseSessionImpl.java:226)
	at org.eclipse.persistence.internal.sessions.DatabaseSessionImpl.loginAndDetectDatasource(DatabaseSessionImpl.java:810)
	at org.eclipse.persistence.internal.jpa.EntityManagerFactoryProvider.login(EntityManagerFactoryProvider.java:261)
	at org.eclipse.persistence.internal.jpa.EntityManagerSetupImpl.deploy(EntityManagerSetupImpl.java:771)
	... 78 more
]]></error>
    <system-out><![CDATA[deleteTask
[EL Finer]: 2023-12-08 23:53:00.543--Thread(Thread[main,5,main])--fixUNC: before fixing: url = file:/C:/Users/asahi/OneDrive/Documentos/programacion/porfolio-projects/todo-app/todo-master/todomaster/target/classes/, authority = , file = /C:/Users/asahi/OneDrive/Documentos/programacion/porfolio-projects/todo-app/todo-master/todomaster/target/classes/ (There is no English translation for this message.)
[EL Finer]: 2023-12-08 23:53:00.543--Thread(Thread[main,5,main])--fixUNC: after fixing: url = file:/C:/Users/asahi/OneDrive/Documentos/programacion/porfolio-projects/todo-app/todo-master/todomaster/target/classes/, authority = null, file = /C:/Users/asahi/OneDrive/Documentos/programacion/porfolio-projects/todo-app/todo-master/todomaster/target/classes/ (There is no English translation for this message.)
[EL Fine]: moxy: 2023-12-08 23:53:00.552--Thread(Thread[main,5,main])--SAXParserFactory instance: com.sun.org.apache.xerces.internal.jaxp.SAXParserFactoryImpl@1021f6c9
[EL Finer]: jpa: 2023-12-08 23:53:00.555--Thread(Thread[main,5,main])--JavaSECMPInitializer - predeploying TodoMasterPU.
[EL Finest]: properties: 2023-12-08 23:53:00.562--ServerSession(1964434661)--Thread(Thread[main,5,main])--property=eclipselink.logging.parameters; value=true
[EL Fine]: server: 2023-12-08 23:53:00.562--Thread(Thread[main,5,main])--Configured server platform: org.eclipse.persistence.platform.server.NoServerPlatform
[EL Finest]: jpa: 2023-12-08 23:53:00.562--ServerSession(1964434661)--Thread(Thread[main,5,main])--Begin predeploying Persistence Unit TodoMasterPU; session /file:/C:/Users/asahi/OneDrive/Documentos/programacion/porfolio-projects/todo-app/todo-master/todomaster/target/classes/_TodoMasterPU; state Initial; factoryCount 0
[EL Finest]: properties: 2023-12-08 23:53:00.563--ServerSession(1964434661)--Thread(Thread[main,5,main])--property=eclipselink.orm.throw.exceptions; default value=true
[EL Finest]: properties: 2023-12-08 23:53:00.563--ServerSession(1964434661)--Thread(Thread[main,5,main])--property=eclipselink.multitenant.tenants-share-emf; default value=true
[EL Finest]: properties: 2023-12-08 23:53:00.563--ServerSession(1964434661)--Thread(Thread[main,5,main])--property=eclipselink.multitenant.tenants-share-cache; default value=false
[EL Finer]: metadata: 2023-12-08 23:53:00.563--Thread(Thread[main,5,main])--Searching for mapping file: [META-INF/orm.xml] at root URL: [file:/C:/Users/asahi/OneDrive/Documentos/programacion/porfolio-projects/todo-app/todo-master/todomaster/target/classes/].
[EL Finer]: metadata: 2023-12-08 23:53:00.568--Thread(Thread[main,5,main])--Searching for mapping file: [META-INF/eclipselink-orm.xml] at root URL: [file:/C:/Users/asahi/OneDrive/Documentos/programacion/porfolio-projects/todo-app/todo-master/todomaster/target/classes/].
[EL Config]: metadata: 2023-12-08 23:53:00.597--ServerSession(1964434661)--Thread(Thread[main,5,main])--The access type for the persistent class [class com.draekk.todomaster.models.User] is set to [FIELD].
[EL Config]: metadata: 2023-12-08 23:53:00.598--ServerSession(1964434661)--Thread(Thread[main,5,main])--The target entity (reference) class for the one to many mapping element [field tasks] is being defaulted to: class com.draekk.todomaster.models.Task.
[EL Config]: metadata: 2023-12-08 23:53:00.599--ServerSession(1964434661)--Thread(Thread[main,5,main])--The access type for the persistent class [class com.draekk.todomaster.models.Task] is set to [FIELD].
[EL Config]: metadata: 2023-12-08 23:53:00.6--ServerSession(1964434661)--Thread(Thread[main,5,main])--The target entity (reference) class for the many to one mapping element [field user] is being defaulted to: class com.draekk.todomaster.models.User.
[EL Config]: metadata: 2023-12-08 23:53:00.6--ServerSession(1964434661)--Thread(Thread[main,5,main])--The alias name for the entity class [class com.draekk.todomaster.models.User] is being defaulted to: User.
[EL Config]: metadata: 2023-12-08 23:53:00.6--ServerSession(1964434661)--Thread(Thread[main,5,main])--The column name for element [lastName] is being defaulted to: LASTNAME.
[EL Config]: metadata: 2023-12-08 23:53:00.6--ServerSession(1964434661)--Thread(Thread[main,5,main])--The column name for element [password] is being defaulted to: PASSWORD.
[EL Config]: metadata: 2023-12-08 23:53:00.6--ServerSession(1964434661)--Thread(Thread[main,5,main])--The column name for element [name] is being defaulted to: NAME.
[EL Config]: metadata: 2023-12-08 23:53:00.601--ServerSession(1964434661)--Thread(Thread[main,5,main])--The column name for element [id] is being defaulted to: ID.
[EL Config]: metadata: 2023-12-08 23:53:00.601--ServerSession(1964434661)--Thread(Thread[main,5,main])--The column name for element [email] is being defaulted to: EMAIL.
[EL Config]: metadata: 2023-12-08 23:53:00.601--ServerSession(1964434661)--Thread(Thread[main,5,main])--The column name for element [username] is being defaulted to: USERNAME.
[EL Config]: metadata: 2023-12-08 23:53:00.601--ServerSession(1964434661)--Thread(Thread[main,5,main])--The alias name for the entity class [class com.draekk.todomaster.models.Task] is being defaulted to: Task.
[EL Config]: metadata: 2023-12-08 23:53:00.601--ServerSession(1964434661)--Thread(Thread[main,5,main])--The column name for element [description] is being defaulted to: DESCRIPTION.
[EL Config]: metadata: 2023-12-08 23:53:00.601--ServerSession(1964434661)--Thread(Thread[main,5,main])--The column name for element [id] is being defaulted to: ID.
[EL Config]: metadata: 2023-12-08 23:53:00.602--ServerSession(1964434661)--Thread(Thread[main,5,main])--The column name for element [isCompleted] is being defaulted to: ISCOMPLETED.
[EL Config]: metadata: 2023-12-08 23:53:00.602--ServerSession(1964434661)--Thread(Thread[main,5,main])--The primary key column name for the mapping element [field user] is being defaulted to: ID.
[EL Finest]: jpa: 2023-12-08 23:53:00.602--ServerSession(1964434661)--Thread(Thread[main,5,main])--End predeploying Persistence Unit TodoMasterPU; session /file:/C:/Users/asahi/OneDrive/Documentos/programacion/porfolio-projects/todo-app/todo-master/todomaster/target/classes/_TodoMasterPU; state Predeployed; factoryCount 0
[EL Finer]: weaver: 2023-12-08 23:53:00.602--Thread(Thread[main,5,main])--JavaSECMPInitializer - transformer is null.
[EL Finest]: jpa: 2023-12-08 23:53:00.602--ServerSession(1964434661)--Thread(Thread[main,5,main])--Begin predeploying Persistence Unit TodoMasterPU; session /file:/C:/Users/asahi/OneDrive/Documentos/programacion/porfolio-projects/todo-app/todo-master/todomaster/target/classes/_TodoMasterPU; state Predeployed; factoryCount 0
[EL Finest]: jpa: 2023-12-08 23:53:00.603--ServerSession(1964434661)--Thread(Thread[main,5,main])--End predeploying Persistence Unit TodoMasterPU; session /file:/C:/Users/asahi/OneDrive/Documentos/programacion/porfolio-projects/todo-app/todo-master/todomaster/target/classes/_TodoMasterPU; state Predeployed; factoryCount 1
[EL Finer]: metamodel: 2023-12-08 23:53:00.603--ServerSession(1964434661)--Thread(Thread[main,5,main])--Canonical Metamodel class [com.draekk.todomaster.models.Task_] found and instantiated during initialization.
[EL Finer]: metamodel: 2023-12-08 23:53:00.603--ServerSession(1964434661)--Thread(Thread[main,5,main])--Canonical Metamodel class [com.draekk.todomaster.models.User_] found and instantiated during initialization.
[EL Finest]: jpa: 2023-12-08 23:53:00.603--ServerSession(1964434661)--Thread(Thread[main,5,main])--Begin deploying Persistence Unit TodoMasterPU; session /file:/C:/Users/asahi/OneDrive/Documentos/programacion/porfolio-projects/todo-app/todo-master/todomaster/target/classes/_TodoMasterPU; state Predeployed; factoryCount 1
[EL Finest]: jpa: 2023-12-08 23:53:00.604--ServerSession(1964434661)--Thread(Thread[main,5,main])--Bean Validation Factory was not initialized: [javax/validation/Validation].
[EL Finest]: properties: 2023-12-08 23:53:00.604--ServerSession(1964434661)--Thread(Thread[main,5,main])--property=eclipselink.logging.level; value=FINEST; translated value=FINEST
[EL Finest]: properties: 2023-12-08 23:53:00.604--ServerSession(1964434661)--Thread(Thread[main,5,main])--property=eclipselink.logging.parameters; value=true
[EL Finest]: properties: 2023-12-08 23:53:00.604--ServerSession(1964434661)--Thread(Thread[main,5,main])--property=eclipselink.logging.level; value=FINEST; translated value=FINEST
[EL Finest]: properties: 2023-12-08 23:53:00.605--ServerSession(1964434661)--Thread(Thread[main,5,main])--property=eclipselink.logging.parameters; value=true
[EL Finest]: properties: 2023-12-08 23:53:00.605--ServerSession(1964434661)--Thread(Thread[main,5,main])--property=javax.persistence.jdbc.user; value=postgres
[EL Finest]: properties: 2023-12-08 23:53:00.605--ServerSession(1964434661)--Thread(Thread[main,5,main])--property=javax.persistence.jdbc.password; value=xxxxxx
[EL Finest]: properties: 2023-12-08 23:53:00.606--ServerSession(1964434661)--Thread(Thread[main,5,main])--property=javax.persistence.jdbc.driver; value=org.postgresql.Driver
[EL Finest]: properties: 2023-12-08 23:53:00.607--ServerSession(1964434661)--Thread(Thread[main,5,main])--property=javax.persistence.jdbc.url; value=jdbc:postgresql://monorail.proxy.rlwy.net:32742/railway
[EL Info]: 2023-12-08 23:53:00.607--ServerSession(1964434661)--Thread(Thread[main,5,main])--EclipseLink, version: Eclipse Persistence Services - 2.7.12.v20230209-e5c4074ef3
[EL Severe]: ejb: 2023-12-08 23:53:00.608--ServerSession(1964434661)--Thread(Thread[main,5,main])--Local Exception Stack: 
Exception [EclipseLink-4003] (Eclipse Persistence Services - 2.7.12.v20230209-e5c4074ef3): org.eclipse.persistence.exceptions.DatabaseException
Exception Description: Configuration error.  Class [org.postgresql.Driver] not found.
	at org.eclipse.persistence.exceptions.DatabaseException.configurationErrorClassNotFound(DatabaseException.java:91)
	at org.eclipse.persistence.sessions.DefaultConnector.loadDriverClass(DefaultConnector.java:269)
	at org.eclipse.persistence.sessions.DefaultConnector.connect(DefaultConnector.java:87)
	at org.eclipse.persistence.sessions.DatasourceLogin.connectToDatasource(DatasourceLogin.java:172)
	at org.eclipse.persistence.internal.sessions.DatabaseSessionImpl.setOrDetectDatasource(DatabaseSessionImpl.java:226)
	at org.eclipse.persistence.internal.sessions.DatabaseSessionImpl.loginAndDetectDatasource(DatabaseSessionImpl.java:810)
	at org.eclipse.persistence.internal.jpa.EntityManagerFactoryProvider.login(EntityManagerFactoryProvider.java:261)
	at org.eclipse.persistence.internal.jpa.EntityManagerSetupImpl.deploy(EntityManagerSetupImpl.java:771)
	at org.eclipse.persistence.internal.jpa.EntityManagerFactoryDelegate.getAbstractSession(EntityManagerFactoryDelegate.java:222)
	at org.eclipse.persistence.internal.jpa.EntityManagerFactoryDelegate.getDatabaseSession(EntityManagerFactoryDelegate.java:200)
	at org.eclipse.persistence.internal.jpa.EntityManagerFactoryImpl.getDatabaseSession(EntityManagerFactoryImpl.java:542)
	at org.eclipse.persistence.jpa.PersistenceProvider.createEntityManagerFactoryImpl(PersistenceProvider.java:153)
	at org.eclipse.persistence.jpa.PersistenceProvider.createEntityManagerFactory(PersistenceProvider.java:191)
	at javax.persistence.Persistence.createEntityManagerFactory(Persistence.java:80)
	at javax.persistence.Persistence.createEntityManagerFactory(Persistence.java:55)
	at com.draekk.todomaster.persistence.UserJpaController.<init>(UserJpaController.java:32)
	at com.draekk.todomaster.persistence.PersistenceController.<init>(PersistenceController.java:11)
	at com.draekk.todomaster.controllers.GeneralController.<init>(GeneralController.java:15)
	at com.draekk.todomaster.controllers.GeneralControllerTest.testDeleteTask(GeneralControllerTest.java:132)
	at java.base/jdk.internal.reflect.NativeMethodAccessorImpl.invoke0(Native Method)
	at java.base/jdk.internal.reflect.NativeMethodAccessorImpl.invoke(NativeMethodAccessorImpl.java:77)
	at java.base/jdk.internal.reflect.DelegatingMethodAccessorImpl.invoke(DelegatingMethodAccessorImpl.java:43)
	at java.base/java.lang.reflect.Method.invoke(Method.java:568)
	at org.junit.platform.commons.util.ReflectionUtils.invokeMethod(ReflectionUtils.java:686)
	at org.junit.jupiter.engine.execution.MethodInvocation.proceed(MethodInvocation.java:60)
	at org.junit.jupiter.engine.execution.InvocationInterceptorChain$ValidatingInvocation.proceed(InvocationInterceptorChain.java:131)
	at org.junit.jupiter.engine.extension.TimeoutExtension.intercept(TimeoutExtension.java:149)
	at org.junit.jupiter.engine.extension.TimeoutExtension.interceptTestableMethod(TimeoutExtension.java:140)
	at org.junit.jupiter.engine.extension.TimeoutExtension.interceptTestMethod(TimeoutExtension.java:84)
	at org.junit.jupiter.engine.execution.ExecutableInvoker$ReflectiveInterceptorCall.lambda$ofVoidMethod$0(ExecutableInvoker.java:115)
	at org.junit.jupiter.engine.execution.ExecutableInvoker.lambda$invoke$0(ExecutableInvoker.java:105)
	at org.junit.jupiter.engine.execution.InvocationInterceptorChain$InterceptedInvocation.proceed(InvocationInterceptorChain.java:106)
	at org.junit.jupiter.engine.execution.InvocationInterceptorChain.proceed(InvocationInterceptorChain.java:64)
	at org.junit.jupiter.engine.execution.InvocationInterceptorChain.chainAndInvoke(InvocationInterceptorChain.java:45)
	at org.junit.jupiter.engine.execution.InvocationInterceptorChain.invoke(InvocationInterceptorChain.java:37)
	at org.junit.jupiter.engine.execution.ExecutableInvoker.invoke(ExecutableInvoker.java:104)
	at org.junit.jupiter.engine.execution.ExecutableInvoker.invoke(ExecutableInvoker.java:98)
	at org.junit.jupiter.engine.descriptor.TestMethodTestDescriptor.lambda$invokeTestMethod$6(TestMethodTestDescriptor.java:205)
	at org.junit.platform.engine.support.hierarchical.ThrowableCollector.execute(ThrowableCollector.java:73)
	at org.junit.jupiter.engine.descriptor.TestMethodTestDescriptor.invokeTestMethod(TestMethodTestDescriptor.java:201)
	at org.junit.jupiter.engine.descriptor.TestMethodTestDescriptor.execute(TestMethodTestDescriptor.java:137)
	at org.junit.jupiter.engine.descriptor.TestMethodTestDescriptor.execute(TestMethodTestDescriptor.java:71)
	at org.junit.platform.engine.support.hierarchical.NodeTestTask.lambda$executeRecursively$5(NodeTestTask.java:135)
	at org.junit.platform.engine.support.hierarchical.ThrowableCollector.execute(ThrowableCollector.java:73)
	at org.junit.platform.engine.support.hierarchical.NodeTestTask.lambda$executeRecursively$7(NodeTestTask.java:125)
	at org.junit.platform.engine.support.hierarchical.Node.around(Node.java:135)
	at org.junit.platform.engine.support.hierarchical.NodeTestTask.lambda$executeRecursively$8(NodeTestTask.java:123)
	at org.junit.platform.engine.support.hierarchical.ThrowableCollector.execute(ThrowableCollector.java:73)
	at org.junit.platform.engine.support.hierarchical.NodeTestTask.executeRecursively(NodeTestTask.java:122)
	at org.junit.platform.engine.support.hierarchical.NodeTestTask.execute(NodeTestTask.java:80)
	at java.base/java.util.ArrayList.forEach(ArrayList.java:1511)
	at org.junit.platform.engine.support.hierarchical.SameThreadHierarchicalTestExecutorService.invokeAll(SameThreadHierarchicalTestExecutorService.java:38)
	at org.junit.platform.engine.support.hierarchical.NodeTestTask.lambda$executeRecursively$5(NodeTestTask.java:139)
	at org.junit.platform.engine.support.hierarchical.ThrowableCollector.execute(ThrowableCollector.java:73)
	at org.junit.platform.engine.support.hierarchical.NodeTestTask.lambda$executeRecursively$7(NodeTestTask.java:125)
	at org.junit.platform.engine.support.hierarchical.Node.around(Node.java:135)
	at org.junit.platform.engine.support.hierarchical.NodeTestTask.lambda$executeRecursively$8(NodeTestTask.java:123)
	at org.junit.platform.engine.support.hierarchical.ThrowableCollector.execute(ThrowableCollector.java:73)
	at org.junit.platform.engine.support.hierarchical.NodeTestTask.executeRecursively(NodeTestTask.java:122)
	at org.junit.platform.engine.support.hierarchical.NodeTestTask.execute(NodeTestTask.java:80)
	at java.base/java.util.ArrayList.forEach(ArrayList.java:1511)
	at org.junit.platform.engine.support.hierarchical.SameThreadHierarchicalTestExecutorService.invokeAll(SameThreadHierarchicalTestExecutorService.java:38)
	at org.junit.platform.engine.support.hierarchical.NodeTestTask.lambda$executeRecursively$5(NodeTestTask.java:139)
	at org.junit.platform.engine.support.hierarchical.ThrowableCollector.execute(ThrowableCollector.java:73)
	at org.junit.platform.engine.support.hierarchical.NodeTestTask.lambda$executeRecursively$7(NodeTestTask.java:125)
	at org.junit.platform.engine.support.hierarchical.Node.around(Node.java:135)
	at org.junit.platform.engine.support.hierarchical.NodeTestTask.lambda$executeRecursively$8(NodeTestTask.java:123)
	at org.junit.platform.engine.support.hierarchical.ThrowableCollector.execute(ThrowableCollector.java:73)
	at org.junit.platform.engine.support.hierarchical.NodeTestTask.executeRecursively(NodeTestTask.java:122)
	at org.junit.platform.engine.support.hierarchical.NodeTestTask.execute(NodeTestTask.java:80)
	at org.junit.platform.engine.support.hierarchical.SameThreadHierarchicalTestExecutorService.submit(SameThreadHierarchicalTestExecutorService.java:32)
	at org.junit.platform.engine.support.hierarchical.HierarchicalTestExecutor.execute(HierarchicalTestExecutor.java:57)
	at org.junit.platform.engine.support.hierarchical.HierarchicalTestEngine.execute(HierarchicalTestEngine.java:51)
	at org.junit.platform.launcher.core.DefaultLauncher.execute(DefaultLauncher.java:248)
	at org.junit.platform.launcher.core.DefaultLauncher.lambda$execute$5(DefaultLauncher.java:211)
	at org.junit.platform.launcher.core.DefaultLauncher.withInterceptedStreams(DefaultLauncher.java:226)
	at org.junit.platform.launcher.core.DefaultLauncher.execute(DefaultLauncher.java:199)
	at org.junit.platform.launcher.core.DefaultLauncher.execute(DefaultLauncher.java:132)
	at org.apache.maven.surefire.junitplatform.LazyLauncher.execute(LazyLauncher.java:56)
	at org.apache.maven.surefire.junitplatform.JUnitPlatformProvider.execute(JUnitPlatformProvider.java:184)
	at org.apache.maven.surefire.junitplatform.JUnitPlatformProvider.invokeAllTests(JUnitPlatformProvider.java:148)
	at org.apache.maven.surefire.junitplatform.JUnitPlatformProvider.invoke(JUnitPlatformProvider.java:122)
	at org.apache.maven.surefire.booter.ForkedBooter.runSuitesInProcess(ForkedBooter.java:385)
	at org.apache.maven.surefire.booter.ForkedBooter.execute(ForkedBooter.java:162)
	at org.apache.maven.surefire.booter.ForkedBooter.run(ForkedBooter.java:507)
	at org.apache.maven.surefire.booter.ForkedBooter.main(ForkedBooter.java:495)

[EL Finest]: jpa: 2023-12-08 23:53:00.609--ServerSession(1964434661)--Thread(Thread[main,5,main])--End deploying Persistence Unit TodoMasterPU; session /file:/C:/Users/asahi/OneDrive/Documentos/programacion/porfolio-projects/todo-app/todo-master/todomaster/target/classes/_TodoMasterPU; state HalfDeployed; factoryCount 1
[EL Finest]: jpa: 2023-12-08 23:53:00.609--ServerSession(1964434661)--Thread(Thread[main,5,main])--Begin undeploying Persistence Unit TodoMasterPU; session /file:/C:/Users/asahi/OneDrive/Documentos/programacion/porfolio-projects/todo-app/todo-master/todomaster/target/classes/_TodoMasterPU; state HalfDeployed; factoryCount 1
[EL Finest]: jpa: 2023-12-08 23:53:00.61--ServerSession(1964434661)--Thread(Thread[main,5,main])--End undeploying Persistence Unit TodoMasterPU; session /file:/C:/Users/asahi/OneDrive/Documentos/programacion/porfolio-projects/todo-app/todo-master/todomaster/target/classes/_TodoMasterPU; state Undeployed; factoryCount 0
]]></system-out>
  </testcase>
  <testcase name="testGetUserList" classname="com.draekk.todomaster.controllers.GeneralControllerTest" time="0.069">
    <error message="Exception [EclipseLink-4003] (Eclipse Persistence Services - 2.7.12.v20230209-e5c4074ef3): org.eclipse.persistence.exceptions.DatabaseException&#10;Exception Description: Configuration error.  Class [org.postgresql.Driver] not found." type="javax.persistence.PersistenceException"><![CDATA[javax.persistence.PersistenceException: 
Exception [EclipseLink-4003] (Eclipse Persistence Services - 2.7.12.v20230209-e5c4074ef3): org.eclipse.persistence.exceptions.DatabaseException
Exception Description: Configuration error.  Class [org.postgresql.Driver] not found.
	at org.eclipse.persistence.internal.jpa.EntityManagerSetupImpl.deploy(EntityManagerSetupImpl.java:854)
	at org.eclipse.persistence.internal.jpa.EntityManagerFactoryDelegate.getAbstractSession(EntityManagerFactoryDelegate.java:222)
	at org.eclipse.persistence.internal.jpa.EntityManagerFactoryDelegate.getDatabaseSession(EntityManagerFactoryDelegate.java:200)
	at org.eclipse.persistence.internal.jpa.EntityManagerFactoryImpl.getDatabaseSession(EntityManagerFactoryImpl.java:542)
	at org.eclipse.persistence.jpa.PersistenceProvider.createEntityManagerFactoryImpl(PersistenceProvider.java:153)
	at org.eclipse.persistence.jpa.PersistenceProvider.createEntityManagerFactory(PersistenceProvider.java:191)
	at javax.persistence.Persistence.createEntityManagerFactory(Persistence.java:80)
	at javax.persistence.Persistence.createEntityManagerFactory(Persistence.java:55)
	at com.draekk.todomaster.persistence.UserJpaController.<init>(UserJpaController.java:32)
	at com.draekk.todomaster.persistence.PersistenceController.<init>(PersistenceController.java:11)
	at com.draekk.todomaster.controllers.GeneralController.<init>(GeneralController.java:15)
	at com.draekk.todomaster.controllers.GeneralControllerTest.testGetUserList(GeneralControllerTest.java:58)
	at java.base/jdk.internal.reflect.NativeMethodAccessorImpl.invoke0(Native Method)
	at java.base/jdk.internal.reflect.NativeMethodAccessorImpl.invoke(NativeMethodAccessorImpl.java:77)
	at java.base/jdk.internal.reflect.DelegatingMethodAccessorImpl.invoke(DelegatingMethodAccessorImpl.java:43)
	at java.base/java.lang.reflect.Method.invoke(Method.java:568)
	at org.junit.platform.commons.util.ReflectionUtils.invokeMethod(ReflectionUtils.java:686)
	at org.junit.jupiter.engine.execution.MethodInvocation.proceed(MethodInvocation.java:60)
	at org.junit.jupiter.engine.execution.InvocationInterceptorChain$ValidatingInvocation.proceed(InvocationInterceptorChain.java:131)
	at org.junit.jupiter.engine.extension.TimeoutExtension.intercept(TimeoutExtension.java:149)
	at org.junit.jupiter.engine.extension.TimeoutExtension.interceptTestableMethod(TimeoutExtension.java:140)
	at org.junit.jupiter.engine.extension.TimeoutExtension.interceptTestMethod(TimeoutExtension.java:84)
	at org.junit.jupiter.engine.execution.ExecutableInvoker$ReflectiveInterceptorCall.lambda$ofVoidMethod$0(ExecutableInvoker.java:115)
	at org.junit.jupiter.engine.execution.ExecutableInvoker.lambda$invoke$0(ExecutableInvoker.java:105)
	at org.junit.jupiter.engine.execution.InvocationInterceptorChain$InterceptedInvocation.proceed(InvocationInterceptorChain.java:106)
	at org.junit.jupiter.engine.execution.InvocationInterceptorChain.proceed(InvocationInterceptorChain.java:64)
	at org.junit.jupiter.engine.execution.InvocationInterceptorChain.chainAndInvoke(InvocationInterceptorChain.java:45)
	at org.junit.jupiter.engine.execution.InvocationInterceptorChain.invoke(InvocationInterceptorChain.java:37)
	at org.junit.jupiter.engine.execution.ExecutableInvoker.invoke(ExecutableInvoker.java:104)
	at org.junit.jupiter.engine.execution.ExecutableInvoker.invoke(ExecutableInvoker.java:98)
	at org.junit.jupiter.engine.descriptor.TestMethodTestDescriptor.lambda$invokeTestMethod$6(TestMethodTestDescriptor.java:205)
	at org.junit.platform.engine.support.hierarchical.ThrowableCollector.execute(ThrowableCollector.java:73)
	at org.junit.jupiter.engine.descriptor.TestMethodTestDescriptor.invokeTestMethod(TestMethodTestDescriptor.java:201)
	at org.junit.jupiter.engine.descriptor.TestMethodTestDescriptor.execute(TestMethodTestDescriptor.java:137)
	at org.junit.jupiter.engine.descriptor.TestMethodTestDescriptor.execute(TestMethodTestDescriptor.java:71)
	at org.junit.platform.engine.support.hierarchical.NodeTestTask.lambda$executeRecursively$5(NodeTestTask.java:135)
	at org.junit.platform.engine.support.hierarchical.ThrowableCollector.execute(ThrowableCollector.java:73)
	at org.junit.platform.engine.support.hierarchical.NodeTestTask.lambda$executeRecursively$7(NodeTestTask.java:125)
	at org.junit.platform.engine.support.hierarchical.Node.around(Node.java:135)
	at org.junit.platform.engine.support.hierarchical.NodeTestTask.lambda$executeRecursively$8(NodeTestTask.java:123)
	at org.junit.platform.engine.support.hierarchical.ThrowableCollector.execute(ThrowableCollector.java:73)
	at org.junit.platform.engine.support.hierarchical.NodeTestTask.executeRecursively(NodeTestTask.java:122)
	at org.junit.platform.engine.support.hierarchical.NodeTestTask.execute(NodeTestTask.java:80)
	at java.base/java.util.ArrayList.forEach(ArrayList.java:1511)
	at org.junit.platform.engine.support.hierarchical.SameThreadHierarchicalTestExecutorService.invokeAll(SameThreadHierarchicalTestExecutorService.java:38)
	at org.junit.platform.engine.support.hierarchical.NodeTestTask.lambda$executeRecursively$5(NodeTestTask.java:139)
	at org.junit.platform.engine.support.hierarchical.ThrowableCollector.execute(ThrowableCollector.java:73)
	at org.junit.platform.engine.support.hierarchical.NodeTestTask.lambda$executeRecursively$7(NodeTestTask.java:125)
	at org.junit.platform.engine.support.hierarchical.Node.around(Node.java:135)
	at org.junit.platform.engine.support.hierarchical.NodeTestTask.lambda$executeRecursively$8(NodeTestTask.java:123)
	at org.junit.platform.engine.support.hierarchical.ThrowableCollector.execute(ThrowableCollector.java:73)
	at org.junit.platform.engine.support.hierarchical.NodeTestTask.executeRecursively(NodeTestTask.java:122)
	at org.junit.platform.engine.support.hierarchical.NodeTestTask.execute(NodeTestTask.java:80)
	at java.base/java.util.ArrayList.forEach(ArrayList.java:1511)
	at org.junit.platform.engine.support.hierarchical.SameThreadHierarchicalTestExecutorService.invokeAll(SameThreadHierarchicalTestExecutorService.java:38)
	at org.junit.platform.engine.support.hierarchical.NodeTestTask.lambda$executeRecursively$5(NodeTestTask.java:139)
	at org.junit.platform.engine.support.hierarchical.ThrowableCollector.execute(ThrowableCollector.java:73)
	at org.junit.platform.engine.support.hierarchical.NodeTestTask.lambda$executeRecursively$7(NodeTestTask.java:125)
	at org.junit.platform.engine.support.hierarchical.Node.around(Node.java:135)
	at org.junit.platform.engine.support.hierarchical.NodeTestTask.lambda$executeRecursively$8(NodeTestTask.java:123)
	at org.junit.platform.engine.support.hierarchical.ThrowableCollector.execute(ThrowableCollector.java:73)
	at org.junit.platform.engine.support.hierarchical.NodeTestTask.executeRecursively(NodeTestTask.java:122)
	at org.junit.platform.engine.support.hierarchical.NodeTestTask.execute(NodeTestTask.java:80)
	at org.junit.platform.engine.support.hierarchical.SameThreadHierarchicalTestExecutorService.submit(SameThreadHierarchicalTestExecutorService.java:32)
	at org.junit.platform.engine.support.hierarchical.HierarchicalTestExecutor.execute(HierarchicalTestExecutor.java:57)
	at org.junit.platform.engine.support.hierarchical.HierarchicalTestEngine.execute(HierarchicalTestEngine.java:51)
	at org.junit.platform.launcher.core.DefaultLauncher.execute(DefaultLauncher.java:248)
	at org.junit.platform.launcher.core.DefaultLauncher.lambda$execute$5(DefaultLauncher.java:211)
	at org.junit.platform.launcher.core.DefaultLauncher.withInterceptedStreams(DefaultLauncher.java:226)
	at org.junit.platform.launcher.core.DefaultLauncher.execute(DefaultLauncher.java:199)
	at org.junit.platform.launcher.core.DefaultLauncher.execute(DefaultLauncher.java:132)
	at org.apache.maven.surefire.junitplatform.LazyLauncher.execute(LazyLauncher.java:56)
	at org.apache.maven.surefire.junitplatform.JUnitPlatformProvider.execute(JUnitPlatformProvider.java:184)
	at org.apache.maven.surefire.junitplatform.JUnitPlatformProvider.invokeAllTests(JUnitPlatformProvider.java:148)
	at org.apache.maven.surefire.junitplatform.JUnitPlatformProvider.invoke(JUnitPlatformProvider.java:122)
	at org.apache.maven.surefire.booter.ForkedBooter.runSuitesInProcess(ForkedBooter.java:385)
	at org.apache.maven.surefire.booter.ForkedBooter.execute(ForkedBooter.java:162)
	at org.apache.maven.surefire.booter.ForkedBooter.run(ForkedBooter.java:507)
	at org.apache.maven.surefire.booter.ForkedBooter.main(ForkedBooter.java:495)
Caused by: Exception [EclipseLink-4003] (Eclipse Persistence Services - 2.7.12.v20230209-e5c4074ef3): org.eclipse.persistence.exceptions.DatabaseException
Exception Description: Configuration error.  Class [org.postgresql.Driver] not found.
	at org.eclipse.persistence.exceptions.DatabaseException.configurationErrorClassNotFound(DatabaseException.java:91)
	at org.eclipse.persistence.sessions.DefaultConnector.loadDriverClass(DefaultConnector.java:269)
	at org.eclipse.persistence.sessions.DefaultConnector.connect(DefaultConnector.java:87)
	at org.eclipse.persistence.sessions.DatasourceLogin.connectToDatasource(DatasourceLogin.java:172)
	at org.eclipse.persistence.internal.sessions.DatabaseSessionImpl.setOrDetectDatasource(DatabaseSessionImpl.java:226)
	at org.eclipse.persistence.internal.sessions.DatabaseSessionImpl.loginAndDetectDatasource(DatabaseSessionImpl.java:810)
	at org.eclipse.persistence.internal.jpa.EntityManagerFactoryProvider.login(EntityManagerFactoryProvider.java:261)
	at org.eclipse.persistence.internal.jpa.EntityManagerSetupImpl.deploy(EntityManagerSetupImpl.java:771)
	... 78 more
]]></error>
    <system-out><![CDATA[getUserList
[EL Finer]: 2023-12-08 23:53:00.615--Thread(Thread[main,5,main])--fixUNC: before fixing: url = file:/C:/Users/asahi/OneDrive/Documentos/programacion/porfolio-projects/todo-app/todo-master/todomaster/target/classes/, authority = , file = /C:/Users/asahi/OneDrive/Documentos/programacion/porfolio-projects/todo-app/todo-master/todomaster/target/classes/ (There is no English translation for this message.)
[EL Finer]: 2023-12-08 23:53:00.615--Thread(Thread[main,5,main])--fixUNC: after fixing: url = file:/C:/Users/asahi/OneDrive/Documentos/programacion/porfolio-projects/todo-app/todo-master/todomaster/target/classes/, authority = null, file = /C:/Users/asahi/OneDrive/Documentos/programacion/porfolio-projects/todo-app/todo-master/todomaster/target/classes/ (There is no English translation for this message.)
[EL Fine]: moxy: 2023-12-08 23:53:00.621--Thread(Thread[main,5,main])--SAXParserFactory instance: com.sun.org.apache.xerces.internal.jaxp.SAXParserFactoryImpl@1bb564e2
[EL Finer]: jpa: 2023-12-08 23:53:00.624--Thread(Thread[main,5,main])--JavaSECMPInitializer - predeploying TodoMasterPU.
[EL Finest]: properties: 2023-12-08 23:53:00.629--ServerSession(1659286984)--Thread(Thread[main,5,main])--property=eclipselink.logging.parameters; value=true
[EL Fine]: server: 2023-12-08 23:53:00.63--Thread(Thread[main,5,main])--Configured server platform: org.eclipse.persistence.platform.server.NoServerPlatform
[EL Finest]: jpa: 2023-12-08 23:53:00.63--ServerSession(1659286984)--Thread(Thread[main,5,main])--Begin predeploying Persistence Unit TodoMasterPU; session /file:/C:/Users/asahi/OneDrive/Documentos/programacion/porfolio-projects/todo-app/todo-master/todomaster/target/classes/_TodoMasterPU; state Initial; factoryCount 0
[EL Finest]: properties: 2023-12-08 23:53:00.63--ServerSession(1659286984)--Thread(Thread[main,5,main])--property=eclipselink.orm.throw.exceptions; default value=true
[EL Finest]: properties: 2023-12-08 23:53:00.63--ServerSession(1659286984)--Thread(Thread[main,5,main])--property=eclipselink.multitenant.tenants-share-emf; default value=true
[EL Finest]: properties: 2023-12-08 23:53:00.63--ServerSession(1659286984)--Thread(Thread[main,5,main])--property=eclipselink.multitenant.tenants-share-cache; default value=false
[EL Finer]: metadata: 2023-12-08 23:53:00.63--Thread(Thread[main,5,main])--Searching for mapping file: [META-INF/orm.xml] at root URL: [file:/C:/Users/asahi/OneDrive/Documentos/programacion/porfolio-projects/todo-app/todo-master/todomaster/target/classes/].
[EL Finer]: metadata: 2023-12-08 23:53:00.635--Thread(Thread[main,5,main])--Searching for mapping file: [META-INF/eclipselink-orm.xml] at root URL: [file:/C:/Users/asahi/OneDrive/Documentos/programacion/porfolio-projects/todo-app/todo-master/todomaster/target/classes/].
[EL Config]: metadata: 2023-12-08 23:53:00.664--ServerSession(1659286984)--Thread(Thread[main,5,main])--The access type for the persistent class [class com.draekk.todomaster.models.User] is set to [FIELD].
[EL Config]: metadata: 2023-12-08 23:53:00.666--ServerSession(1659286984)--Thread(Thread[main,5,main])--The target entity (reference) class for the one to many mapping element [field tasks] is being defaulted to: class com.draekk.todomaster.models.Task.
[EL Config]: metadata: 2023-12-08 23:53:00.667--ServerSession(1659286984)--Thread(Thread[main,5,main])--The access type for the persistent class [class com.draekk.todomaster.models.Task] is set to [FIELD].
[EL Config]: metadata: 2023-12-08 23:53:00.668--ServerSession(1659286984)--Thread(Thread[main,5,main])--The target entity (reference) class for the many to one mapping element [field user] is being defaulted to: class com.draekk.todomaster.models.User.
[EL Config]: metadata: 2023-12-08 23:53:00.668--ServerSession(1659286984)--Thread(Thread[main,5,main])--The alias name for the entity class [class com.draekk.todomaster.models.User] is being defaulted to: User.
[EL Config]: metadata: 2023-12-08 23:53:00.669--ServerSession(1659286984)--Thread(Thread[main,5,main])--The column name for element [lastName] is being defaulted to: LASTNAME.
[EL Config]: metadata: 2023-12-08 23:53:00.669--ServerSession(1659286984)--Thread(Thread[main,5,main])--The column name for element [password] is being defaulted to: PASSWORD.
[EL Config]: metadata: 2023-12-08 23:53:00.67--ServerSession(1659286984)--Thread(Thread[main,5,main])--The column name for element [name] is being defaulted to: NAME.
[EL Config]: metadata: 2023-12-08 23:53:00.67--ServerSession(1659286984)--Thread(Thread[main,5,main])--The column name for element [id] is being defaulted to: ID.
[EL Config]: metadata: 2023-12-08 23:53:00.67--ServerSession(1659286984)--Thread(Thread[main,5,main])--The column name for element [email] is being defaulted to: EMAIL.
[EL Config]: metadata: 2023-12-08 23:53:00.67--ServerSession(1659286984)--Thread(Thread[main,5,main])--The column name for element [username] is being defaulted to: USERNAME.
[EL Config]: metadata: 2023-12-08 23:53:00.671--ServerSession(1659286984)--Thread(Thread[main,5,main])--The alias name for the entity class [class com.draekk.todomaster.models.Task] is being defaulted to: Task.
[EL Config]: metadata: 2023-12-08 23:53:00.671--ServerSession(1659286984)--Thread(Thread[main,5,main])--The column name for element [description] is being defaulted to: DESCRIPTION.
[EL Config]: metadata: 2023-12-08 23:53:00.671--ServerSession(1659286984)--Thread(Thread[main,5,main])--The column name for element [id] is being defaulted to: ID.
[EL Config]: metadata: 2023-12-08 23:53:00.672--ServerSession(1659286984)--Thread(Thread[main,5,main])--The column name for element [isCompleted] is being defaulted to: ISCOMPLETED.
[EL Config]: metadata: 2023-12-08 23:53:00.672--ServerSession(1659286984)--Thread(Thread[main,5,main])--The primary key column name for the mapping element [field user] is being defaulted to: ID.
[EL Finest]: jpa: 2023-12-08 23:53:00.673--ServerSession(1659286984)--Thread(Thread[main,5,main])--End predeploying Persistence Unit TodoMasterPU; session /file:/C:/Users/asahi/OneDrive/Documentos/programacion/porfolio-projects/todo-app/todo-master/todomaster/target/classes/_TodoMasterPU; state Predeployed; factoryCount 0
[EL Finer]: weaver: 2023-12-08 23:53:00.673--Thread(Thread[main,5,main])--JavaSECMPInitializer - transformer is null.
[EL Finest]: jpa: 2023-12-08 23:53:00.673--ServerSession(1659286984)--Thread(Thread[main,5,main])--Begin predeploying Persistence Unit TodoMasterPU; session /file:/C:/Users/asahi/OneDrive/Documentos/programacion/porfolio-projects/todo-app/todo-master/todomaster/target/classes/_TodoMasterPU; state Predeployed; factoryCount 0
[EL Finest]: jpa: 2023-12-08 23:53:00.674--ServerSession(1659286984)--Thread(Thread[main,5,main])--End predeploying Persistence Unit TodoMasterPU; session /file:/C:/Users/asahi/OneDrive/Documentos/programacion/porfolio-projects/todo-app/todo-master/todomaster/target/classes/_TodoMasterPU; state Predeployed; factoryCount 1
[EL Finer]: metamodel: 2023-12-08 23:53:00.674--ServerSession(1659286984)--Thread(Thread[main,5,main])--Canonical Metamodel class [com.draekk.todomaster.models.Task_] found and instantiated during initialization.
[EL Finer]: metamodel: 2023-12-08 23:53:00.674--ServerSession(1659286984)--Thread(Thread[main,5,main])--Canonical Metamodel class [com.draekk.todomaster.models.User_] found and instantiated during initialization.
[EL Finest]: jpa: 2023-12-08 23:53:00.674--ServerSession(1659286984)--Thread(Thread[main,5,main])--Begin deploying Persistence Unit TodoMasterPU; session /file:/C:/Users/asahi/OneDrive/Documentos/programacion/porfolio-projects/todo-app/todo-master/todomaster/target/classes/_TodoMasterPU; state Predeployed; factoryCount 1
[EL Finest]: jpa: 2023-12-08 23:53:00.675--ServerSession(1659286984)--Thread(Thread[main,5,main])--Bean Validation Factory was not initialized: [javax/validation/Validation].
[EL Finest]: properties: 2023-12-08 23:53:00.675--ServerSession(1659286984)--Thread(Thread[main,5,main])--property=eclipselink.logging.level; value=FINEST; translated value=FINEST
[EL Finest]: properties: 2023-12-08 23:53:00.676--ServerSession(1659286984)--Thread(Thread[main,5,main])--property=eclipselink.logging.parameters; value=true
[EL Finest]: properties: 2023-12-08 23:53:00.676--ServerSession(1659286984)--Thread(Thread[main,5,main])--property=eclipselink.logging.level; value=FINEST; translated value=FINEST
[EL Finest]: properties: 2023-12-08 23:53:00.676--ServerSession(1659286984)--Thread(Thread[main,5,main])--property=eclipselink.logging.parameters; value=true
[EL Finest]: properties: 2023-12-08 23:53:00.676--ServerSession(1659286984)--Thread(Thread[main,5,main])--property=javax.persistence.jdbc.user; value=postgres
[EL Finest]: properties: 2023-12-08 23:53:00.676--ServerSession(1659286984)--Thread(Thread[main,5,main])--property=javax.persistence.jdbc.password; value=xxxxxx
[EL Finest]: properties: 2023-12-08 23:53:00.677--ServerSession(1659286984)--Thread(Thread[main,5,main])--property=javax.persistence.jdbc.driver; value=org.postgresql.Driver
[EL Finest]: properties: 2023-12-08 23:53:00.677--ServerSession(1659286984)--Thread(Thread[main,5,main])--property=javax.persistence.jdbc.url; value=jdbc:postgresql://monorail.proxy.rlwy.net:32742/railway
[EL Info]: 2023-12-08 23:53:00.677--ServerSession(1659286984)--Thread(Thread[main,5,main])--EclipseLink, version: Eclipse Persistence Services - 2.7.12.v20230209-e5c4074ef3
[EL Severe]: ejb: 2023-12-08 23:53:00.678--ServerSession(1659286984)--Thread(Thread[main,5,main])--Local Exception Stack: 
Exception [EclipseLink-4003] (Eclipse Persistence Services - 2.7.12.v20230209-e5c4074ef3): org.eclipse.persistence.exceptions.DatabaseException
Exception Description: Configuration error.  Class [org.postgresql.Driver] not found.
	at org.eclipse.persistence.exceptions.DatabaseException.configurationErrorClassNotFound(DatabaseException.java:91)
	at org.eclipse.persistence.sessions.DefaultConnector.loadDriverClass(DefaultConnector.java:269)
	at org.eclipse.persistence.sessions.DefaultConnector.connect(DefaultConnector.java:87)
	at org.eclipse.persistence.sessions.DatasourceLogin.connectToDatasource(DatasourceLogin.java:172)
	at org.eclipse.persistence.internal.sessions.DatabaseSessionImpl.setOrDetectDatasource(DatabaseSessionImpl.java:226)
	at org.eclipse.persistence.internal.sessions.DatabaseSessionImpl.loginAndDetectDatasource(DatabaseSessionImpl.java:810)
	at org.eclipse.persistence.internal.jpa.EntityManagerFactoryProvider.login(EntityManagerFactoryProvider.java:261)
	at org.eclipse.persistence.internal.jpa.EntityManagerSetupImpl.deploy(EntityManagerSetupImpl.java:771)
	at org.eclipse.persistence.internal.jpa.EntityManagerFactoryDelegate.getAbstractSession(EntityManagerFactoryDelegate.java:222)
	at org.eclipse.persistence.internal.jpa.EntityManagerFactoryDelegate.getDatabaseSession(EntityManagerFactoryDelegate.java:200)
	at org.eclipse.persistence.internal.jpa.EntityManagerFactoryImpl.getDatabaseSession(EntityManagerFactoryImpl.java:542)
	at org.eclipse.persistence.jpa.PersistenceProvider.createEntityManagerFactoryImpl(PersistenceProvider.java:153)
	at org.eclipse.persistence.jpa.PersistenceProvider.createEntityManagerFactory(PersistenceProvider.java:191)
	at javax.persistence.Persistence.createEntityManagerFactory(Persistence.java:80)
	at javax.persistence.Persistence.createEntityManagerFactory(Persistence.java:55)
	at com.draekk.todomaster.persistence.UserJpaController.<init>(UserJpaController.java:32)
	at com.draekk.todomaster.persistence.PersistenceController.<init>(PersistenceController.java:11)
	at com.draekk.todomaster.controllers.GeneralController.<init>(GeneralController.java:15)
	at com.draekk.todomaster.controllers.GeneralControllerTest.testGetUserList(GeneralControllerTest.java:58)
	at java.base/jdk.internal.reflect.NativeMethodAccessorImpl.invoke0(Native Method)
	at java.base/jdk.internal.reflect.NativeMethodAccessorImpl.invoke(NativeMethodAccessorImpl.java:77)
	at java.base/jdk.internal.reflect.DelegatingMethodAccessorImpl.invoke(DelegatingMethodAccessorImpl.java:43)
	at java.base/java.lang.reflect.Method.invoke(Method.java:568)
	at org.junit.platform.commons.util.ReflectionUtils.invokeMethod(ReflectionUtils.java:686)
	at org.junit.jupiter.engine.execution.MethodInvocation.proceed(MethodInvocation.java:60)
	at org.junit.jupiter.engine.execution.InvocationInterceptorChain$ValidatingInvocation.proceed(InvocationInterceptorChain.java:131)
	at org.junit.jupiter.engine.extension.TimeoutExtension.intercept(TimeoutExtension.java:149)
	at org.junit.jupiter.engine.extension.TimeoutExtension.interceptTestableMethod(TimeoutExtension.java:140)
	at org.junit.jupiter.engine.extension.TimeoutExtension.interceptTestMethod(TimeoutExtension.java:84)
	at org.junit.jupiter.engine.execution.ExecutableInvoker$ReflectiveInterceptorCall.lambda$ofVoidMethod$0(ExecutableInvoker.java:115)
	at org.junit.jupiter.engine.execution.ExecutableInvoker.lambda$invoke$0(ExecutableInvoker.java:105)
	at org.junit.jupiter.engine.execution.InvocationInterceptorChain$InterceptedInvocation.proceed(InvocationInterceptorChain.java:106)
	at org.junit.jupiter.engine.execution.InvocationInterceptorChain.proceed(InvocationInterceptorChain.java:64)
	at org.junit.jupiter.engine.execution.InvocationInterceptorChain.chainAndInvoke(InvocationInterceptorChain.java:45)
	at org.junit.jupiter.engine.execution.InvocationInterceptorChain.invoke(InvocationInterceptorChain.java:37)
	at org.junit.jupiter.engine.execution.ExecutableInvoker.invoke(ExecutableInvoker.java:104)
	at org.junit.jupiter.engine.execution.ExecutableInvoker.invoke(ExecutableInvoker.java:98)
	at org.junit.jupiter.engine.descriptor.TestMethodTestDescriptor.lambda$invokeTestMethod$6(TestMethodTestDescriptor.java:205)
	at org.junit.platform.engine.support.hierarchical.ThrowableCollector.execute(ThrowableCollector.java:73)
	at org.junit.jupiter.engine.descriptor.TestMethodTestDescriptor.invokeTestMethod(TestMethodTestDescriptor.java:201)
	at org.junit.jupiter.engine.descriptor.TestMethodTestDescriptor.execute(TestMethodTestDescriptor.java:137)
	at org.junit.jupiter.engine.descriptor.TestMethodTestDescriptor.execute(TestMethodTestDescriptor.java:71)
	at org.junit.platform.engine.support.hierarchical.NodeTestTask.lambda$executeRecursively$5(NodeTestTask.java:135)
	at org.junit.platform.engine.support.hierarchical.ThrowableCollector.execute(ThrowableCollector.java:73)
	at org.junit.platform.engine.support.hierarchical.NodeTestTask.lambda$executeRecursively$7(NodeTestTask.java:125)
	at org.junit.platform.engine.support.hierarchical.Node.around(Node.java:135)
	at org.junit.platform.engine.support.hierarchical.NodeTestTask.lambda$executeRecursively$8(NodeTestTask.java:123)
	at org.junit.platform.engine.support.hierarchical.ThrowableCollector.execute(ThrowableCollector.java:73)
	at org.junit.platform.engine.support.hierarchical.NodeTestTask.executeRecursively(NodeTestTask.java:122)
	at org.junit.platform.engine.support.hierarchical.NodeTestTask.execute(NodeTestTask.java:80)
	at java.base/java.util.ArrayList.forEach(ArrayList.java:1511)
	at org.junit.platform.engine.support.hierarchical.SameThreadHierarchicalTestExecutorService.invokeAll(SameThreadHierarchicalTestExecutorService.java:38)
	at org.junit.platform.engine.support.hierarchical.NodeTestTask.lambda$executeRecursively$5(NodeTestTask.java:139)
	at org.junit.platform.engine.support.hierarchical.ThrowableCollector.execute(ThrowableCollector.java:73)
	at org.junit.platform.engine.support.hierarchical.NodeTestTask.lambda$executeRecursively$7(NodeTestTask.java:125)
	at org.junit.platform.engine.support.hierarchical.Node.around(Node.java:135)
	at org.junit.platform.engine.support.hierarchical.NodeTestTask.lambda$executeRecursively$8(NodeTestTask.java:123)
	at org.junit.platform.engine.support.hierarchical.ThrowableCollector.execute(ThrowableCollector.java:73)
	at org.junit.platform.engine.support.hierarchical.NodeTestTask.executeRecursively(NodeTestTask.java:122)
	at org.junit.platform.engine.support.hierarchical.NodeTestTask.execute(NodeTestTask.java:80)
	at java.base/java.util.ArrayList.forEach(ArrayList.java:1511)
	at org.junit.platform.engine.support.hierarchical.SameThreadHierarchicalTestExecutorService.invokeAll(SameThreadHierarchicalTestExecutorService.java:38)
	at org.junit.platform.engine.support.hierarchical.NodeTestTask.lambda$executeRecursively$5(NodeTestTask.java:139)
	at org.junit.platform.engine.support.hierarchical.ThrowableCollector.execute(ThrowableCollector.java:73)
	at org.junit.platform.engine.support.hierarchical.NodeTestTask.lambda$executeRecursively$7(NodeTestTask.java:125)
	at org.junit.platform.engine.support.hierarchical.Node.around(Node.java:135)
	at org.junit.platform.engine.support.hierarchical.NodeTestTask.lambda$executeRecursively$8(NodeTestTask.java:123)
	at org.junit.platform.engine.support.hierarchical.ThrowableCollector.execute(ThrowableCollector.java:73)
	at org.junit.platform.engine.support.hierarchical.NodeTestTask.executeRecursively(NodeTestTask.java:122)
	at org.junit.platform.engine.support.hierarchical.NodeTestTask.execute(NodeTestTask.java:80)
	at org.junit.platform.engine.support.hierarchical.SameThreadHierarchicalTestExecutorService.submit(SameThreadHierarchicalTestExecutorService.java:32)
	at org.junit.platform.engine.support.hierarchical.HierarchicalTestExecutor.execute(HierarchicalTestExecutor.java:57)
	at org.junit.platform.engine.support.hierarchical.HierarchicalTestEngine.execute(HierarchicalTestEngine.java:51)
	at org.junit.platform.launcher.core.DefaultLauncher.execute(DefaultLauncher.java:248)
	at org.junit.platform.launcher.core.DefaultLauncher.lambda$execute$5(DefaultLauncher.java:211)
	at org.junit.platform.launcher.core.DefaultLauncher.withInterceptedStreams(DefaultLauncher.java:226)
	at org.junit.platform.launcher.core.DefaultLauncher.execute(DefaultLauncher.java:199)
	at org.junit.platform.launcher.core.DefaultLauncher.execute(DefaultLauncher.java:132)
	at org.apache.maven.surefire.junitplatform.LazyLauncher.execute(LazyLauncher.java:56)
	at org.apache.maven.surefire.junitplatform.JUnitPlatformProvider.execute(JUnitPlatformProvider.java:184)
	at org.apache.maven.surefire.junitplatform.JUnitPlatformProvider.invokeAllTests(JUnitPlatformProvider.java:148)
	at org.apache.maven.surefire.junitplatform.JUnitPlatformProvider.invoke(JUnitPlatformProvider.java:122)
	at org.apache.maven.surefire.booter.ForkedBooter.runSuitesInProcess(ForkedBooter.java:385)
	at org.apache.maven.surefire.booter.ForkedBooter.execute(ForkedBooter.java:162)
	at org.apache.maven.surefire.booter.ForkedBooter.run(ForkedBooter.java:507)
	at org.apache.maven.surefire.booter.ForkedBooter.main(ForkedBooter.java:495)

[EL Finest]: jpa: 2023-12-08 23:53:00.68--ServerSession(1659286984)--Thread(Thread[main,5,main])--End deploying Persistence Unit TodoMasterPU; session /file:/C:/Users/asahi/OneDrive/Documentos/programacion/porfolio-projects/todo-app/todo-master/todomaster/target/classes/_TodoMasterPU; state HalfDeployed; factoryCount 1
[EL Finest]: jpa: 2023-12-08 23:53:00.68--ServerSession(1659286984)--Thread(Thread[main,5,main])--Begin undeploying Persistence Unit TodoMasterPU; session /file:/C:/Users/asahi/OneDrive/Documentos/programacion/porfolio-projects/todo-app/todo-master/todomaster/target/classes/_TodoMasterPU; state HalfDeployed; factoryCount 1
[EL Finest]: jpa: 2023-12-08 23:53:00.68--ServerSession(1659286984)--Thread(Thread[main,5,main])--End undeploying Persistence Unit TodoMasterPU; session /file:/C:/Users/asahi/OneDrive/Documentos/programacion/porfolio-projects/todo-app/todo-master/todomaster/target/classes/_TodoMasterPU; state Undeployed; factoryCount 0
]]></system-out>
  </testcase>
  <testcase name="testGetTaskList_0args" classname="com.draekk.todomaster.controllers.GeneralControllerTest" time="0.073">
    <error message="Exception [EclipseLink-4003] (Eclipse Persistence Services - 2.7.12.v20230209-e5c4074ef3): org.eclipse.persistence.exceptions.DatabaseException&#10;Exception Description: Configuration error.  Class [org.postgresql.Driver] not found." type="javax.persistence.PersistenceException"><![CDATA[javax.persistence.PersistenceException: 
Exception [EclipseLink-4003] (Eclipse Persistence Services - 2.7.12.v20230209-e5c4074ef3): org.eclipse.persistence.exceptions.DatabaseException
Exception Description: Configuration error.  Class [org.postgresql.Driver] not found.
	at org.eclipse.persistence.internal.jpa.EntityManagerSetupImpl.deploy(EntityManagerSetupImpl.java:854)
	at org.eclipse.persistence.internal.jpa.EntityManagerFactoryDelegate.getAbstractSession(EntityManagerFactoryDelegate.java:222)
	at org.eclipse.persistence.internal.jpa.EntityManagerFactoryDelegate.getDatabaseSession(EntityManagerFactoryDelegate.java:200)
	at org.eclipse.persistence.internal.jpa.EntityManagerFactoryImpl.getDatabaseSession(EntityManagerFactoryImpl.java:542)
	at org.eclipse.persistence.jpa.PersistenceProvider.createEntityManagerFactoryImpl(PersistenceProvider.java:153)
	at org.eclipse.persistence.jpa.PersistenceProvider.createEntityManagerFactory(PersistenceProvider.java:191)
	at javax.persistence.Persistence.createEntityManagerFactory(Persistence.java:80)
	at javax.persistence.Persistence.createEntityManagerFactory(Persistence.java:55)
	at com.draekk.todomaster.persistence.UserJpaController.<init>(UserJpaController.java:32)
	at com.draekk.todomaster.persistence.PersistenceController.<init>(PersistenceController.java:11)
	at com.draekk.todomaster.controllers.GeneralController.<init>(GeneralController.java:15)
	at com.draekk.todomaster.controllers.GeneralControllerTest.testGetTaskList_0args(GeneralControllerTest.java:102)
	at java.base/jdk.internal.reflect.NativeMethodAccessorImpl.invoke0(Native Method)
	at java.base/jdk.internal.reflect.NativeMethodAccessorImpl.invoke(NativeMethodAccessorImpl.java:77)
	at java.base/jdk.internal.reflect.DelegatingMethodAccessorImpl.invoke(DelegatingMethodAccessorImpl.java:43)
	at java.base/java.lang.reflect.Method.invoke(Method.java:568)
	at org.junit.platform.commons.util.ReflectionUtils.invokeMethod(ReflectionUtils.java:686)
	at org.junit.jupiter.engine.execution.MethodInvocation.proceed(MethodInvocation.java:60)
	at org.junit.jupiter.engine.execution.InvocationInterceptorChain$ValidatingInvocation.proceed(InvocationInterceptorChain.java:131)
	at org.junit.jupiter.engine.extension.TimeoutExtension.intercept(TimeoutExtension.java:149)
	at org.junit.jupiter.engine.extension.TimeoutExtension.interceptTestableMethod(TimeoutExtension.java:140)
	at org.junit.jupiter.engine.extension.TimeoutExtension.interceptTestMethod(TimeoutExtension.java:84)
	at org.junit.jupiter.engine.execution.ExecutableInvoker$ReflectiveInterceptorCall.lambda$ofVoidMethod$0(ExecutableInvoker.java:115)
	at org.junit.jupiter.engine.execution.ExecutableInvoker.lambda$invoke$0(ExecutableInvoker.java:105)
	at org.junit.jupiter.engine.execution.InvocationInterceptorChain$InterceptedInvocation.proceed(InvocationInterceptorChain.java:106)
	at org.junit.jupiter.engine.execution.InvocationInterceptorChain.proceed(InvocationInterceptorChain.java:64)
	at org.junit.jupiter.engine.execution.InvocationInterceptorChain.chainAndInvoke(InvocationInterceptorChain.java:45)
	at org.junit.jupiter.engine.execution.InvocationInterceptorChain.invoke(InvocationInterceptorChain.java:37)
	at org.junit.jupiter.engine.execution.ExecutableInvoker.invoke(ExecutableInvoker.java:104)
	at org.junit.jupiter.engine.execution.ExecutableInvoker.invoke(ExecutableInvoker.java:98)
	at org.junit.jupiter.engine.descriptor.TestMethodTestDescriptor.lambda$invokeTestMethod$6(TestMethodTestDescriptor.java:205)
	at org.junit.platform.engine.support.hierarchical.ThrowableCollector.execute(ThrowableCollector.java:73)
	at org.junit.jupiter.engine.descriptor.TestMethodTestDescriptor.invokeTestMethod(TestMethodTestDescriptor.java:201)
	at org.junit.jupiter.engine.descriptor.TestMethodTestDescriptor.execute(TestMethodTestDescriptor.java:137)
	at org.junit.jupiter.engine.descriptor.TestMethodTestDescriptor.execute(TestMethodTestDescriptor.java:71)
	at org.junit.platform.engine.support.hierarchical.NodeTestTask.lambda$executeRecursively$5(NodeTestTask.java:135)
	at org.junit.platform.engine.support.hierarchical.ThrowableCollector.execute(ThrowableCollector.java:73)
	at org.junit.platform.engine.support.hierarchical.NodeTestTask.lambda$executeRecursively$7(NodeTestTask.java:125)
	at org.junit.platform.engine.support.hierarchical.Node.around(Node.java:135)
	at org.junit.platform.engine.support.hierarchical.NodeTestTask.lambda$executeRecursively$8(NodeTestTask.java:123)
	at org.junit.platform.engine.support.hierarchical.ThrowableCollector.execute(ThrowableCollector.java:73)
	at org.junit.platform.engine.support.hierarchical.NodeTestTask.executeRecursively(NodeTestTask.java:122)
	at org.junit.platform.engine.support.hierarchical.NodeTestTask.execute(NodeTestTask.java:80)
	at java.base/java.util.ArrayList.forEach(ArrayList.java:1511)
	at org.junit.platform.engine.support.hierarchical.SameThreadHierarchicalTestExecutorService.invokeAll(SameThreadHierarchicalTestExecutorService.java:38)
	at org.junit.platform.engine.support.hierarchical.NodeTestTask.lambda$executeRecursively$5(NodeTestTask.java:139)
	at org.junit.platform.engine.support.hierarchical.ThrowableCollector.execute(ThrowableCollector.java:73)
	at org.junit.platform.engine.support.hierarchical.NodeTestTask.lambda$executeRecursively$7(NodeTestTask.java:125)
	at org.junit.platform.engine.support.hierarchical.Node.around(Node.java:135)
	at org.junit.platform.engine.support.hierarchical.NodeTestTask.lambda$executeRecursively$8(NodeTestTask.java:123)
	at org.junit.platform.engine.support.hierarchical.ThrowableCollector.execute(ThrowableCollector.java:73)
	at org.junit.platform.engine.support.hierarchical.NodeTestTask.executeRecursively(NodeTestTask.java:122)
	at org.junit.platform.engine.support.hierarchical.NodeTestTask.execute(NodeTestTask.java:80)
	at java.base/java.util.ArrayList.forEach(ArrayList.java:1511)
	at org.junit.platform.engine.support.hierarchical.SameThreadHierarchicalTestExecutorService.invokeAll(SameThreadHierarchicalTestExecutorService.java:38)
	at org.junit.platform.engine.support.hierarchical.NodeTestTask.lambda$executeRecursively$5(NodeTestTask.java:139)
	at org.junit.platform.engine.support.hierarchical.ThrowableCollector.execute(ThrowableCollector.java:73)
	at org.junit.platform.engine.support.hierarchical.NodeTestTask.lambda$executeRecursively$7(NodeTestTask.java:125)
	at org.junit.platform.engine.support.hierarchical.Node.around(Node.java:135)
	at org.junit.platform.engine.support.hierarchical.NodeTestTask.lambda$executeRecursively$8(NodeTestTask.java:123)
	at org.junit.platform.engine.support.hierarchical.ThrowableCollector.execute(ThrowableCollector.java:73)
	at org.junit.platform.engine.support.hierarchical.NodeTestTask.executeRecursively(NodeTestTask.java:122)
	at org.junit.platform.engine.support.hierarchical.NodeTestTask.execute(NodeTestTask.java:80)
	at org.junit.platform.engine.support.hierarchical.SameThreadHierarchicalTestExecutorService.submit(SameThreadHierarchicalTestExecutorService.java:32)
	at org.junit.platform.engine.support.hierarchical.HierarchicalTestExecutor.execute(HierarchicalTestExecutor.java:57)
	at org.junit.platform.engine.support.hierarchical.HierarchicalTestEngine.execute(HierarchicalTestEngine.java:51)
	at org.junit.platform.launcher.core.DefaultLauncher.execute(DefaultLauncher.java:248)
	at org.junit.platform.launcher.core.DefaultLauncher.lambda$execute$5(DefaultLauncher.java:211)
	at org.junit.platform.launcher.core.DefaultLauncher.withInterceptedStreams(DefaultLauncher.java:226)
	at org.junit.platform.launcher.core.DefaultLauncher.execute(DefaultLauncher.java:199)
	at org.junit.platform.launcher.core.DefaultLauncher.execute(DefaultLauncher.java:132)
	at org.apache.maven.surefire.junitplatform.LazyLauncher.execute(LazyLauncher.java:56)
	at org.apache.maven.surefire.junitplatform.JUnitPlatformProvider.execute(JUnitPlatformProvider.java:184)
	at org.apache.maven.surefire.junitplatform.JUnitPlatformProvider.invokeAllTests(JUnitPlatformProvider.java:148)
	at org.apache.maven.surefire.junitplatform.JUnitPlatformProvider.invoke(JUnitPlatformProvider.java:122)
	at org.apache.maven.surefire.booter.ForkedBooter.runSuitesInProcess(ForkedBooter.java:385)
	at org.apache.maven.surefire.booter.ForkedBooter.execute(ForkedBooter.java:162)
	at org.apache.maven.surefire.booter.ForkedBooter.run(ForkedBooter.java:507)
	at org.apache.maven.surefire.booter.ForkedBooter.main(ForkedBooter.java:495)
Caused by: Exception [EclipseLink-4003] (Eclipse Persistence Services - 2.7.12.v20230209-e5c4074ef3): org.eclipse.persistence.exceptions.DatabaseException
Exception Description: Configuration error.  Class [org.postgresql.Driver] not found.
	at org.eclipse.persistence.exceptions.DatabaseException.configurationErrorClassNotFound(DatabaseException.java:91)
	at org.eclipse.persistence.sessions.DefaultConnector.loadDriverClass(DefaultConnector.java:269)
	at org.eclipse.persistence.sessions.DefaultConnector.connect(DefaultConnector.java:87)
	at org.eclipse.persistence.sessions.DatasourceLogin.connectToDatasource(DatasourceLogin.java:172)
	at org.eclipse.persistence.internal.sessions.DatabaseSessionImpl.setOrDetectDatasource(DatabaseSessionImpl.java:226)
	at org.eclipse.persistence.internal.sessions.DatabaseSessionImpl.loginAndDetectDatasource(DatabaseSessionImpl.java:810)
	at org.eclipse.persistence.internal.jpa.EntityManagerFactoryProvider.login(EntityManagerFactoryProvider.java:261)
	at org.eclipse.persistence.internal.jpa.EntityManagerSetupImpl.deploy(EntityManagerSetupImpl.java:771)
	... 78 more
]]></error>
    <system-out><![CDATA[getTaskList
[EL Finer]: 2023-12-08 23:53:00.684--Thread(Thread[main,5,main])--fixUNC: before fixing: url = file:/C:/Users/asahi/OneDrive/Documentos/programacion/porfolio-projects/todo-app/todo-master/todomaster/target/classes/, authority = , file = /C:/Users/asahi/OneDrive/Documentos/programacion/porfolio-projects/todo-app/todo-master/todomaster/target/classes/ (There is no English translation for this message.)
[EL Finer]: 2023-12-08 23:53:00.685--Thread(Thread[main,5,main])--fixUNC: after fixing: url = file:/C:/Users/asahi/OneDrive/Documentos/programacion/porfolio-projects/todo-app/todo-master/todomaster/target/classes/, authority = null, file = /C:/Users/asahi/OneDrive/Documentos/programacion/porfolio-projects/todo-app/todo-master/todomaster/target/classes/ (There is no English translation for this message.)
[EL Fine]: moxy: 2023-12-08 23:53:00.697--Thread(Thread[main,5,main])--SAXParserFactory instance: com.sun.org.apache.xerces.internal.jaxp.SAXParserFactoryImpl@6eeade6c
[EL Finer]: jpa: 2023-12-08 23:53:00.7--Thread(Thread[main,5,main])--JavaSECMPInitializer - predeploying TodoMasterPU.
[EL Finest]: properties: 2023-12-08 23:53:00.707--ServerSession(1250499735)--Thread(Thread[main,5,main])--property=eclipselink.logging.parameters; value=true
[EL Fine]: server: 2023-12-08 23:53:00.708--Thread(Thread[main,5,main])--Configured server platform: org.eclipse.persistence.platform.server.NoServerPlatform
[EL Finest]: jpa: 2023-12-08 23:53:00.708--ServerSession(1250499735)--Thread(Thread[main,5,main])--Begin predeploying Persistence Unit TodoMasterPU; session /file:/C:/Users/asahi/OneDrive/Documentos/programacion/porfolio-projects/todo-app/todo-master/todomaster/target/classes/_TodoMasterPU; state Initial; factoryCount 0
[EL Finest]: properties: 2023-12-08 23:53:00.708--ServerSession(1250499735)--Thread(Thread[main,5,main])--property=eclipselink.orm.throw.exceptions; default value=true
[EL Finest]: properties: 2023-12-08 23:53:00.708--ServerSession(1250499735)--Thread(Thread[main,5,main])--property=eclipselink.multitenant.tenants-share-emf; default value=true
[EL Finest]: properties: 2023-12-08 23:53:00.708--ServerSession(1250499735)--Thread(Thread[main,5,main])--property=eclipselink.multitenant.tenants-share-cache; default value=false
[EL Finer]: metadata: 2023-12-08 23:53:00.709--Thread(Thread[main,5,main])--Searching for mapping file: [META-INF/orm.xml] at root URL: [file:/C:/Users/asahi/OneDrive/Documentos/programacion/porfolio-projects/todo-app/todo-master/todomaster/target/classes/].
[EL Finer]: metadata: 2023-12-08 23:53:00.713--Thread(Thread[main,5,main])--Searching for mapping file: [META-INF/eclipselink-orm.xml] at root URL: [file:/C:/Users/asahi/OneDrive/Documentos/programacion/porfolio-projects/todo-app/todo-master/todomaster/target/classes/].
[EL Config]: metadata: 2023-12-08 23:53:00.739--ServerSession(1250499735)--Thread(Thread[main,5,main])--The access type for the persistent class [class com.draekk.todomaster.models.User] is set to [FIELD].
[EL Config]: metadata: 2023-12-08 23:53:00.741--ServerSession(1250499735)--Thread(Thread[main,5,main])--The target entity (reference) class for the one to many mapping element [field tasks] is being defaulted to: class com.draekk.todomaster.models.Task.
[EL Config]: metadata: 2023-12-08 23:53:00.742--ServerSession(1250499735)--Thread(Thread[main,5,main])--The access type for the persistent class [class com.draekk.todomaster.models.Task] is set to [FIELD].
[EL Config]: metadata: 2023-12-08 23:53:00.743--ServerSession(1250499735)--Thread(Thread[main,5,main])--The target entity (reference) class for the many to one mapping element [field user] is being defaulted to: class com.draekk.todomaster.models.User.
[EL Config]: metadata: 2023-12-08 23:53:00.743--ServerSession(1250499735)--Thread(Thread[main,5,main])--The alias name for the entity class [class com.draekk.todomaster.models.User] is being defaulted to: User.
[EL Config]: metadata: 2023-12-08 23:53:00.743--ServerSession(1250499735)--Thread(Thread[main,5,main])--The column name for element [lastName] is being defaulted to: LASTNAME.
[EL Config]: metadata: 2023-12-08 23:53:00.744--ServerSession(1250499735)--Thread(Thread[main,5,main])--The column name for element [password] is being defaulted to: PASSWORD.
[EL Config]: metadata: 2023-12-08 23:53:00.744--ServerSession(1250499735)--Thread(Thread[main,5,main])--The column name for element [name] is being defaulted to: NAME.
[EL Config]: metadata: 2023-12-08 23:53:00.744--ServerSession(1250499735)--Thread(Thread[main,5,main])--The column name for element [id] is being defaulted to: ID.
[EL Config]: metadata: 2023-12-08 23:53:00.744--ServerSession(1250499735)--Thread(Thread[main,5,main])--The column name for element [email] is being defaulted to: EMAIL.
[EL Config]: metadata: 2023-12-08 23:53:00.744--ServerSession(1250499735)--Thread(Thread[main,5,main])--The column name for element [username] is being defaulted to: USERNAME.
[EL Config]: metadata: 2023-12-08 23:53:00.744--ServerSession(1250499735)--Thread(Thread[main,5,main])--The alias name for the entity class [class com.draekk.todomaster.models.Task] is being defaulted to: Task.
[EL Config]: metadata: 2023-12-08 23:53:00.745--ServerSession(1250499735)--Thread(Thread[main,5,main])--The column name for element [description] is being defaulted to: DESCRIPTION.
[EL Config]: metadata: 2023-12-08 23:53:00.745--ServerSession(1250499735)--Thread(Thread[main,5,main])--The column name for element [id] is being defaulted to: ID.
[EL Config]: metadata: 2023-12-08 23:53:00.745--ServerSession(1250499735)--Thread(Thread[main,5,main])--The column name for element [isCompleted] is being defaulted to: ISCOMPLETED.
[EL Config]: metadata: 2023-12-08 23:53:00.745--ServerSession(1250499735)--Thread(Thread[main,5,main])--The primary key column name for the mapping element [field user] is being defaulted to: ID.
[EL Finest]: jpa: 2023-12-08 23:53:00.746--ServerSession(1250499735)--Thread(Thread[main,5,main])--End predeploying Persistence Unit TodoMasterPU; session /file:/C:/Users/asahi/OneDrive/Documentos/programacion/porfolio-projects/todo-app/todo-master/todomaster/target/classes/_TodoMasterPU; state Predeployed; factoryCount 0
[EL Finer]: weaver: 2023-12-08 23:53:00.746--Thread(Thread[main,5,main])--JavaSECMPInitializer - transformer is null.
[EL Finest]: jpa: 2023-12-08 23:53:00.746--ServerSession(1250499735)--Thread(Thread[main,5,main])--Begin predeploying Persistence Unit TodoMasterPU; session /file:/C:/Users/asahi/OneDrive/Documentos/programacion/porfolio-projects/todo-app/todo-master/todomaster/target/classes/_TodoMasterPU; state Predeployed; factoryCount 0
[EL Finest]: jpa: 2023-12-08 23:53:00.747--ServerSession(1250499735)--Thread(Thread[main,5,main])--End predeploying Persistence Unit TodoMasterPU; session /file:/C:/Users/asahi/OneDrive/Documentos/programacion/porfolio-projects/todo-app/todo-master/todomaster/target/classes/_TodoMasterPU; state Predeployed; factoryCount 1
[EL Finer]: metamodel: 2023-12-08 23:53:00.747--ServerSession(1250499735)--Thread(Thread[main,5,main])--Canonical Metamodel class [com.draekk.todomaster.models.Task_] found and instantiated during initialization.
[EL Finer]: metamodel: 2023-12-08 23:53:00.747--ServerSession(1250499735)--Thread(Thread[main,5,main])--Canonical Metamodel class [com.draekk.todomaster.models.User_] found and instantiated during initialization.
[EL Finest]: jpa: 2023-12-08 23:53:00.747--ServerSession(1250499735)--Thread(Thread[main,5,main])--Begin deploying Persistence Unit TodoMasterPU; session /file:/C:/Users/asahi/OneDrive/Documentos/programacion/porfolio-projects/todo-app/todo-master/todomaster/target/classes/_TodoMasterPU; state Predeployed; factoryCount 1
[EL Finest]: jpa: 2023-12-08 23:53:00.748--ServerSession(1250499735)--Thread(Thread[main,5,main])--Bean Validation Factory was not initialized: [javax/validation/Validation].
[EL Finest]: properties: 2023-12-08 23:53:00.749--ServerSession(1250499735)--Thread(Thread[main,5,main])--property=eclipselink.logging.level; value=FINEST; translated value=FINEST
[EL Finest]: properties: 2023-12-08 23:53:00.749--ServerSession(1250499735)--Thread(Thread[main,5,main])--property=eclipselink.logging.parameters; value=true
[EL Finest]: properties: 2023-12-08 23:53:00.749--ServerSession(1250499735)--Thread(Thread[main,5,main])--property=eclipselink.logging.level; value=FINEST; translated value=FINEST
[EL Finest]: properties: 2023-12-08 23:53:00.749--ServerSession(1250499735)--Thread(Thread[main,5,main])--property=eclipselink.logging.parameters; value=true
[EL Finest]: properties: 2023-12-08 23:53:00.75--ServerSession(1250499735)--Thread(Thread[main,5,main])--property=javax.persistence.jdbc.user; value=postgres
[EL Finest]: properties: 2023-12-08 23:53:00.75--ServerSession(1250499735)--Thread(Thread[main,5,main])--property=javax.persistence.jdbc.password; value=xxxxxx
[EL Finest]: properties: 2023-12-08 23:53:00.752--ServerSession(1250499735)--Thread(Thread[main,5,main])--property=javax.persistence.jdbc.driver; value=org.postgresql.Driver
[EL Finest]: properties: 2023-12-08 23:53:00.753--ServerSession(1250499735)--Thread(Thread[main,5,main])--property=javax.persistence.jdbc.url; value=jdbc:postgresql://monorail.proxy.rlwy.net:32742/railway
[EL Info]: 2023-12-08 23:53:00.753--ServerSession(1250499735)--Thread(Thread[main,5,main])--EclipseLink, version: Eclipse Persistence Services - 2.7.12.v20230209-e5c4074ef3
[EL Severe]: ejb: 2023-12-08 23:53:00.754--ServerSession(1250499735)--Thread(Thread[main,5,main])--Local Exception Stack: 
Exception [EclipseLink-4003] (Eclipse Persistence Services - 2.7.12.v20230209-e5c4074ef3): org.eclipse.persistence.exceptions.DatabaseException
Exception Description: Configuration error.  Class [org.postgresql.Driver] not found.
	at org.eclipse.persistence.exceptions.DatabaseException.configurationErrorClassNotFound(DatabaseException.java:91)
	at org.eclipse.persistence.sessions.DefaultConnector.loadDriverClass(DefaultConnector.java:269)
	at org.eclipse.persistence.sessions.DefaultConnector.connect(DefaultConnector.java:87)
	at org.eclipse.persistence.sessions.DatasourceLogin.connectToDatasource(DatasourceLogin.java:172)
	at org.eclipse.persistence.internal.sessions.DatabaseSessionImpl.setOrDetectDatasource(DatabaseSessionImpl.java:226)
	at org.eclipse.persistence.internal.sessions.DatabaseSessionImpl.loginAndDetectDatasource(DatabaseSessionImpl.java:810)
	at org.eclipse.persistence.internal.jpa.EntityManagerFactoryProvider.login(EntityManagerFactoryProvider.java:261)
	at org.eclipse.persistence.internal.jpa.EntityManagerSetupImpl.deploy(EntityManagerSetupImpl.java:771)
	at org.eclipse.persistence.internal.jpa.EntityManagerFactoryDelegate.getAbstractSession(EntityManagerFactoryDelegate.java:222)
	at org.eclipse.persistence.internal.jpa.EntityManagerFactoryDelegate.getDatabaseSession(EntityManagerFactoryDelegate.java:200)
	at org.eclipse.persistence.internal.jpa.EntityManagerFactoryImpl.getDatabaseSession(EntityManagerFactoryImpl.java:542)
	at org.eclipse.persistence.jpa.PersistenceProvider.createEntityManagerFactoryImpl(PersistenceProvider.java:153)
	at org.eclipse.persistence.jpa.PersistenceProvider.createEntityManagerFactory(PersistenceProvider.java:191)
	at javax.persistence.Persistence.createEntityManagerFactory(Persistence.java:80)
	at javax.persistence.Persistence.createEntityManagerFactory(Persistence.java:55)
	at com.draekk.todomaster.persistence.UserJpaController.<init>(UserJpaController.java:32)
	at com.draekk.todomaster.persistence.PersistenceController.<init>(PersistenceController.java:11)
	at com.draekk.todomaster.controllers.GeneralController.<init>(GeneralController.java:15)
	at com.draekk.todomaster.controllers.GeneralControllerTest.testGetTaskList_0args(GeneralControllerTest.java:102)
	at java.base/jdk.internal.reflect.NativeMethodAccessorImpl.invoke0(Native Method)
	at java.base/jdk.internal.reflect.NativeMethodAccessorImpl.invoke(NativeMethodAccessorImpl.java:77)
	at java.base/jdk.internal.reflect.DelegatingMethodAccessorImpl.invoke(DelegatingMethodAccessorImpl.java:43)
	at java.base/java.lang.reflect.Method.invoke(Method.java:568)
	at org.junit.platform.commons.util.ReflectionUtils.invokeMethod(ReflectionUtils.java:686)
	at org.junit.jupiter.engine.execution.MethodInvocation.proceed(MethodInvocation.java:60)
	at org.junit.jupiter.engine.execution.InvocationInterceptorChain$ValidatingInvocation.proceed(InvocationInterceptorChain.java:131)
	at org.junit.jupiter.engine.extension.TimeoutExtension.intercept(TimeoutExtension.java:149)
	at org.junit.jupiter.engine.extension.TimeoutExtension.interceptTestableMethod(TimeoutExtension.java:140)
	at org.junit.jupiter.engine.extension.TimeoutExtension.interceptTestMethod(TimeoutExtension.java:84)
	at org.junit.jupiter.engine.execution.ExecutableInvoker$ReflectiveInterceptorCall.lambda$ofVoidMethod$0(ExecutableInvoker.java:115)
	at org.junit.jupiter.engine.execution.ExecutableInvoker.lambda$invoke$0(ExecutableInvoker.java:105)
	at org.junit.jupiter.engine.execution.InvocationInterceptorChain$InterceptedInvocation.proceed(InvocationInterceptorChain.java:106)
	at org.junit.jupiter.engine.execution.InvocationInterceptorChain.proceed(InvocationInterceptorChain.java:64)
	at org.junit.jupiter.engine.execution.InvocationInterceptorChain.chainAndInvoke(InvocationInterceptorChain.java:45)
	at org.junit.jupiter.engine.execution.InvocationInterceptorChain.invoke(InvocationInterceptorChain.java:37)
	at org.junit.jupiter.engine.execution.ExecutableInvoker.invoke(ExecutableInvoker.java:104)
	at org.junit.jupiter.engine.execution.ExecutableInvoker.invoke(ExecutableInvoker.java:98)
	at org.junit.jupiter.engine.descriptor.TestMethodTestDescriptor.lambda$invokeTestMethod$6(TestMethodTestDescriptor.java:205)
	at org.junit.platform.engine.support.hierarchical.ThrowableCollector.execute(ThrowableCollector.java:73)
	at org.junit.jupiter.engine.descriptor.TestMethodTestDescriptor.invokeTestMethod(TestMethodTestDescriptor.java:201)
	at org.junit.jupiter.engine.descriptor.TestMethodTestDescriptor.execute(TestMethodTestDescriptor.java:137)
	at org.junit.jupiter.engine.descriptor.TestMethodTestDescriptor.execute(TestMethodTestDescriptor.java:71)
	at org.junit.platform.engine.support.hierarchical.NodeTestTask.lambda$executeRecursively$5(NodeTestTask.java:135)
	at org.junit.platform.engine.support.hierarchical.ThrowableCollector.execute(ThrowableCollector.java:73)
	at org.junit.platform.engine.support.hierarchical.NodeTestTask.lambda$executeRecursively$7(NodeTestTask.java:125)
	at org.junit.platform.engine.support.hierarchical.Node.around(Node.java:135)
	at org.junit.platform.engine.support.hierarchical.NodeTestTask.lambda$executeRecursively$8(NodeTestTask.java:123)
	at org.junit.platform.engine.support.hierarchical.ThrowableCollector.execute(ThrowableCollector.java:73)
	at org.junit.platform.engine.support.hierarchical.NodeTestTask.executeRecursively(NodeTestTask.java:122)
	at org.junit.platform.engine.support.hierarchical.NodeTestTask.execute(NodeTestTask.java:80)
	at java.base/java.util.ArrayList.forEach(ArrayList.java:1511)
	at org.junit.platform.engine.support.hierarchical.SameThreadHierarchicalTestExecutorService.invokeAll(SameThreadHierarchicalTestExecutorService.java:38)
	at org.junit.platform.engine.support.hierarchical.NodeTestTask.lambda$executeRecursively$5(NodeTestTask.java:139)
	at org.junit.platform.engine.support.hierarchical.ThrowableCollector.execute(ThrowableCollector.java:73)
	at org.junit.platform.engine.support.hierarchical.NodeTestTask.lambda$executeRecursively$7(NodeTestTask.java:125)
	at org.junit.platform.engine.support.hierarchical.Node.around(Node.java:135)
	at org.junit.platform.engine.support.hierarchical.NodeTestTask.lambda$executeRecursively$8(NodeTestTask.java:123)
	at org.junit.platform.engine.support.hierarchical.ThrowableCollector.execute(ThrowableCollector.java:73)
	at org.junit.platform.engine.support.hierarchical.NodeTestTask.executeRecursively(NodeTestTask.java:122)
	at org.junit.platform.engine.support.hierarchical.NodeTestTask.execute(NodeTestTask.java:80)
	at java.base/java.util.ArrayList.forEach(ArrayList.java:1511)
	at org.junit.platform.engine.support.hierarchical.SameThreadHierarchicalTestExecutorService.invokeAll(SameThreadHierarchicalTestExecutorService.java:38)
	at org.junit.platform.engine.support.hierarchical.NodeTestTask.lambda$executeRecursively$5(NodeTestTask.java:139)
	at org.junit.platform.engine.support.hierarchical.ThrowableCollector.execute(ThrowableCollector.java:73)
	at org.junit.platform.engine.support.hierarchical.NodeTestTask.lambda$executeRecursively$7(NodeTestTask.java:125)
	at org.junit.platform.engine.support.hierarchical.Node.around(Node.java:135)
	at org.junit.platform.engine.support.hierarchical.NodeTestTask.lambda$executeRecursively$8(NodeTestTask.java:123)
	at org.junit.platform.engine.support.hierarchical.ThrowableCollector.execute(ThrowableCollector.java:73)
	at org.junit.platform.engine.support.hierarchical.NodeTestTask.executeRecursively(NodeTestTask.java:122)
	at org.junit.platform.engine.support.hierarchical.NodeTestTask.execute(NodeTestTask.java:80)
	at org.junit.platform.engine.support.hierarchical.SameThreadHierarchicalTestExecutorService.submit(SameThreadHierarchicalTestExecutorService.java:32)
	at org.junit.platform.engine.support.hierarchical.HierarchicalTestExecutor.execute(HierarchicalTestExecutor.java:57)
	at org.junit.platform.engine.support.hierarchical.HierarchicalTestEngine.execute(HierarchicalTestEngine.java:51)
	at org.junit.platform.launcher.core.DefaultLauncher.execute(DefaultLauncher.java:248)
	at org.junit.platform.launcher.core.DefaultLauncher.lambda$execute$5(DefaultLauncher.java:211)
	at org.junit.platform.launcher.core.DefaultLauncher.withInterceptedStreams(DefaultLauncher.java:226)
	at org.junit.platform.launcher.core.DefaultLauncher.execute(DefaultLauncher.java:199)
	at org.junit.platform.launcher.core.DefaultLauncher.execute(DefaultLauncher.java:132)
	at org.apache.maven.surefire.junitplatform.LazyLauncher.execute(LazyLauncher.java:56)
	at org.apache.maven.surefire.junitplatform.JUnitPlatformProvider.execute(JUnitPlatformProvider.java:184)
	at org.apache.maven.surefire.junitplatform.JUnitPlatformProvider.invokeAllTests(JUnitPlatformProvider.java:148)
	at org.apache.maven.surefire.junitplatform.JUnitPlatformProvider.invoke(JUnitPlatformProvider.java:122)
	at org.apache.maven.surefire.booter.ForkedBooter.runSuitesInProcess(ForkedBooter.java:385)
	at org.apache.maven.surefire.booter.ForkedBooter.execute(ForkedBooter.java:162)
	at org.apache.maven.surefire.booter.ForkedBooter.run(ForkedBooter.java:507)
	at org.apache.maven.surefire.booter.ForkedBooter.main(ForkedBooter.java:495)

[EL Finest]: jpa: 2023-12-08 23:53:00.755--ServerSession(1250499735)--Thread(Thread[main,5,main])--End deploying Persistence Unit TodoMasterPU; session /file:/C:/Users/asahi/OneDrive/Documentos/programacion/porfolio-projects/todo-app/todo-master/todomaster/target/classes/_TodoMasterPU; state HalfDeployed; factoryCount 1
[EL Finest]: jpa: 2023-12-08 23:53:00.755--ServerSession(1250499735)--Thread(Thread[main,5,main])--Begin undeploying Persistence Unit TodoMasterPU; session /file:/C:/Users/asahi/OneDrive/Documentos/programacion/porfolio-projects/todo-app/todo-master/todomaster/target/classes/_TodoMasterPU; state HalfDeployed; factoryCount 1
[EL Finest]: jpa: 2023-12-08 23:53:00.755--ServerSession(1250499735)--Thread(Thread[main,5,main])--End undeploying Persistence Unit TodoMasterPU; session /file:/C:/Users/asahi/OneDrive/Documentos/programacion/porfolio-projects/todo-app/todo-master/todomaster/target/classes/_TodoMasterPU; state Undeployed; factoryCount 0
]]></system-out>
  </testcase>
</testsuite>