<?xml version="1.0" encoding="UTF-8"?>
<testsuite xmlns:xsi="http://www.w3.org/2001/XMLSchema-instance" xsi:noNamespaceSchemaLocation="https://maven.apache.org/surefire/maven-surefire-plugin/xsd/surefire-test-report-3.0.xsd" version="3.0" name="com.draekk.todomaster.controllers.GeneralControllerTest" time="1.25" tests="8" errors="8" skipped="0" failures="0">
  <properties>
    <property name="netbeans.deploy" value="true"/>
    <property name="java.specification.version" value="17"/>
    <property name="sun.cpu.isalist" value="amd64"/>
    <property name="sun.jnu.encoding" value="Cp1252"/>
    <property name="java.class.path" value="C:\Users\asahi\OneDrive\Documentos\programacion\porfolio-projects\todo-app\todo-master\todomaster\target\test-classes;C:\Users\asahi\OneDrive\Documentos\programacion\porfolio-projects\todo-app\todo-master\todomaster\target\classes;C:\Users\asahi\.m2\repository\jakarta\platform\jakarta.jakartaee-api\10.0.0\jakarta.jakartaee-api-10.0.0.jar;C:\Users\asahi\.m2\repository\jakarta\platform\jakarta.jakartaee-web-api\10.0.0\jakarta.jakartaee-web-api-10.0.0.jar;C:\Users\asahi\.m2\repository\jakarta\servlet\jsp\jakarta.servlet.jsp-api\3.1.0\jakarta.servlet.jsp-api-3.1.0.jar;C:\Users\asahi\.m2\repository\jakarta\el\jakarta.el-api\5.0.1\jakarta.el-api-5.0.1.jar;C:\Users\asahi\.m2\repository\jakarta\servlet\jsp\jstl\jakarta.servlet.jsp.jstl-api\3.0.0\jakarta.servlet.jsp.jstl-api-3.0.0.jar;C:\Users\asahi\.m2\repository\jakarta\faces\jakarta.faces-api\4.0.1\jakarta.faces-api-4.0.1.jar;C:\Users\asahi\.m2\repository\jakarta\ws\rs\jakarta.ws.rs-api\3.1.0\jakarta.ws.rs-api-3.1.0.jar;C:\Users\asahi\.m2\repository\jakarta\websocket\jakarta.websocket-api\2.1.0\jakarta.websocket-api-2.1.0.jar;C:\Users\asahi\.m2\repository\jakarta\websocket\jakarta.websocket-client-api\2.1.0\jakarta.websocket-client-api-2.1.0.jar;C:\Users\asahi\.m2\repository\jakarta\json\jakarta.json-api\2.1.0\jakarta.json-api-2.1.0.jar;C:\Users\asahi\.m2\repository\jakarta\json\bind\jakarta.json.bind-api\3.0.0\jakarta.json.bind-api-3.0.0.jar;C:\Users\asahi\.m2\repository\jakarta\annotation\jakarta.annotation-api\2.1.1\jakarta.annotation-api-2.1.1.jar;C:\Users\asahi\.m2\repository\jakarta\ejb\jakarta.ejb-api\4.0.1\jakarta.ejb-api-4.0.1.jar;C:\Users\asahi\.m2\repository\jakarta\transaction\jakarta.transaction-api\2.0.1\jakarta.transaction-api-2.0.1.jar;C:\Users\asahi\.m2\repository\jakarta\persistence\jakarta.persistence-api\3.1.0\jakarta.persistence-api-3.1.0.jar;C:\Users\asahi\.m2\repository\jakarta\validation\jakarta.validation-api\3.0.2\jakarta.validation-api-3.0.2.jar;C:\Users\asahi\.m2\repository\jakarta\interceptor\jakarta.interceptor-api\2.1.0\jakarta.interceptor-api-2.1.0.jar;C:\Users\asahi\.m2\repository\jakarta\enterprise\jakarta.enterprise.cdi-api\4.0.1\jakarta.enterprise.cdi-api-4.0.1.jar;C:\Users\asahi\.m2\repository\jakarta\enterprise\jakarta.enterprise.lang-model\4.0.1\jakarta.enterprise.lang-model-4.0.1.jar;C:\Users\asahi\.m2\repository\jakarta\inject\jakarta.inject-api\2.0.1\jakarta.inject-api-2.0.1.jar;C:\Users\asahi\.m2\repository\jakarta\authentication\jakarta.authentication-api\3.0.0\jakarta.authentication-api-3.0.0.jar;C:\Users\asahi\.m2\repository\jakarta\security\enterprise\jakarta.security.enterprise-api\3.0.0\jakarta.security.enterprise-api-3.0.0.jar;C:\Users\asahi\.m2\repository\jakarta\jms\jakarta.jms-api\3.1.0\jakarta.jms-api-3.1.0.jar;C:\Users\asahi\.m2\repository\jakarta\activation\jakarta.activation-api\2.1.0\jakarta.activation-api-2.1.0.jar;C:\Users\asahi\.m2\repository\jakarta\mail\jakarta.mail-api\2.1.0\jakarta.mail-api-2.1.0.jar;C:\Users\asahi\.m2\repository\jakarta\resource\jakarta.resource-api\2.1.0\jakarta.resource-api-2.1.0.jar;C:\Users\asahi\.m2\repository\jakarta\authorization\jakarta.authorization-api\2.1.0\jakarta.authorization-api-2.1.0.jar;C:\Users\asahi\.m2\repository\jakarta\batch\jakarta.batch-api\2.1.1\jakarta.batch-api-2.1.1.jar;C:\Users\asahi\.m2\repository\jakarta\servlet\jakarta.servlet-api\6.0.0\jakarta.servlet-api-6.0.0.jar;C:\Users\asahi\.m2\repository\org\eclipse\persistence\org.eclipse.persistence.core\2.7.12\org.eclipse.persistence.core-2.7.12.jar;C:\Users\asahi\.m2\repository\org\eclipse\persistence\org.eclipse.persistence.asm\9.4.0\org.eclipse.persistence.asm-9.4.0.jar;C:\Users\asahi\.m2\repository\org\eclipse\persistence\org.eclipse.persistence.antlr\2.7.12\org.eclipse.persistence.antlr-2.7.12.jar;C:\Users\asahi\.m2\repository\org\eclipse\persistence\org.eclipse.persistence.jpa\2.7.12\org.eclipse.persistence.jpa-2.7.12.jar;C:\Users\asahi\.m2\repository\org\eclipse\persistence\org.eclipse.persistence.jpa.jpql\2.7.12\org.eclipse.persistence.jpa.jpql-2.7.12.jar;C:\Users\asahi\.m2\repository\org\eclipse\persistence\org.eclipse.persistence.moxy\2.7.12\org.eclipse.persistence.moxy-2.7.12.jar;C:\Users\asahi\.m2\repository\org\eclipse\persistence\jakarta.persistence\2.2.3\jakarta.persistence-2.2.3.jar;C:\Users\asahi\.m2\repository\org\eclipse\persistence\org.eclipse.persistence.jpa.modelgen.processor\2.7.12\org.eclipse.persistence.jpa.modelgen.processor-2.7.12.jar;C:\Users\asahi\.m2\repository\javax\servlet\javax.servlet-api\4.0.1\javax.servlet-api-4.0.1.jar;C:\Users\asahi\.m2\repository\org\eclipse\parsson\jakarta.json\1.1.5\jakarta.json-1.1.5.jar;C:\Users\asahi\.m2\repository\org\junit\jupiter\junit-jupiter-api\5.6.0\junit-jupiter-api-5.6.0.jar;C:\Users\asahi\.m2\repository\org\apiguardian\apiguardian-api\1.1.0\apiguardian-api-1.1.0.jar;C:\Users\asahi\.m2\repository\org\opentest4j\opentest4j\1.2.0\opentest4j-1.2.0.jar;C:\Users\asahi\.m2\repository\org\junit\platform\junit-platform-commons\1.6.0\junit-platform-commons-1.6.0.jar;C:\Users\asahi\.m2\repository\org\junit\jupiter\junit-jupiter-params\5.6.0\junit-jupiter-params-5.6.0.jar;C:\Users\asahi\.m2\repository\org\junit\jupiter\junit-jupiter-engine\5.6.0\junit-jupiter-engine-5.6.0.jar;C:\Users\asahi\.m2\repository\org\junit\platform\junit-platform-engine\1.6.0\junit-platform-engine-1.6.0.jar;"/>
    <property name="java.vm.vendor" value="Eclipse Adoptium"/>
    <property name="sun.arch.data.model" value="64"/>
    <property name="user.variant" value=""/>
    <property name="exec.appArgs" value=""/>
    <property name="java.vendor.url" value="https://adoptium.net/"/>
    <property name="user.timezone" value="America/Santiago"/>
    <property name="os.name" value="Windows 11"/>
    <property name="java.vm.specification.version" value="17"/>
    <property name="user.country" value="CL"/>
    <property name="sun.java.launcher" value="SUN_STANDARD"/>
    <property name="sun.boot.library.path" value="C:\Users\asahi\OneDrive\Documentos\NetBeansJDKs\OpenJDK17U-jdk_x64_windows_hotspot_17.0.9_9\jdk-17.0.9+9\bin"/>
    <property name="sun.java.command" value="C:\Users\asahi\AppData\Local\Temp\surefire2175167589373742123\surefirebooter-20231208155617267_3.jar C:\Users\asahi\AppData\Local\Temp\surefire2175167589373742123 2023-12-08T15-56-16_978-jvmRun1 surefire-20231208155617267_1tmp surefire_0-20231208155617267_2tmp"/>
    <property name="jdk.debug" value="release"/>
    <property name="exec.vmArgs" value=""/>
    <property name="surefire.test.class.path" value="C:\Users\asahi\OneDrive\Documentos\programacion\porfolio-projects\todo-app\todo-master\todomaster\target\test-classes;C:\Users\asahi\OneDrive\Documentos\programacion\porfolio-projects\todo-app\todo-master\todomaster\target\classes;C:\Users\asahi\.m2\repository\jakarta\platform\jakarta.jakartaee-api\10.0.0\jakarta.jakartaee-api-10.0.0.jar;C:\Users\asahi\.m2\repository\jakarta\platform\jakarta.jakartaee-web-api\10.0.0\jakarta.jakartaee-web-api-10.0.0.jar;C:\Users\asahi\.m2\repository\jakarta\servlet\jsp\jakarta.servlet.jsp-api\3.1.0\jakarta.servlet.jsp-api-3.1.0.jar;C:\Users\asahi\.m2\repository\jakarta\el\jakarta.el-api\5.0.1\jakarta.el-api-5.0.1.jar;C:\Users\asahi\.m2\repository\jakarta\servlet\jsp\jstl\jakarta.servlet.jsp.jstl-api\3.0.0\jakarta.servlet.jsp.jstl-api-3.0.0.jar;C:\Users\asahi\.m2\repository\jakarta\faces\jakarta.faces-api\4.0.1\jakarta.faces-api-4.0.1.jar;C:\Users\asahi\.m2\repository\jakarta\ws\rs\jakarta.ws.rs-api\3.1.0\jakarta.ws.rs-api-3.1.0.jar;C:\Users\asahi\.m2\repository\jakarta\websocket\jakarta.websocket-api\2.1.0\jakarta.websocket-api-2.1.0.jar;C:\Users\asahi\.m2\repository\jakarta\websocket\jakarta.websocket-client-api\2.1.0\jakarta.websocket-client-api-2.1.0.jar;C:\Users\asahi\.m2\repository\jakarta\json\jakarta.json-api\2.1.0\jakarta.json-api-2.1.0.jar;C:\Users\asahi\.m2\repository\jakarta\json\bind\jakarta.json.bind-api\3.0.0\jakarta.json.bind-api-3.0.0.jar;C:\Users\asahi\.m2\repository\jakarta\annotation\jakarta.annotation-api\2.1.1\jakarta.annotation-api-2.1.1.jar;C:\Users\asahi\.m2\repository\jakarta\ejb\jakarta.ejb-api\4.0.1\jakarta.ejb-api-4.0.1.jar;C:\Users\asahi\.m2\repository\jakarta\transaction\jakarta.transaction-api\2.0.1\jakarta.transaction-api-2.0.1.jar;C:\Users\asahi\.m2\repository\jakarta\persistence\jakarta.persistence-api\3.1.0\jakarta.persistence-api-3.1.0.jar;C:\Users\asahi\.m2\repository\jakarta\validation\jakarta.validation-api\3.0.2\jakarta.validation-api-3.0.2.jar;C:\Users\asahi\.m2\repository\jakarta\interceptor\jakarta.interceptor-api\2.1.0\jakarta.interceptor-api-2.1.0.jar;C:\Users\asahi\.m2\repository\jakarta\enterprise\jakarta.enterprise.cdi-api\4.0.1\jakarta.enterprise.cdi-api-4.0.1.jar;C:\Users\asahi\.m2\repository\jakarta\enterprise\jakarta.enterprise.lang-model\4.0.1\jakarta.enterprise.lang-model-4.0.1.jar;C:\Users\asahi\.m2\repository\jakarta\inject\jakarta.inject-api\2.0.1\jakarta.inject-api-2.0.1.jar;C:\Users\asahi\.m2\repository\jakarta\authentication\jakarta.authentication-api\3.0.0\jakarta.authentication-api-3.0.0.jar;C:\Users\asahi\.m2\repository\jakarta\security\enterprise\jakarta.security.enterprise-api\3.0.0\jakarta.security.enterprise-api-3.0.0.jar;C:\Users\asahi\.m2\repository\jakarta\jms\jakarta.jms-api\3.1.0\jakarta.jms-api-3.1.0.jar;C:\Users\asahi\.m2\repository\jakarta\activation\jakarta.activation-api\2.1.0\jakarta.activation-api-2.1.0.jar;C:\Users\asahi\.m2\repository\jakarta\mail\jakarta.mail-api\2.1.0\jakarta.mail-api-2.1.0.jar;C:\Users\asahi\.m2\repository\jakarta\resource\jakarta.resource-api\2.1.0\jakarta.resource-api-2.1.0.jar;C:\Users\asahi\.m2\repository\jakarta\authorization\jakarta.authorization-api\2.1.0\jakarta.authorization-api-2.1.0.jar;C:\Users\asahi\.m2\repository\jakarta\batch\jakarta.batch-api\2.1.1\jakarta.batch-api-2.1.1.jar;C:\Users\asahi\.m2\repository\jakarta\servlet\jakarta.servlet-api\6.0.0\jakarta.servlet-api-6.0.0.jar;C:\Users\asahi\.m2\repository\org\eclipse\persistence\org.eclipse.persistence.core\2.7.12\org.eclipse.persistence.core-2.7.12.jar;C:\Users\asahi\.m2\repository\org\eclipse\persistence\org.eclipse.persistence.asm\9.4.0\org.eclipse.persistence.asm-9.4.0.jar;C:\Users\asahi\.m2\repository\org\eclipse\persistence\org.eclipse.persistence.antlr\2.7.12\org.eclipse.persistence.antlr-2.7.12.jar;C:\Users\asahi\.m2\repository\org\eclipse\persistence\org.eclipse.persistence.jpa\2.7.12\org.eclipse.persistence.jpa-2.7.12.jar;C:\Users\asahi\.m2\repository\org\eclipse\persistence\org.eclipse.persistence.jpa.jpql\2.7.12\org.eclipse.persistence.jpa.jpql-2.7.12.jar;C:\Users\asahi\.m2\repository\org\eclipse\persistence\org.eclipse.persistence.moxy\2.7.12\org.eclipse.persistence.moxy-2.7.12.jar;C:\Users\asahi\.m2\repository\org\eclipse\persistence\jakarta.persistence\2.2.3\jakarta.persistence-2.2.3.jar;C:\Users\asahi\.m2\repository\org\eclipse\persistence\org.eclipse.persistence.jpa.modelgen.processor\2.7.12\org.eclipse.persistence.jpa.modelgen.processor-2.7.12.jar;C:\Users\asahi\.m2\repository\javax\servlet\javax.servlet-api\4.0.1\javax.servlet-api-4.0.1.jar;C:\Users\asahi\.m2\repository\org\eclipse\parsson\jakarta.json\1.1.5\jakarta.json-1.1.5.jar;C:\Users\asahi\.m2\repository\org\junit\jupiter\junit-jupiter-api\5.6.0\junit-jupiter-api-5.6.0.jar;C:\Users\asahi\.m2\repository\org\apiguardian\apiguardian-api\1.1.0\apiguardian-api-1.1.0.jar;C:\Users\asahi\.m2\repository\org\opentest4j\opentest4j\1.2.0\opentest4j-1.2.0.jar;C:\Users\asahi\.m2\repository\org\junit\platform\junit-platform-commons\1.6.0\junit-platform-commons-1.6.0.jar;C:\Users\asahi\.m2\repository\org\junit\jupiter\junit-jupiter-params\5.6.0\junit-jupiter-params-5.6.0.jar;C:\Users\asahi\.m2\repository\org\junit\jupiter\junit-jupiter-engine\5.6.0\junit-jupiter-engine-5.6.0.jar;C:\Users\asahi\.m2\repository\org\junit\platform\junit-platform-engine\1.6.0\junit-platform-engine-1.6.0.jar;"/>
    <property name="sun.cpu.endian" value="little"/>
    <property name="user.home" value="C:\Users\asahi"/>
    <property name="user.language" value="es"/>
    <property name="java.specification.vendor" value="Oracle Corporation"/>
    <property name="java.version.date" value="2023-10-17"/>
    <property name="java.home" value="C:\Users\asahi\OneDrive\Documentos\NetBeansJDKs\OpenJDK17U-jdk_x64_windows_hotspot_17.0.9_9\jdk-17.0.9+9"/>
    <property name="file.separator" value="\"/>
    <property name="basedir" value="C:\Users\asahi\OneDrive\Documentos\programacion\porfolio-projects\todo-app\todo-master\todomaster"/>
    <property name="java.vm.compressedOopsMode" value="32-bit"/>
    <property name="line.separator" value="&#10;"/>
    <property name="java.vm.specification.vendor" value="Oracle Corporation"/>
    <property name="java.specification.name" value="Java Platform API Specification"/>
    <property name="surefire.real.class.path" value="C:\Users\asahi\AppData\Local\Temp\surefire2175167589373742123\surefirebooter-20231208155617267_3.jar"/>
    <property name="user.script" value=""/>
    <property name="sun.management.compiler" value="HotSpot 64-Bit Tiered Compilers"/>
    <property name="java.runtime.version" value="17.0.9+9"/>
    <property name="user.name" value="asahi"/>
    <property name="path.separator" value=";"/>
    <property name="os.version" value="10.0"/>
    <property name="java.runtime.name" value="OpenJDK Runtime Environment"/>
    <property name="file.encoding" value="Cp1252"/>
    <property name="java.vm.name" value="OpenJDK 64-Bit Server VM"/>
    <property name="java.vendor.version" value="Temurin-17.0.9+9"/>
    <property name="maven.ext.class.path" value="C:\Program Files\NetBeans-19\netbeans\java\maven-nblib\netbeans-eventspy.jar"/>
    <property name="localRepository" value="C:\Users\asahi\.m2\repository"/>
    <property name="java.vendor.url.bug" value="https://github.com/adoptium/adoptium-support/issues"/>
    <property name="java.io.tmpdir" value="C:\Users\asahi\AppData\Local\Temp\"/>
    <property name="java.version" value="17.0.9"/>
    <property name="user.dir" value="C:\Users\asahi\OneDrive\Documentos\programacion\porfolio-projects\todo-app\todo-master\todomaster"/>
    <property name="os.arch" value="amd64"/>
    <property name="java.vm.specification.name" value="Java Virtual Machine Specification"/>
    <property name="sun.os.patch.level" value=""/>
    <property name="native.encoding" value="Cp1252"/>
    <property name="java.library.path" value="C:\Users\asahi\OneDrive\Documentos\NetBeansJDKs\OpenJDK17U-jdk_x64_windows_hotspot_17.0.9_9\jdk-17.0.9+9\bin;C:\Windows\Sun\Java\bin;C:\Windows\system32;C:\Windows;C:\Program Files\OpenLogic\jdk-17.0.9.9-hotspot\bin;C:\Program Files\OpenLogic\jdk-11.0.21.9-hotspot\bin;C:\Program Files\OpenLogic\jdk-8.0.392.08-hotspot\bin;C:\Program Files\Python312\Scripts\;C:\Program Files\Python312\;C:\Program Files\Eclipse Adoptium\jdk-21.0.1.12-hotspot\bin;C:\Program Files\Eclipse Adoptium\jdk-11.0.21.9-hotspot\bin;C:\Program Files\Eclipse Adoptium\jdk-17.0.9.9-hotspot\bin;C:\Program Files\Eclipse Adoptium\jdk-8.0.392.8-hotspot\bin;C:\Program Files\Eclipse Adoptium\jre-21.0.1.12-hotspot\bin;C:\Program Files\Eclipse Adoptium\jre-8.0.392.8-hotspot\bin;C:\Program Files\Eclipse Adoptium\jre-17.0.9.9-hotspot\bin;C:\Program Files\Eclipse Adoptium\jre-11.0.21.9-hotspot\bin;C:\Windows\system32;C:\Windows;C:\Windows\System32\Wbem;C:\Windows\System32\WindowsPowerShell\v1.0\;C:\Windows\System32\OpenSSH\;C:\Program Files\Microsoft VS Code\bin;C:\Program Files\Git\cmd;C:\Program Files\MySQL\MySQL Shell 8.0\bin\;C:\Users\asahi\AppData\Local\Microsoft\WindowsApps;;."/>
    <property name="java.vm.info" value="mixed mode, sharing"/>
    <property name="java.vendor" value="Eclipse Adoptium"/>
    <property name="java.vm.version" value="17.0.9+9"/>
    <property name="sun.io.unicode.encoding" value="UnicodeLittle"/>
    <property name="java.class.version" value="61.0"/>
  </properties>
  <testcase name="testGetTaskList_long" classname="com.draekk.todomaster.controllers.GeneralControllerTest" time="0.652">
    <error message="Exception [EclipseLink-4003] (Eclipse Persistence Services - 2.7.12.v20230209-e5c4074ef3): org.eclipse.persistence.exceptions.DatabaseException&#10;Exception Description: Configuration error.  Class [org.postgresql.Driver] not found." type="javax.persistence.PersistenceException"><![CDATA[javax.persistence.PersistenceException: 
Exception [EclipseLink-4003] (Eclipse Persistence Services - 2.7.12.v20230209-e5c4074ef3): org.eclipse.persistence.exceptions.DatabaseException
Exception Description: Configuration error.  Class [org.postgresql.Driver] not found.
	at org.eclipse.persistence.internal.jpa.EntityManagerSetupImpl.deploy(EntityManagerSetupImpl.java:854)
	at org.eclipse.persistence.internal.jpa.EntityManagerFactoryDelegate.getAbstractSession(EntityManagerFactoryDelegate.java:222)
	at org.eclipse.persistence.internal.jpa.EntityManagerFactoryDelegate.getDatabaseSession(EntityManagerFactoryDelegate.java:200)
	at org.eclipse.persistence.internal.jpa.EntityManagerFactoryImpl.getDatabaseSession(EntityManagerFactoryImpl.java:542)
	at org.eclipse.persistence.jpa.PersistenceProvider.createEntityManagerFactoryImpl(PersistenceProvider.java:153)
	at org.eclipse.persistence.jpa.PersistenceProvider.createEntityManagerFactory(PersistenceProvider.java:191)
	at javax.persistence.Persistence.createEntityManagerFactory(Persistence.java:80)
	at javax.persistence.Persistence.createEntityManagerFactory(Persistence.java:55)
	at com.draekk.todomaster.persistence.UserJpaController.<init>(UserJpaController.java:32)
	at com.draekk.todomaster.persistence.PersistenceController.<init>(PersistenceController.java:11)
	at com.draekk.todomaster.controllers.GeneralController.<init>(GeneralController.java:15)
	at com.draekk.todomaster.controllers.GeneralControllerTest.testGetTaskList_long(GeneralControllerTest.java:117)
	at java.base/jdk.internal.reflect.NativeMethodAccessorImpl.invoke0(Native Method)
	at java.base/jdk.internal.reflect.NativeMethodAccessorImpl.invoke(NativeMethodAccessorImpl.java:77)
	at java.base/jdk.internal.reflect.DelegatingMethodAccessorImpl.invoke(DelegatingMethodAccessorImpl.java:43)
	at java.base/java.lang.reflect.Method.invoke(Method.java:568)
	at org.junit.platform.commons.util.ReflectionUtils.invokeMethod(ReflectionUtils.java:686)
	at org.junit.jupiter.engine.execution.MethodInvocation.proceed(MethodInvocation.java:60)
	at org.junit.jupiter.engine.execution.InvocationInterceptorChain$ValidatingInvocation.proceed(InvocationInterceptorChain.java:131)
	at org.junit.jupiter.engine.extension.TimeoutExtension.intercept(TimeoutExtension.java:149)
	at org.junit.jupiter.engine.extension.TimeoutExtension.interceptTestableMethod(TimeoutExtension.java:140)
	at org.junit.jupiter.engine.extension.TimeoutExtension.interceptTestMethod(TimeoutExtension.java:84)
	at org.junit.jupiter.engine.execution.ExecutableInvoker$ReflectiveInterceptorCall.lambda$ofVoidMethod$0(ExecutableInvoker.java:115)
	at org.junit.jupiter.engine.execution.ExecutableInvoker.lambda$invoke$0(ExecutableInvoker.java:105)
	at org.junit.jupiter.engine.execution.InvocationInterceptorChain$InterceptedInvocation.proceed(InvocationInterceptorChain.java:106)
	at org.junit.jupiter.engine.execution.InvocationInterceptorChain.proceed(InvocationInterceptorChain.java:64)
	at org.junit.jupiter.engine.execution.InvocationInterceptorChain.chainAndInvoke(InvocationInterceptorChain.java:45)
	at org.junit.jupiter.engine.execution.InvocationInterceptorChain.invoke(InvocationInterceptorChain.java:37)
	at org.junit.jupiter.engine.execution.ExecutableInvoker.invoke(ExecutableInvoker.java:104)
	at org.junit.jupiter.engine.execution.ExecutableInvoker.invoke(ExecutableInvoker.java:98)
	at org.junit.jupiter.engine.descriptor.TestMethodTestDescriptor.lambda$invokeTestMethod$6(TestMethodTestDescriptor.java:205)
	at org.junit.platform.engine.support.hierarchical.ThrowableCollector.execute(ThrowableCollector.java:73)
	at org.junit.jupiter.engine.descriptor.TestMethodTestDescriptor.invokeTestMethod(TestMethodTestDescriptor.java:201)
	at org.junit.jupiter.engine.descriptor.TestMethodTestDescriptor.execute(TestMethodTestDescriptor.java:137)
	at org.junit.jupiter.engine.descriptor.TestMethodTestDescriptor.execute(TestMethodTestDescriptor.java:71)
	at org.junit.platform.engine.support.hierarchical.NodeTestTask.lambda$executeRecursively$5(NodeTestTask.java:135)
	at org.junit.platform.engine.support.hierarchical.ThrowableCollector.execute(ThrowableCollector.java:73)
	at org.junit.platform.engine.support.hierarchical.NodeTestTask.lambda$executeRecursively$7(NodeTestTask.java:125)
	at org.junit.platform.engine.support.hierarchical.Node.around(Node.java:135)
	at org.junit.platform.engine.support.hierarchical.NodeTestTask.lambda$executeRecursively$8(NodeTestTask.java:123)
	at org.junit.platform.engine.support.hierarchical.ThrowableCollector.execute(ThrowableCollector.java:73)
	at org.junit.platform.engine.support.hierarchical.NodeTestTask.executeRecursively(NodeTestTask.java:122)
	at org.junit.platform.engine.support.hierarchical.NodeTestTask.execute(NodeTestTask.java:80)
	at java.base/java.util.ArrayList.forEach(ArrayList.java:1511)
	at org.junit.platform.engine.support.hierarchical.SameThreadHierarchicalTestExecutorService.invokeAll(SameThreadHierarchicalTestExecutorService.java:38)
	at org.junit.platform.engine.support.hierarchical.NodeTestTask.lambda$executeRecursively$5(NodeTestTask.java:139)
	at org.junit.platform.engine.support.hierarchical.ThrowableCollector.execute(ThrowableCollector.java:73)
	at org.junit.platform.engine.support.hierarchical.NodeTestTask.lambda$executeRecursively$7(NodeTestTask.java:125)
	at org.junit.platform.engine.support.hierarchical.Node.around(Node.java:135)
	at org.junit.platform.engine.support.hierarchical.NodeTestTask.lambda$executeRecursively$8(NodeTestTask.java:123)
	at org.junit.platform.engine.support.hierarchical.ThrowableCollector.execute(ThrowableCollector.java:73)
	at org.junit.platform.engine.support.hierarchical.NodeTestTask.executeRecursively(NodeTestTask.java:122)
	at org.junit.platform.engine.support.hierarchical.NodeTestTask.execute(NodeTestTask.java:80)
	at java.base/java.util.ArrayList.forEach(ArrayList.java:1511)
	at org.junit.platform.engine.support.hierarchical.SameThreadHierarchicalTestExecutorService.invokeAll(SameThreadHierarchicalTestExecutorService.java:38)
	at org.junit.platform.engine.support.hierarchical.NodeTestTask.lambda$executeRecursively$5(NodeTestTask.java:139)
	at org.junit.platform.engine.support.hierarchical.ThrowableCollector.execute(ThrowableCollector.java:73)
	at org.junit.platform.engine.support.hierarchical.NodeTestTask.lambda$executeRecursively$7(NodeTestTask.java:125)
	at org.junit.platform.engine.support.hierarchical.Node.around(Node.java:135)
	at org.junit.platform.engine.support.hierarchical.NodeTestTask.lambda$executeRecursively$8(NodeTestTask.java:123)
	at org.junit.platform.engine.support.hierarchical.ThrowableCollector.execute(ThrowableCollector.java:73)
	at org.junit.platform.engine.support.hierarchical.NodeTestTask.executeRecursively(NodeTestTask.java:122)
	at org.junit.platform.engine.support.hierarchical.NodeTestTask.execute(NodeTestTask.java:80)
	at org.junit.platform.engine.support.hierarchical.SameThreadHierarchicalTestExecutorService.submit(SameThreadHierarchicalTestExecutorService.java:32)
	at org.junit.platform.engine.support.hierarchical.HierarchicalTestExecutor.execute(HierarchicalTestExecutor.java:57)
	at org.junit.platform.engine.support.hierarchical.HierarchicalTestEngine.execute(HierarchicalTestEngine.java:51)
	at org.junit.platform.launcher.core.DefaultLauncher.execute(DefaultLauncher.java:248)
	at org.junit.platform.launcher.core.DefaultLauncher.lambda$execute$5(DefaultLauncher.java:211)
	at org.junit.platform.launcher.core.DefaultLauncher.withInterceptedStreams(DefaultLauncher.java:226)
	at org.junit.platform.launcher.core.DefaultLauncher.execute(DefaultLauncher.java:199)
	at org.junit.platform.launcher.core.DefaultLauncher.execute(DefaultLauncher.java:132)
	at org.apache.maven.surefire.junitplatform.LazyLauncher.execute(LazyLauncher.java:56)
	at org.apache.maven.surefire.junitplatform.JUnitPlatformProvider.execute(JUnitPlatformProvider.java:184)
	at org.apache.maven.surefire.junitplatform.JUnitPlatformProvider.invokeAllTests(JUnitPlatformProvider.java:148)
	at org.apache.maven.surefire.junitplatform.JUnitPlatformProvider.invoke(JUnitPlatformProvider.java:122)
	at org.apache.maven.surefire.booter.ForkedBooter.runSuitesInProcess(ForkedBooter.java:385)
	at org.apache.maven.surefire.booter.ForkedBooter.execute(ForkedBooter.java:162)
	at org.apache.maven.surefire.booter.ForkedBooter.run(ForkedBooter.java:507)
	at org.apache.maven.surefire.booter.ForkedBooter.main(ForkedBooter.java:495)
Caused by: Exception [EclipseLink-4003] (Eclipse Persistence Services - 2.7.12.v20230209-e5c4074ef3): org.eclipse.persistence.exceptions.DatabaseException
Exception Description: Configuration error.  Class [org.postgresql.Driver] not found.
	at org.eclipse.persistence.exceptions.DatabaseException.configurationErrorClassNotFound(DatabaseException.java:91)
	at org.eclipse.persistence.sessions.DefaultConnector.loadDriverClass(DefaultConnector.java:269)
	at org.eclipse.persistence.sessions.DefaultConnector.connect(DefaultConnector.java:87)
	at org.eclipse.persistence.sessions.DatasourceLogin.connectToDatasource(DatasourceLogin.java:172)
	at org.eclipse.persistence.internal.sessions.DatabaseSessionImpl.setOrDetectDatasource(DatabaseSessionImpl.java:226)
	at org.eclipse.persistence.internal.sessions.DatabaseSessionImpl.loginAndDetectDatasource(DatabaseSessionImpl.java:810)
	at org.eclipse.persistence.internal.jpa.EntityManagerFactoryProvider.login(EntityManagerFactoryProvider.java:261)
	at org.eclipse.persistence.internal.jpa.EntityManagerSetupImpl.deploy(EntityManagerSetupImpl.java:771)
	... 78 more
]]></error>
    <system-out><![CDATA[getTaskList
[EL Finest]: properties: 2023-12-08 15:56:18.637--ServerSession(850551034)--Thread(Thread[main,5,main])--property=eclipselink.logging.parameters; value=true
[EL Fine]: server: 2023-12-08 15:56:18.647--Thread(Thread[main,5,main])--Configured server platform: org.eclipse.persistence.platform.server.NoServerPlatform
[EL Finest]: jpa: 2023-12-08 15:56:18.648--ServerSession(850551034)--Thread(Thread[main,5,main])--Begin predeploying Persistence Unit TodoMasterPU; session /file:/C:/Users/asahi/OneDrive/Documentos/programacion/porfolio-projects/todo-app/todo-master/todomaster/target/classes/_TodoMasterPU; state Initial; factoryCount 0
[EL Finest]: properties: 2023-12-08 15:56:18.649--ServerSession(850551034)--Thread(Thread[main,5,main])--property=eclipselink.orm.throw.exceptions; default value=true
[EL Finest]: properties: 2023-12-08 15:56:18.65--ServerSession(850551034)--Thread(Thread[main,5,main])--property=eclipselink.multitenant.tenants-share-emf; default value=true
[EL Finest]: properties: 2023-12-08 15:56:18.651--ServerSession(850551034)--Thread(Thread[main,5,main])--property=eclipselink.multitenant.tenants-share-cache; default value=false
[EL Finer]: metadata: 2023-12-08 15:56:18.665--Thread(Thread[main,5,main])--Searching for mapping file: [META-INF/orm.xml] at root URL: [file:/C:/Users/asahi/OneDrive/Documentos/programacion/porfolio-projects/todo-app/todo-master/todomaster/target/classes/].
[EL Finer]: metadata: 2023-12-08 15:56:18.676--Thread(Thread[main,5,main])--Searching for mapping file: [META-INF/eclipselink-orm.xml] at root URL: [file:/C:/Users/asahi/OneDrive/Documentos/programacion/porfolio-projects/todo-app/todo-master/todomaster/target/classes/].
[EL Config]: metadata: 2023-12-08 15:56:18.806--ServerSession(850551034)--Thread(Thread[main,5,main])--The access type for the persistent class [class com.draekk.todomaster.models.User] is set to [FIELD].
[EL Config]: metadata: 2023-12-08 15:56:18.834--ServerSession(850551034)--Thread(Thread[main,5,main])--The target entity (reference) class for the one to many mapping element [field tasks] is being defaulted to: class com.draekk.todomaster.models.Task.
[EL Config]: metadata: 2023-12-08 15:56:18.835--ServerSession(850551034)--Thread(Thread[main,5,main])--The access type for the persistent class [class com.draekk.todomaster.models.Task] is set to [FIELD].
[EL Config]: metadata: 2023-12-08 15:56:18.837--ServerSession(850551034)--Thread(Thread[main,5,main])--The target entity (reference) class for the many to one mapping element [field user] is being defaulted to: class com.draekk.todomaster.models.User.
[EL Config]: metadata: 2023-12-08 15:56:18.837--ServerSession(850551034)--Thread(Thread[main,5,main])--The alias name for the entity class [class com.draekk.todomaster.models.User] is being defaulted to: User.
[EL Config]: metadata: 2023-12-08 15:56:18.853--ServerSession(850551034)--Thread(Thread[main,5,main])--The column name for element [lastName] is being defaulted to: LASTNAME.
[EL Config]: metadata: 2023-12-08 15:56:18.854--ServerSession(850551034)--Thread(Thread[main,5,main])--The column name for element [password] is being defaulted to: PASSWORD.
[EL Config]: metadata: 2023-12-08 15:56:18.855--ServerSession(850551034)--Thread(Thread[main,5,main])--The column name for element [name] is being defaulted to: NAME.
[EL Config]: metadata: 2023-12-08 15:56:18.855--ServerSession(850551034)--Thread(Thread[main,5,main])--The column name for element [id] is being defaulted to: ID.
[EL Config]: metadata: 2023-12-08 15:56:18.855--ServerSession(850551034)--Thread(Thread[main,5,main])--The column name for element [email] is being defaulted to: EMAIL.
[EL Config]: metadata: 2023-12-08 15:56:18.856--ServerSession(850551034)--Thread(Thread[main,5,main])--The column name for element [username] is being defaulted to: USERNAME.
[EL Config]: metadata: 2023-12-08 15:56:18.856--ServerSession(850551034)--Thread(Thread[main,5,main])--The alias name for the entity class [class com.draekk.todomaster.models.Task] is being defaulted to: Task.
[EL Config]: metadata: 2023-12-08 15:56:18.856--ServerSession(850551034)--Thread(Thread[main,5,main])--The column name for element [description] is being defaulted to: DESCRIPTION.
[EL Config]: metadata: 2023-12-08 15:56:18.856--ServerSession(850551034)--Thread(Thread[main,5,main])--The column name for element [id] is being defaulted to: ID.
[EL Config]: metadata: 2023-12-08 15:56:18.857--ServerSession(850551034)--Thread(Thread[main,5,main])--The column name for element [isCompleted] is being defaulted to: ISCOMPLETED.
[EL Config]: metadata: 2023-12-08 15:56:18.866--ServerSession(850551034)--Thread(Thread[main,5,main])--The primary key column name for the mapping element [field user] is being defaulted to: ID.
[EL Finest]: jpa: 2023-12-08 15:56:18.892--ServerSession(850551034)--Thread(Thread[main,5,main])--End predeploying Persistence Unit TodoMasterPU; session /file:/C:/Users/asahi/OneDrive/Documentos/programacion/porfolio-projects/todo-app/todo-master/todomaster/target/classes/_TodoMasterPU; state Predeployed; factoryCount 0
[EL Finer]: weaver: 2023-12-08 15:56:18.892--Thread(Thread[main,5,main])--JavaSECMPInitializer - transformer is null.
[EL Finest]: jpa: 2023-12-08 15:56:18.893--ServerSession(850551034)--Thread(Thread[main,5,main])--Begin predeploying Persistence Unit TodoMasterPU; session /file:/C:/Users/asahi/OneDrive/Documentos/programacion/porfolio-projects/todo-app/todo-master/todomaster/target/classes/_TodoMasterPU; state Predeployed; factoryCount 0
[EL Finest]: jpa: 2023-12-08 15:56:18.893--ServerSession(850551034)--Thread(Thread[main,5,main])--End predeploying Persistence Unit TodoMasterPU; session /file:/C:/Users/asahi/OneDrive/Documentos/programacion/porfolio-projects/todo-app/todo-master/todomaster/target/classes/_TodoMasterPU; state Predeployed; factoryCount 1
[EL Finer]: metamodel: 2023-12-08 15:56:18.9--ServerSession(850551034)--Thread(Thread[main,5,main])--Canonical Metamodel class [com.draekk.todomaster.models.Task_] found and instantiated during initialization.
[EL Finer]: metamodel: 2023-12-08 15:56:18.901--ServerSession(850551034)--Thread(Thread[main,5,main])--Canonical Metamodel class [com.draekk.todomaster.models.User_] found and instantiated during initialization.
[EL Finest]: jpa: 2023-12-08 15:56:18.902--ServerSession(850551034)--Thread(Thread[main,5,main])--Begin deploying Persistence Unit TodoMasterPU; session /file:/C:/Users/asahi/OneDrive/Documentos/programacion/porfolio-projects/todo-app/todo-master/todomaster/target/classes/_TodoMasterPU; state Predeployed; factoryCount 1
[EL Finest]: jpa: 2023-12-08 15:56:18.913--ServerSession(850551034)--Thread(Thread[main,5,main])--Bean Validation Factory was not initialized: [javax/validation/Validation].
[EL Finer]: 2023-12-08 15:56:18.916--Thread(Thread[main,5,main])--initializing session manager
[EL Finest]: properties: 2023-12-08 15:56:18.917--ServerSession(850551034)--Thread(Thread[main,5,main])--property=eclipselink.logging.level; value=FINEST; translated value=FINEST
[EL Finest]: properties: 2023-12-08 15:56:18.917--ServerSession(850551034)--Thread(Thread[main,5,main])--property=eclipselink.logging.parameters; value=true
[EL Finest]: properties: 2023-12-08 15:56:18.917--ServerSession(850551034)--Thread(Thread[main,5,main])--property=eclipselink.logging.level; value=FINEST; translated value=FINEST
[EL Finest]: properties: 2023-12-08 15:56:18.917--ServerSession(850551034)--Thread(Thread[main,5,main])--property=eclipselink.logging.parameters; value=true
[EL Finest]: properties: 2023-12-08 15:56:18.919--ServerSession(850551034)--Thread(Thread[main,5,main])--property=javax.persistence.jdbc.user; value=postgres
[EL Finest]: properties: 2023-12-08 15:56:18.919--ServerSession(850551034)--Thread(Thread[main,5,main])--property=javax.persistence.jdbc.password; value=xxxxxx
[EL Finest]: properties: 2023-12-08 15:56:18.993--ServerSession(850551034)--Thread(Thread[main,5,main])--property=javax.persistence.jdbc.driver; value=org.postgresql.Driver
[EL Finest]: properties: 2023-12-08 15:56:18.994--ServerSession(850551034)--Thread(Thread[main,5,main])--property=javax.persistence.jdbc.url; value=jdbc:postgresql://monorail.proxy.rlwy.net:32742/railway
[EL Info]: 2023-12-08 15:56:18.996--ServerSession(850551034)--Thread(Thread[main,5,main])--EclipseLink, version: Eclipse Persistence Services - 2.7.12.v20230209-e5c4074ef3
[EL Severe]: ejb: 2023-12-08 15:56:19.001--ServerSession(850551034)--Thread(Thread[main,5,main])--Local Exception Stack: 
Exception [EclipseLink-4003] (Eclipse Persistence Services - 2.7.12.v20230209-e5c4074ef3): org.eclipse.persistence.exceptions.DatabaseException
Exception Description: Configuration error.  Class [org.postgresql.Driver] not found.
	at org.eclipse.persistence.exceptions.DatabaseException.configurationErrorClassNotFound(DatabaseException.java:91)
	at org.eclipse.persistence.sessions.DefaultConnector.loadDriverClass(DefaultConnector.java:269)
	at org.eclipse.persistence.sessions.DefaultConnector.connect(DefaultConnector.java:87)
	at org.eclipse.persistence.sessions.DatasourceLogin.connectToDatasource(DatasourceLogin.java:172)
	at org.eclipse.persistence.internal.sessions.DatabaseSessionImpl.setOrDetectDatasource(DatabaseSessionImpl.java:226)
	at org.eclipse.persistence.internal.sessions.DatabaseSessionImpl.loginAndDetectDatasource(DatabaseSessionImpl.java:810)
	at org.eclipse.persistence.internal.jpa.EntityManagerFactoryProvider.login(EntityManagerFactoryProvider.java:261)
	at org.eclipse.persistence.internal.jpa.EntityManagerSetupImpl.deploy(EntityManagerSetupImpl.java:771)
	at org.eclipse.persistence.internal.jpa.EntityManagerFactoryDelegate.getAbstractSession(EntityManagerFactoryDelegate.java:222)
	at org.eclipse.persistence.internal.jpa.EntityManagerFactoryDelegate.getDatabaseSession(EntityManagerFactoryDelegate.java:200)
	at org.eclipse.persistence.internal.jpa.EntityManagerFactoryImpl.getDatabaseSession(EntityManagerFactoryImpl.java:542)
	at org.eclipse.persistence.jpa.PersistenceProvider.createEntityManagerFactoryImpl(PersistenceProvider.java:153)
	at org.eclipse.persistence.jpa.PersistenceProvider.createEntityManagerFactory(PersistenceProvider.java:191)
	at javax.persistence.Persistence.createEntityManagerFactory(Persistence.java:80)
	at javax.persistence.Persistence.createEntityManagerFactory(Persistence.java:55)
	at com.draekk.todomaster.persistence.UserJpaController.<init>(UserJpaController.java:32)
	at com.draekk.todomaster.persistence.PersistenceController.<init>(PersistenceController.java:11)
	at com.draekk.todomaster.controllers.GeneralController.<init>(GeneralController.java:15)
	at com.draekk.todomaster.controllers.GeneralControllerTest.testGetTaskList_long(GeneralControllerTest.java:117)
	at java.base/jdk.internal.reflect.NativeMethodAccessorImpl.invoke0(Native Method)
	at java.base/jdk.internal.reflect.NativeMethodAccessorImpl.invoke(NativeMethodAccessorImpl.java:77)
	at java.base/jdk.internal.reflect.DelegatingMethodAccessorImpl.invoke(DelegatingMethodAccessorImpl.java:43)
	at java.base/java.lang.reflect.Method.invoke(Method.java:568)
	at org.junit.platform.commons.util.ReflectionUtils.invokeMethod(ReflectionUtils.java:686)
	at org.junit.jupiter.engine.execution.MethodInvocation.proceed(MethodInvocation.java:60)
	at org.junit.jupiter.engine.execution.InvocationInterceptorChain$ValidatingInvocation.proceed(InvocationInterceptorChain.java:131)
	at org.junit.jupiter.engine.extension.TimeoutExtension.intercept(TimeoutExtension.java:149)
	at org.junit.jupiter.engine.extension.TimeoutExtension.interceptTestableMethod(TimeoutExtension.java:140)
	at org.junit.jupiter.engine.extension.TimeoutExtension.interceptTestMethod(TimeoutExtension.java:84)
	at org.junit.jupiter.engine.execution.ExecutableInvoker$ReflectiveInterceptorCall.lambda$ofVoidMethod$0(ExecutableInvoker.java:115)
	at org.junit.jupiter.engine.execution.ExecutableInvoker.lambda$invoke$0(ExecutableInvoker.java:105)
	at org.junit.jupiter.engine.execution.InvocationInterceptorChain$InterceptedInvocation.proceed(InvocationInterceptorChain.java:106)
	at org.junit.jupiter.engine.execution.InvocationInterceptorChain.proceed(InvocationInterceptorChain.java:64)
	at org.junit.jupiter.engine.execution.InvocationInterceptorChain.chainAndInvoke(InvocationInterceptorChain.java:45)
	at org.junit.jupiter.engine.execution.InvocationInterceptorChain.invoke(InvocationInterceptorChain.java:37)
	at org.junit.jupiter.engine.execution.ExecutableInvoker.invoke(ExecutableInvoker.java:104)
	at org.junit.jupiter.engine.execution.ExecutableInvoker.invoke(ExecutableInvoker.java:98)
	at org.junit.jupiter.engine.descriptor.TestMethodTestDescriptor.lambda$invokeTestMethod$6(TestMethodTestDescriptor.java:205)
	at org.junit.platform.engine.support.hierarchical.ThrowableCollector.execute(ThrowableCollector.java:73)
	at org.junit.jupiter.engine.descriptor.TestMethodTestDescriptor.invokeTestMethod(TestMethodTestDescriptor.java:201)
	at org.junit.jupiter.engine.descriptor.TestMethodTestDescriptor.execute(TestMethodTestDescriptor.java:137)
	at org.junit.jupiter.engine.descriptor.TestMethodTestDescriptor.execute(TestMethodTestDescriptor.java:71)
	at org.junit.platform.engine.support.hierarchical.NodeTestTask.lambda$executeRecursively$5(NodeTestTask.java:135)
	at org.junit.platform.engine.support.hierarchical.ThrowableCollector.execute(ThrowableCollector.java:73)
	at org.junit.platform.engine.support.hierarchical.NodeTestTask.lambda$executeRecursively$7(NodeTestTask.java:125)
	at org.junit.platform.engine.support.hierarchical.Node.around(Node.java:135)
	at org.junit.platform.engine.support.hierarchical.NodeTestTask.lambda$executeRecursively$8(NodeTestTask.java:123)
	at org.junit.platform.engine.support.hierarchical.ThrowableCollector.execute(ThrowableCollector.java:73)
	at org.junit.platform.engine.support.hierarchical.NodeTestTask.executeRecursively(NodeTestTask.java:122)
	at org.junit.platform.engine.support.hierarchical.NodeTestTask.execute(NodeTestTask.java:80)
	at java.base/java.util.ArrayList.forEach(ArrayList.java:1511)
	at org.junit.platform.engine.support.hierarchical.SameThreadHierarchicalTestExecutorService.invokeAll(SameThreadHierarchicalTestExecutorService.java:38)
	at org.junit.platform.engine.support.hierarchical.NodeTestTask.lambda$executeRecursively$5(NodeTestTask.java:139)
	at org.junit.platform.engine.support.hierarchical.ThrowableCollector.execute(ThrowableCollector.java:73)
	at org.junit.platform.engine.support.hierarchical.NodeTestTask.lambda$executeRecursively$7(NodeTestTask.java:125)
	at org.junit.platform.engine.support.hierarchical.Node.around(Node.java:135)
	at org.junit.platform.engine.support.hierarchical.NodeTestTask.lambda$executeRecursively$8(NodeTestTask.java:123)
	at org.junit.platform.engine.support.hierarchical.ThrowableCollector.execute(ThrowableCollector.java:73)
	at org.junit.platform.engine.support.hierarchical.NodeTestTask.executeRecursively(NodeTestTask.java:122)
	at org.junit.platform.engine.support.hierarchical.NodeTestTask.execute(NodeTestTask.java:80)
	at java.base/java.util.ArrayList.forEach(ArrayList.java:1511)
	at org.junit.platform.engine.support.hierarchical.SameThreadHierarchicalTestExecutorService.invokeAll(SameThreadHierarchicalTestExecutorService.java:38)
	at org.junit.platform.engine.support.hierarchical.NodeTestTask.lambda$executeRecursively$5(NodeTestTask.java:139)
	at org.junit.platform.engine.support.hierarchical.ThrowableCollector.execute(ThrowableCollector.java:73)
	at org.junit.platform.engine.support.hierarchical.NodeTestTask.lambda$executeRecursively$7(NodeTestTask.java:125)
	at org.junit.platform.engine.support.hierarchical.Node.around(Node.java:135)
	at org.junit.platform.engine.support.hierarchical.NodeTestTask.lambda$executeRecursively$8(NodeTestTask.java:123)
	at org.junit.platform.engine.support.hierarchical.ThrowableCollector.execute(ThrowableCollector.java:73)
	at org.junit.platform.engine.support.hierarchical.NodeTestTask.executeRecursively(NodeTestTask.java:122)
	at org.junit.platform.engine.support.hierarchical.NodeTestTask.execute(NodeTestTask.java:80)
	at org.junit.platform.engine.support.hierarchical.SameThreadHierarchicalTestExecutorService.submit(SameThreadHierarchicalTestExecutorService.java:32)
	at org.junit.platform.engine.support.hierarchical.HierarchicalTestExecutor.execute(HierarchicalTestExecutor.java:57)
	at org.junit.platform.engine.support.hierarchical.HierarchicalTestEngine.execute(HierarchicalTestEngine.java:51)
	at org.junit.platform.launcher.core.DefaultLauncher.execute(DefaultLauncher.java:248)
	at org.junit.platform.launcher.core.DefaultLauncher.lambda$execute$5(DefaultLauncher.java:211)
	at org.junit.platform.launcher.core.DefaultLauncher.withInterceptedStreams(DefaultLauncher.java:226)
	at org.junit.platform.launcher.core.DefaultLauncher.execute(DefaultLauncher.java:199)
	at org.junit.platform.launcher.core.DefaultLauncher.execute(DefaultLauncher.java:132)
	at org.apache.maven.surefire.junitplatform.LazyLauncher.execute(LazyLauncher.java:56)
	at org.apache.maven.surefire.junitplatform.JUnitPlatformProvider.execute(JUnitPlatformProvider.java:184)
	at org.apache.maven.surefire.junitplatform.JUnitPlatformProvider.invokeAllTests(JUnitPlatformProvider.java:148)
	at org.apache.maven.surefire.junitplatform.JUnitPlatformProvider.invoke(JUnitPlatformProvider.java:122)
	at org.apache.maven.surefire.booter.ForkedBooter.runSuitesInProcess(ForkedBooter.java:385)
	at org.apache.maven.surefire.booter.ForkedBooter.execute(ForkedBooter.java:162)
	at org.apache.maven.surefire.booter.ForkedBooter.run(ForkedBooter.java:507)
	at org.apache.maven.surefire.booter.ForkedBooter.main(ForkedBooter.java:495)

[EL Finest]: jpa: 2023-12-08 15:56:19.011--ServerSession(850551034)--Thread(Thread[main,5,main])--End deploying Persistence Unit TodoMasterPU; session /file:/C:/Users/asahi/OneDrive/Documentos/programacion/porfolio-projects/todo-app/todo-master/todomaster/target/classes/_TodoMasterPU; state HalfDeployed; factoryCount 1
[EL Finest]: jpa: 2023-12-08 15:56:19.011--ServerSession(850551034)--Thread(Thread[main,5,main])--Begin undeploying Persistence Unit TodoMasterPU; session /file:/C:/Users/asahi/OneDrive/Documentos/programacion/porfolio-projects/todo-app/todo-master/todomaster/target/classes/_TodoMasterPU; state HalfDeployed; factoryCount 1
[EL Finest]: jpa: 2023-12-08 15:56:19.011--ServerSession(850551034)--Thread(Thread[main,5,main])--End undeploying Persistence Unit TodoMasterPU; session /file:/C:/Users/asahi/OneDrive/Documentos/programacion/porfolio-projects/todo-app/todo-master/todomaster/target/classes/_TodoMasterPU; state Undeployed; factoryCount 0
]]></system-out>
  </testcase>
  <testcase name="testGetLoginUser" classname="com.draekk.todomaster.controllers.GeneralControllerTest" time="0.092">
    <error message="Exception [EclipseLink-4003] (Eclipse Persistence Services - 2.7.12.v20230209-e5c4074ef3): org.eclipse.persistence.exceptions.DatabaseException&#10;Exception Description: Configuration error.  Class [org.postgresql.Driver] not found." type="javax.persistence.PersistenceException"><![CDATA[javax.persistence.PersistenceException: 
Exception [EclipseLink-4003] (Eclipse Persistence Services - 2.7.12.v20230209-e5c4074ef3): org.eclipse.persistence.exceptions.DatabaseException
Exception Description: Configuration error.  Class [org.postgresql.Driver] not found.
	at org.eclipse.persistence.internal.jpa.EntityManagerSetupImpl.deploy(EntityManagerSetupImpl.java:854)
	at org.eclipse.persistence.internal.jpa.EntityManagerFactoryDelegate.getAbstractSession(EntityManagerFactoryDelegate.java:222)
	at org.eclipse.persistence.internal.jpa.EntityManagerFactoryDelegate.getDatabaseSession(EntityManagerFactoryDelegate.java:200)
	at org.eclipse.persistence.internal.jpa.EntityManagerFactoryImpl.getDatabaseSession(EntityManagerFactoryImpl.java:542)
	at org.eclipse.persistence.jpa.PersistenceProvider.createEntityManagerFactoryImpl(PersistenceProvider.java:153)
	at org.eclipse.persistence.jpa.PersistenceProvider.createEntityManagerFactory(PersistenceProvider.java:191)
	at javax.persistence.Persistence.createEntityManagerFactory(Persistence.java:80)
	at javax.persistence.Persistence.createEntityManagerFactory(Persistence.java:55)
	at com.draekk.todomaster.persistence.UserJpaController.<init>(UserJpaController.java:32)
	at com.draekk.todomaster.persistence.PersistenceController.<init>(PersistenceController.java:11)
	at com.draekk.todomaster.controllers.GeneralController.<init>(GeneralController.java:15)
	at com.draekk.todomaster.controllers.GeneralControllerTest.testGetLoginUser(GeneralControllerTest.java:74)
	at java.base/jdk.internal.reflect.NativeMethodAccessorImpl.invoke0(Native Method)
	at java.base/jdk.internal.reflect.NativeMethodAccessorImpl.invoke(NativeMethodAccessorImpl.java:77)
	at java.base/jdk.internal.reflect.DelegatingMethodAccessorImpl.invoke(DelegatingMethodAccessorImpl.java:43)
	at java.base/java.lang.reflect.Method.invoke(Method.java:568)
	at org.junit.platform.commons.util.ReflectionUtils.invokeMethod(ReflectionUtils.java:686)
	at org.junit.jupiter.engine.execution.MethodInvocation.proceed(MethodInvocation.java:60)
	at org.junit.jupiter.engine.execution.InvocationInterceptorChain$ValidatingInvocation.proceed(InvocationInterceptorChain.java:131)
	at org.junit.jupiter.engine.extension.TimeoutExtension.intercept(TimeoutExtension.java:149)
	at org.junit.jupiter.engine.extension.TimeoutExtension.interceptTestableMethod(TimeoutExtension.java:140)
	at org.junit.jupiter.engine.extension.TimeoutExtension.interceptTestMethod(TimeoutExtension.java:84)
	at org.junit.jupiter.engine.execution.ExecutableInvoker$ReflectiveInterceptorCall.lambda$ofVoidMethod$0(ExecutableInvoker.java:115)
	at org.junit.jupiter.engine.execution.ExecutableInvoker.lambda$invoke$0(ExecutableInvoker.java:105)
	at org.junit.jupiter.engine.execution.InvocationInterceptorChain$InterceptedInvocation.proceed(InvocationInterceptorChain.java:106)
	at org.junit.jupiter.engine.execution.InvocationInterceptorChain.proceed(InvocationInterceptorChain.java:64)
	at org.junit.jupiter.engine.execution.InvocationInterceptorChain.chainAndInvoke(InvocationInterceptorChain.java:45)
	at org.junit.jupiter.engine.execution.InvocationInterceptorChain.invoke(InvocationInterceptorChain.java:37)
	at org.junit.jupiter.engine.execution.ExecutableInvoker.invoke(ExecutableInvoker.java:104)
	at org.junit.jupiter.engine.execution.ExecutableInvoker.invoke(ExecutableInvoker.java:98)
	at org.junit.jupiter.engine.descriptor.TestMethodTestDescriptor.lambda$invokeTestMethod$6(TestMethodTestDescriptor.java:205)
	at org.junit.platform.engine.support.hierarchical.ThrowableCollector.execute(ThrowableCollector.java:73)
	at org.junit.jupiter.engine.descriptor.TestMethodTestDescriptor.invokeTestMethod(TestMethodTestDescriptor.java:201)
	at org.junit.jupiter.engine.descriptor.TestMethodTestDescriptor.execute(TestMethodTestDescriptor.java:137)
	at org.junit.jupiter.engine.descriptor.TestMethodTestDescriptor.execute(TestMethodTestDescriptor.java:71)
	at org.junit.platform.engine.support.hierarchical.NodeTestTask.lambda$executeRecursively$5(NodeTestTask.java:135)
	at org.junit.platform.engine.support.hierarchical.ThrowableCollector.execute(ThrowableCollector.java:73)
	at org.junit.platform.engine.support.hierarchical.NodeTestTask.lambda$executeRecursively$7(NodeTestTask.java:125)
	at org.junit.platform.engine.support.hierarchical.Node.around(Node.java:135)
	at org.junit.platform.engine.support.hierarchical.NodeTestTask.lambda$executeRecursively$8(NodeTestTask.java:123)
	at org.junit.platform.engine.support.hierarchical.ThrowableCollector.execute(ThrowableCollector.java:73)
	at org.junit.platform.engine.support.hierarchical.NodeTestTask.executeRecursively(NodeTestTask.java:122)
	at org.junit.platform.engine.support.hierarchical.NodeTestTask.execute(NodeTestTask.java:80)
	at java.base/java.util.ArrayList.forEach(ArrayList.java:1511)
	at org.junit.platform.engine.support.hierarchical.SameThreadHierarchicalTestExecutorService.invokeAll(SameThreadHierarchicalTestExecutorService.java:38)
	at org.junit.platform.engine.support.hierarchical.NodeTestTask.lambda$executeRecursively$5(NodeTestTask.java:139)
	at org.junit.platform.engine.support.hierarchical.ThrowableCollector.execute(ThrowableCollector.java:73)
	at org.junit.platform.engine.support.hierarchical.NodeTestTask.lambda$executeRecursively$7(NodeTestTask.java:125)
	at org.junit.platform.engine.support.hierarchical.Node.around(Node.java:135)
	at org.junit.platform.engine.support.hierarchical.NodeTestTask.lambda$executeRecursively$8(NodeTestTask.java:123)
	at org.junit.platform.engine.support.hierarchical.ThrowableCollector.execute(ThrowableCollector.java:73)
	at org.junit.platform.engine.support.hierarchical.NodeTestTask.executeRecursively(NodeTestTask.java:122)
	at org.junit.platform.engine.support.hierarchical.NodeTestTask.execute(NodeTestTask.java:80)
	at java.base/java.util.ArrayList.forEach(ArrayList.java:1511)
	at org.junit.platform.engine.support.hierarchical.SameThreadHierarchicalTestExecutorService.invokeAll(SameThreadHierarchicalTestExecutorService.java:38)
	at org.junit.platform.engine.support.hierarchical.NodeTestTask.lambda$executeRecursively$5(NodeTestTask.java:139)
	at org.junit.platform.engine.support.hierarchical.ThrowableCollector.execute(ThrowableCollector.java:73)
	at org.junit.platform.engine.support.hierarchical.NodeTestTask.lambda$executeRecursively$7(NodeTestTask.java:125)
	at org.junit.platform.engine.support.hierarchical.Node.around(Node.java:135)
	at org.junit.platform.engine.support.hierarchical.NodeTestTask.lambda$executeRecursively$8(NodeTestTask.java:123)
	at org.junit.platform.engine.support.hierarchical.ThrowableCollector.execute(ThrowableCollector.java:73)
	at org.junit.platform.engine.support.hierarchical.NodeTestTask.executeRecursively(NodeTestTask.java:122)
	at org.junit.platform.engine.support.hierarchical.NodeTestTask.execute(NodeTestTask.java:80)
	at org.junit.platform.engine.support.hierarchical.SameThreadHierarchicalTestExecutorService.submit(SameThreadHierarchicalTestExecutorService.java:32)
	at org.junit.platform.engine.support.hierarchical.HierarchicalTestExecutor.execute(HierarchicalTestExecutor.java:57)
	at org.junit.platform.engine.support.hierarchical.HierarchicalTestEngine.execute(HierarchicalTestEngine.java:51)
	at org.junit.platform.launcher.core.DefaultLauncher.execute(DefaultLauncher.java:248)
	at org.junit.platform.launcher.core.DefaultLauncher.lambda$execute$5(DefaultLauncher.java:211)
	at org.junit.platform.launcher.core.DefaultLauncher.withInterceptedStreams(DefaultLauncher.java:226)
	at org.junit.platform.launcher.core.DefaultLauncher.execute(DefaultLauncher.java:199)
	at org.junit.platform.launcher.core.DefaultLauncher.execute(DefaultLauncher.java:132)
	at org.apache.maven.surefire.junitplatform.LazyLauncher.execute(LazyLauncher.java:56)
	at org.apache.maven.surefire.junitplatform.JUnitPlatformProvider.execute(JUnitPlatformProvider.java:184)
	at org.apache.maven.surefire.junitplatform.JUnitPlatformProvider.invokeAllTests(JUnitPlatformProvider.java:148)
	at org.apache.maven.surefire.junitplatform.JUnitPlatformProvider.invoke(JUnitPlatformProvider.java:122)
	at org.apache.maven.surefire.booter.ForkedBooter.runSuitesInProcess(ForkedBooter.java:385)
	at org.apache.maven.surefire.booter.ForkedBooter.execute(ForkedBooter.java:162)
	at org.apache.maven.surefire.booter.ForkedBooter.run(ForkedBooter.java:507)
	at org.apache.maven.surefire.booter.ForkedBooter.main(ForkedBooter.java:495)
Caused by: Exception [EclipseLink-4003] (Eclipse Persistence Services - 2.7.12.v20230209-e5c4074ef3): org.eclipse.persistence.exceptions.DatabaseException
Exception Description: Configuration error.  Class [org.postgresql.Driver] not found.
	at org.eclipse.persistence.exceptions.DatabaseException.configurationErrorClassNotFound(DatabaseException.java:91)
	at org.eclipse.persistence.sessions.DefaultConnector.loadDriverClass(DefaultConnector.java:269)
	at org.eclipse.persistence.sessions.DefaultConnector.connect(DefaultConnector.java:87)
	at org.eclipse.persistence.sessions.DatasourceLogin.connectToDatasource(DatasourceLogin.java:172)
	at org.eclipse.persistence.internal.sessions.DatabaseSessionImpl.setOrDetectDatasource(DatabaseSessionImpl.java:226)
	at org.eclipse.persistence.internal.sessions.DatabaseSessionImpl.loginAndDetectDatasource(DatabaseSessionImpl.java:810)
	at org.eclipse.persistence.internal.jpa.EntityManagerFactoryProvider.login(EntityManagerFactoryProvider.java:261)
	at org.eclipse.persistence.internal.jpa.EntityManagerSetupImpl.deploy(EntityManagerSetupImpl.java:771)
	... 78 more
]]></error>
    <system-out><![CDATA[getLoginUser
[EL Finer]: 2023-12-08 15:56:19.033--Thread(Thread[main,5,main])--fixUNC: before fixing: url = file:/C:/Users/asahi/OneDrive/Documentos/programacion/porfolio-projects/todo-app/todo-master/todomaster/target/classes/, authority = , file = /C:/Users/asahi/OneDrive/Documentos/programacion/porfolio-projects/todo-app/todo-master/todomaster/target/classes/ (There is no English translation for this message.)
[EL Finer]: 2023-12-08 15:56:19.037--Thread(Thread[main,5,main])--fixUNC: after fixing: url = file:/C:/Users/asahi/OneDrive/Documentos/programacion/porfolio-projects/todo-app/todo-master/todomaster/target/classes/, authority = null, file = /C:/Users/asahi/OneDrive/Documentos/programacion/porfolio-projects/todo-app/todo-master/todomaster/target/classes/ (There is no English translation for this message.)
[EL Fine]: moxy: 2023-12-08 15:56:19.044--Thread(Thread[main,5,main])--SAXParserFactory instance: com.sun.org.apache.xerces.internal.jaxp.SAXParserFactoryImpl@5c44c582
[EL Finer]: jpa: 2023-12-08 15:56:19.046--Thread(Thread[main,5,main])--JavaSECMPInitializer - predeploying TodoMasterPU.
[EL Finest]: properties: 2023-12-08 15:56:19.055--ServerSession(1741786839)--Thread(Thread[main,5,main])--property=eclipselink.logging.parameters; value=true
[EL Fine]: server: 2023-12-08 15:56:19.055--Thread(Thread[main,5,main])--Configured server platform: org.eclipse.persistence.platform.server.NoServerPlatform
[EL Finest]: jpa: 2023-12-08 15:56:19.055--ServerSession(1741786839)--Thread(Thread[main,5,main])--Begin predeploying Persistence Unit TodoMasterPU; session /file:/C:/Users/asahi/OneDrive/Documentos/programacion/porfolio-projects/todo-app/todo-master/todomaster/target/classes/_TodoMasterPU; state Initial; factoryCount 0
[EL Finest]: properties: 2023-12-08 15:56:19.056--ServerSession(1741786839)--Thread(Thread[main,5,main])--property=eclipselink.orm.throw.exceptions; default value=true
[EL Finest]: properties: 2023-12-08 15:56:19.056--ServerSession(1741786839)--Thread(Thread[main,5,main])--property=eclipselink.multitenant.tenants-share-emf; default value=true
[EL Finest]: properties: 2023-12-08 15:56:19.056--ServerSession(1741786839)--Thread(Thread[main,5,main])--property=eclipselink.multitenant.tenants-share-cache; default value=false
[EL Finer]: metadata: 2023-12-08 15:56:19.056--Thread(Thread[main,5,main])--Searching for mapping file: [META-INF/orm.xml] at root URL: [file:/C:/Users/asahi/OneDrive/Documentos/programacion/porfolio-projects/todo-app/todo-master/todomaster/target/classes/].
[EL Finer]: metadata: 2023-12-08 15:56:19.062--Thread(Thread[main,5,main])--Searching for mapping file: [META-INF/eclipselink-orm.xml] at root URL: [file:/C:/Users/asahi/OneDrive/Documentos/programacion/porfolio-projects/todo-app/todo-master/todomaster/target/classes/].
[EL Config]: metadata: 2023-12-08 15:56:19.092--ServerSession(1741786839)--Thread(Thread[main,5,main])--The access type for the persistent class [class com.draekk.todomaster.models.User] is set to [FIELD].
[EL Config]: metadata: 2023-12-08 15:56:19.094--ServerSession(1741786839)--Thread(Thread[main,5,main])--The target entity (reference) class for the one to many mapping element [field tasks] is being defaulted to: class com.draekk.todomaster.models.Task.
[EL Config]: metadata: 2023-12-08 15:56:19.096--ServerSession(1741786839)--Thread(Thread[main,5,main])--The access type for the persistent class [class com.draekk.todomaster.models.Task] is set to [FIELD].
[EL Config]: metadata: 2023-12-08 15:56:19.096--ServerSession(1741786839)--Thread(Thread[main,5,main])--The target entity (reference) class for the many to one mapping element [field user] is being defaulted to: class com.draekk.todomaster.models.User.
[EL Config]: metadata: 2023-12-08 15:56:19.098--ServerSession(1741786839)--Thread(Thread[main,5,main])--The alias name for the entity class [class com.draekk.todomaster.models.User] is being defaulted to: User.
[EL Config]: metadata: 2023-12-08 15:56:19.099--ServerSession(1741786839)--Thread(Thread[main,5,main])--The column name for element [lastName] is being defaulted to: LASTNAME.
[EL Config]: metadata: 2023-12-08 15:56:19.1--ServerSession(1741786839)--Thread(Thread[main,5,main])--The column name for element [password] is being defaulted to: PASSWORD.
[EL Config]: metadata: 2023-12-08 15:56:19.1--ServerSession(1741786839)--Thread(Thread[main,5,main])--The column name for element [name] is being defaulted to: NAME.
[EL Config]: metadata: 2023-12-08 15:56:19.101--ServerSession(1741786839)--Thread(Thread[main,5,main])--The column name for element [id] is being defaulted to: ID.
[EL Config]: metadata: 2023-12-08 15:56:19.101--ServerSession(1741786839)--Thread(Thread[main,5,main])--The column name for element [email] is being defaulted to: EMAIL.
[EL Config]: metadata: 2023-12-08 15:56:19.102--ServerSession(1741786839)--Thread(Thread[main,5,main])--The column name for element [username] is being defaulted to: USERNAME.
[EL Config]: metadata: 2023-12-08 15:56:19.102--ServerSession(1741786839)--Thread(Thread[main,5,main])--The alias name for the entity class [class com.draekk.todomaster.models.Task] is being defaulted to: Task.
[EL Config]: metadata: 2023-12-08 15:56:19.103--ServerSession(1741786839)--Thread(Thread[main,5,main])--The column name for element [description] is being defaulted to: DESCRIPTION.
[EL Config]: metadata: 2023-12-08 15:56:19.103--ServerSession(1741786839)--Thread(Thread[main,5,main])--The column name for element [id] is being defaulted to: ID.
[EL Config]: metadata: 2023-12-08 15:56:19.104--ServerSession(1741786839)--Thread(Thread[main,5,main])--The column name for element [isCompleted] is being defaulted to: ISCOMPLETED.
[EL Config]: metadata: 2023-12-08 15:56:19.107--ServerSession(1741786839)--Thread(Thread[main,5,main])--The primary key column name for the mapping element [field user] is being defaulted to: ID.
[EL Finest]: jpa: 2023-12-08 15:56:19.108--ServerSession(1741786839)--Thread(Thread[main,5,main])--End predeploying Persistence Unit TodoMasterPU; session /file:/C:/Users/asahi/OneDrive/Documentos/programacion/porfolio-projects/todo-app/todo-master/todomaster/target/classes/_TodoMasterPU; state Predeployed; factoryCount 0
[EL Finer]: weaver: 2023-12-08 15:56:19.109--Thread(Thread[main,5,main])--JavaSECMPInitializer - transformer is null.
[EL Finest]: jpa: 2023-12-08 15:56:19.109--ServerSession(1741786839)--Thread(Thread[main,5,main])--Begin predeploying Persistence Unit TodoMasterPU; session /file:/C:/Users/asahi/OneDrive/Documentos/programacion/porfolio-projects/todo-app/todo-master/todomaster/target/classes/_TodoMasterPU; state Predeployed; factoryCount 0
[EL Finest]: jpa: 2023-12-08 15:56:19.11--ServerSession(1741786839)--Thread(Thread[main,5,main])--End predeploying Persistence Unit TodoMasterPU; session /file:/C:/Users/asahi/OneDrive/Documentos/programacion/porfolio-projects/todo-app/todo-master/todomaster/target/classes/_TodoMasterPU; state Predeployed; factoryCount 1
[EL Finer]: metamodel: 2023-12-08 15:56:19.11--ServerSession(1741786839)--Thread(Thread[main,5,main])--Canonical Metamodel class [com.draekk.todomaster.models.Task_] found and instantiated during initialization.
[EL Finer]: metamodel: 2023-12-08 15:56:19.11--ServerSession(1741786839)--Thread(Thread[main,5,main])--Canonical Metamodel class [com.draekk.todomaster.models.User_] found and instantiated during initialization.
[EL Finest]: jpa: 2023-12-08 15:56:19.111--ServerSession(1741786839)--Thread(Thread[main,5,main])--Begin deploying Persistence Unit TodoMasterPU; session /file:/C:/Users/asahi/OneDrive/Documentos/programacion/porfolio-projects/todo-app/todo-master/todomaster/target/classes/_TodoMasterPU; state Predeployed; factoryCount 1
[EL Finest]: jpa: 2023-12-08 15:56:19.112--ServerSession(1741786839)--Thread(Thread[main,5,main])--Bean Validation Factory was not initialized: [javax/validation/Validation].
[EL Finest]: properties: 2023-12-08 15:56:19.112--ServerSession(1741786839)--Thread(Thread[main,5,main])--property=eclipselink.logging.level; value=FINEST; translated value=FINEST
[EL Finest]: properties: 2023-12-08 15:56:19.112--ServerSession(1741786839)--Thread(Thread[main,5,main])--property=eclipselink.logging.parameters; value=true
[EL Finest]: properties: 2023-12-08 15:56:19.112--ServerSession(1741786839)--Thread(Thread[main,5,main])--property=eclipselink.logging.level; value=FINEST; translated value=FINEST
[EL Finest]: properties: 2023-12-08 15:56:19.113--ServerSession(1741786839)--Thread(Thread[main,5,main])--property=eclipselink.logging.parameters; value=true
[EL Finest]: properties: 2023-12-08 15:56:19.113--ServerSession(1741786839)--Thread(Thread[main,5,main])--property=javax.persistence.jdbc.user; value=postgres
[EL Finest]: properties: 2023-12-08 15:56:19.113--ServerSession(1741786839)--Thread(Thread[main,5,main])--property=javax.persistence.jdbc.password; value=xxxxxx
[EL Finest]: properties: 2023-12-08 15:56:19.116--ServerSession(1741786839)--Thread(Thread[main,5,main])--property=javax.persistence.jdbc.driver; value=org.postgresql.Driver
[EL Finest]: properties: 2023-12-08 15:56:19.117--ServerSession(1741786839)--Thread(Thread[main,5,main])--property=javax.persistence.jdbc.url; value=jdbc:postgresql://monorail.proxy.rlwy.net:32742/railway
[EL Info]: 2023-12-08 15:56:19.117--ServerSession(1741786839)--Thread(Thread[main,5,main])--EclipseLink, version: Eclipse Persistence Services - 2.7.12.v20230209-e5c4074ef3
[EL Severe]: ejb: 2023-12-08 15:56:19.118--ServerSession(1741786839)--Thread(Thread[main,5,main])--Local Exception Stack: 
Exception [EclipseLink-4003] (Eclipse Persistence Services - 2.7.12.v20230209-e5c4074ef3): org.eclipse.persistence.exceptions.DatabaseException
Exception Description: Configuration error.  Class [org.postgresql.Driver] not found.
	at org.eclipse.persistence.exceptions.DatabaseException.configurationErrorClassNotFound(DatabaseException.java:91)
	at org.eclipse.persistence.sessions.DefaultConnector.loadDriverClass(DefaultConnector.java:269)
	at org.eclipse.persistence.sessions.DefaultConnector.connect(DefaultConnector.java:87)
	at org.eclipse.persistence.sessions.DatasourceLogin.connectToDatasource(DatasourceLogin.java:172)
	at org.eclipse.persistence.internal.sessions.DatabaseSessionImpl.setOrDetectDatasource(DatabaseSessionImpl.java:226)
	at org.eclipse.persistence.internal.sessions.DatabaseSessionImpl.loginAndDetectDatasource(DatabaseSessionImpl.java:810)
	at org.eclipse.persistence.internal.jpa.EntityManagerFactoryProvider.login(EntityManagerFactoryProvider.java:261)
	at org.eclipse.persistence.internal.jpa.EntityManagerSetupImpl.deploy(EntityManagerSetupImpl.java:771)
	at org.eclipse.persistence.internal.jpa.EntityManagerFactoryDelegate.getAbstractSession(EntityManagerFactoryDelegate.java:222)
	at org.eclipse.persistence.internal.jpa.EntityManagerFactoryDelegate.getDatabaseSession(EntityManagerFactoryDelegate.java:200)
	at org.eclipse.persistence.internal.jpa.EntityManagerFactoryImpl.getDatabaseSession(EntityManagerFactoryImpl.java:542)
	at org.eclipse.persistence.jpa.PersistenceProvider.createEntityManagerFactoryImpl(PersistenceProvider.java:153)
	at org.eclipse.persistence.jpa.PersistenceProvider.createEntityManagerFactory(PersistenceProvider.java:191)
	at javax.persistence.Persistence.createEntityManagerFactory(Persistence.java:80)
	at javax.persistence.Persistence.createEntityManagerFactory(Persistence.java:55)
	at com.draekk.todomaster.persistence.UserJpaController.<init>(UserJpaController.java:32)
	at com.draekk.todomaster.persistence.PersistenceController.<init>(PersistenceController.java:11)
	at com.draekk.todomaster.controllers.GeneralController.<init>(GeneralController.java:15)
	at com.draekk.todomaster.controllers.GeneralControllerTest.testGetLoginUser(GeneralControllerTest.java:74)
	at java.base/jdk.internal.reflect.NativeMethodAccessorImpl.invoke0(Native Method)
	at java.base/jdk.internal.reflect.NativeMethodAccessorImpl.invoke(NativeMethodAccessorImpl.java:77)
	at java.base/jdk.internal.reflect.DelegatingMethodAccessorImpl.invoke(DelegatingMethodAccessorImpl.java:43)
	at java.base/java.lang.reflect.Method.invoke(Method.java:568)
	at org.junit.platform.commons.util.ReflectionUtils.invokeMethod(ReflectionUtils.java:686)
	at org.junit.jupiter.engine.execution.MethodInvocation.proceed(MethodInvocation.java:60)
	at org.junit.jupiter.engine.execution.InvocationInterceptorChain$ValidatingInvocation.proceed(InvocationInterceptorChain.java:131)
	at org.junit.jupiter.engine.extension.TimeoutExtension.intercept(TimeoutExtension.java:149)
	at org.junit.jupiter.engine.extension.TimeoutExtension.interceptTestableMethod(TimeoutExtension.java:140)
	at org.junit.jupiter.engine.extension.TimeoutExtension.interceptTestMethod(TimeoutExtension.java:84)
	at org.junit.jupiter.engine.execution.ExecutableInvoker$ReflectiveInterceptorCall.lambda$ofVoidMethod$0(ExecutableInvoker.java:115)
	at org.junit.jupiter.engine.execution.ExecutableInvoker.lambda$invoke$0(ExecutableInvoker.java:105)
	at org.junit.jupiter.engine.execution.InvocationInterceptorChain$InterceptedInvocation.proceed(InvocationInterceptorChain.java:106)
	at org.junit.jupiter.engine.execution.InvocationInterceptorChain.proceed(InvocationInterceptorChain.java:64)
	at org.junit.jupiter.engine.execution.InvocationInterceptorChain.chainAndInvoke(InvocationInterceptorChain.java:45)
	at org.junit.jupiter.engine.execution.InvocationInterceptorChain.invoke(InvocationInterceptorChain.java:37)
	at org.junit.jupiter.engine.execution.ExecutableInvoker.invoke(ExecutableInvoker.java:104)
	at org.junit.jupiter.engine.execution.ExecutableInvoker.invoke(ExecutableInvoker.java:98)
	at org.junit.jupiter.engine.descriptor.TestMethodTestDescriptor.lambda$invokeTestMethod$6(TestMethodTestDescriptor.java:205)
	at org.junit.platform.engine.support.hierarchical.ThrowableCollector.execute(ThrowableCollector.java:73)
	at org.junit.jupiter.engine.descriptor.TestMethodTestDescriptor.invokeTestMethod(TestMethodTestDescriptor.java:201)
	at org.junit.jupiter.engine.descriptor.TestMethodTestDescriptor.execute(TestMethodTestDescriptor.java:137)
	at org.junit.jupiter.engine.descriptor.TestMethodTestDescriptor.execute(TestMethodTestDescriptor.java:71)
	at org.junit.platform.engine.support.hierarchical.NodeTestTask.lambda$executeRecursively$5(NodeTestTask.java:135)
	at org.junit.platform.engine.support.hierarchical.ThrowableCollector.execute(ThrowableCollector.java:73)
	at org.junit.platform.engine.support.hierarchical.NodeTestTask.lambda$executeRecursively$7(NodeTestTask.java:125)
	at org.junit.platform.engine.support.hierarchical.Node.around(Node.java:135)
	at org.junit.platform.engine.support.hierarchical.NodeTestTask.lambda$executeRecursively$8(NodeTestTask.java:123)
	at org.junit.platform.engine.support.hierarchical.ThrowableCollector.execute(ThrowableCollector.java:73)
	at org.junit.platform.engine.support.hierarchical.NodeTestTask.executeRecursively(NodeTestTask.java:122)
	at org.junit.platform.engine.support.hierarchical.NodeTestTask.execute(NodeTestTask.java:80)
	at java.base/java.util.ArrayList.forEach(ArrayList.java:1511)
	at org.junit.platform.engine.support.hierarchical.SameThreadHierarchicalTestExecutorService.invokeAll(SameThreadHierarchicalTestExecutorService.java:38)
	at org.junit.platform.engine.support.hierarchical.NodeTestTask.lambda$executeRecursively$5(NodeTestTask.java:139)
	at org.junit.platform.engine.support.hierarchical.ThrowableCollector.execute(ThrowableCollector.java:73)
	at org.junit.platform.engine.support.hierarchical.NodeTestTask.lambda$executeRecursively$7(NodeTestTask.java:125)
	at org.junit.platform.engine.support.hierarchical.Node.around(Node.java:135)
	at org.junit.platform.engine.support.hierarchical.NodeTestTask.lambda$executeRecursively$8(NodeTestTask.java:123)
	at org.junit.platform.engine.support.hierarchical.ThrowableCollector.execute(ThrowableCollector.java:73)
	at org.junit.platform.engine.support.hierarchical.NodeTestTask.executeRecursively(NodeTestTask.java:122)
	at org.junit.platform.engine.support.hierarchical.NodeTestTask.execute(NodeTestTask.java:80)
	at java.base/java.util.ArrayList.forEach(ArrayList.java:1511)
	at org.junit.platform.engine.support.hierarchical.SameThreadHierarchicalTestExecutorService.invokeAll(SameThreadHierarchicalTestExecutorService.java:38)
	at org.junit.platform.engine.support.hierarchical.NodeTestTask.lambda$executeRecursively$5(NodeTestTask.java:139)
	at org.junit.platform.engine.support.hierarchical.ThrowableCollector.execute(ThrowableCollector.java:73)
	at org.junit.platform.engine.support.hierarchical.NodeTestTask.lambda$executeRecursively$7(NodeTestTask.java:125)
	at org.junit.platform.engine.support.hierarchical.Node.around(Node.java:135)
	at org.junit.platform.engine.support.hierarchical.NodeTestTask.lambda$executeRecursively$8(NodeTestTask.java:123)
	at org.junit.platform.engine.support.hierarchical.ThrowableCollector.execute(ThrowableCollector.java:73)
	at org.junit.platform.engine.support.hierarchical.NodeTestTask.executeRecursively(NodeTestTask.java:122)
	at org.junit.platform.engine.support.hierarchical.NodeTestTask.execute(NodeTestTask.java:80)
	at org.junit.platform.engine.support.hierarchical.SameThreadHierarchicalTestExecutorService.submit(SameThreadHierarchicalTestExecutorService.java:32)
	at org.junit.platform.engine.support.hierarchical.HierarchicalTestExecutor.execute(HierarchicalTestExecutor.java:57)
	at org.junit.platform.engine.support.hierarchical.HierarchicalTestEngine.execute(HierarchicalTestEngine.java:51)
	at org.junit.platform.launcher.core.DefaultLauncher.execute(DefaultLauncher.java:248)
	at org.junit.platform.launcher.core.DefaultLauncher.lambda$execute$5(DefaultLauncher.java:211)
	at org.junit.platform.launcher.core.DefaultLauncher.withInterceptedStreams(DefaultLauncher.java:226)
	at org.junit.platform.launcher.core.DefaultLauncher.execute(DefaultLauncher.java:199)
	at org.junit.platform.launcher.core.DefaultLauncher.execute(DefaultLauncher.java:132)
	at org.apache.maven.surefire.junitplatform.LazyLauncher.execute(LazyLauncher.java:56)
	at org.apache.maven.surefire.junitplatform.JUnitPlatformProvider.execute(JUnitPlatformProvider.java:184)
	at org.apache.maven.surefire.junitplatform.JUnitPlatformProvider.invokeAllTests(JUnitPlatformProvider.java:148)
	at org.apache.maven.surefire.junitplatform.JUnitPlatformProvider.invoke(JUnitPlatformProvider.java:122)
	at org.apache.maven.surefire.booter.ForkedBooter.runSuitesInProcess(ForkedBooter.java:385)
	at org.apache.maven.surefire.booter.ForkedBooter.execute(ForkedBooter.java:162)
	at org.apache.maven.surefire.booter.ForkedBooter.run(ForkedBooter.java:507)
	at org.apache.maven.surefire.booter.ForkedBooter.main(ForkedBooter.java:495)

[EL Finest]: jpa: 2023-12-08 15:56:19.121--ServerSession(1741786839)--Thread(Thread[main,5,main])--End deploying Persistence Unit TodoMasterPU; session /file:/C:/Users/asahi/OneDrive/Documentos/programacion/porfolio-projects/todo-app/todo-master/todomaster/target/classes/_TodoMasterPU; state HalfDeployed; factoryCount 1
[EL Finest]: jpa: 2023-12-08 15:56:19.121--ServerSession(1741786839)--Thread(Thread[main,5,main])--Begin undeploying Persistence Unit TodoMasterPU; session /file:/C:/Users/asahi/OneDrive/Documentos/programacion/porfolio-projects/todo-app/todo-master/todomaster/target/classes/_TodoMasterPU; state HalfDeployed; factoryCount 1
[EL Finest]: jpa: 2023-12-08 15:56:19.122--ServerSession(1741786839)--Thread(Thread[main,5,main])--End undeploying Persistence Unit TodoMasterPU; session /file:/C:/Users/asahi/OneDrive/Documentos/programacion/porfolio-projects/todo-app/todo-master/todomaster/target/classes/_TodoMasterPU; state Undeployed; factoryCount 0
]]></system-out>
  </testcase>
  <testcase name="testProcessUser" classname="com.draekk.todomaster.controllers.GeneralControllerTest" time="0.081">
    <error message="Exception [EclipseLink-4003] (Eclipse Persistence Services - 2.7.12.v20230209-e5c4074ef3): org.eclipse.persistence.exceptions.DatabaseException&#10;Exception Description: Configuration error.  Class [org.postgresql.Driver] not found." type="javax.persistence.PersistenceException"><![CDATA[javax.persistence.PersistenceException: 
Exception [EclipseLink-4003] (Eclipse Persistence Services - 2.7.12.v20230209-e5c4074ef3): org.eclipse.persistence.exceptions.DatabaseException
Exception Description: Configuration error.  Class [org.postgresql.Driver] not found.
	at org.eclipse.persistence.internal.jpa.EntityManagerSetupImpl.deploy(EntityManagerSetupImpl.java:854)
	at org.eclipse.persistence.internal.jpa.EntityManagerFactoryDelegate.getAbstractSession(EntityManagerFactoryDelegate.java:222)
	at org.eclipse.persistence.internal.jpa.EntityManagerFactoryDelegate.getDatabaseSession(EntityManagerFactoryDelegate.java:200)
	at org.eclipse.persistence.internal.jpa.EntityManagerFactoryImpl.getDatabaseSession(EntityManagerFactoryImpl.java:542)
	at org.eclipse.persistence.jpa.PersistenceProvider.createEntityManagerFactoryImpl(PersistenceProvider.java:153)
	at org.eclipse.persistence.jpa.PersistenceProvider.createEntityManagerFactory(PersistenceProvider.java:191)
	at javax.persistence.Persistence.createEntityManagerFactory(Persistence.java:80)
	at javax.persistence.Persistence.createEntityManagerFactory(Persistence.java:55)
	at com.draekk.todomaster.persistence.UserJpaController.<init>(UserJpaController.java:32)
	at com.draekk.todomaster.persistence.PersistenceController.<init>(PersistenceController.java:11)
	at com.draekk.todomaster.controllers.GeneralController.<init>(GeneralController.java:15)
	at com.draekk.todomaster.controllers.GeneralControllerTest.testProcessUser(GeneralControllerTest.java:44)
	at java.base/jdk.internal.reflect.NativeMethodAccessorImpl.invoke0(Native Method)
	at java.base/jdk.internal.reflect.NativeMethodAccessorImpl.invoke(NativeMethodAccessorImpl.java:77)
	at java.base/jdk.internal.reflect.DelegatingMethodAccessorImpl.invoke(DelegatingMethodAccessorImpl.java:43)
	at java.base/java.lang.reflect.Method.invoke(Method.java:568)
	at org.junit.platform.commons.util.ReflectionUtils.invokeMethod(ReflectionUtils.java:686)
	at org.junit.jupiter.engine.execution.MethodInvocation.proceed(MethodInvocation.java:60)
	at org.junit.jupiter.engine.execution.InvocationInterceptorChain$ValidatingInvocation.proceed(InvocationInterceptorChain.java:131)
	at org.junit.jupiter.engine.extension.TimeoutExtension.intercept(TimeoutExtension.java:149)
	at org.junit.jupiter.engine.extension.TimeoutExtension.interceptTestableMethod(TimeoutExtension.java:140)
	at org.junit.jupiter.engine.extension.TimeoutExtension.interceptTestMethod(TimeoutExtension.java:84)
	at org.junit.jupiter.engine.execution.ExecutableInvoker$ReflectiveInterceptorCall.lambda$ofVoidMethod$0(ExecutableInvoker.java:115)
	at org.junit.jupiter.engine.execution.ExecutableInvoker.lambda$invoke$0(ExecutableInvoker.java:105)
	at org.junit.jupiter.engine.execution.InvocationInterceptorChain$InterceptedInvocation.proceed(InvocationInterceptorChain.java:106)
	at org.junit.jupiter.engine.execution.InvocationInterceptorChain.proceed(InvocationInterceptorChain.java:64)
	at org.junit.jupiter.engine.execution.InvocationInterceptorChain.chainAndInvoke(InvocationInterceptorChain.java:45)
	at org.junit.jupiter.engine.execution.InvocationInterceptorChain.invoke(InvocationInterceptorChain.java:37)
	at org.junit.jupiter.engine.execution.ExecutableInvoker.invoke(ExecutableInvoker.java:104)
	at org.junit.jupiter.engine.execution.ExecutableInvoker.invoke(ExecutableInvoker.java:98)
	at org.junit.jupiter.engine.descriptor.TestMethodTestDescriptor.lambda$invokeTestMethod$6(TestMethodTestDescriptor.java:205)
	at org.junit.platform.engine.support.hierarchical.ThrowableCollector.execute(ThrowableCollector.java:73)
	at org.junit.jupiter.engine.descriptor.TestMethodTestDescriptor.invokeTestMethod(TestMethodTestDescriptor.java:201)
	at org.junit.jupiter.engine.descriptor.TestMethodTestDescriptor.execute(TestMethodTestDescriptor.java:137)
	at org.junit.jupiter.engine.descriptor.TestMethodTestDescriptor.execute(TestMethodTestDescriptor.java:71)
	at org.junit.platform.engine.support.hierarchical.NodeTestTask.lambda$executeRecursively$5(NodeTestTask.java:135)
	at org.junit.platform.engine.support.hierarchical.ThrowableCollector.execute(ThrowableCollector.java:73)
	at org.junit.platform.engine.support.hierarchical.NodeTestTask.lambda$executeRecursively$7(NodeTestTask.java:125)
	at org.junit.platform.engine.support.hierarchical.Node.around(Node.java:135)
	at org.junit.platform.engine.support.hierarchical.NodeTestTask.lambda$executeRecursively$8(NodeTestTask.java:123)
	at org.junit.platform.engine.support.hierarchical.ThrowableCollector.execute(ThrowableCollector.java:73)
	at org.junit.platform.engine.support.hierarchical.NodeTestTask.executeRecursively(NodeTestTask.java:122)
	at org.junit.platform.engine.support.hierarchical.NodeTestTask.execute(NodeTestTask.java:80)
	at java.base/java.util.ArrayList.forEach(ArrayList.java:1511)
	at org.junit.platform.engine.support.hierarchical.SameThreadHierarchicalTestExecutorService.invokeAll(SameThreadHierarchicalTestExecutorService.java:38)
	at org.junit.platform.engine.support.hierarchical.NodeTestTask.lambda$executeRecursively$5(NodeTestTask.java:139)
	at org.junit.platform.engine.support.hierarchical.ThrowableCollector.execute(ThrowableCollector.java:73)
	at org.junit.platform.engine.support.hierarchical.NodeTestTask.lambda$executeRecursively$7(NodeTestTask.java:125)
	at org.junit.platform.engine.support.hierarchical.Node.around(Node.java:135)
	at org.junit.platform.engine.support.hierarchical.NodeTestTask.lambda$executeRecursively$8(NodeTestTask.java:123)
	at org.junit.platform.engine.support.hierarchical.ThrowableCollector.execute(ThrowableCollector.java:73)
	at org.junit.platform.engine.support.hierarchical.NodeTestTask.executeRecursively(NodeTestTask.java:122)
	at org.junit.platform.engine.support.hierarchical.NodeTestTask.execute(NodeTestTask.java:80)
	at java.base/java.util.ArrayList.forEach(ArrayList.java:1511)
	at org.junit.platform.engine.support.hierarchical.SameThreadHierarchicalTestExecutorService.invokeAll(SameThreadHierarchicalTestExecutorService.java:38)
	at org.junit.platform.engine.support.hierarchical.NodeTestTask.lambda$executeRecursively$5(NodeTestTask.java:139)
	at org.junit.platform.engine.support.hierarchical.ThrowableCollector.execute(ThrowableCollector.java:73)
	at org.junit.platform.engine.support.hierarchical.NodeTestTask.lambda$executeRecursively$7(NodeTestTask.java:125)
	at org.junit.platform.engine.support.hierarchical.Node.around(Node.java:135)
	at org.junit.platform.engine.support.hierarchical.NodeTestTask.lambda$executeRecursively$8(NodeTestTask.java:123)
	at org.junit.platform.engine.support.hierarchical.ThrowableCollector.execute(ThrowableCollector.java:73)
	at org.junit.platform.engine.support.hierarchical.NodeTestTask.executeRecursively(NodeTestTask.java:122)
	at org.junit.platform.engine.support.hierarchical.NodeTestTask.execute(NodeTestTask.java:80)
	at org.junit.platform.engine.support.hierarchical.SameThreadHierarchicalTestExecutorService.submit(SameThreadHierarchicalTestExecutorService.java:32)
	at org.junit.platform.engine.support.hierarchical.HierarchicalTestExecutor.execute(HierarchicalTestExecutor.java:57)
	at org.junit.platform.engine.support.hierarchical.HierarchicalTestEngine.execute(HierarchicalTestEngine.java:51)
	at org.junit.platform.launcher.core.DefaultLauncher.execute(DefaultLauncher.java:248)
	at org.junit.platform.launcher.core.DefaultLauncher.lambda$execute$5(DefaultLauncher.java:211)
	at org.junit.platform.launcher.core.DefaultLauncher.withInterceptedStreams(DefaultLauncher.java:226)
	at org.junit.platform.launcher.core.DefaultLauncher.execute(DefaultLauncher.java:199)
	at org.junit.platform.launcher.core.DefaultLauncher.execute(DefaultLauncher.java:132)
	at org.apache.maven.surefire.junitplatform.LazyLauncher.execute(LazyLauncher.java:56)
	at org.apache.maven.surefire.junitplatform.JUnitPlatformProvider.execute(JUnitPlatformProvider.java:184)
	at org.apache.maven.surefire.junitplatform.JUnitPlatformProvider.invokeAllTests(JUnitPlatformProvider.java:148)
	at org.apache.maven.surefire.junitplatform.JUnitPlatformProvider.invoke(JUnitPlatformProvider.java:122)
	at org.apache.maven.surefire.booter.ForkedBooter.runSuitesInProcess(ForkedBooter.java:385)
	at org.apache.maven.surefire.booter.ForkedBooter.execute(ForkedBooter.java:162)
	at org.apache.maven.surefire.booter.ForkedBooter.run(ForkedBooter.java:507)
	at org.apache.maven.surefire.booter.ForkedBooter.main(ForkedBooter.java:495)
Caused by: Exception [EclipseLink-4003] (Eclipse Persistence Services - 2.7.12.v20230209-e5c4074ef3): org.eclipse.persistence.exceptions.DatabaseException
Exception Description: Configuration error.  Class [org.postgresql.Driver] not found.
	at org.eclipse.persistence.exceptions.DatabaseException.configurationErrorClassNotFound(DatabaseException.java:91)
	at org.eclipse.persistence.sessions.DefaultConnector.loadDriverClass(DefaultConnector.java:269)
	at org.eclipse.persistence.sessions.DefaultConnector.connect(DefaultConnector.java:87)
	at org.eclipse.persistence.sessions.DatasourceLogin.connectToDatasource(DatasourceLogin.java:172)
	at org.eclipse.persistence.internal.sessions.DatabaseSessionImpl.setOrDetectDatasource(DatabaseSessionImpl.java:226)
	at org.eclipse.persistence.internal.sessions.DatabaseSessionImpl.loginAndDetectDatasource(DatabaseSessionImpl.java:810)
	at org.eclipse.persistence.internal.jpa.EntityManagerFactoryProvider.login(EntityManagerFactoryProvider.java:261)
	at org.eclipse.persistence.internal.jpa.EntityManagerSetupImpl.deploy(EntityManagerSetupImpl.java:771)
	... 78 more
]]></error>
    <system-out><![CDATA[processUser
[EL Finer]: 2023-12-08 15:56:19.129--Thread(Thread[main,5,main])--fixUNC: before fixing: url = file:/C:/Users/asahi/OneDrive/Documentos/programacion/porfolio-projects/todo-app/todo-master/todomaster/target/classes/, authority = , file = /C:/Users/asahi/OneDrive/Documentos/programacion/porfolio-projects/todo-app/todo-master/todomaster/target/classes/ (There is no English translation for this message.)
[EL Finer]: 2023-12-08 15:56:19.13--Thread(Thread[main,5,main])--fixUNC: after fixing: url = file:/C:/Users/asahi/OneDrive/Documentos/programacion/porfolio-projects/todo-app/todo-master/todomaster/target/classes/, authority = null, file = /C:/Users/asahi/OneDrive/Documentos/programacion/porfolio-projects/todo-app/todo-master/todomaster/target/classes/ (There is no English translation for this message.)
[EL Fine]: moxy: 2023-12-08 15:56:19.143--Thread(Thread[main,5,main])--SAXParserFactory instance: com.sun.org.apache.xerces.internal.jaxp.SAXParserFactoryImpl@5f354bcf
[EL Finer]: jpa: 2023-12-08 15:56:19.146--Thread(Thread[main,5,main])--JavaSECMPInitializer - predeploying TodoMasterPU.
[EL Finest]: properties: 2023-12-08 15:56:19.156--ServerSession(1034909474)--Thread(Thread[main,5,main])--property=eclipselink.logging.parameters; value=true
[EL Fine]: server: 2023-12-08 15:56:19.157--Thread(Thread[main,5,main])--Configured server platform: org.eclipse.persistence.platform.server.NoServerPlatform
[EL Finest]: jpa: 2023-12-08 15:56:19.157--ServerSession(1034909474)--Thread(Thread[main,5,main])--Begin predeploying Persistence Unit TodoMasterPU; session /file:/C:/Users/asahi/OneDrive/Documentos/programacion/porfolio-projects/todo-app/todo-master/todomaster/target/classes/_TodoMasterPU; state Initial; factoryCount 0
[EL Finest]: properties: 2023-12-08 15:56:19.157--ServerSession(1034909474)--Thread(Thread[main,5,main])--property=eclipselink.orm.throw.exceptions; default value=true
[EL Finest]: properties: 2023-12-08 15:56:19.158--ServerSession(1034909474)--Thread(Thread[main,5,main])--property=eclipselink.multitenant.tenants-share-emf; default value=true
[EL Finest]: properties: 2023-12-08 15:56:19.158--ServerSession(1034909474)--Thread(Thread[main,5,main])--property=eclipselink.multitenant.tenants-share-cache; default value=false
[EL Finer]: metadata: 2023-12-08 15:56:19.158--Thread(Thread[main,5,main])--Searching for mapping file: [META-INF/orm.xml] at root URL: [file:/C:/Users/asahi/OneDrive/Documentos/programacion/porfolio-projects/todo-app/todo-master/todomaster/target/classes/].
[EL Finer]: metadata: 2023-12-08 15:56:19.166--Thread(Thread[main,5,main])--Searching for mapping file: [META-INF/eclipselink-orm.xml] at root URL: [file:/C:/Users/asahi/OneDrive/Documentos/programacion/porfolio-projects/todo-app/todo-master/todomaster/target/classes/].
[EL Config]: metadata: 2023-12-08 15:56:19.192--ServerSession(1034909474)--Thread(Thread[main,5,main])--The access type for the persistent class [class com.draekk.todomaster.models.User] is set to [FIELD].
[EL Config]: metadata: 2023-12-08 15:56:19.193--ServerSession(1034909474)--Thread(Thread[main,5,main])--The target entity (reference) class for the one to many mapping element [field tasks] is being defaulted to: class com.draekk.todomaster.models.Task.
[EL Config]: metadata: 2023-12-08 15:56:19.194--ServerSession(1034909474)--Thread(Thread[main,5,main])--The access type for the persistent class [class com.draekk.todomaster.models.Task] is set to [FIELD].
[EL Config]: metadata: 2023-12-08 15:56:19.194--ServerSession(1034909474)--Thread(Thread[main,5,main])--The target entity (reference) class for the many to one mapping element [field user] is being defaulted to: class com.draekk.todomaster.models.User.
[EL Config]: metadata: 2023-12-08 15:56:19.195--ServerSession(1034909474)--Thread(Thread[main,5,main])--The alias name for the entity class [class com.draekk.todomaster.models.User] is being defaulted to: User.
[EL Config]: metadata: 2023-12-08 15:56:19.195--ServerSession(1034909474)--Thread(Thread[main,5,main])--The column name for element [lastName] is being defaulted to: LASTNAME.
[EL Config]: metadata: 2023-12-08 15:56:19.195--ServerSession(1034909474)--Thread(Thread[main,5,main])--The column name for element [password] is being defaulted to: PASSWORD.
[EL Config]: metadata: 2023-12-08 15:56:19.195--ServerSession(1034909474)--Thread(Thread[main,5,main])--The column name for element [name] is being defaulted to: NAME.
[EL Config]: metadata: 2023-12-08 15:56:19.196--ServerSession(1034909474)--Thread(Thread[main,5,main])--The column name for element [id] is being defaulted to: ID.
[EL Config]: metadata: 2023-12-08 15:56:19.196--ServerSession(1034909474)--Thread(Thread[main,5,main])--The column name for element [email] is being defaulted to: EMAIL.
[EL Config]: metadata: 2023-12-08 15:56:19.196--ServerSession(1034909474)--Thread(Thread[main,5,main])--The column name for element [username] is being defaulted to: USERNAME.
[EL Config]: metadata: 2023-12-08 15:56:19.196--ServerSession(1034909474)--Thread(Thread[main,5,main])--The alias name for the entity class [class com.draekk.todomaster.models.Task] is being defaulted to: Task.
[EL Config]: metadata: 2023-12-08 15:56:19.196--ServerSession(1034909474)--Thread(Thread[main,5,main])--The column name for element [description] is being defaulted to: DESCRIPTION.
[EL Config]: metadata: 2023-12-08 15:56:19.196--ServerSession(1034909474)--Thread(Thread[main,5,main])--The column name for element [id] is being defaulted to: ID.
[EL Config]: metadata: 2023-12-08 15:56:19.197--ServerSession(1034909474)--Thread(Thread[main,5,main])--The column name for element [isCompleted] is being defaulted to: ISCOMPLETED.
[EL Config]: metadata: 2023-12-08 15:56:19.197--ServerSession(1034909474)--Thread(Thread[main,5,main])--The primary key column name for the mapping element [field user] is being defaulted to: ID.
[EL Finest]: jpa: 2023-12-08 15:56:19.197--ServerSession(1034909474)--Thread(Thread[main,5,main])--End predeploying Persistence Unit TodoMasterPU; session /file:/C:/Users/asahi/OneDrive/Documentos/programacion/porfolio-projects/todo-app/todo-master/todomaster/target/classes/_TodoMasterPU; state Predeployed; factoryCount 0
[EL Finer]: weaver: 2023-12-08 15:56:19.198--Thread(Thread[main,5,main])--JavaSECMPInitializer - transformer is null.
[EL Finest]: jpa: 2023-12-08 15:56:19.198--ServerSession(1034909474)--Thread(Thread[main,5,main])--Begin predeploying Persistence Unit TodoMasterPU; session /file:/C:/Users/asahi/OneDrive/Documentos/programacion/porfolio-projects/todo-app/todo-master/todomaster/target/classes/_TodoMasterPU; state Predeployed; factoryCount 0
[EL Finest]: jpa: 2023-12-08 15:56:19.199--ServerSession(1034909474)--Thread(Thread[main,5,main])--End predeploying Persistence Unit TodoMasterPU; session /file:/C:/Users/asahi/OneDrive/Documentos/programacion/porfolio-projects/todo-app/todo-master/todomaster/target/classes/_TodoMasterPU; state Predeployed; factoryCount 1
[EL Finer]: metamodel: 2023-12-08 15:56:19.199--ServerSession(1034909474)--Thread(Thread[main,5,main])--Canonical Metamodel class [com.draekk.todomaster.models.Task_] found and instantiated during initialization.
[EL Finer]: metamodel: 2023-12-08 15:56:19.2--ServerSession(1034909474)--Thread(Thread[main,5,main])--Canonical Metamodel class [com.draekk.todomaster.models.User_] found and instantiated during initialization.
[EL Finest]: jpa: 2023-12-08 15:56:19.2--ServerSession(1034909474)--Thread(Thread[main,5,main])--Begin deploying Persistence Unit TodoMasterPU; session /file:/C:/Users/asahi/OneDrive/Documentos/programacion/porfolio-projects/todo-app/todo-master/todomaster/target/classes/_TodoMasterPU; state Predeployed; factoryCount 1
[EL Finest]: jpa: 2023-12-08 15:56:19.201--ServerSession(1034909474)--Thread(Thread[main,5,main])--Bean Validation Factory was not initialized: [javax/validation/Validation].
[EL Finest]: properties: 2023-12-08 15:56:19.201--ServerSession(1034909474)--Thread(Thread[main,5,main])--property=eclipselink.logging.level; value=FINEST; translated value=FINEST
[EL Finest]: properties: 2023-12-08 15:56:19.202--ServerSession(1034909474)--Thread(Thread[main,5,main])--property=eclipselink.logging.parameters; value=true
[EL Finest]: properties: 2023-12-08 15:56:19.202--ServerSession(1034909474)--Thread(Thread[main,5,main])--property=eclipselink.logging.level; value=FINEST; translated value=FINEST
[EL Finest]: properties: 2023-12-08 15:56:19.202--ServerSession(1034909474)--Thread(Thread[main,5,main])--property=eclipselink.logging.parameters; value=true
[EL Finest]: properties: 2023-12-08 15:56:19.202--ServerSession(1034909474)--Thread(Thread[main,5,main])--property=javax.persistence.jdbc.user; value=postgres
[EL Finest]: properties: 2023-12-08 15:56:19.202--ServerSession(1034909474)--Thread(Thread[main,5,main])--property=javax.persistence.jdbc.password; value=xxxxxx
[EL Finest]: properties: 2023-12-08 15:56:19.204--ServerSession(1034909474)--Thread(Thread[main,5,main])--property=javax.persistence.jdbc.driver; value=org.postgresql.Driver
[EL Finest]: properties: 2023-12-08 15:56:19.204--ServerSession(1034909474)--Thread(Thread[main,5,main])--property=javax.persistence.jdbc.url; value=jdbc:postgresql://monorail.proxy.rlwy.net:32742/railway
[EL Info]: 2023-12-08 15:56:19.204--ServerSession(1034909474)--Thread(Thread[main,5,main])--EclipseLink, version: Eclipse Persistence Services - 2.7.12.v20230209-e5c4074ef3
[EL Severe]: ejb: 2023-12-08 15:56:19.205--ServerSession(1034909474)--Thread(Thread[main,5,main])--Local Exception Stack: 
Exception [EclipseLink-4003] (Eclipse Persistence Services - 2.7.12.v20230209-e5c4074ef3): org.eclipse.persistence.exceptions.DatabaseException
Exception Description: Configuration error.  Class [org.postgresql.Driver] not found.
	at org.eclipse.persistence.exceptions.DatabaseException.configurationErrorClassNotFound(DatabaseException.java:91)
	at org.eclipse.persistence.sessions.DefaultConnector.loadDriverClass(DefaultConnector.java:269)
	at org.eclipse.persistence.sessions.DefaultConnector.connect(DefaultConnector.java:87)
	at org.eclipse.persistence.sessions.DatasourceLogin.connectToDatasource(DatasourceLogin.java:172)
	at org.eclipse.persistence.internal.sessions.DatabaseSessionImpl.setOrDetectDatasource(DatabaseSessionImpl.java:226)
	at org.eclipse.persistence.internal.sessions.DatabaseSessionImpl.loginAndDetectDatasource(DatabaseSessionImpl.java:810)
	at org.eclipse.persistence.internal.jpa.EntityManagerFactoryProvider.login(EntityManagerFactoryProvider.java:261)
	at org.eclipse.persistence.internal.jpa.EntityManagerSetupImpl.deploy(EntityManagerSetupImpl.java:771)
	at org.eclipse.persistence.internal.jpa.EntityManagerFactoryDelegate.getAbstractSession(EntityManagerFactoryDelegate.java:222)
	at org.eclipse.persistence.internal.jpa.EntityManagerFactoryDelegate.getDatabaseSession(EntityManagerFactoryDelegate.java:200)
	at org.eclipse.persistence.internal.jpa.EntityManagerFactoryImpl.getDatabaseSession(EntityManagerFactoryImpl.java:542)
	at org.eclipse.persistence.jpa.PersistenceProvider.createEntityManagerFactoryImpl(PersistenceProvider.java:153)
	at org.eclipse.persistence.jpa.PersistenceProvider.createEntityManagerFactory(PersistenceProvider.java:191)
	at javax.persistence.Persistence.createEntityManagerFactory(Persistence.java:80)
	at javax.persistence.Persistence.createEntityManagerFactory(Persistence.java:55)
	at com.draekk.todomaster.persistence.UserJpaController.<init>(UserJpaController.java:32)
	at com.draekk.todomaster.persistence.PersistenceController.<init>(PersistenceController.java:11)
	at com.draekk.todomaster.controllers.GeneralController.<init>(GeneralController.java:15)
	at com.draekk.todomaster.controllers.GeneralControllerTest.testProcessUser(GeneralControllerTest.java:44)
	at java.base/jdk.internal.reflect.NativeMethodAccessorImpl.invoke0(Native Method)
	at java.base/jdk.internal.reflect.NativeMethodAccessorImpl.invoke(NativeMethodAccessorImpl.java:77)
	at java.base/jdk.internal.reflect.DelegatingMethodAccessorImpl.invoke(DelegatingMethodAccessorImpl.java:43)
	at java.base/java.lang.reflect.Method.invoke(Method.java:568)
	at org.junit.platform.commons.util.ReflectionUtils.invokeMethod(ReflectionUtils.java:686)
	at org.junit.jupiter.engine.execution.MethodInvocation.proceed(MethodInvocation.java:60)
	at org.junit.jupiter.engine.execution.InvocationInterceptorChain$ValidatingInvocation.proceed(InvocationInterceptorChain.java:131)
	at org.junit.jupiter.engine.extension.TimeoutExtension.intercept(TimeoutExtension.java:149)
	at org.junit.jupiter.engine.extension.TimeoutExtension.interceptTestableMethod(TimeoutExtension.java:140)
	at org.junit.jupiter.engine.extension.TimeoutExtension.interceptTestMethod(TimeoutExtension.java:84)
	at org.junit.jupiter.engine.execution.ExecutableInvoker$ReflectiveInterceptorCall.lambda$ofVoidMethod$0(ExecutableInvoker.java:115)
	at org.junit.jupiter.engine.execution.ExecutableInvoker.lambda$invoke$0(ExecutableInvoker.java:105)
	at org.junit.jupiter.engine.execution.InvocationInterceptorChain$InterceptedInvocation.proceed(InvocationInterceptorChain.java:106)
	at org.junit.jupiter.engine.execution.InvocationInterceptorChain.proceed(InvocationInterceptorChain.java:64)
	at org.junit.jupiter.engine.execution.InvocationInterceptorChain.chainAndInvoke(InvocationInterceptorChain.java:45)
	at org.junit.jupiter.engine.execution.InvocationInterceptorChain.invoke(InvocationInterceptorChain.java:37)
	at org.junit.jupiter.engine.execution.ExecutableInvoker.invoke(ExecutableInvoker.java:104)
	at org.junit.jupiter.engine.execution.ExecutableInvoker.invoke(ExecutableInvoker.java:98)
	at org.junit.jupiter.engine.descriptor.TestMethodTestDescriptor.lambda$invokeTestMethod$6(TestMethodTestDescriptor.java:205)
	at org.junit.platform.engine.support.hierarchical.ThrowableCollector.execute(ThrowableCollector.java:73)
	at org.junit.jupiter.engine.descriptor.TestMethodTestDescriptor.invokeTestMethod(TestMethodTestDescriptor.java:201)
	at org.junit.jupiter.engine.descriptor.TestMethodTestDescriptor.execute(TestMethodTestDescriptor.java:137)
	at org.junit.jupiter.engine.descriptor.TestMethodTestDescriptor.execute(TestMethodTestDescriptor.java:71)
	at org.junit.platform.engine.support.hierarchical.NodeTestTask.lambda$executeRecursively$5(NodeTestTask.java:135)
	at org.junit.platform.engine.support.hierarchical.ThrowableCollector.execute(ThrowableCollector.java:73)
	at org.junit.platform.engine.support.hierarchical.NodeTestTask.lambda$executeRecursively$7(NodeTestTask.java:125)
	at org.junit.platform.engine.support.hierarchical.Node.around(Node.java:135)
	at org.junit.platform.engine.support.hierarchical.NodeTestTask.lambda$executeRecursively$8(NodeTestTask.java:123)
	at org.junit.platform.engine.support.hierarchical.ThrowableCollector.execute(ThrowableCollector.java:73)
	at org.junit.platform.engine.support.hierarchical.NodeTestTask.executeRecursively(NodeTestTask.java:122)
	at org.junit.platform.engine.support.hierarchical.NodeTestTask.execute(NodeTestTask.java:80)
	at java.base/java.util.ArrayList.forEach(ArrayList.java:1511)
	at org.junit.platform.engine.support.hierarchical.SameThreadHierarchicalTestExecutorService.invokeAll(SameThreadHierarchicalTestExecutorService.java:38)
	at org.junit.platform.engine.support.hierarchical.NodeTestTask.lambda$executeRecursively$5(NodeTestTask.java:139)
	at org.junit.platform.engine.support.hierarchical.ThrowableCollector.execute(ThrowableCollector.java:73)
	at org.junit.platform.engine.support.hierarchical.NodeTestTask.lambda$executeRecursively$7(NodeTestTask.java:125)
	at org.junit.platform.engine.support.hierarchical.Node.around(Node.java:135)
	at org.junit.platform.engine.support.hierarchical.NodeTestTask.lambda$executeRecursively$8(NodeTestTask.java:123)
	at org.junit.platform.engine.support.hierarchical.ThrowableCollector.execute(ThrowableCollector.java:73)
	at org.junit.platform.engine.support.hierarchical.NodeTestTask.executeRecursively(NodeTestTask.java:122)
	at org.junit.platform.engine.support.hierarchical.NodeTestTask.execute(NodeTestTask.java:80)
	at java.base/java.util.ArrayList.forEach(ArrayList.java:1511)
	at org.junit.platform.engine.support.hierarchical.SameThreadHierarchicalTestExecutorService.invokeAll(SameThreadHierarchicalTestExecutorService.java:38)
	at org.junit.platform.engine.support.hierarchical.NodeTestTask.lambda$executeRecursively$5(NodeTestTask.java:139)
	at org.junit.platform.engine.support.hierarchical.ThrowableCollector.execute(ThrowableCollector.java:73)
	at org.junit.platform.engine.support.hierarchical.NodeTestTask.lambda$executeRecursively$7(NodeTestTask.java:125)
	at org.junit.platform.engine.support.hierarchical.Node.around(Node.java:135)
	at org.junit.platform.engine.support.hierarchical.NodeTestTask.lambda$executeRecursively$8(NodeTestTask.java:123)
	at org.junit.platform.engine.support.hierarchical.ThrowableCollector.execute(ThrowableCollector.java:73)
	at org.junit.platform.engine.support.hierarchical.NodeTestTask.executeRecursively(NodeTestTask.java:122)
	at org.junit.platform.engine.support.hierarchical.NodeTestTask.execute(NodeTestTask.java:80)
	at org.junit.platform.engine.support.hierarchical.SameThreadHierarchicalTestExecutorService.submit(SameThreadHierarchicalTestExecutorService.java:32)
	at org.junit.platform.engine.support.hierarchical.HierarchicalTestExecutor.execute(HierarchicalTestExecutor.java:57)
	at org.junit.platform.engine.support.hierarchical.HierarchicalTestEngine.execute(HierarchicalTestEngine.java:51)
	at org.junit.platform.launcher.core.DefaultLauncher.execute(DefaultLauncher.java:248)
	at org.junit.platform.launcher.core.DefaultLauncher.lambda$execute$5(DefaultLauncher.java:211)
	at org.junit.platform.launcher.core.DefaultLauncher.withInterceptedStreams(DefaultLauncher.java:226)
	at org.junit.platform.launcher.core.DefaultLauncher.execute(DefaultLauncher.java:199)
	at org.junit.platform.launcher.core.DefaultLauncher.execute(DefaultLauncher.java:132)
	at org.apache.maven.surefire.junitplatform.LazyLauncher.execute(LazyLauncher.java:56)
	at org.apache.maven.surefire.junitplatform.JUnitPlatformProvider.execute(JUnitPlatformProvider.java:184)
	at org.apache.maven.surefire.junitplatform.JUnitPlatformProvider.invokeAllTests(JUnitPlatformProvider.java:148)
	at org.apache.maven.surefire.junitplatform.JUnitPlatformProvider.invoke(JUnitPlatformProvider.java:122)
	at org.apache.maven.surefire.booter.ForkedBooter.runSuitesInProcess(ForkedBooter.java:385)
	at org.apache.maven.surefire.booter.ForkedBooter.execute(ForkedBooter.java:162)
	at org.apache.maven.surefire.booter.ForkedBooter.run(ForkedBooter.java:507)
	at org.apache.maven.surefire.booter.ForkedBooter.main(ForkedBooter.java:495)

[EL Finest]: jpa: 2023-12-08 15:56:19.206--ServerSession(1034909474)--Thread(Thread[main,5,main])--End deploying Persistence Unit TodoMasterPU; session /file:/C:/Users/asahi/OneDrive/Documentos/programacion/porfolio-projects/todo-app/todo-master/todomaster/target/classes/_TodoMasterPU; state HalfDeployed; factoryCount 1
[EL Finest]: jpa: 2023-12-08 15:56:19.206--ServerSession(1034909474)--Thread(Thread[main,5,main])--Begin undeploying Persistence Unit TodoMasterPU; session /file:/C:/Users/asahi/OneDrive/Documentos/programacion/porfolio-projects/todo-app/todo-master/todomaster/target/classes/_TodoMasterPU; state HalfDeployed; factoryCount 1
[EL Finest]: jpa: 2023-12-08 15:56:19.206--ServerSession(1034909474)--Thread(Thread[main,5,main])--End undeploying Persistence Unit TodoMasterPU; session /file:/C:/Users/asahi/OneDrive/Documentos/programacion/porfolio-projects/todo-app/todo-master/todomaster/target/classes/_TodoMasterPU; state Undeployed; factoryCount 0
]]></system-out>
  </testcase>
  <testcase name="testCompleteTask" classname="com.draekk.todomaster.controllers.GeneralControllerTest" time="0.062">
    <error message="Exception [EclipseLink-4003] (Eclipse Persistence Services - 2.7.12.v20230209-e5c4074ef3): org.eclipse.persistence.exceptions.DatabaseException&#10;Exception Description: Configuration error.  Class [org.postgresql.Driver] not found." type="javax.persistence.PersistenceException"><![CDATA[javax.persistence.PersistenceException: 
Exception [EclipseLink-4003] (Eclipse Persistence Services - 2.7.12.v20230209-e5c4074ef3): org.eclipse.persistence.exceptions.DatabaseException
Exception Description: Configuration error.  Class [org.postgresql.Driver] not found.
	at org.eclipse.persistence.internal.jpa.EntityManagerSetupImpl.deploy(EntityManagerSetupImpl.java:854)
	at org.eclipse.persistence.internal.jpa.EntityManagerFactoryDelegate.getAbstractSession(EntityManagerFactoryDelegate.java:222)
	at org.eclipse.persistence.internal.jpa.EntityManagerFactoryDelegate.getDatabaseSession(EntityManagerFactoryDelegate.java:200)
	at org.eclipse.persistence.internal.jpa.EntityManagerFactoryImpl.getDatabaseSession(EntityManagerFactoryImpl.java:542)
	at org.eclipse.persistence.jpa.PersistenceProvider.createEntityManagerFactoryImpl(PersistenceProvider.java:153)
	at org.eclipse.persistence.jpa.PersistenceProvider.createEntityManagerFactory(PersistenceProvider.java:191)
	at javax.persistence.Persistence.createEntityManagerFactory(Persistence.java:80)
	at javax.persistence.Persistence.createEntityManagerFactory(Persistence.java:55)
	at com.draekk.todomaster.persistence.UserJpaController.<init>(UserJpaController.java:32)
	at com.draekk.todomaster.persistence.PersistenceController.<init>(PersistenceController.java:11)
	at com.draekk.todomaster.controllers.GeneralController.<init>(GeneralController.java:15)
	at com.draekk.todomaster.controllers.GeneralControllerTest.testCompleteTask(GeneralControllerTest.java:145)
	at java.base/jdk.internal.reflect.NativeMethodAccessorImpl.invoke0(Native Method)
	at java.base/jdk.internal.reflect.NativeMethodAccessorImpl.invoke(NativeMethodAccessorImpl.java:77)
	at java.base/jdk.internal.reflect.DelegatingMethodAccessorImpl.invoke(DelegatingMethodAccessorImpl.java:43)
	at java.base/java.lang.reflect.Method.invoke(Method.java:568)
	at org.junit.platform.commons.util.ReflectionUtils.invokeMethod(ReflectionUtils.java:686)
	at org.junit.jupiter.engine.execution.MethodInvocation.proceed(MethodInvocation.java:60)
	at org.junit.jupiter.engine.execution.InvocationInterceptorChain$ValidatingInvocation.proceed(InvocationInterceptorChain.java:131)
	at org.junit.jupiter.engine.extension.TimeoutExtension.intercept(TimeoutExtension.java:149)
	at org.junit.jupiter.engine.extension.TimeoutExtension.interceptTestableMethod(TimeoutExtension.java:140)
	at org.junit.jupiter.engine.extension.TimeoutExtension.interceptTestMethod(TimeoutExtension.java:84)
	at org.junit.jupiter.engine.execution.ExecutableInvoker$ReflectiveInterceptorCall.lambda$ofVoidMethod$0(ExecutableInvoker.java:115)
	at org.junit.jupiter.engine.execution.ExecutableInvoker.lambda$invoke$0(ExecutableInvoker.java:105)
	at org.junit.jupiter.engine.execution.InvocationInterceptorChain$InterceptedInvocation.proceed(InvocationInterceptorChain.java:106)
	at org.junit.jupiter.engine.execution.InvocationInterceptorChain.proceed(InvocationInterceptorChain.java:64)
	at org.junit.jupiter.engine.execution.InvocationInterceptorChain.chainAndInvoke(InvocationInterceptorChain.java:45)
	at org.junit.jupiter.engine.execution.InvocationInterceptorChain.invoke(InvocationInterceptorChain.java:37)
	at org.junit.jupiter.engine.execution.ExecutableInvoker.invoke(ExecutableInvoker.java:104)
	at org.junit.jupiter.engine.execution.ExecutableInvoker.invoke(ExecutableInvoker.java:98)
	at org.junit.jupiter.engine.descriptor.TestMethodTestDescriptor.lambda$invokeTestMethod$6(TestMethodTestDescriptor.java:205)
	at org.junit.platform.engine.support.hierarchical.ThrowableCollector.execute(ThrowableCollector.java:73)
	at org.junit.jupiter.engine.descriptor.TestMethodTestDescriptor.invokeTestMethod(TestMethodTestDescriptor.java:201)
	at org.junit.jupiter.engine.descriptor.TestMethodTestDescriptor.execute(TestMethodTestDescriptor.java:137)
	at org.junit.jupiter.engine.descriptor.TestMethodTestDescriptor.execute(TestMethodTestDescriptor.java:71)
	at org.junit.platform.engine.support.hierarchical.NodeTestTask.lambda$executeRecursively$5(NodeTestTask.java:135)
	at org.junit.platform.engine.support.hierarchical.ThrowableCollector.execute(ThrowableCollector.java:73)
	at org.junit.platform.engine.support.hierarchical.NodeTestTask.lambda$executeRecursively$7(NodeTestTask.java:125)
	at org.junit.platform.engine.support.hierarchical.Node.around(Node.java:135)
	at org.junit.platform.engine.support.hierarchical.NodeTestTask.lambda$executeRecursively$8(NodeTestTask.java:123)
	at org.junit.platform.engine.support.hierarchical.ThrowableCollector.execute(ThrowableCollector.java:73)
	at org.junit.platform.engine.support.hierarchical.NodeTestTask.executeRecursively(NodeTestTask.java:122)
	at org.junit.platform.engine.support.hierarchical.NodeTestTask.execute(NodeTestTask.java:80)
	at java.base/java.util.ArrayList.forEach(ArrayList.java:1511)
	at org.junit.platform.engine.support.hierarchical.SameThreadHierarchicalTestExecutorService.invokeAll(SameThreadHierarchicalTestExecutorService.java:38)
	at org.junit.platform.engine.support.hierarchical.NodeTestTask.lambda$executeRecursively$5(NodeTestTask.java:139)
	at org.junit.platform.engine.support.hierarchical.ThrowableCollector.execute(ThrowableCollector.java:73)
	at org.junit.platform.engine.support.hierarchical.NodeTestTask.lambda$executeRecursively$7(NodeTestTask.java:125)
	at org.junit.platform.engine.support.hierarchical.Node.around(Node.java:135)
	at org.junit.platform.engine.support.hierarchical.NodeTestTask.lambda$executeRecursively$8(NodeTestTask.java:123)
	at org.junit.platform.engine.support.hierarchical.ThrowableCollector.execute(ThrowableCollector.java:73)
	at org.junit.platform.engine.support.hierarchical.NodeTestTask.executeRecursively(NodeTestTask.java:122)
	at org.junit.platform.engine.support.hierarchical.NodeTestTask.execute(NodeTestTask.java:80)
	at java.base/java.util.ArrayList.forEach(ArrayList.java:1511)
	at org.junit.platform.engine.support.hierarchical.SameThreadHierarchicalTestExecutorService.invokeAll(SameThreadHierarchicalTestExecutorService.java:38)
	at org.junit.platform.engine.support.hierarchical.NodeTestTask.lambda$executeRecursively$5(NodeTestTask.java:139)
	at org.junit.platform.engine.support.hierarchical.ThrowableCollector.execute(ThrowableCollector.java:73)
	at org.junit.platform.engine.support.hierarchical.NodeTestTask.lambda$executeRecursively$7(NodeTestTask.java:125)
	at org.junit.platform.engine.support.hierarchical.Node.around(Node.java:135)
	at org.junit.platform.engine.support.hierarchical.NodeTestTask.lambda$executeRecursively$8(NodeTestTask.java:123)
	at org.junit.platform.engine.support.hierarchical.ThrowableCollector.execute(ThrowableCollector.java:73)
	at org.junit.platform.engine.support.hierarchical.NodeTestTask.executeRecursively(NodeTestTask.java:122)
	at org.junit.platform.engine.support.hierarchical.NodeTestTask.execute(NodeTestTask.java:80)
	at org.junit.platform.engine.support.hierarchical.SameThreadHierarchicalTestExecutorService.submit(SameThreadHierarchicalTestExecutorService.java:32)
	at org.junit.platform.engine.support.hierarchical.HierarchicalTestExecutor.execute(HierarchicalTestExecutor.java:57)
	at org.junit.platform.engine.support.hierarchical.HierarchicalTestEngine.execute(HierarchicalTestEngine.java:51)
	at org.junit.platform.launcher.core.DefaultLauncher.execute(DefaultLauncher.java:248)
	at org.junit.platform.launcher.core.DefaultLauncher.lambda$execute$5(DefaultLauncher.java:211)
	at org.junit.platform.launcher.core.DefaultLauncher.withInterceptedStreams(DefaultLauncher.java:226)
	at org.junit.platform.launcher.core.DefaultLauncher.execute(DefaultLauncher.java:199)
	at org.junit.platform.launcher.core.DefaultLauncher.execute(DefaultLauncher.java:132)
	at org.apache.maven.surefire.junitplatform.LazyLauncher.execute(LazyLauncher.java:56)
	at org.apache.maven.surefire.junitplatform.JUnitPlatformProvider.execute(JUnitPlatformProvider.java:184)
	at org.apache.maven.surefire.junitplatform.JUnitPlatformProvider.invokeAllTests(JUnitPlatformProvider.java:148)
	at org.apache.maven.surefire.junitplatform.JUnitPlatformProvider.invoke(JUnitPlatformProvider.java:122)
	at org.apache.maven.surefire.booter.ForkedBooter.runSuitesInProcess(ForkedBooter.java:385)
	at org.apache.maven.surefire.booter.ForkedBooter.execute(ForkedBooter.java:162)
	at org.apache.maven.surefire.booter.ForkedBooter.run(ForkedBooter.java:507)
	at org.apache.maven.surefire.booter.ForkedBooter.main(ForkedBooter.java:495)
Caused by: Exception [EclipseLink-4003] (Eclipse Persistence Services - 2.7.12.v20230209-e5c4074ef3): org.eclipse.persistence.exceptions.DatabaseException
Exception Description: Configuration error.  Class [org.postgresql.Driver] not found.
	at org.eclipse.persistence.exceptions.DatabaseException.configurationErrorClassNotFound(DatabaseException.java:91)
	at org.eclipse.persistence.sessions.DefaultConnector.loadDriverClass(DefaultConnector.java:269)
	at org.eclipse.persistence.sessions.DefaultConnector.connect(DefaultConnector.java:87)
	at org.eclipse.persistence.sessions.DatasourceLogin.connectToDatasource(DatasourceLogin.java:172)
	at org.eclipse.persistence.internal.sessions.DatabaseSessionImpl.setOrDetectDatasource(DatabaseSessionImpl.java:226)
	at org.eclipse.persistence.internal.sessions.DatabaseSessionImpl.loginAndDetectDatasource(DatabaseSessionImpl.java:810)
	at org.eclipse.persistence.internal.jpa.EntityManagerFactoryProvider.login(EntityManagerFactoryProvider.java:261)
	at org.eclipse.persistence.internal.jpa.EntityManagerSetupImpl.deploy(EntityManagerSetupImpl.java:771)
	... 78 more
]]></error>
    <system-out><![CDATA[completeTask
[EL Finer]: 2023-12-08 15:56:19.212--Thread(Thread[main,5,main])--fixUNC: before fixing: url = file:/C:/Users/asahi/OneDrive/Documentos/programacion/porfolio-projects/todo-app/todo-master/todomaster/target/classes/, authority = , file = /C:/Users/asahi/OneDrive/Documentos/programacion/porfolio-projects/todo-app/todo-master/todomaster/target/classes/ (There is no English translation for this message.)
[EL Finer]: 2023-12-08 15:56:19.212--Thread(Thread[main,5,main])--fixUNC: after fixing: url = file:/C:/Users/asahi/OneDrive/Documentos/programacion/porfolio-projects/todo-app/todo-master/todomaster/target/classes/, authority = null, file = /C:/Users/asahi/OneDrive/Documentos/programacion/porfolio-projects/todo-app/todo-master/todomaster/target/classes/ (There is no English translation for this message.)
[EL Fine]: moxy: 2023-12-08 15:56:19.223--Thread(Thread[main,5,main])--SAXParserFactory instance: com.sun.org.apache.xerces.internal.jaxp.SAXParserFactoryImpl@14fc1f0
[EL Finer]: jpa: 2023-12-08 15:56:19.225--Thread(Thread[main,5,main])--JavaSECMPInitializer - predeploying TodoMasterPU.
[EL Finest]: properties: 2023-12-08 15:56:19.231--ServerSession(1256837057)--Thread(Thread[main,5,main])--property=eclipselink.logging.parameters; value=true
[EL Fine]: server: 2023-12-08 15:56:19.231--Thread(Thread[main,5,main])--Configured server platform: org.eclipse.persistence.platform.server.NoServerPlatform
[EL Finest]: jpa: 2023-12-08 15:56:19.231--ServerSession(1256837057)--Thread(Thread[main,5,main])--Begin predeploying Persistence Unit TodoMasterPU; session /file:/C:/Users/asahi/OneDrive/Documentos/programacion/porfolio-projects/todo-app/todo-master/todomaster/target/classes/_TodoMasterPU; state Initial; factoryCount 0
[EL Finest]: properties: 2023-12-08 15:56:19.232--ServerSession(1256837057)--Thread(Thread[main,5,main])--property=eclipselink.orm.throw.exceptions; default value=true
[EL Finest]: properties: 2023-12-08 15:56:19.232--ServerSession(1256837057)--Thread(Thread[main,5,main])--property=eclipselink.multitenant.tenants-share-emf; default value=true
[EL Finest]: properties: 2023-12-08 15:56:19.232--ServerSession(1256837057)--Thread(Thread[main,5,main])--property=eclipselink.multitenant.tenants-share-cache; default value=false
[EL Finer]: metadata: 2023-12-08 15:56:19.232--Thread(Thread[main,5,main])--Searching for mapping file: [META-INF/orm.xml] at root URL: [file:/C:/Users/asahi/OneDrive/Documentos/programacion/porfolio-projects/todo-app/todo-master/todomaster/target/classes/].
[EL Finer]: metadata: 2023-12-08 15:56:19.238--Thread(Thread[main,5,main])--Searching for mapping file: [META-INF/eclipselink-orm.xml] at root URL: [file:/C:/Users/asahi/OneDrive/Documentos/programacion/porfolio-projects/todo-app/todo-master/todomaster/target/classes/].
[EL Config]: metadata: 2023-12-08 15:56:19.256--ServerSession(1256837057)--Thread(Thread[main,5,main])--The access type for the persistent class [class com.draekk.todomaster.models.User] is set to [FIELD].
[EL Config]: metadata: 2023-12-08 15:56:19.258--ServerSession(1256837057)--Thread(Thread[main,5,main])--The target entity (reference) class for the one to many mapping element [field tasks] is being defaulted to: class com.draekk.todomaster.models.Task.
[EL Config]: metadata: 2023-12-08 15:56:19.258--ServerSession(1256837057)--Thread(Thread[main,5,main])--The access type for the persistent class [class com.draekk.todomaster.models.Task] is set to [FIELD].
[EL Config]: metadata: 2023-12-08 15:56:19.259--ServerSession(1256837057)--Thread(Thread[main,5,main])--The target entity (reference) class for the many to one mapping element [field user] is being defaulted to: class com.draekk.todomaster.models.User.
[EL Config]: metadata: 2023-12-08 15:56:19.259--ServerSession(1256837057)--Thread(Thread[main,5,main])--The alias name for the entity class [class com.draekk.todomaster.models.User] is being defaulted to: User.
[EL Config]: metadata: 2023-12-08 15:56:19.259--ServerSession(1256837057)--Thread(Thread[main,5,main])--The column name for element [lastName] is being defaulted to: LASTNAME.
[EL Config]: metadata: 2023-12-08 15:56:19.259--ServerSession(1256837057)--Thread(Thread[main,5,main])--The column name for element [password] is being defaulted to: PASSWORD.
[EL Config]: metadata: 2023-12-08 15:56:19.26--ServerSession(1256837057)--Thread(Thread[main,5,main])--The column name for element [name] is being defaulted to: NAME.
[EL Config]: metadata: 2023-12-08 15:56:19.26--ServerSession(1256837057)--Thread(Thread[main,5,main])--The column name for element [id] is being defaulted to: ID.
[EL Config]: metadata: 2023-12-08 15:56:19.26--ServerSession(1256837057)--Thread(Thread[main,5,main])--The column name for element [email] is being defaulted to: EMAIL.
[EL Config]: metadata: 2023-12-08 15:56:19.26--ServerSession(1256837057)--Thread(Thread[main,5,main])--The column name for element [username] is being defaulted to: USERNAME.
[EL Config]: metadata: 2023-12-08 15:56:19.26--ServerSession(1256837057)--Thread(Thread[main,5,main])--The alias name for the entity class [class com.draekk.todomaster.models.Task] is being defaulted to: Task.
[EL Config]: metadata: 2023-12-08 15:56:19.26--ServerSession(1256837057)--Thread(Thread[main,5,main])--The column name for element [description] is being defaulted to: DESCRIPTION.
[EL Config]: metadata: 2023-12-08 15:56:19.261--ServerSession(1256837057)--Thread(Thread[main,5,main])--The column name for element [id] is being defaulted to: ID.
[EL Config]: metadata: 2023-12-08 15:56:19.261--ServerSession(1256837057)--Thread(Thread[main,5,main])--The column name for element [isCompleted] is being defaulted to: ISCOMPLETED.
[EL Config]: metadata: 2023-12-08 15:56:19.261--ServerSession(1256837057)--Thread(Thread[main,5,main])--The primary key column name for the mapping element [field user] is being defaulted to: ID.
[EL Finest]: jpa: 2023-12-08 15:56:19.262--ServerSession(1256837057)--Thread(Thread[main,5,main])--End predeploying Persistence Unit TodoMasterPU; session /file:/C:/Users/asahi/OneDrive/Documentos/programacion/porfolio-projects/todo-app/todo-master/todomaster/target/classes/_TodoMasterPU; state Predeployed; factoryCount 0
[EL Finer]: weaver: 2023-12-08 15:56:19.262--Thread(Thread[main,5,main])--JavaSECMPInitializer - transformer is null.
[EL Finest]: jpa: 2023-12-08 15:56:19.262--ServerSession(1256837057)--Thread(Thread[main,5,main])--Begin predeploying Persistence Unit TodoMasterPU; session /file:/C:/Users/asahi/OneDrive/Documentos/programacion/porfolio-projects/todo-app/todo-master/todomaster/target/classes/_TodoMasterPU; state Predeployed; factoryCount 0
[EL Finest]: jpa: 2023-12-08 15:56:19.263--ServerSession(1256837057)--Thread(Thread[main,5,main])--End predeploying Persistence Unit TodoMasterPU; session /file:/C:/Users/asahi/OneDrive/Documentos/programacion/porfolio-projects/todo-app/todo-master/todomaster/target/classes/_TodoMasterPU; state Predeployed; factoryCount 1
[EL Finer]: metamodel: 2023-12-08 15:56:19.263--ServerSession(1256837057)--Thread(Thread[main,5,main])--Canonical Metamodel class [com.draekk.todomaster.models.Task_] found and instantiated during initialization.
[EL Finer]: metamodel: 2023-12-08 15:56:19.263--ServerSession(1256837057)--Thread(Thread[main,5,main])--Canonical Metamodel class [com.draekk.todomaster.models.User_] found and instantiated during initialization.
[EL Finest]: jpa: 2023-12-08 15:56:19.263--ServerSession(1256837057)--Thread(Thread[main,5,main])--Begin deploying Persistence Unit TodoMasterPU; session /file:/C:/Users/asahi/OneDrive/Documentos/programacion/porfolio-projects/todo-app/todo-master/todomaster/target/classes/_TodoMasterPU; state Predeployed; factoryCount 1
[EL Finest]: jpa: 2023-12-08 15:56:19.265--ServerSession(1256837057)--Thread(Thread[main,5,main])--Bean Validation Factory was not initialized: [javax/validation/Validation].
[EL Finest]: properties: 2023-12-08 15:56:19.265--ServerSession(1256837057)--Thread(Thread[main,5,main])--property=eclipselink.logging.level; value=FINEST; translated value=FINEST
[EL Finest]: properties: 2023-12-08 15:56:19.265--ServerSession(1256837057)--Thread(Thread[main,5,main])--property=eclipselink.logging.parameters; value=true
[EL Finest]: properties: 2023-12-08 15:56:19.265--ServerSession(1256837057)--Thread(Thread[main,5,main])--property=eclipselink.logging.level; value=FINEST; translated value=FINEST
[EL Finest]: properties: 2023-12-08 15:56:19.265--ServerSession(1256837057)--Thread(Thread[main,5,main])--property=eclipselink.logging.parameters; value=true
[EL Finest]: properties: 2023-12-08 15:56:19.266--ServerSession(1256837057)--Thread(Thread[main,5,main])--property=javax.persistence.jdbc.user; value=postgres
[EL Finest]: properties: 2023-12-08 15:56:19.266--ServerSession(1256837057)--Thread(Thread[main,5,main])--property=javax.persistence.jdbc.password; value=xxxxxx
[EL Finest]: properties: 2023-12-08 15:56:19.267--ServerSession(1256837057)--Thread(Thread[main,5,main])--property=javax.persistence.jdbc.driver; value=org.postgresql.Driver
[EL Finest]: properties: 2023-12-08 15:56:19.268--ServerSession(1256837057)--Thread(Thread[main,5,main])--property=javax.persistence.jdbc.url; value=jdbc:postgresql://monorail.proxy.rlwy.net:32742/railway
[EL Info]: 2023-12-08 15:56:19.268--ServerSession(1256837057)--Thread(Thread[main,5,main])--EclipseLink, version: Eclipse Persistence Services - 2.7.12.v20230209-e5c4074ef3
[EL Severe]: ejb: 2023-12-08 15:56:19.269--ServerSession(1256837057)--Thread(Thread[main,5,main])--Local Exception Stack: 
Exception [EclipseLink-4003] (Eclipse Persistence Services - 2.7.12.v20230209-e5c4074ef3): org.eclipse.persistence.exceptions.DatabaseException
Exception Description: Configuration error.  Class [org.postgresql.Driver] not found.
	at org.eclipse.persistence.exceptions.DatabaseException.configurationErrorClassNotFound(DatabaseException.java:91)
	at org.eclipse.persistence.sessions.DefaultConnector.loadDriverClass(DefaultConnector.java:269)
	at org.eclipse.persistence.sessions.DefaultConnector.connect(DefaultConnector.java:87)
	at org.eclipse.persistence.sessions.DatasourceLogin.connectToDatasource(DatasourceLogin.java:172)
	at org.eclipse.persistence.internal.sessions.DatabaseSessionImpl.setOrDetectDatasource(DatabaseSessionImpl.java:226)
	at org.eclipse.persistence.internal.sessions.DatabaseSessionImpl.loginAndDetectDatasource(DatabaseSessionImpl.java:810)
	at org.eclipse.persistence.internal.jpa.EntityManagerFactoryProvider.login(EntityManagerFactoryProvider.java:261)
	at org.eclipse.persistence.internal.jpa.EntityManagerSetupImpl.deploy(EntityManagerSetupImpl.java:771)
	at org.eclipse.persistence.internal.jpa.EntityManagerFactoryDelegate.getAbstractSession(EntityManagerFactoryDelegate.java:222)
	at org.eclipse.persistence.internal.jpa.EntityManagerFactoryDelegate.getDatabaseSession(EntityManagerFactoryDelegate.java:200)
	at org.eclipse.persistence.internal.jpa.EntityManagerFactoryImpl.getDatabaseSession(EntityManagerFactoryImpl.java:542)
	at org.eclipse.persistence.jpa.PersistenceProvider.createEntityManagerFactoryImpl(PersistenceProvider.java:153)
	at org.eclipse.persistence.jpa.PersistenceProvider.createEntityManagerFactory(PersistenceProvider.java:191)
	at javax.persistence.Persistence.createEntityManagerFactory(Persistence.java:80)
	at javax.persistence.Persistence.createEntityManagerFactory(Persistence.java:55)
	at com.draekk.todomaster.persistence.UserJpaController.<init>(UserJpaController.java:32)
	at com.draekk.todomaster.persistence.PersistenceController.<init>(PersistenceController.java:11)
	at com.draekk.todomaster.controllers.GeneralController.<init>(GeneralController.java:15)
	at com.draekk.todomaster.controllers.GeneralControllerTest.testCompleteTask(GeneralControllerTest.java:145)
	at java.base/jdk.internal.reflect.NativeMethodAccessorImpl.invoke0(Native Method)
	at java.base/jdk.internal.reflect.NativeMethodAccessorImpl.invoke(NativeMethodAccessorImpl.java:77)
	at java.base/jdk.internal.reflect.DelegatingMethodAccessorImpl.invoke(DelegatingMethodAccessorImpl.java:43)
	at java.base/java.lang.reflect.Method.invoke(Method.java:568)
	at org.junit.platform.commons.util.ReflectionUtils.invokeMethod(ReflectionUtils.java:686)
	at org.junit.jupiter.engine.execution.MethodInvocation.proceed(MethodInvocation.java:60)
	at org.junit.jupiter.engine.execution.InvocationInterceptorChain$ValidatingInvocation.proceed(InvocationInterceptorChain.java:131)
	at org.junit.jupiter.engine.extension.TimeoutExtension.intercept(TimeoutExtension.java:149)
	at org.junit.jupiter.engine.extension.TimeoutExtension.interceptTestableMethod(TimeoutExtension.java:140)
	at org.junit.jupiter.engine.extension.TimeoutExtension.interceptTestMethod(TimeoutExtension.java:84)
	at org.junit.jupiter.engine.execution.ExecutableInvoker$ReflectiveInterceptorCall.lambda$ofVoidMethod$0(ExecutableInvoker.java:115)
	at org.junit.jupiter.engine.execution.ExecutableInvoker.lambda$invoke$0(ExecutableInvoker.java:105)
	at org.junit.jupiter.engine.execution.InvocationInterceptorChain$InterceptedInvocation.proceed(InvocationInterceptorChain.java:106)
	at org.junit.jupiter.engine.execution.InvocationInterceptorChain.proceed(InvocationInterceptorChain.java:64)
	at org.junit.jupiter.engine.execution.InvocationInterceptorChain.chainAndInvoke(InvocationInterceptorChain.java:45)
	at org.junit.jupiter.engine.execution.InvocationInterceptorChain.invoke(InvocationInterceptorChain.java:37)
	at org.junit.jupiter.engine.execution.ExecutableInvoker.invoke(ExecutableInvoker.java:104)
	at org.junit.jupiter.engine.execution.ExecutableInvoker.invoke(ExecutableInvoker.java:98)
	at org.junit.jupiter.engine.descriptor.TestMethodTestDescriptor.lambda$invokeTestMethod$6(TestMethodTestDescriptor.java:205)
	at org.junit.platform.engine.support.hierarchical.ThrowableCollector.execute(ThrowableCollector.java:73)
	at org.junit.jupiter.engine.descriptor.TestMethodTestDescriptor.invokeTestMethod(TestMethodTestDescriptor.java:201)
	at org.junit.jupiter.engine.descriptor.TestMethodTestDescriptor.execute(TestMethodTestDescriptor.java:137)
	at org.junit.jupiter.engine.descriptor.TestMethodTestDescriptor.execute(TestMethodTestDescriptor.java:71)
	at org.junit.platform.engine.support.hierarchical.NodeTestTask.lambda$executeRecursively$5(NodeTestTask.java:135)
	at org.junit.platform.engine.support.hierarchical.ThrowableCollector.execute(ThrowableCollector.java:73)
	at org.junit.platform.engine.support.hierarchical.NodeTestTask.lambda$executeRecursively$7(NodeTestTask.java:125)
	at org.junit.platform.engine.support.hierarchical.Node.around(Node.java:135)
	at org.junit.platform.engine.support.hierarchical.NodeTestTask.lambda$executeRecursively$8(NodeTestTask.java:123)
	at org.junit.platform.engine.support.hierarchical.ThrowableCollector.execute(ThrowableCollector.java:73)
	at org.junit.platform.engine.support.hierarchical.NodeTestTask.executeRecursively(NodeTestTask.java:122)
	at org.junit.platform.engine.support.hierarchical.NodeTestTask.execute(NodeTestTask.java:80)
	at java.base/java.util.ArrayList.forEach(ArrayList.java:1511)
	at org.junit.platform.engine.support.hierarchical.SameThreadHierarchicalTestExecutorService.invokeAll(SameThreadHierarchicalTestExecutorService.java:38)
	at org.junit.platform.engine.support.hierarchical.NodeTestTask.lambda$executeRecursively$5(NodeTestTask.java:139)
	at org.junit.platform.engine.support.hierarchical.ThrowableCollector.execute(ThrowableCollector.java:73)
	at org.junit.platform.engine.support.hierarchical.NodeTestTask.lambda$executeRecursively$7(NodeTestTask.java:125)
	at org.junit.platform.engine.support.hierarchical.Node.around(Node.java:135)
	at org.junit.platform.engine.support.hierarchical.NodeTestTask.lambda$executeRecursively$8(NodeTestTask.java:123)
	at org.junit.platform.engine.support.hierarchical.ThrowableCollector.execute(ThrowableCollector.java:73)
	at org.junit.platform.engine.support.hierarchical.NodeTestTask.executeRecursively(NodeTestTask.java:122)
	at org.junit.platform.engine.support.hierarchical.NodeTestTask.execute(NodeTestTask.java:80)
	at java.base/java.util.ArrayList.forEach(ArrayList.java:1511)
	at org.junit.platform.engine.support.hierarchical.SameThreadHierarchicalTestExecutorService.invokeAll(SameThreadHierarchicalTestExecutorService.java:38)
	at org.junit.platform.engine.support.hierarchical.NodeTestTask.lambda$executeRecursively$5(NodeTestTask.java:139)
	at org.junit.platform.engine.support.hierarchical.ThrowableCollector.execute(ThrowableCollector.java:73)
	at org.junit.platform.engine.support.hierarchical.NodeTestTask.lambda$executeRecursively$7(NodeTestTask.java:125)
	at org.junit.platform.engine.support.hierarchical.Node.around(Node.java:135)
	at org.junit.platform.engine.support.hierarchical.NodeTestTask.lambda$executeRecursively$8(NodeTestTask.java:123)
	at org.junit.platform.engine.support.hierarchical.ThrowableCollector.execute(ThrowableCollector.java:73)
	at org.junit.platform.engine.support.hierarchical.NodeTestTask.executeRecursively(NodeTestTask.java:122)
	at org.junit.platform.engine.support.hierarchical.NodeTestTask.execute(NodeTestTask.java:80)
	at org.junit.platform.engine.support.hierarchical.SameThreadHierarchicalTestExecutorService.submit(SameThreadHierarchicalTestExecutorService.java:32)
	at org.junit.platform.engine.support.hierarchical.HierarchicalTestExecutor.execute(HierarchicalTestExecutor.java:57)
	at org.junit.platform.engine.support.hierarchical.HierarchicalTestEngine.execute(HierarchicalTestEngine.java:51)
	at org.junit.platform.launcher.core.DefaultLauncher.execute(DefaultLauncher.java:248)
	at org.junit.platform.launcher.core.DefaultLauncher.lambda$execute$5(DefaultLauncher.java:211)
	at org.junit.platform.launcher.core.DefaultLauncher.withInterceptedStreams(DefaultLauncher.java:226)
	at org.junit.platform.launcher.core.DefaultLauncher.execute(DefaultLauncher.java:199)
	at org.junit.platform.launcher.core.DefaultLauncher.execute(DefaultLauncher.java:132)
	at org.apache.maven.surefire.junitplatform.LazyLauncher.execute(LazyLauncher.java:56)
	at org.apache.maven.surefire.junitplatform.JUnitPlatformProvider.execute(JUnitPlatformProvider.java:184)
	at org.apache.maven.surefire.junitplatform.JUnitPlatformProvider.invokeAllTests(JUnitPlatformProvider.java:148)
	at org.apache.maven.surefire.junitplatform.JUnitPlatformProvider.invoke(JUnitPlatformProvider.java:122)
	at org.apache.maven.surefire.booter.ForkedBooter.runSuitesInProcess(ForkedBooter.java:385)
	at org.apache.maven.surefire.booter.ForkedBooter.execute(ForkedBooter.java:162)
	at org.apache.maven.surefire.booter.ForkedBooter.run(ForkedBooter.java:507)
	at org.apache.maven.surefire.booter.ForkedBooter.main(ForkedBooter.java:495)

[EL Finest]: jpa: 2023-12-08 15:56:19.27--ServerSession(1256837057)--Thread(Thread[main,5,main])--End deploying Persistence Unit TodoMasterPU; session /file:/C:/Users/asahi/OneDrive/Documentos/programacion/porfolio-projects/todo-app/todo-master/todomaster/target/classes/_TodoMasterPU; state HalfDeployed; factoryCount 1
[EL Finest]: jpa: 2023-12-08 15:56:19.27--ServerSession(1256837057)--Thread(Thread[main,5,main])--Begin undeploying Persistence Unit TodoMasterPU; session /file:/C:/Users/asahi/OneDrive/Documentos/programacion/porfolio-projects/todo-app/todo-master/todomaster/target/classes/_TodoMasterPU; state HalfDeployed; factoryCount 1
[EL Finest]: jpa: 2023-12-08 15:56:19.27--ServerSession(1256837057)--Thread(Thread[main,5,main])--End undeploying Persistence Unit TodoMasterPU; session /file:/C:/Users/asahi/OneDrive/Documentos/programacion/porfolio-projects/todo-app/todo-master/todomaster/target/classes/_TodoMasterPU; state Undeployed; factoryCount 0
]]></system-out>
  </testcase>
  <testcase name="testCreateTask" classname="com.draekk.todomaster.controllers.GeneralControllerTest" time="0.074">
    <error message="Exception [EclipseLink-4003] (Eclipse Persistence Services - 2.7.12.v20230209-e5c4074ef3): org.eclipse.persistence.exceptions.DatabaseException&#10;Exception Description: Configuration error.  Class [org.postgresql.Driver] not found." type="javax.persistence.PersistenceException"><![CDATA[javax.persistence.PersistenceException: 
Exception [EclipseLink-4003] (Eclipse Persistence Services - 2.7.12.v20230209-e5c4074ef3): org.eclipse.persistence.exceptions.DatabaseException
Exception Description: Configuration error.  Class [org.postgresql.Driver] not found.
	at org.eclipse.persistence.internal.jpa.EntityManagerSetupImpl.deploy(EntityManagerSetupImpl.java:854)
	at org.eclipse.persistence.internal.jpa.EntityManagerFactoryDelegate.getAbstractSession(EntityManagerFactoryDelegate.java:222)
	at org.eclipse.persistence.internal.jpa.EntityManagerFactoryDelegate.getDatabaseSession(EntityManagerFactoryDelegate.java:200)
	at org.eclipse.persistence.internal.jpa.EntityManagerFactoryImpl.getDatabaseSession(EntityManagerFactoryImpl.java:542)
	at org.eclipse.persistence.jpa.PersistenceProvider.createEntityManagerFactoryImpl(PersistenceProvider.java:153)
	at org.eclipse.persistence.jpa.PersistenceProvider.createEntityManagerFactory(PersistenceProvider.java:191)
	at javax.persistence.Persistence.createEntityManagerFactory(Persistence.java:80)
	at javax.persistence.Persistence.createEntityManagerFactory(Persistence.java:55)
	at com.draekk.todomaster.persistence.UserJpaController.<init>(UserJpaController.java:32)
	at com.draekk.todomaster.persistence.PersistenceController.<init>(PersistenceController.java:11)
	at com.draekk.todomaster.controllers.GeneralController.<init>(GeneralController.java:15)
	at com.draekk.todomaster.controllers.GeneralControllerTest.testCreateTask(GeneralControllerTest.java:88)
	at java.base/jdk.internal.reflect.NativeMethodAccessorImpl.invoke0(Native Method)
	at java.base/jdk.internal.reflect.NativeMethodAccessorImpl.invoke(NativeMethodAccessorImpl.java:77)
	at java.base/jdk.internal.reflect.DelegatingMethodAccessorImpl.invoke(DelegatingMethodAccessorImpl.java:43)
	at java.base/java.lang.reflect.Method.invoke(Method.java:568)
	at org.junit.platform.commons.util.ReflectionUtils.invokeMethod(ReflectionUtils.java:686)
	at org.junit.jupiter.engine.execution.MethodInvocation.proceed(MethodInvocation.java:60)
	at org.junit.jupiter.engine.execution.InvocationInterceptorChain$ValidatingInvocation.proceed(InvocationInterceptorChain.java:131)
	at org.junit.jupiter.engine.extension.TimeoutExtension.intercept(TimeoutExtension.java:149)
	at org.junit.jupiter.engine.extension.TimeoutExtension.interceptTestableMethod(TimeoutExtension.java:140)
	at org.junit.jupiter.engine.extension.TimeoutExtension.interceptTestMethod(TimeoutExtension.java:84)
	at org.junit.jupiter.engine.execution.ExecutableInvoker$ReflectiveInterceptorCall.lambda$ofVoidMethod$0(ExecutableInvoker.java:115)
	at org.junit.jupiter.engine.execution.ExecutableInvoker.lambda$invoke$0(ExecutableInvoker.java:105)
	at org.junit.jupiter.engine.execution.InvocationInterceptorChain$InterceptedInvocation.proceed(InvocationInterceptorChain.java:106)
	at org.junit.jupiter.engine.execution.InvocationInterceptorChain.proceed(InvocationInterceptorChain.java:64)
	at org.junit.jupiter.engine.execution.InvocationInterceptorChain.chainAndInvoke(InvocationInterceptorChain.java:45)
	at org.junit.jupiter.engine.execution.InvocationInterceptorChain.invoke(InvocationInterceptorChain.java:37)
	at org.junit.jupiter.engine.execution.ExecutableInvoker.invoke(ExecutableInvoker.java:104)
	at org.junit.jupiter.engine.execution.ExecutableInvoker.invoke(ExecutableInvoker.java:98)
	at org.junit.jupiter.engine.descriptor.TestMethodTestDescriptor.lambda$invokeTestMethod$6(TestMethodTestDescriptor.java:205)
	at org.junit.platform.engine.support.hierarchical.ThrowableCollector.execute(ThrowableCollector.java:73)
	at org.junit.jupiter.engine.descriptor.TestMethodTestDescriptor.invokeTestMethod(TestMethodTestDescriptor.java:201)
	at org.junit.jupiter.engine.descriptor.TestMethodTestDescriptor.execute(TestMethodTestDescriptor.java:137)
	at org.junit.jupiter.engine.descriptor.TestMethodTestDescriptor.execute(TestMethodTestDescriptor.java:71)
	at org.junit.platform.engine.support.hierarchical.NodeTestTask.lambda$executeRecursively$5(NodeTestTask.java:135)
	at org.junit.platform.engine.support.hierarchical.ThrowableCollector.execute(ThrowableCollector.java:73)
	at org.junit.platform.engine.support.hierarchical.NodeTestTask.lambda$executeRecursively$7(NodeTestTask.java:125)
	at org.junit.platform.engine.support.hierarchical.Node.around(Node.java:135)
	at org.junit.platform.engine.support.hierarchical.NodeTestTask.lambda$executeRecursively$8(NodeTestTask.java:123)
	at org.junit.platform.engine.support.hierarchical.ThrowableCollector.execute(ThrowableCollector.java:73)
	at org.junit.platform.engine.support.hierarchical.NodeTestTask.executeRecursively(NodeTestTask.java:122)
	at org.junit.platform.engine.support.hierarchical.NodeTestTask.execute(NodeTestTask.java:80)
	at java.base/java.util.ArrayList.forEach(ArrayList.java:1511)
	at org.junit.platform.engine.support.hierarchical.SameThreadHierarchicalTestExecutorService.invokeAll(SameThreadHierarchicalTestExecutorService.java:38)
	at org.junit.platform.engine.support.hierarchical.NodeTestTask.lambda$executeRecursively$5(NodeTestTask.java:139)
	at org.junit.platform.engine.support.hierarchical.ThrowableCollector.execute(ThrowableCollector.java:73)
	at org.junit.platform.engine.support.hierarchical.NodeTestTask.lambda$executeRecursively$7(NodeTestTask.java:125)
	at org.junit.platform.engine.support.hierarchical.Node.around(Node.java:135)
	at org.junit.platform.engine.support.hierarchical.NodeTestTask.lambda$executeRecursively$8(NodeTestTask.java:123)
	at org.junit.platform.engine.support.hierarchical.ThrowableCollector.execute(ThrowableCollector.java:73)
	at org.junit.platform.engine.support.hierarchical.NodeTestTask.executeRecursively(NodeTestTask.java:122)
	at org.junit.platform.engine.support.hierarchical.NodeTestTask.execute(NodeTestTask.java:80)
	at java.base/java.util.ArrayList.forEach(ArrayList.java:1511)
	at org.junit.platform.engine.support.hierarchical.SameThreadHierarchicalTestExecutorService.invokeAll(SameThreadHierarchicalTestExecutorService.java:38)
	at org.junit.platform.engine.support.hierarchical.NodeTestTask.lambda$executeRecursively$5(NodeTestTask.java:139)
	at org.junit.platform.engine.support.hierarchical.ThrowableCollector.execute(ThrowableCollector.java:73)
	at org.junit.platform.engine.support.hierarchical.NodeTestTask.lambda$executeRecursively$7(NodeTestTask.java:125)
	at org.junit.platform.engine.support.hierarchical.Node.around(Node.java:135)
	at org.junit.platform.engine.support.hierarchical.NodeTestTask.lambda$executeRecursively$8(NodeTestTask.java:123)
	at org.junit.platform.engine.support.hierarchical.ThrowableCollector.execute(ThrowableCollector.java:73)
	at org.junit.platform.engine.support.hierarchical.NodeTestTask.executeRecursively(NodeTestTask.java:122)
	at org.junit.platform.engine.support.hierarchical.NodeTestTask.execute(NodeTestTask.java:80)
	at org.junit.platform.engine.support.hierarchical.SameThreadHierarchicalTestExecutorService.submit(SameThreadHierarchicalTestExecutorService.java:32)
	at org.junit.platform.engine.support.hierarchical.HierarchicalTestExecutor.execute(HierarchicalTestExecutor.java:57)
	at org.junit.platform.engine.support.hierarchical.HierarchicalTestEngine.execute(HierarchicalTestEngine.java:51)
	at org.junit.platform.launcher.core.DefaultLauncher.execute(DefaultLauncher.java:248)
	at org.junit.platform.launcher.core.DefaultLauncher.lambda$execute$5(DefaultLauncher.java:211)
	at org.junit.platform.launcher.core.DefaultLauncher.withInterceptedStreams(DefaultLauncher.java:226)
	at org.junit.platform.launcher.core.DefaultLauncher.execute(DefaultLauncher.java:199)
	at org.junit.platform.launcher.core.DefaultLauncher.execute(DefaultLauncher.java:132)
	at org.apache.maven.surefire.junitplatform.LazyLauncher.execute(LazyLauncher.java:56)
	at org.apache.maven.surefire.junitplatform.JUnitPlatformProvider.execute(JUnitPlatformProvider.java:184)
	at org.apache.maven.surefire.junitplatform.JUnitPlatformProvider.invokeAllTests(JUnitPlatformProvider.java:148)
	at org.apache.maven.surefire.junitplatform.JUnitPlatformProvider.invoke(JUnitPlatformProvider.java:122)
	at org.apache.maven.surefire.booter.ForkedBooter.runSuitesInProcess(ForkedBooter.java:385)
	at org.apache.maven.surefire.booter.ForkedBooter.execute(ForkedBooter.java:162)
	at org.apache.maven.surefire.booter.ForkedBooter.run(ForkedBooter.java:507)
	at org.apache.maven.surefire.booter.ForkedBooter.main(ForkedBooter.java:495)
Caused by: Exception [EclipseLink-4003] (Eclipse Persistence Services - 2.7.12.v20230209-e5c4074ef3): org.eclipse.persistence.exceptions.DatabaseException
Exception Description: Configuration error.  Class [org.postgresql.Driver] not found.
	at org.eclipse.persistence.exceptions.DatabaseException.configurationErrorClassNotFound(DatabaseException.java:91)
	at org.eclipse.persistence.sessions.DefaultConnector.loadDriverClass(DefaultConnector.java:269)
	at org.eclipse.persistence.sessions.DefaultConnector.connect(DefaultConnector.java:87)
	at org.eclipse.persistence.sessions.DatasourceLogin.connectToDatasource(DatasourceLogin.java:172)
	at org.eclipse.persistence.internal.sessions.DatabaseSessionImpl.setOrDetectDatasource(DatabaseSessionImpl.java:226)
	at org.eclipse.persistence.internal.sessions.DatabaseSessionImpl.loginAndDetectDatasource(DatabaseSessionImpl.java:810)
	at org.eclipse.persistence.internal.jpa.EntityManagerFactoryProvider.login(EntityManagerFactoryProvider.java:261)
	at org.eclipse.persistence.internal.jpa.EntityManagerSetupImpl.deploy(EntityManagerSetupImpl.java:771)
	... 78 more
]]></error>
    <system-out><![CDATA[createTask
[EL Finer]: 2023-12-08 15:56:19.276--Thread(Thread[main,5,main])--fixUNC: before fixing: url = file:/C:/Users/asahi/OneDrive/Documentos/programacion/porfolio-projects/todo-app/todo-master/todomaster/target/classes/, authority = , file = /C:/Users/asahi/OneDrive/Documentos/programacion/porfolio-projects/todo-app/todo-master/todomaster/target/classes/ (There is no English translation for this message.)
[EL Finer]: 2023-12-08 15:56:19.276--Thread(Thread[main,5,main])--fixUNC: after fixing: url = file:/C:/Users/asahi/OneDrive/Documentos/programacion/porfolio-projects/todo-app/todo-master/todomaster/target/classes/, authority = null, file = /C:/Users/asahi/OneDrive/Documentos/programacion/porfolio-projects/todo-app/todo-master/todomaster/target/classes/ (There is no English translation for this message.)
[EL Fine]: moxy: 2023-12-08 15:56:19.287--Thread(Thread[main,5,main])--SAXParserFactory instance: com.sun.org.apache.xerces.internal.jaxp.SAXParserFactoryImpl@265adfad
[EL Finer]: jpa: 2023-12-08 15:56:19.289--Thread(Thread[main,5,main])--JavaSECMPInitializer - predeploying TodoMasterPU.
[EL Finest]: properties: 2023-12-08 15:56:19.297--ServerSession(171809144)--Thread(Thread[main,5,main])--property=eclipselink.logging.parameters; value=true
[EL Fine]: server: 2023-12-08 15:56:19.297--Thread(Thread[main,5,main])--Configured server platform: org.eclipse.persistence.platform.server.NoServerPlatform
[EL Finest]: jpa: 2023-12-08 15:56:19.298--ServerSession(171809144)--Thread(Thread[main,5,main])--Begin predeploying Persistence Unit TodoMasterPU; session /file:/C:/Users/asahi/OneDrive/Documentos/programacion/porfolio-projects/todo-app/todo-master/todomaster/target/classes/_TodoMasterPU; state Initial; factoryCount 0
[EL Finest]: properties: 2023-12-08 15:56:19.298--ServerSession(171809144)--Thread(Thread[main,5,main])--property=eclipselink.orm.throw.exceptions; default value=true
[EL Finest]: properties: 2023-12-08 15:56:19.298--ServerSession(171809144)--Thread(Thread[main,5,main])--property=eclipselink.multitenant.tenants-share-emf; default value=true
[EL Finest]: properties: 2023-12-08 15:56:19.299--ServerSession(171809144)--Thread(Thread[main,5,main])--property=eclipselink.multitenant.tenants-share-cache; default value=false
[EL Finer]: metadata: 2023-12-08 15:56:19.299--Thread(Thread[main,5,main])--Searching for mapping file: [META-INF/orm.xml] at root URL: [file:/C:/Users/asahi/OneDrive/Documentos/programacion/porfolio-projects/todo-app/todo-master/todomaster/target/classes/].
[EL Finer]: metadata: 2023-12-08 15:56:19.305--Thread(Thread[main,5,main])--Searching for mapping file: [META-INF/eclipselink-orm.xml] at root URL: [file:/C:/Users/asahi/OneDrive/Documentos/programacion/porfolio-projects/todo-app/todo-master/todomaster/target/classes/].
[EL Config]: metadata: 2023-12-08 15:56:19.329--ServerSession(171809144)--Thread(Thread[main,5,main])--The access type for the persistent class [class com.draekk.todomaster.models.User] is set to [FIELD].
[EL Config]: metadata: 2023-12-08 15:56:19.331--ServerSession(171809144)--Thread(Thread[main,5,main])--The target entity (reference) class for the one to many mapping element [field tasks] is being defaulted to: class com.draekk.todomaster.models.Task.
[EL Config]: metadata: 2023-12-08 15:56:19.332--ServerSession(171809144)--Thread(Thread[main,5,main])--The access type for the persistent class [class com.draekk.todomaster.models.Task] is set to [FIELD].
[EL Config]: metadata: 2023-12-08 15:56:19.332--ServerSession(171809144)--Thread(Thread[main,5,main])--The target entity (reference) class for the many to one mapping element [field user] is being defaulted to: class com.draekk.todomaster.models.User.
[EL Config]: metadata: 2023-12-08 15:56:19.333--ServerSession(171809144)--Thread(Thread[main,5,main])--The alias name for the entity class [class com.draekk.todomaster.models.User] is being defaulted to: User.
[EL Config]: metadata: 2023-12-08 15:56:19.334--ServerSession(171809144)--Thread(Thread[main,5,main])--The column name for element [lastName] is being defaulted to: LASTNAME.
[EL Config]: metadata: 2023-12-08 15:56:19.334--ServerSession(171809144)--Thread(Thread[main,5,main])--The column name for element [password] is being defaulted to: PASSWORD.
[EL Config]: metadata: 2023-12-08 15:56:19.334--ServerSession(171809144)--Thread(Thread[main,5,main])--The column name for element [name] is being defaulted to: NAME.
[EL Config]: metadata: 2023-12-08 15:56:19.335--ServerSession(171809144)--Thread(Thread[main,5,main])--The column name for element [id] is being defaulted to: ID.
[EL Config]: metadata: 2023-12-08 15:56:19.335--ServerSession(171809144)--Thread(Thread[main,5,main])--The column name for element [email] is being defaulted to: EMAIL.
[EL Config]: metadata: 2023-12-08 15:56:19.335--ServerSession(171809144)--Thread(Thread[main,5,main])--The column name for element [username] is being defaulted to: USERNAME.
[EL Config]: metadata: 2023-12-08 15:56:19.335--ServerSession(171809144)--Thread(Thread[main,5,main])--The alias name for the entity class [class com.draekk.todomaster.models.Task] is being defaulted to: Task.
[EL Config]: metadata: 2023-12-08 15:56:19.336--ServerSession(171809144)--Thread(Thread[main,5,main])--The column name for element [description] is being defaulted to: DESCRIPTION.
[EL Config]: metadata: 2023-12-08 15:56:19.336--ServerSession(171809144)--Thread(Thread[main,5,main])--The column name for element [id] is being defaulted to: ID.
[EL Config]: metadata: 2023-12-08 15:56:19.336--ServerSession(171809144)--Thread(Thread[main,5,main])--The column name for element [isCompleted] is being defaulted to: ISCOMPLETED.
[EL Config]: metadata: 2023-12-08 15:56:19.337--ServerSession(171809144)--Thread(Thread[main,5,main])--The primary key column name for the mapping element [field user] is being defaulted to: ID.
[EL Finest]: jpa: 2023-12-08 15:56:19.337--ServerSession(171809144)--Thread(Thread[main,5,main])--End predeploying Persistence Unit TodoMasterPU; session /file:/C:/Users/asahi/OneDrive/Documentos/programacion/porfolio-projects/todo-app/todo-master/todomaster/target/classes/_TodoMasterPU; state Predeployed; factoryCount 0
[EL Finer]: weaver: 2023-12-08 15:56:19.338--Thread(Thread[main,5,main])--JavaSECMPInitializer - transformer is null.
[EL Finest]: jpa: 2023-12-08 15:56:19.338--ServerSession(171809144)--Thread(Thread[main,5,main])--Begin predeploying Persistence Unit TodoMasterPU; session /file:/C:/Users/asahi/OneDrive/Documentos/programacion/porfolio-projects/todo-app/todo-master/todomaster/target/classes/_TodoMasterPU; state Predeployed; factoryCount 0
[EL Finest]: jpa: 2023-12-08 15:56:19.338--ServerSession(171809144)--Thread(Thread[main,5,main])--End predeploying Persistence Unit TodoMasterPU; session /file:/C:/Users/asahi/OneDrive/Documentos/programacion/porfolio-projects/todo-app/todo-master/todomaster/target/classes/_TodoMasterPU; state Predeployed; factoryCount 1
[EL Finer]: metamodel: 2023-12-08 15:56:19.338--ServerSession(171809144)--Thread(Thread[main,5,main])--Canonical Metamodel class [com.draekk.todomaster.models.Task_] found and instantiated during initialization.
[EL Finer]: metamodel: 2023-12-08 15:56:19.339--ServerSession(171809144)--Thread(Thread[main,5,main])--Canonical Metamodel class [com.draekk.todomaster.models.User_] found and instantiated during initialization.
[EL Finest]: jpa: 2023-12-08 15:56:19.339--ServerSession(171809144)--Thread(Thread[main,5,main])--Begin deploying Persistence Unit TodoMasterPU; session /file:/C:/Users/asahi/OneDrive/Documentos/programacion/porfolio-projects/todo-app/todo-master/todomaster/target/classes/_TodoMasterPU; state Predeployed; factoryCount 1
[EL Finest]: jpa: 2023-12-08 15:56:19.34--ServerSession(171809144)--Thread(Thread[main,5,main])--Bean Validation Factory was not initialized: [javax/validation/Validation].
[EL Finest]: properties: 2023-12-08 15:56:19.341--ServerSession(171809144)--Thread(Thread[main,5,main])--property=eclipselink.logging.level; value=FINEST; translated value=FINEST
[EL Finest]: properties: 2023-12-08 15:56:19.341--ServerSession(171809144)--Thread(Thread[main,5,main])--property=eclipselink.logging.parameters; value=true
[EL Finest]: properties: 2023-12-08 15:56:19.341--ServerSession(171809144)--Thread(Thread[main,5,main])--property=eclipselink.logging.level; value=FINEST; translated value=FINEST
[EL Finest]: properties: 2023-12-08 15:56:19.341--ServerSession(171809144)--Thread(Thread[main,5,main])--property=eclipselink.logging.parameters; value=true
[EL Finest]: properties: 2023-12-08 15:56:19.342--ServerSession(171809144)--Thread(Thread[main,5,main])--property=javax.persistence.jdbc.user; value=postgres
[EL Finest]: properties: 2023-12-08 15:56:19.342--ServerSession(171809144)--Thread(Thread[main,5,main])--property=javax.persistence.jdbc.password; value=xxxxxx
[EL Finest]: properties: 2023-12-08 15:56:19.343--ServerSession(171809144)--Thread(Thread[main,5,main])--property=javax.persistence.jdbc.driver; value=org.postgresql.Driver
[EL Finest]: properties: 2023-12-08 15:56:19.344--ServerSession(171809144)--Thread(Thread[main,5,main])--property=javax.persistence.jdbc.url; value=jdbc:postgresql://monorail.proxy.rlwy.net:32742/railway
[EL Info]: 2023-12-08 15:56:19.344--ServerSession(171809144)--Thread(Thread[main,5,main])--EclipseLink, version: Eclipse Persistence Services - 2.7.12.v20230209-e5c4074ef3
[EL Severe]: ejb: 2023-12-08 15:56:19.345--ServerSession(171809144)--Thread(Thread[main,5,main])--Local Exception Stack: 
Exception [EclipseLink-4003] (Eclipse Persistence Services - 2.7.12.v20230209-e5c4074ef3): org.eclipse.persistence.exceptions.DatabaseException
Exception Description: Configuration error.  Class [org.postgresql.Driver] not found.
	at org.eclipse.persistence.exceptions.DatabaseException.configurationErrorClassNotFound(DatabaseException.java:91)
	at org.eclipse.persistence.sessions.DefaultConnector.loadDriverClass(DefaultConnector.java:269)
	at org.eclipse.persistence.sessions.DefaultConnector.connect(DefaultConnector.java:87)
	at org.eclipse.persistence.sessions.DatasourceLogin.connectToDatasource(DatasourceLogin.java:172)
	at org.eclipse.persistence.internal.sessions.DatabaseSessionImpl.setOrDetectDatasource(DatabaseSessionImpl.java:226)
	at org.eclipse.persistence.internal.sessions.DatabaseSessionImpl.loginAndDetectDatasource(DatabaseSessionImpl.java:810)
	at org.eclipse.persistence.internal.jpa.EntityManagerFactoryProvider.login(EntityManagerFactoryProvider.java:261)
	at org.eclipse.persistence.internal.jpa.EntityManagerSetupImpl.deploy(EntityManagerSetupImpl.java:771)
	at org.eclipse.persistence.internal.jpa.EntityManagerFactoryDelegate.getAbstractSession(EntityManagerFactoryDelegate.java:222)
	at org.eclipse.persistence.internal.jpa.EntityManagerFactoryDelegate.getDatabaseSession(EntityManagerFactoryDelegate.java:200)
	at org.eclipse.persistence.internal.jpa.EntityManagerFactoryImpl.getDatabaseSession(EntityManagerFactoryImpl.java:542)
	at org.eclipse.persistence.jpa.PersistenceProvider.createEntityManagerFactoryImpl(PersistenceProvider.java:153)
	at org.eclipse.persistence.jpa.PersistenceProvider.createEntityManagerFactory(PersistenceProvider.java:191)
	at javax.persistence.Persistence.createEntityManagerFactory(Persistence.java:80)
	at javax.persistence.Persistence.createEntityManagerFactory(Persistence.java:55)
	at com.draekk.todomaster.persistence.UserJpaController.<init>(UserJpaController.java:32)
	at com.draekk.todomaster.persistence.PersistenceController.<init>(PersistenceController.java:11)
	at com.draekk.todomaster.controllers.GeneralController.<init>(GeneralController.java:15)
	at com.draekk.todomaster.controllers.GeneralControllerTest.testCreateTask(GeneralControllerTest.java:88)
	at java.base/jdk.internal.reflect.NativeMethodAccessorImpl.invoke0(Native Method)
	at java.base/jdk.internal.reflect.NativeMethodAccessorImpl.invoke(NativeMethodAccessorImpl.java:77)
	at java.base/jdk.internal.reflect.DelegatingMethodAccessorImpl.invoke(DelegatingMethodAccessorImpl.java:43)
	at java.base/java.lang.reflect.Method.invoke(Method.java:568)
	at org.junit.platform.commons.util.ReflectionUtils.invokeMethod(ReflectionUtils.java:686)
	at org.junit.jupiter.engine.execution.MethodInvocation.proceed(MethodInvocation.java:60)
	at org.junit.jupiter.engine.execution.InvocationInterceptorChain$ValidatingInvocation.proceed(InvocationInterceptorChain.java:131)
	at org.junit.jupiter.engine.extension.TimeoutExtension.intercept(TimeoutExtension.java:149)
	at org.junit.jupiter.engine.extension.TimeoutExtension.interceptTestableMethod(TimeoutExtension.java:140)
	at org.junit.jupiter.engine.extension.TimeoutExtension.interceptTestMethod(TimeoutExtension.java:84)
	at org.junit.jupiter.engine.execution.ExecutableInvoker$ReflectiveInterceptorCall.lambda$ofVoidMethod$0(ExecutableInvoker.java:115)
	at org.junit.jupiter.engine.execution.ExecutableInvoker.lambda$invoke$0(ExecutableInvoker.java:105)
	at org.junit.jupiter.engine.execution.InvocationInterceptorChain$InterceptedInvocation.proceed(InvocationInterceptorChain.java:106)
	at org.junit.jupiter.engine.execution.InvocationInterceptorChain.proceed(InvocationInterceptorChain.java:64)
	at org.junit.jupiter.engine.execution.InvocationInterceptorChain.chainAndInvoke(InvocationInterceptorChain.java:45)
	at org.junit.jupiter.engine.execution.InvocationInterceptorChain.invoke(InvocationInterceptorChain.java:37)
	at org.junit.jupiter.engine.execution.ExecutableInvoker.invoke(ExecutableInvoker.java:104)
	at org.junit.jupiter.engine.execution.ExecutableInvoker.invoke(ExecutableInvoker.java:98)
	at org.junit.jupiter.engine.descriptor.TestMethodTestDescriptor.lambda$invokeTestMethod$6(TestMethodTestDescriptor.java:205)
	at org.junit.platform.engine.support.hierarchical.ThrowableCollector.execute(ThrowableCollector.java:73)
	at org.junit.jupiter.engine.descriptor.TestMethodTestDescriptor.invokeTestMethod(TestMethodTestDescriptor.java:201)
	at org.junit.jupiter.engine.descriptor.TestMethodTestDescriptor.execute(TestMethodTestDescriptor.java:137)
	at org.junit.jupiter.engine.descriptor.TestMethodTestDescriptor.execute(TestMethodTestDescriptor.java:71)
	at org.junit.platform.engine.support.hierarchical.NodeTestTask.lambda$executeRecursively$5(NodeTestTask.java:135)
	at org.junit.platform.engine.support.hierarchical.ThrowableCollector.execute(ThrowableCollector.java:73)
	at org.junit.platform.engine.support.hierarchical.NodeTestTask.lambda$executeRecursively$7(NodeTestTask.java:125)
	at org.junit.platform.engine.support.hierarchical.Node.around(Node.java:135)
	at org.junit.platform.engine.support.hierarchical.NodeTestTask.lambda$executeRecursively$8(NodeTestTask.java:123)
	at org.junit.platform.engine.support.hierarchical.ThrowableCollector.execute(ThrowableCollector.java:73)
	at org.junit.platform.engine.support.hierarchical.NodeTestTask.executeRecursively(NodeTestTask.java:122)
	at org.junit.platform.engine.support.hierarchical.NodeTestTask.execute(NodeTestTask.java:80)
	at java.base/java.util.ArrayList.forEach(ArrayList.java:1511)
	at org.junit.platform.engine.support.hierarchical.SameThreadHierarchicalTestExecutorService.invokeAll(SameThreadHierarchicalTestExecutorService.java:38)
	at org.junit.platform.engine.support.hierarchical.NodeTestTask.lambda$executeRecursively$5(NodeTestTask.java:139)
	at org.junit.platform.engine.support.hierarchical.ThrowableCollector.execute(ThrowableCollector.java:73)
	at org.junit.platform.engine.support.hierarchical.NodeTestTask.lambda$executeRecursively$7(NodeTestTask.java:125)
	at org.junit.platform.engine.support.hierarchical.Node.around(Node.java:135)
	at org.junit.platform.engine.support.hierarchical.NodeTestTask.lambda$executeRecursively$8(NodeTestTask.java:123)
	at org.junit.platform.engine.support.hierarchical.ThrowableCollector.execute(ThrowableCollector.java:73)
	at org.junit.platform.engine.support.hierarchical.NodeTestTask.executeRecursively(NodeTestTask.java:122)
	at org.junit.platform.engine.support.hierarchical.NodeTestTask.execute(NodeTestTask.java:80)
	at java.base/java.util.ArrayList.forEach(ArrayList.java:1511)
	at org.junit.platform.engine.support.hierarchical.SameThreadHierarchicalTestExecutorService.invokeAll(SameThreadHierarchicalTestExecutorService.java:38)
	at org.junit.platform.engine.support.hierarchical.NodeTestTask.lambda$executeRecursively$5(NodeTestTask.java:139)
	at org.junit.platform.engine.support.hierarchical.ThrowableCollector.execute(ThrowableCollector.java:73)
	at org.junit.platform.engine.support.hierarchical.NodeTestTask.lambda$executeRecursively$7(NodeTestTask.java:125)
	at org.junit.platform.engine.support.hierarchical.Node.around(Node.java:135)
	at org.junit.platform.engine.support.hierarchical.NodeTestTask.lambda$executeRecursively$8(NodeTestTask.java:123)
	at org.junit.platform.engine.support.hierarchical.ThrowableCollector.execute(ThrowableCollector.java:73)
	at org.junit.platform.engine.support.hierarchical.NodeTestTask.executeRecursively(NodeTestTask.java:122)
	at org.junit.platform.engine.support.hierarchical.NodeTestTask.execute(NodeTestTask.java:80)
	at org.junit.platform.engine.support.hierarchical.SameThreadHierarchicalTestExecutorService.submit(SameThreadHierarchicalTestExecutorService.java:32)
	at org.junit.platform.engine.support.hierarchical.HierarchicalTestExecutor.execute(HierarchicalTestExecutor.java:57)
	at org.junit.platform.engine.support.hierarchical.HierarchicalTestEngine.execute(HierarchicalTestEngine.java:51)
	at org.junit.platform.launcher.core.DefaultLauncher.execute(DefaultLauncher.java:248)
	at org.junit.platform.launcher.core.DefaultLauncher.lambda$execute$5(DefaultLauncher.java:211)
	at org.junit.platform.launcher.core.DefaultLauncher.withInterceptedStreams(DefaultLauncher.java:226)
	at org.junit.platform.launcher.core.DefaultLauncher.execute(DefaultLauncher.java:199)
	at org.junit.platform.launcher.core.DefaultLauncher.execute(DefaultLauncher.java:132)
	at org.apache.maven.surefire.junitplatform.LazyLauncher.execute(LazyLauncher.java:56)
	at org.apache.maven.surefire.junitplatform.JUnitPlatformProvider.execute(JUnitPlatformProvider.java:184)
	at org.apache.maven.surefire.junitplatform.JUnitPlatformProvider.invokeAllTests(JUnitPlatformProvider.java:148)
	at org.apache.maven.surefire.junitplatform.JUnitPlatformProvider.invoke(JUnitPlatformProvider.java:122)
	at org.apache.maven.surefire.booter.ForkedBooter.runSuitesInProcess(ForkedBooter.java:385)
	at org.apache.maven.surefire.booter.ForkedBooter.execute(ForkedBooter.java:162)
	at org.apache.maven.surefire.booter.ForkedBooter.run(ForkedBooter.java:507)
	at org.apache.maven.surefire.booter.ForkedBooter.main(ForkedBooter.java:495)

[EL Finest]: jpa: 2023-12-08 15:56:19.346--ServerSession(171809144)--Thread(Thread[main,5,main])--End deploying Persistence Unit TodoMasterPU; session /file:/C:/Users/asahi/OneDrive/Documentos/programacion/porfolio-projects/todo-app/todo-master/todomaster/target/classes/_TodoMasterPU; state HalfDeployed; factoryCount 1
[EL Finest]: jpa: 2023-12-08 15:56:19.346--ServerSession(171809144)--Thread(Thread[main,5,main])--Begin undeploying Persistence Unit TodoMasterPU; session /file:/C:/Users/asahi/OneDrive/Documentos/programacion/porfolio-projects/todo-app/todo-master/todomaster/target/classes/_TodoMasterPU; state HalfDeployed; factoryCount 1
[EL Finest]: jpa: 2023-12-08 15:56:19.347--ServerSession(171809144)--Thread(Thread[main,5,main])--End undeploying Persistence Unit TodoMasterPU; session /file:/C:/Users/asahi/OneDrive/Documentos/programacion/porfolio-projects/todo-app/todo-master/todomaster/target/classes/_TodoMasterPU; state Undeployed; factoryCount 0
]]></system-out>
  </testcase>
  <testcase name="testDeleteTask" classname="com.draekk.todomaster.controllers.GeneralControllerTest" time="0.078">
    <error message="Exception [EclipseLink-4003] (Eclipse Persistence Services - 2.7.12.v20230209-e5c4074ef3): org.eclipse.persistence.exceptions.DatabaseException&#10;Exception Description: Configuration error.  Class [org.postgresql.Driver] not found." type="javax.persistence.PersistenceException"><![CDATA[javax.persistence.PersistenceException: 
Exception [EclipseLink-4003] (Eclipse Persistence Services - 2.7.12.v20230209-e5c4074ef3): org.eclipse.persistence.exceptions.DatabaseException
Exception Description: Configuration error.  Class [org.postgresql.Driver] not found.
	at org.eclipse.persistence.internal.jpa.EntityManagerSetupImpl.deploy(EntityManagerSetupImpl.java:854)
	at org.eclipse.persistence.internal.jpa.EntityManagerFactoryDelegate.getAbstractSession(EntityManagerFactoryDelegate.java:222)
	at org.eclipse.persistence.internal.jpa.EntityManagerFactoryDelegate.getDatabaseSession(EntityManagerFactoryDelegate.java:200)
	at org.eclipse.persistence.internal.jpa.EntityManagerFactoryImpl.getDatabaseSession(EntityManagerFactoryImpl.java:542)
	at org.eclipse.persistence.jpa.PersistenceProvider.createEntityManagerFactoryImpl(PersistenceProvider.java:153)
	at org.eclipse.persistence.jpa.PersistenceProvider.createEntityManagerFactory(PersistenceProvider.java:191)
	at javax.persistence.Persistence.createEntityManagerFactory(Persistence.java:80)
	at javax.persistence.Persistence.createEntityManagerFactory(Persistence.java:55)
	at com.draekk.todomaster.persistence.UserJpaController.<init>(UserJpaController.java:32)
	at com.draekk.todomaster.persistence.PersistenceController.<init>(PersistenceController.java:11)
	at com.draekk.todomaster.controllers.GeneralController.<init>(GeneralController.java:15)
	at com.draekk.todomaster.controllers.GeneralControllerTest.testDeleteTask(GeneralControllerTest.java:132)
	at java.base/jdk.internal.reflect.NativeMethodAccessorImpl.invoke0(Native Method)
	at java.base/jdk.internal.reflect.NativeMethodAccessorImpl.invoke(NativeMethodAccessorImpl.java:77)
	at java.base/jdk.internal.reflect.DelegatingMethodAccessorImpl.invoke(DelegatingMethodAccessorImpl.java:43)
	at java.base/java.lang.reflect.Method.invoke(Method.java:568)
	at org.junit.platform.commons.util.ReflectionUtils.invokeMethod(ReflectionUtils.java:686)
	at org.junit.jupiter.engine.execution.MethodInvocation.proceed(MethodInvocation.java:60)
	at org.junit.jupiter.engine.execution.InvocationInterceptorChain$ValidatingInvocation.proceed(InvocationInterceptorChain.java:131)
	at org.junit.jupiter.engine.extension.TimeoutExtension.intercept(TimeoutExtension.java:149)
	at org.junit.jupiter.engine.extension.TimeoutExtension.interceptTestableMethod(TimeoutExtension.java:140)
	at org.junit.jupiter.engine.extension.TimeoutExtension.interceptTestMethod(TimeoutExtension.java:84)
	at org.junit.jupiter.engine.execution.ExecutableInvoker$ReflectiveInterceptorCall.lambda$ofVoidMethod$0(ExecutableInvoker.java:115)
	at org.junit.jupiter.engine.execution.ExecutableInvoker.lambda$invoke$0(ExecutableInvoker.java:105)
	at org.junit.jupiter.engine.execution.InvocationInterceptorChain$InterceptedInvocation.proceed(InvocationInterceptorChain.java:106)
	at org.junit.jupiter.engine.execution.InvocationInterceptorChain.proceed(InvocationInterceptorChain.java:64)
	at org.junit.jupiter.engine.execution.InvocationInterceptorChain.chainAndInvoke(InvocationInterceptorChain.java:45)
	at org.junit.jupiter.engine.execution.InvocationInterceptorChain.invoke(InvocationInterceptorChain.java:37)
	at org.junit.jupiter.engine.execution.ExecutableInvoker.invoke(ExecutableInvoker.java:104)
	at org.junit.jupiter.engine.execution.ExecutableInvoker.invoke(ExecutableInvoker.java:98)
	at org.junit.jupiter.engine.descriptor.TestMethodTestDescriptor.lambda$invokeTestMethod$6(TestMethodTestDescriptor.java:205)
	at org.junit.platform.engine.support.hierarchical.ThrowableCollector.execute(ThrowableCollector.java:73)
	at org.junit.jupiter.engine.descriptor.TestMethodTestDescriptor.invokeTestMethod(TestMethodTestDescriptor.java:201)
	at org.junit.jupiter.engine.descriptor.TestMethodTestDescriptor.execute(TestMethodTestDescriptor.java:137)
	at org.junit.jupiter.engine.descriptor.TestMethodTestDescriptor.execute(TestMethodTestDescriptor.java:71)
	at org.junit.platform.engine.support.hierarchical.NodeTestTask.lambda$executeRecursively$5(NodeTestTask.java:135)
	at org.junit.platform.engine.support.hierarchical.ThrowableCollector.execute(ThrowableCollector.java:73)
	at org.junit.platform.engine.support.hierarchical.NodeTestTask.lambda$executeRecursively$7(NodeTestTask.java:125)
	at org.junit.platform.engine.support.hierarchical.Node.around(Node.java:135)
	at org.junit.platform.engine.support.hierarchical.NodeTestTask.lambda$executeRecursively$8(NodeTestTask.java:123)
	at org.junit.platform.engine.support.hierarchical.ThrowableCollector.execute(ThrowableCollector.java:73)
	at org.junit.platform.engine.support.hierarchical.NodeTestTask.executeRecursively(NodeTestTask.java:122)
	at org.junit.platform.engine.support.hierarchical.NodeTestTask.execute(NodeTestTask.java:80)
	at java.base/java.util.ArrayList.forEach(ArrayList.java:1511)
	at org.junit.platform.engine.support.hierarchical.SameThreadHierarchicalTestExecutorService.invokeAll(SameThreadHierarchicalTestExecutorService.java:38)
	at org.junit.platform.engine.support.hierarchical.NodeTestTask.lambda$executeRecursively$5(NodeTestTask.java:139)
	at org.junit.platform.engine.support.hierarchical.ThrowableCollector.execute(ThrowableCollector.java:73)
	at org.junit.platform.engine.support.hierarchical.NodeTestTask.lambda$executeRecursively$7(NodeTestTask.java:125)
	at org.junit.platform.engine.support.hierarchical.Node.around(Node.java:135)
	at org.junit.platform.engine.support.hierarchical.NodeTestTask.lambda$executeRecursively$8(NodeTestTask.java:123)
	at org.junit.platform.engine.support.hierarchical.ThrowableCollector.execute(ThrowableCollector.java:73)
	at org.junit.platform.engine.support.hierarchical.NodeTestTask.executeRecursively(NodeTestTask.java:122)
	at org.junit.platform.engine.support.hierarchical.NodeTestTask.execute(NodeTestTask.java:80)
	at java.base/java.util.ArrayList.forEach(ArrayList.java:1511)
	at org.junit.platform.engine.support.hierarchical.SameThreadHierarchicalTestExecutorService.invokeAll(SameThreadHierarchicalTestExecutorService.java:38)
	at org.junit.platform.engine.support.hierarchical.NodeTestTask.lambda$executeRecursively$5(NodeTestTask.java:139)
	at org.junit.platform.engine.support.hierarchical.ThrowableCollector.execute(ThrowableCollector.java:73)
	at org.junit.platform.engine.support.hierarchical.NodeTestTask.lambda$executeRecursively$7(NodeTestTask.java:125)
	at org.junit.platform.engine.support.hierarchical.Node.around(Node.java:135)
	at org.junit.platform.engine.support.hierarchical.NodeTestTask.lambda$executeRecursively$8(NodeTestTask.java:123)
	at org.junit.platform.engine.support.hierarchical.ThrowableCollector.execute(ThrowableCollector.java:73)
	at org.junit.platform.engine.support.hierarchical.NodeTestTask.executeRecursively(NodeTestTask.java:122)
	at org.junit.platform.engine.support.hierarchical.NodeTestTask.execute(NodeTestTask.java:80)
	at org.junit.platform.engine.support.hierarchical.SameThreadHierarchicalTestExecutorService.submit(SameThreadHierarchicalTestExecutorService.java:32)
	at org.junit.platform.engine.support.hierarchical.HierarchicalTestExecutor.execute(HierarchicalTestExecutor.java:57)
	at org.junit.platform.engine.support.hierarchical.HierarchicalTestEngine.execute(HierarchicalTestEngine.java:51)
	at org.junit.platform.launcher.core.DefaultLauncher.execute(DefaultLauncher.java:248)
	at org.junit.platform.launcher.core.DefaultLauncher.lambda$execute$5(DefaultLauncher.java:211)
	at org.junit.platform.launcher.core.DefaultLauncher.withInterceptedStreams(DefaultLauncher.java:226)
	at org.junit.platform.launcher.core.DefaultLauncher.execute(DefaultLauncher.java:199)
	at org.junit.platform.launcher.core.DefaultLauncher.execute(DefaultLauncher.java:132)
	at org.apache.maven.surefire.junitplatform.LazyLauncher.execute(LazyLauncher.java:56)
	at org.apache.maven.surefire.junitplatform.JUnitPlatformProvider.execute(JUnitPlatformProvider.java:184)
	at org.apache.maven.surefire.junitplatform.JUnitPlatformProvider.invokeAllTests(JUnitPlatformProvider.java:148)
	at org.apache.maven.surefire.junitplatform.JUnitPlatformProvider.invoke(JUnitPlatformProvider.java:122)
	at org.apache.maven.surefire.booter.ForkedBooter.runSuitesInProcess(ForkedBooter.java:385)
	at org.apache.maven.surefire.booter.ForkedBooter.execute(ForkedBooter.java:162)
	at org.apache.maven.surefire.booter.ForkedBooter.run(ForkedBooter.java:507)
	at org.apache.maven.surefire.booter.ForkedBooter.main(ForkedBooter.java:495)
Caused by: Exception [EclipseLink-4003] (Eclipse Persistence Services - 2.7.12.v20230209-e5c4074ef3): org.eclipse.persistence.exceptions.DatabaseException
Exception Description: Configuration error.  Class [org.postgresql.Driver] not found.
	at org.eclipse.persistence.exceptions.DatabaseException.configurationErrorClassNotFound(DatabaseException.java:91)
	at org.eclipse.persistence.sessions.DefaultConnector.loadDriverClass(DefaultConnector.java:269)
	at org.eclipse.persistence.sessions.DefaultConnector.connect(DefaultConnector.java:87)
	at org.eclipse.persistence.sessions.DatasourceLogin.connectToDatasource(DatasourceLogin.java:172)
	at org.eclipse.persistence.internal.sessions.DatabaseSessionImpl.setOrDetectDatasource(DatabaseSessionImpl.java:226)
	at org.eclipse.persistence.internal.sessions.DatabaseSessionImpl.loginAndDetectDatasource(DatabaseSessionImpl.java:810)
	at org.eclipse.persistence.internal.jpa.EntityManagerFactoryProvider.login(EntityManagerFactoryProvider.java:261)
	at org.eclipse.persistence.internal.jpa.EntityManagerSetupImpl.deploy(EntityManagerSetupImpl.java:771)
	... 78 more
]]></error>
    <system-out><![CDATA[deleteTask
[EL Finer]: 2023-12-08 15:56:19.352--Thread(Thread[main,5,main])--fixUNC: before fixing: url = file:/C:/Users/asahi/OneDrive/Documentos/programacion/porfolio-projects/todo-app/todo-master/todomaster/target/classes/, authority = , file = /C:/Users/asahi/OneDrive/Documentos/programacion/porfolio-projects/todo-app/todo-master/todomaster/target/classes/ (There is no English translation for this message.)
[EL Finer]: 2023-12-08 15:56:19.353--Thread(Thread[main,5,main])--fixUNC: after fixing: url = file:/C:/Users/asahi/OneDrive/Documentos/programacion/porfolio-projects/todo-app/todo-master/todomaster/target/classes/, authority = null, file = /C:/Users/asahi/OneDrive/Documentos/programacion/porfolio-projects/todo-app/todo-master/todomaster/target/classes/ (There is no English translation for this message.)
[EL Fine]: moxy: 2023-12-08 15:56:19.36--Thread(Thread[main,5,main])--SAXParserFactory instance: com.sun.org.apache.xerces.internal.jaxp.SAXParserFactoryImpl@6581dc0a
[EL Finer]: jpa: 2023-12-08 15:56:19.362--Thread(Thread[main,5,main])--JavaSECMPInitializer - predeploying TodoMasterPU.
[EL Finest]: properties: 2023-12-08 15:56:19.37--ServerSession(970865974)--Thread(Thread[main,5,main])--property=eclipselink.logging.parameters; value=true
[EL Fine]: server: 2023-12-08 15:56:19.371--Thread(Thread[main,5,main])--Configured server platform: org.eclipse.persistence.platform.server.NoServerPlatform
[EL Finest]: jpa: 2023-12-08 15:56:19.371--ServerSession(970865974)--Thread(Thread[main,5,main])--Begin predeploying Persistence Unit TodoMasterPU; session /file:/C:/Users/asahi/OneDrive/Documentos/programacion/porfolio-projects/todo-app/todo-master/todomaster/target/classes/_TodoMasterPU; state Initial; factoryCount 0
[EL Finest]: properties: 2023-12-08 15:56:19.371--ServerSession(970865974)--Thread(Thread[main,5,main])--property=eclipselink.orm.throw.exceptions; default value=true
[EL Finest]: properties: 2023-12-08 15:56:19.371--ServerSession(970865974)--Thread(Thread[main,5,main])--property=eclipselink.multitenant.tenants-share-emf; default value=true
[EL Finest]: properties: 2023-12-08 15:56:19.371--ServerSession(970865974)--Thread(Thread[main,5,main])--property=eclipselink.multitenant.tenants-share-cache; default value=false
[EL Finer]: metadata: 2023-12-08 15:56:19.371--Thread(Thread[main,5,main])--Searching for mapping file: [META-INF/orm.xml] at root URL: [file:/C:/Users/asahi/OneDrive/Documentos/programacion/porfolio-projects/todo-app/todo-master/todomaster/target/classes/].
[EL Finer]: metadata: 2023-12-08 15:56:19.38--Thread(Thread[main,5,main])--Searching for mapping file: [META-INF/eclipselink-orm.xml] at root URL: [file:/C:/Users/asahi/OneDrive/Documentos/programacion/porfolio-projects/todo-app/todo-master/todomaster/target/classes/].
[EL Config]: metadata: 2023-12-08 15:56:19.411--ServerSession(970865974)--Thread(Thread[main,5,main])--The access type for the persistent class [class com.draekk.todomaster.models.User] is set to [FIELD].
[EL Config]: metadata: 2023-12-08 15:56:19.412--ServerSession(970865974)--Thread(Thread[main,5,main])--The target entity (reference) class for the one to many mapping element [field tasks] is being defaulted to: class com.draekk.todomaster.models.Task.
[EL Config]: metadata: 2023-12-08 15:56:19.413--ServerSession(970865974)--Thread(Thread[main,5,main])--The access type for the persistent class [class com.draekk.todomaster.models.Task] is set to [FIELD].
[EL Config]: metadata: 2023-12-08 15:56:19.414--ServerSession(970865974)--Thread(Thread[main,5,main])--The target entity (reference) class for the many to one mapping element [field user] is being defaulted to: class com.draekk.todomaster.models.User.
[EL Config]: metadata: 2023-12-08 15:56:19.414--ServerSession(970865974)--Thread(Thread[main,5,main])--The alias name for the entity class [class com.draekk.todomaster.models.User] is being defaulted to: User.
[EL Config]: metadata: 2023-12-08 15:56:19.415--ServerSession(970865974)--Thread(Thread[main,5,main])--The column name for element [lastName] is being defaulted to: LASTNAME.
[EL Config]: metadata: 2023-12-08 15:56:19.415--ServerSession(970865974)--Thread(Thread[main,5,main])--The column name for element [password] is being defaulted to: PASSWORD.
[EL Config]: metadata: 2023-12-08 15:56:19.416--ServerSession(970865974)--Thread(Thread[main,5,main])--The column name for element [name] is being defaulted to: NAME.
[EL Config]: metadata: 2023-12-08 15:56:19.416--ServerSession(970865974)--Thread(Thread[main,5,main])--The column name for element [id] is being defaulted to: ID.
[EL Config]: metadata: 2023-12-08 15:56:19.416--ServerSession(970865974)--Thread(Thread[main,5,main])--The column name for element [email] is being defaulted to: EMAIL.
[EL Config]: metadata: 2023-12-08 15:56:19.417--ServerSession(970865974)--Thread(Thread[main,5,main])--The column name for element [username] is being defaulted to: USERNAME.
[EL Config]: metadata: 2023-12-08 15:56:19.417--ServerSession(970865974)--Thread(Thread[main,5,main])--The alias name for the entity class [class com.draekk.todomaster.models.Task] is being defaulted to: Task.
[EL Config]: metadata: 2023-12-08 15:56:19.418--ServerSession(970865974)--Thread(Thread[main,5,main])--The column name for element [description] is being defaulted to: DESCRIPTION.
[EL Config]: metadata: 2023-12-08 15:56:19.418--ServerSession(970865974)--Thread(Thread[main,5,main])--The column name for element [id] is being defaulted to: ID.
[EL Config]: metadata: 2023-12-08 15:56:19.418--ServerSession(970865974)--Thread(Thread[main,5,main])--The column name for element [isCompleted] is being defaulted to: ISCOMPLETED.
[EL Config]: metadata: 2023-12-08 15:56:19.419--ServerSession(970865974)--Thread(Thread[main,5,main])--The primary key column name for the mapping element [field user] is being defaulted to: ID.
[EL Finest]: jpa: 2023-12-08 15:56:19.419--ServerSession(970865974)--Thread(Thread[main,5,main])--End predeploying Persistence Unit TodoMasterPU; session /file:/C:/Users/asahi/OneDrive/Documentos/programacion/porfolio-projects/todo-app/todo-master/todomaster/target/classes/_TodoMasterPU; state Predeployed; factoryCount 0
[EL Finer]: weaver: 2023-12-08 15:56:19.42--Thread(Thread[main,5,main])--JavaSECMPInitializer - transformer is null.
[EL Finest]: jpa: 2023-12-08 15:56:19.42--ServerSession(970865974)--Thread(Thread[main,5,main])--Begin predeploying Persistence Unit TodoMasterPU; session /file:/C:/Users/asahi/OneDrive/Documentos/programacion/porfolio-projects/todo-app/todo-master/todomaster/target/classes/_TodoMasterPU; state Predeployed; factoryCount 0
[EL Finest]: jpa: 2023-12-08 15:56:19.42--ServerSession(970865974)--Thread(Thread[main,5,main])--End predeploying Persistence Unit TodoMasterPU; session /file:/C:/Users/asahi/OneDrive/Documentos/programacion/porfolio-projects/todo-app/todo-master/todomaster/target/classes/_TodoMasterPU; state Predeployed; factoryCount 1
[EL Finer]: metamodel: 2023-12-08 15:56:19.42--ServerSession(970865974)--Thread(Thread[main,5,main])--Canonical Metamodel class [com.draekk.todomaster.models.Task_] found and instantiated during initialization.
[EL Finer]: metamodel: 2023-12-08 15:56:19.421--ServerSession(970865974)--Thread(Thread[main,5,main])--Canonical Metamodel class [com.draekk.todomaster.models.User_] found and instantiated during initialization.
[EL Finest]: jpa: 2023-12-08 15:56:19.421--ServerSession(970865974)--Thread(Thread[main,5,main])--Begin deploying Persistence Unit TodoMasterPU; session /file:/C:/Users/asahi/OneDrive/Documentos/programacion/porfolio-projects/todo-app/todo-master/todomaster/target/classes/_TodoMasterPU; state Predeployed; factoryCount 1
[EL Finest]: jpa: 2023-12-08 15:56:19.422--ServerSession(970865974)--Thread(Thread[main,5,main])--Bean Validation Factory was not initialized: [javax/validation/Validation].
[EL Finest]: properties: 2023-12-08 15:56:19.422--ServerSession(970865974)--Thread(Thread[main,5,main])--property=eclipselink.logging.level; value=FINEST; translated value=FINEST
[EL Finest]: properties: 2023-12-08 15:56:19.422--ServerSession(970865974)--Thread(Thread[main,5,main])--property=eclipselink.logging.parameters; value=true
[EL Finest]: properties: 2023-12-08 15:56:19.422--ServerSession(970865974)--Thread(Thread[main,5,main])--property=eclipselink.logging.level; value=FINEST; translated value=FINEST
[EL Finest]: properties: 2023-12-08 15:56:19.422--ServerSession(970865974)--Thread(Thread[main,5,main])--property=eclipselink.logging.parameters; value=true
[EL Finest]: properties: 2023-12-08 15:56:19.422--ServerSession(970865974)--Thread(Thread[main,5,main])--property=javax.persistence.jdbc.user; value=postgres
[EL Finest]: properties: 2023-12-08 15:56:19.423--ServerSession(970865974)--Thread(Thread[main,5,main])--property=javax.persistence.jdbc.password; value=xxxxxx
[EL Finest]: properties: 2023-12-08 15:56:19.424--ServerSession(970865974)--Thread(Thread[main,5,main])--property=javax.persistence.jdbc.driver; value=org.postgresql.Driver
[EL Finest]: properties: 2023-12-08 15:56:19.424--ServerSession(970865974)--Thread(Thread[main,5,main])--property=javax.persistence.jdbc.url; value=jdbc:postgresql://monorail.proxy.rlwy.net:32742/railway
[EL Info]: 2023-12-08 15:56:19.425--ServerSession(970865974)--Thread(Thread[main,5,main])--EclipseLink, version: Eclipse Persistence Services - 2.7.12.v20230209-e5c4074ef3
[EL Severe]: ejb: 2023-12-08 15:56:19.426--ServerSession(970865974)--Thread(Thread[main,5,main])--Local Exception Stack: 
Exception [EclipseLink-4003] (Eclipse Persistence Services - 2.7.12.v20230209-e5c4074ef3): org.eclipse.persistence.exceptions.DatabaseException
Exception Description: Configuration error.  Class [org.postgresql.Driver] not found.
	at org.eclipse.persistence.exceptions.DatabaseException.configurationErrorClassNotFound(DatabaseException.java:91)
	at org.eclipse.persistence.sessions.DefaultConnector.loadDriverClass(DefaultConnector.java:269)
	at org.eclipse.persistence.sessions.DefaultConnector.connect(DefaultConnector.java:87)
	at org.eclipse.persistence.sessions.DatasourceLogin.connectToDatasource(DatasourceLogin.java:172)
	at org.eclipse.persistence.internal.sessions.DatabaseSessionImpl.setOrDetectDatasource(DatabaseSessionImpl.java:226)
	at org.eclipse.persistence.internal.sessions.DatabaseSessionImpl.loginAndDetectDatasource(DatabaseSessionImpl.java:810)
	at org.eclipse.persistence.internal.jpa.EntityManagerFactoryProvider.login(EntityManagerFactoryProvider.java:261)
	at org.eclipse.persistence.internal.jpa.EntityManagerSetupImpl.deploy(EntityManagerSetupImpl.java:771)
	at org.eclipse.persistence.internal.jpa.EntityManagerFactoryDelegate.getAbstractSession(EntityManagerFactoryDelegate.java:222)
	at org.eclipse.persistence.internal.jpa.EntityManagerFactoryDelegate.getDatabaseSession(EntityManagerFactoryDelegate.java:200)
	at org.eclipse.persistence.internal.jpa.EntityManagerFactoryImpl.getDatabaseSession(EntityManagerFactoryImpl.java:542)
	at org.eclipse.persistence.jpa.PersistenceProvider.createEntityManagerFactoryImpl(PersistenceProvider.java:153)
	at org.eclipse.persistence.jpa.PersistenceProvider.createEntityManagerFactory(PersistenceProvider.java:191)
	at javax.persistence.Persistence.createEntityManagerFactory(Persistence.java:80)
	at javax.persistence.Persistence.createEntityManagerFactory(Persistence.java:55)
	at com.draekk.todomaster.persistence.UserJpaController.<init>(UserJpaController.java:32)
	at com.draekk.todomaster.persistence.PersistenceController.<init>(PersistenceController.java:11)
	at com.draekk.todomaster.controllers.GeneralController.<init>(GeneralController.java:15)
	at com.draekk.todomaster.controllers.GeneralControllerTest.testDeleteTask(GeneralControllerTest.java:132)
	at java.base/jdk.internal.reflect.NativeMethodAccessorImpl.invoke0(Native Method)
	at java.base/jdk.internal.reflect.NativeMethodAccessorImpl.invoke(NativeMethodAccessorImpl.java:77)
	at java.base/jdk.internal.reflect.DelegatingMethodAccessorImpl.invoke(DelegatingMethodAccessorImpl.java:43)
	at java.base/java.lang.reflect.Method.invoke(Method.java:568)
	at org.junit.platform.commons.util.ReflectionUtils.invokeMethod(ReflectionUtils.java:686)
	at org.junit.jupiter.engine.execution.MethodInvocation.proceed(MethodInvocation.java:60)
	at org.junit.jupiter.engine.execution.InvocationInterceptorChain$ValidatingInvocation.proceed(InvocationInterceptorChain.java:131)
	at org.junit.jupiter.engine.extension.TimeoutExtension.intercept(TimeoutExtension.java:149)
	at org.junit.jupiter.engine.extension.TimeoutExtension.interceptTestableMethod(TimeoutExtension.java:140)
	at org.junit.jupiter.engine.extension.TimeoutExtension.interceptTestMethod(TimeoutExtension.java:84)
	at org.junit.jupiter.engine.execution.ExecutableInvoker$ReflectiveInterceptorCall.lambda$ofVoidMethod$0(ExecutableInvoker.java:115)
	at org.junit.jupiter.engine.execution.ExecutableInvoker.lambda$invoke$0(ExecutableInvoker.java:105)
	at org.junit.jupiter.engine.execution.InvocationInterceptorChain$InterceptedInvocation.proceed(InvocationInterceptorChain.java:106)
	at org.junit.jupiter.engine.execution.InvocationInterceptorChain.proceed(InvocationInterceptorChain.java:64)
	at org.junit.jupiter.engine.execution.InvocationInterceptorChain.chainAndInvoke(InvocationInterceptorChain.java:45)
	at org.junit.jupiter.engine.execution.InvocationInterceptorChain.invoke(InvocationInterceptorChain.java:37)
	at org.junit.jupiter.engine.execution.ExecutableInvoker.invoke(ExecutableInvoker.java:104)
	at org.junit.jupiter.engine.execution.ExecutableInvoker.invoke(ExecutableInvoker.java:98)
	at org.junit.jupiter.engine.descriptor.TestMethodTestDescriptor.lambda$invokeTestMethod$6(TestMethodTestDescriptor.java:205)
	at org.junit.platform.engine.support.hierarchical.ThrowableCollector.execute(ThrowableCollector.java:73)
	at org.junit.jupiter.engine.descriptor.TestMethodTestDescriptor.invokeTestMethod(TestMethodTestDescriptor.java:201)
	at org.junit.jupiter.engine.descriptor.TestMethodTestDescriptor.execute(TestMethodTestDescriptor.java:137)
	at org.junit.jupiter.engine.descriptor.TestMethodTestDescriptor.execute(TestMethodTestDescriptor.java:71)
	at org.junit.platform.engine.support.hierarchical.NodeTestTask.lambda$executeRecursively$5(NodeTestTask.java:135)
	at org.junit.platform.engine.support.hierarchical.ThrowableCollector.execute(ThrowableCollector.java:73)
	at org.junit.platform.engine.support.hierarchical.NodeTestTask.lambda$executeRecursively$7(NodeTestTask.java:125)
	at org.junit.platform.engine.support.hierarchical.Node.around(Node.java:135)
	at org.junit.platform.engine.support.hierarchical.NodeTestTask.lambda$executeRecursively$8(NodeTestTask.java:123)
	at org.junit.platform.engine.support.hierarchical.ThrowableCollector.execute(ThrowableCollector.java:73)
	at org.junit.platform.engine.support.hierarchical.NodeTestTask.executeRecursively(NodeTestTask.java:122)
	at org.junit.platform.engine.support.hierarchical.NodeTestTask.execute(NodeTestTask.java:80)
	at java.base/java.util.ArrayList.forEach(ArrayList.java:1511)
	at org.junit.platform.engine.support.hierarchical.SameThreadHierarchicalTestExecutorService.invokeAll(SameThreadHierarchicalTestExecutorService.java:38)
	at org.junit.platform.engine.support.hierarchical.NodeTestTask.lambda$executeRecursively$5(NodeTestTask.java:139)
	at org.junit.platform.engine.support.hierarchical.ThrowableCollector.execute(ThrowableCollector.java:73)
	at org.junit.platform.engine.support.hierarchical.NodeTestTask.lambda$executeRecursively$7(NodeTestTask.java:125)
	at org.junit.platform.engine.support.hierarchical.Node.around(Node.java:135)
	at org.junit.platform.engine.support.hierarchical.NodeTestTask.lambda$executeRecursively$8(NodeTestTask.java:123)
	at org.junit.platform.engine.support.hierarchical.ThrowableCollector.execute(ThrowableCollector.java:73)
	at org.junit.platform.engine.support.hierarchical.NodeTestTask.executeRecursively(NodeTestTask.java:122)
	at org.junit.platform.engine.support.hierarchical.NodeTestTask.execute(NodeTestTask.java:80)
	at java.base/java.util.ArrayList.forEach(ArrayList.java:1511)
	at org.junit.platform.engine.support.hierarchical.SameThreadHierarchicalTestExecutorService.invokeAll(SameThreadHierarchicalTestExecutorService.java:38)
	at org.junit.platform.engine.support.hierarchical.NodeTestTask.lambda$executeRecursively$5(NodeTestTask.java:139)
	at org.junit.platform.engine.support.hierarchical.ThrowableCollector.execute(ThrowableCollector.java:73)
	at org.junit.platform.engine.support.hierarchical.NodeTestTask.lambda$executeRecursively$7(NodeTestTask.java:125)
	at org.junit.platform.engine.support.hierarchical.Node.around(Node.java:135)
	at org.junit.platform.engine.support.hierarchical.NodeTestTask.lambda$executeRecursively$8(NodeTestTask.java:123)
	at org.junit.platform.engine.support.hierarchical.ThrowableCollector.execute(ThrowableCollector.java:73)
	at org.junit.platform.engine.support.hierarchical.NodeTestTask.executeRecursively(NodeTestTask.java:122)
	at org.junit.platform.engine.support.hierarchical.NodeTestTask.execute(NodeTestTask.java:80)
	at org.junit.platform.engine.support.hierarchical.SameThreadHierarchicalTestExecutorService.submit(SameThreadHierarchicalTestExecutorService.java:32)
	at org.junit.platform.engine.support.hierarchical.HierarchicalTestExecutor.execute(HierarchicalTestExecutor.java:57)
	at org.junit.platform.engine.support.hierarchical.HierarchicalTestEngine.execute(HierarchicalTestEngine.java:51)
	at org.junit.platform.launcher.core.DefaultLauncher.execute(DefaultLauncher.java:248)
	at org.junit.platform.launcher.core.DefaultLauncher.lambda$execute$5(DefaultLauncher.java:211)
	at org.junit.platform.launcher.core.DefaultLauncher.withInterceptedStreams(DefaultLauncher.java:226)
	at org.junit.platform.launcher.core.DefaultLauncher.execute(DefaultLauncher.java:199)
	at org.junit.platform.launcher.core.DefaultLauncher.execute(DefaultLauncher.java:132)
	at org.apache.maven.surefire.junitplatform.LazyLauncher.execute(LazyLauncher.java:56)
	at org.apache.maven.surefire.junitplatform.JUnitPlatformProvider.execute(JUnitPlatformProvider.java:184)
	at org.apache.maven.surefire.junitplatform.JUnitPlatformProvider.invokeAllTests(JUnitPlatformProvider.java:148)
	at org.apache.maven.surefire.junitplatform.JUnitPlatformProvider.invoke(JUnitPlatformProvider.java:122)
	at org.apache.maven.surefire.booter.ForkedBooter.runSuitesInProcess(ForkedBooter.java:385)
	at org.apache.maven.surefire.booter.ForkedBooter.execute(ForkedBooter.java:162)
	at org.apache.maven.surefire.booter.ForkedBooter.run(ForkedBooter.java:507)
	at org.apache.maven.surefire.booter.ForkedBooter.main(ForkedBooter.java:495)

[EL Finest]: jpa: 2023-12-08 15:56:19.426--ServerSession(970865974)--Thread(Thread[main,5,main])--End deploying Persistence Unit TodoMasterPU; session /file:/C:/Users/asahi/OneDrive/Documentos/programacion/porfolio-projects/todo-app/todo-master/todomaster/target/classes/_TodoMasterPU; state HalfDeployed; factoryCount 1
[EL Finest]: jpa: 2023-12-08 15:56:19.427--ServerSession(970865974)--Thread(Thread[main,5,main])--Begin undeploying Persistence Unit TodoMasterPU; session /file:/C:/Users/asahi/OneDrive/Documentos/programacion/porfolio-projects/todo-app/todo-master/todomaster/target/classes/_TodoMasterPU; state HalfDeployed; factoryCount 1
[EL Finest]: jpa: 2023-12-08 15:56:19.427--ServerSession(970865974)--Thread(Thread[main,5,main])--End undeploying Persistence Unit TodoMasterPU; session /file:/C:/Users/asahi/OneDrive/Documentos/programacion/porfolio-projects/todo-app/todo-master/todomaster/target/classes/_TodoMasterPU; state Undeployed; factoryCount 0
]]></system-out>
  </testcase>
  <testcase name="testGetUserList" classname="com.draekk.todomaster.controllers.GeneralControllerTest" time="0.078">
    <error message="Exception [EclipseLink-4003] (Eclipse Persistence Services - 2.7.12.v20230209-e5c4074ef3): org.eclipse.persistence.exceptions.DatabaseException&#10;Exception Description: Configuration error.  Class [org.postgresql.Driver] not found." type="javax.persistence.PersistenceException"><![CDATA[javax.persistence.PersistenceException: 
Exception [EclipseLink-4003] (Eclipse Persistence Services - 2.7.12.v20230209-e5c4074ef3): org.eclipse.persistence.exceptions.DatabaseException
Exception Description: Configuration error.  Class [org.postgresql.Driver] not found.
	at org.eclipse.persistence.internal.jpa.EntityManagerSetupImpl.deploy(EntityManagerSetupImpl.java:854)
	at org.eclipse.persistence.internal.jpa.EntityManagerFactoryDelegate.getAbstractSession(EntityManagerFactoryDelegate.java:222)
	at org.eclipse.persistence.internal.jpa.EntityManagerFactoryDelegate.getDatabaseSession(EntityManagerFactoryDelegate.java:200)
	at org.eclipse.persistence.internal.jpa.EntityManagerFactoryImpl.getDatabaseSession(EntityManagerFactoryImpl.java:542)
	at org.eclipse.persistence.jpa.PersistenceProvider.createEntityManagerFactoryImpl(PersistenceProvider.java:153)
	at org.eclipse.persistence.jpa.PersistenceProvider.createEntityManagerFactory(PersistenceProvider.java:191)
	at javax.persistence.Persistence.createEntityManagerFactory(Persistence.java:80)
	at javax.persistence.Persistence.createEntityManagerFactory(Persistence.java:55)
	at com.draekk.todomaster.persistence.UserJpaController.<init>(UserJpaController.java:32)
	at com.draekk.todomaster.persistence.PersistenceController.<init>(PersistenceController.java:11)
	at com.draekk.todomaster.controllers.GeneralController.<init>(GeneralController.java:15)
	at com.draekk.todomaster.controllers.GeneralControllerTest.testGetUserList(GeneralControllerTest.java:58)
	at java.base/jdk.internal.reflect.NativeMethodAccessorImpl.invoke0(Native Method)
	at java.base/jdk.internal.reflect.NativeMethodAccessorImpl.invoke(NativeMethodAccessorImpl.java:77)
	at java.base/jdk.internal.reflect.DelegatingMethodAccessorImpl.invoke(DelegatingMethodAccessorImpl.java:43)
	at java.base/java.lang.reflect.Method.invoke(Method.java:568)
	at org.junit.platform.commons.util.ReflectionUtils.invokeMethod(ReflectionUtils.java:686)
	at org.junit.jupiter.engine.execution.MethodInvocation.proceed(MethodInvocation.java:60)
	at org.junit.jupiter.engine.execution.InvocationInterceptorChain$ValidatingInvocation.proceed(InvocationInterceptorChain.java:131)
	at org.junit.jupiter.engine.extension.TimeoutExtension.intercept(TimeoutExtension.java:149)
	at org.junit.jupiter.engine.extension.TimeoutExtension.interceptTestableMethod(TimeoutExtension.java:140)
	at org.junit.jupiter.engine.extension.TimeoutExtension.interceptTestMethod(TimeoutExtension.java:84)
	at org.junit.jupiter.engine.execution.ExecutableInvoker$ReflectiveInterceptorCall.lambda$ofVoidMethod$0(ExecutableInvoker.java:115)
	at org.junit.jupiter.engine.execution.ExecutableInvoker.lambda$invoke$0(ExecutableInvoker.java:105)
	at org.junit.jupiter.engine.execution.InvocationInterceptorChain$InterceptedInvocation.proceed(InvocationInterceptorChain.java:106)
	at org.junit.jupiter.engine.execution.InvocationInterceptorChain.proceed(InvocationInterceptorChain.java:64)
	at org.junit.jupiter.engine.execution.InvocationInterceptorChain.chainAndInvoke(InvocationInterceptorChain.java:45)
	at org.junit.jupiter.engine.execution.InvocationInterceptorChain.invoke(InvocationInterceptorChain.java:37)
	at org.junit.jupiter.engine.execution.ExecutableInvoker.invoke(ExecutableInvoker.java:104)
	at org.junit.jupiter.engine.execution.ExecutableInvoker.invoke(ExecutableInvoker.java:98)
	at org.junit.jupiter.engine.descriptor.TestMethodTestDescriptor.lambda$invokeTestMethod$6(TestMethodTestDescriptor.java:205)
	at org.junit.platform.engine.support.hierarchical.ThrowableCollector.execute(ThrowableCollector.java:73)
	at org.junit.jupiter.engine.descriptor.TestMethodTestDescriptor.invokeTestMethod(TestMethodTestDescriptor.java:201)
	at org.junit.jupiter.engine.descriptor.TestMethodTestDescriptor.execute(TestMethodTestDescriptor.java:137)
	at org.junit.jupiter.engine.descriptor.TestMethodTestDescriptor.execute(TestMethodTestDescriptor.java:71)
	at org.junit.platform.engine.support.hierarchical.NodeTestTask.lambda$executeRecursively$5(NodeTestTask.java:135)
	at org.junit.platform.engine.support.hierarchical.ThrowableCollector.execute(ThrowableCollector.java:73)
	at org.junit.platform.engine.support.hierarchical.NodeTestTask.lambda$executeRecursively$7(NodeTestTask.java:125)
	at org.junit.platform.engine.support.hierarchical.Node.around(Node.java:135)
	at org.junit.platform.engine.support.hierarchical.NodeTestTask.lambda$executeRecursively$8(NodeTestTask.java:123)
	at org.junit.platform.engine.support.hierarchical.ThrowableCollector.execute(ThrowableCollector.java:73)
	at org.junit.platform.engine.support.hierarchical.NodeTestTask.executeRecursively(NodeTestTask.java:122)
	at org.junit.platform.engine.support.hierarchical.NodeTestTask.execute(NodeTestTask.java:80)
	at java.base/java.util.ArrayList.forEach(ArrayList.java:1511)
	at org.junit.platform.engine.support.hierarchical.SameThreadHierarchicalTestExecutorService.invokeAll(SameThreadHierarchicalTestExecutorService.java:38)
	at org.junit.platform.engine.support.hierarchical.NodeTestTask.lambda$executeRecursively$5(NodeTestTask.java:139)
	at org.junit.platform.engine.support.hierarchical.ThrowableCollector.execute(ThrowableCollector.java:73)
	at org.junit.platform.engine.support.hierarchical.NodeTestTask.lambda$executeRecursively$7(NodeTestTask.java:125)
	at org.junit.platform.engine.support.hierarchical.Node.around(Node.java:135)
	at org.junit.platform.engine.support.hierarchical.NodeTestTask.lambda$executeRecursively$8(NodeTestTask.java:123)
	at org.junit.platform.engine.support.hierarchical.ThrowableCollector.execute(ThrowableCollector.java:73)
	at org.junit.platform.engine.support.hierarchical.NodeTestTask.executeRecursively(NodeTestTask.java:122)
	at org.junit.platform.engine.support.hierarchical.NodeTestTask.execute(NodeTestTask.java:80)
	at java.base/java.util.ArrayList.forEach(ArrayList.java:1511)
	at org.junit.platform.engine.support.hierarchical.SameThreadHierarchicalTestExecutorService.invokeAll(SameThreadHierarchicalTestExecutorService.java:38)
	at org.junit.platform.engine.support.hierarchical.NodeTestTask.lambda$executeRecursively$5(NodeTestTask.java:139)
	at org.junit.platform.engine.support.hierarchical.ThrowableCollector.execute(ThrowableCollector.java:73)
	at org.junit.platform.engine.support.hierarchical.NodeTestTask.lambda$executeRecursively$7(NodeTestTask.java:125)
	at org.junit.platform.engine.support.hierarchical.Node.around(Node.java:135)
	at org.junit.platform.engine.support.hierarchical.NodeTestTask.lambda$executeRecursively$8(NodeTestTask.java:123)
	at org.junit.platform.engine.support.hierarchical.ThrowableCollector.execute(ThrowableCollector.java:73)
	at org.junit.platform.engine.support.hierarchical.NodeTestTask.executeRecursively(NodeTestTask.java:122)
	at org.junit.platform.engine.support.hierarchical.NodeTestTask.execute(NodeTestTask.java:80)
	at org.junit.platform.engine.support.hierarchical.SameThreadHierarchicalTestExecutorService.submit(SameThreadHierarchicalTestExecutorService.java:32)
	at org.junit.platform.engine.support.hierarchical.HierarchicalTestExecutor.execute(HierarchicalTestExecutor.java:57)
	at org.junit.platform.engine.support.hierarchical.HierarchicalTestEngine.execute(HierarchicalTestEngine.java:51)
	at org.junit.platform.launcher.core.DefaultLauncher.execute(DefaultLauncher.java:248)
	at org.junit.platform.launcher.core.DefaultLauncher.lambda$execute$5(DefaultLauncher.java:211)
	at org.junit.platform.launcher.core.DefaultLauncher.withInterceptedStreams(DefaultLauncher.java:226)
	at org.junit.platform.launcher.core.DefaultLauncher.execute(DefaultLauncher.java:199)
	at org.junit.platform.launcher.core.DefaultLauncher.execute(DefaultLauncher.java:132)
	at org.apache.maven.surefire.junitplatform.LazyLauncher.execute(LazyLauncher.java:56)
	at org.apache.maven.surefire.junitplatform.JUnitPlatformProvider.execute(JUnitPlatformProvider.java:184)
	at org.apache.maven.surefire.junitplatform.JUnitPlatformProvider.invokeAllTests(JUnitPlatformProvider.java:148)
	at org.apache.maven.surefire.junitplatform.JUnitPlatformProvider.invoke(JUnitPlatformProvider.java:122)
	at org.apache.maven.surefire.booter.ForkedBooter.runSuitesInProcess(ForkedBooter.java:385)
	at org.apache.maven.surefire.booter.ForkedBooter.execute(ForkedBooter.java:162)
	at org.apache.maven.surefire.booter.ForkedBooter.run(ForkedBooter.java:507)
	at org.apache.maven.surefire.booter.ForkedBooter.main(ForkedBooter.java:495)
Caused by: Exception [EclipseLink-4003] (Eclipse Persistence Services - 2.7.12.v20230209-e5c4074ef3): org.eclipse.persistence.exceptions.DatabaseException
Exception Description: Configuration error.  Class [org.postgresql.Driver] not found.
	at org.eclipse.persistence.exceptions.DatabaseException.configurationErrorClassNotFound(DatabaseException.java:91)
	at org.eclipse.persistence.sessions.DefaultConnector.loadDriverClass(DefaultConnector.java:269)
	at org.eclipse.persistence.sessions.DefaultConnector.connect(DefaultConnector.java:87)
	at org.eclipse.persistence.sessions.DatasourceLogin.connectToDatasource(DatasourceLogin.java:172)
	at org.eclipse.persistence.internal.sessions.DatabaseSessionImpl.setOrDetectDatasource(DatabaseSessionImpl.java:226)
	at org.eclipse.persistence.internal.sessions.DatabaseSessionImpl.loginAndDetectDatasource(DatabaseSessionImpl.java:810)
	at org.eclipse.persistence.internal.jpa.EntityManagerFactoryProvider.login(EntityManagerFactoryProvider.java:261)
	at org.eclipse.persistence.internal.jpa.EntityManagerSetupImpl.deploy(EntityManagerSetupImpl.java:771)
	... 78 more
]]></error>
    <system-out><![CDATA[getUserList
[EL Finer]: 2023-12-08 15:56:19.432--Thread(Thread[main,5,main])--fixUNC: before fixing: url = file:/C:/Users/asahi/OneDrive/Documentos/programacion/porfolio-projects/todo-app/todo-master/todomaster/target/classes/, authority = , file = /C:/Users/asahi/OneDrive/Documentos/programacion/porfolio-projects/todo-app/todo-master/todomaster/target/classes/ (There is no English translation for this message.)
[EL Finer]: 2023-12-08 15:56:19.432--Thread(Thread[main,5,main])--fixUNC: after fixing: url = file:/C:/Users/asahi/OneDrive/Documentos/programacion/porfolio-projects/todo-app/todo-master/todomaster/target/classes/, authority = null, file = /C:/Users/asahi/OneDrive/Documentos/programacion/porfolio-projects/todo-app/todo-master/todomaster/target/classes/ (There is no English translation for this message.)
[EL Fine]: moxy: 2023-12-08 15:56:19.442--Thread(Thread[main,5,main])--SAXParserFactory instance: com.sun.org.apache.xerces.internal.jaxp.SAXParserFactoryImpl@76f4b65
[EL Finer]: jpa: 2023-12-08 15:56:19.445--Thread(Thread[main,5,main])--JavaSECMPInitializer - predeploying TodoMasterPU.
[EL Finest]: properties: 2023-12-08 15:56:19.453--ServerSession(211090736)--Thread(Thread[main,5,main])--property=eclipselink.logging.parameters; value=true
[EL Fine]: server: 2023-12-08 15:56:19.454--Thread(Thread[main,5,main])--Configured server platform: org.eclipse.persistence.platform.server.NoServerPlatform
[EL Finest]: jpa: 2023-12-08 15:56:19.454--ServerSession(211090736)--Thread(Thread[main,5,main])--Begin predeploying Persistence Unit TodoMasterPU; session /file:/C:/Users/asahi/OneDrive/Documentos/programacion/porfolio-projects/todo-app/todo-master/todomaster/target/classes/_TodoMasterPU; state Initial; factoryCount 0
[EL Finest]: properties: 2023-12-08 15:56:19.454--ServerSession(211090736)--Thread(Thread[main,5,main])--property=eclipselink.orm.throw.exceptions; default value=true
[EL Finest]: properties: 2023-12-08 15:56:19.454--ServerSession(211090736)--Thread(Thread[main,5,main])--property=eclipselink.multitenant.tenants-share-emf; default value=true
[EL Finest]: properties: 2023-12-08 15:56:19.454--ServerSession(211090736)--Thread(Thread[main,5,main])--property=eclipselink.multitenant.tenants-share-cache; default value=false
[EL Finer]: metadata: 2023-12-08 15:56:19.454--Thread(Thread[main,5,main])--Searching for mapping file: [META-INF/orm.xml] at root URL: [file:/C:/Users/asahi/OneDrive/Documentos/programacion/porfolio-projects/todo-app/todo-master/todomaster/target/classes/].
[EL Finer]: metadata: 2023-12-08 15:56:19.46--Thread(Thread[main,5,main])--Searching for mapping file: [META-INF/eclipselink-orm.xml] at root URL: [file:/C:/Users/asahi/OneDrive/Documentos/programacion/porfolio-projects/todo-app/todo-master/todomaster/target/classes/].
[EL Config]: metadata: 2023-12-08 15:56:19.49--ServerSession(211090736)--Thread(Thread[main,5,main])--The access type for the persistent class [class com.draekk.todomaster.models.User] is set to [FIELD].
[EL Config]: metadata: 2023-12-08 15:56:19.492--ServerSession(211090736)--Thread(Thread[main,5,main])--The target entity (reference) class for the one to many mapping element [field tasks] is being defaulted to: class com.draekk.todomaster.models.Task.
[EL Config]: metadata: 2023-12-08 15:56:19.493--ServerSession(211090736)--Thread(Thread[main,5,main])--The access type for the persistent class [class com.draekk.todomaster.models.Task] is set to [FIELD].
[EL Config]: metadata: 2023-12-08 15:56:19.493--ServerSession(211090736)--Thread(Thread[main,5,main])--The target entity (reference) class for the many to one mapping element [field user] is being defaulted to: class com.draekk.todomaster.models.User.
[EL Config]: metadata: 2023-12-08 15:56:19.493--ServerSession(211090736)--Thread(Thread[main,5,main])--The alias name for the entity class [class com.draekk.todomaster.models.User] is being defaulted to: User.
[EL Config]: metadata: 2023-12-08 15:56:19.494--ServerSession(211090736)--Thread(Thread[main,5,main])--The column name for element [lastName] is being defaulted to: LASTNAME.
[EL Config]: metadata: 2023-12-08 15:56:19.495--ServerSession(211090736)--Thread(Thread[main,5,main])--The column name for element [password] is being defaulted to: PASSWORD.
[EL Config]: metadata: 2023-12-08 15:56:19.495--ServerSession(211090736)--Thread(Thread[main,5,main])--The column name for element [name] is being defaulted to: NAME.
[EL Config]: metadata: 2023-12-08 15:56:19.495--ServerSession(211090736)--Thread(Thread[main,5,main])--The column name for element [id] is being defaulted to: ID.
[EL Config]: metadata: 2023-12-08 15:56:19.495--ServerSession(211090736)--Thread(Thread[main,5,main])--The column name for element [email] is being defaulted to: EMAIL.
[EL Config]: metadata: 2023-12-08 15:56:19.496--ServerSession(211090736)--Thread(Thread[main,5,main])--The column name for element [username] is being defaulted to: USERNAME.
[EL Config]: metadata: 2023-12-08 15:56:19.496--ServerSession(211090736)--Thread(Thread[main,5,main])--The alias name for the entity class [class com.draekk.todomaster.models.Task] is being defaulted to: Task.
[EL Config]: metadata: 2023-12-08 15:56:19.496--ServerSession(211090736)--Thread(Thread[main,5,main])--The column name for element [description] is being defaulted to: DESCRIPTION.
[EL Config]: metadata: 2023-12-08 15:56:19.496--ServerSession(211090736)--Thread(Thread[main,5,main])--The column name for element [id] is being defaulted to: ID.
[EL Config]: metadata: 2023-12-08 15:56:19.497--ServerSession(211090736)--Thread(Thread[main,5,main])--The column name for element [isCompleted] is being defaulted to: ISCOMPLETED.
[EL Config]: metadata: 2023-12-08 15:56:19.498--ServerSession(211090736)--Thread(Thread[main,5,main])--The primary key column name for the mapping element [field user] is being defaulted to: ID.
[EL Finest]: jpa: 2023-12-08 15:56:19.498--ServerSession(211090736)--Thread(Thread[main,5,main])--End predeploying Persistence Unit TodoMasterPU; session /file:/C:/Users/asahi/OneDrive/Documentos/programacion/porfolio-projects/todo-app/todo-master/todomaster/target/classes/_TodoMasterPU; state Predeployed; factoryCount 0
[EL Finer]: weaver: 2023-12-08 15:56:19.499--Thread(Thread[main,5,main])--JavaSECMPInitializer - transformer is null.
[EL Finest]: jpa: 2023-12-08 15:56:19.499--ServerSession(211090736)--Thread(Thread[main,5,main])--Begin predeploying Persistence Unit TodoMasterPU; session /file:/C:/Users/asahi/OneDrive/Documentos/programacion/porfolio-projects/todo-app/todo-master/todomaster/target/classes/_TodoMasterPU; state Predeployed; factoryCount 0
[EL Finest]: jpa: 2023-12-08 15:56:19.499--ServerSession(211090736)--Thread(Thread[main,5,main])--End predeploying Persistence Unit TodoMasterPU; session /file:/C:/Users/asahi/OneDrive/Documentos/programacion/porfolio-projects/todo-app/todo-master/todomaster/target/classes/_TodoMasterPU; state Predeployed; factoryCount 1
[EL Finer]: metamodel: 2023-12-08 15:56:19.499--ServerSession(211090736)--Thread(Thread[main,5,main])--Canonical Metamodel class [com.draekk.todomaster.models.Task_] found and instantiated during initialization.
[EL Finer]: metamodel: 2023-12-08 15:56:19.499--ServerSession(211090736)--Thread(Thread[main,5,main])--Canonical Metamodel class [com.draekk.todomaster.models.User_] found and instantiated during initialization.
[EL Finest]: jpa: 2023-12-08 15:56:19.5--ServerSession(211090736)--Thread(Thread[main,5,main])--Begin deploying Persistence Unit TodoMasterPU; session /file:/C:/Users/asahi/OneDrive/Documentos/programacion/porfolio-projects/todo-app/todo-master/todomaster/target/classes/_TodoMasterPU; state Predeployed; factoryCount 1
[EL Finest]: jpa: 2023-12-08 15:56:19.501--ServerSession(211090736)--Thread(Thread[main,5,main])--Bean Validation Factory was not initialized: [javax/validation/Validation].
[EL Finest]: properties: 2023-12-08 15:56:19.501--ServerSession(211090736)--Thread(Thread[main,5,main])--property=eclipselink.logging.level; value=FINEST; translated value=FINEST
[EL Finest]: properties: 2023-12-08 15:56:19.501--ServerSession(211090736)--Thread(Thread[main,5,main])--property=eclipselink.logging.parameters; value=true
[EL Finest]: properties: 2023-12-08 15:56:19.501--ServerSession(211090736)--Thread(Thread[main,5,main])--property=eclipselink.logging.level; value=FINEST; translated value=FINEST
[EL Finest]: properties: 2023-12-08 15:56:19.502--ServerSession(211090736)--Thread(Thread[main,5,main])--property=eclipselink.logging.parameters; value=true
[EL Finest]: properties: 2023-12-08 15:56:19.502--ServerSession(211090736)--Thread(Thread[main,5,main])--property=javax.persistence.jdbc.user; value=postgres
[EL Finest]: properties: 2023-12-08 15:56:19.502--ServerSession(211090736)--Thread(Thread[main,5,main])--property=javax.persistence.jdbc.password; value=xxxxxx
[EL Finest]: properties: 2023-12-08 15:56:19.503--ServerSession(211090736)--Thread(Thread[main,5,main])--property=javax.persistence.jdbc.driver; value=org.postgresql.Driver
[EL Finest]: properties: 2023-12-08 15:56:19.504--ServerSession(211090736)--Thread(Thread[main,5,main])--property=javax.persistence.jdbc.url; value=jdbc:postgresql://monorail.proxy.rlwy.net:32742/railway
[EL Info]: 2023-12-08 15:56:19.504--ServerSession(211090736)--Thread(Thread[main,5,main])--EclipseLink, version: Eclipse Persistence Services - 2.7.12.v20230209-e5c4074ef3
[EL Severe]: ejb: 2023-12-08 15:56:19.505--ServerSession(211090736)--Thread(Thread[main,5,main])--Local Exception Stack: 
Exception [EclipseLink-4003] (Eclipse Persistence Services - 2.7.12.v20230209-e5c4074ef3): org.eclipse.persistence.exceptions.DatabaseException
Exception Description: Configuration error.  Class [org.postgresql.Driver] not found.
	at org.eclipse.persistence.exceptions.DatabaseException.configurationErrorClassNotFound(DatabaseException.java:91)
	at org.eclipse.persistence.sessions.DefaultConnector.loadDriverClass(DefaultConnector.java:269)
	at org.eclipse.persistence.sessions.DefaultConnector.connect(DefaultConnector.java:87)
	at org.eclipse.persistence.sessions.DatasourceLogin.connectToDatasource(DatasourceLogin.java:172)
	at org.eclipse.persistence.internal.sessions.DatabaseSessionImpl.setOrDetectDatasource(DatabaseSessionImpl.java:226)
	at org.eclipse.persistence.internal.sessions.DatabaseSessionImpl.loginAndDetectDatasource(DatabaseSessionImpl.java:810)
	at org.eclipse.persistence.internal.jpa.EntityManagerFactoryProvider.login(EntityManagerFactoryProvider.java:261)
	at org.eclipse.persistence.internal.jpa.EntityManagerSetupImpl.deploy(EntityManagerSetupImpl.java:771)
	at org.eclipse.persistence.internal.jpa.EntityManagerFactoryDelegate.getAbstractSession(EntityManagerFactoryDelegate.java:222)
	at org.eclipse.persistence.internal.jpa.EntityManagerFactoryDelegate.getDatabaseSession(EntityManagerFactoryDelegate.java:200)
	at org.eclipse.persistence.internal.jpa.EntityManagerFactoryImpl.getDatabaseSession(EntityManagerFactoryImpl.java:542)
	at org.eclipse.persistence.jpa.PersistenceProvider.createEntityManagerFactoryImpl(PersistenceProvider.java:153)
	at org.eclipse.persistence.jpa.PersistenceProvider.createEntityManagerFactory(PersistenceProvider.java:191)
	at javax.persistence.Persistence.createEntityManagerFactory(Persistence.java:80)
	at javax.persistence.Persistence.createEntityManagerFactory(Persistence.java:55)
	at com.draekk.todomaster.persistence.UserJpaController.<init>(UserJpaController.java:32)
	at com.draekk.todomaster.persistence.PersistenceController.<init>(PersistenceController.java:11)
	at com.draekk.todomaster.controllers.GeneralController.<init>(GeneralController.java:15)
	at com.draekk.todomaster.controllers.GeneralControllerTest.testGetUserList(GeneralControllerTest.java:58)
	at java.base/jdk.internal.reflect.NativeMethodAccessorImpl.invoke0(Native Method)
	at java.base/jdk.internal.reflect.NativeMethodAccessorImpl.invoke(NativeMethodAccessorImpl.java:77)
	at java.base/jdk.internal.reflect.DelegatingMethodAccessorImpl.invoke(DelegatingMethodAccessorImpl.java:43)
	at java.base/java.lang.reflect.Method.invoke(Method.java:568)
	at org.junit.platform.commons.util.ReflectionUtils.invokeMethod(ReflectionUtils.java:686)
	at org.junit.jupiter.engine.execution.MethodInvocation.proceed(MethodInvocation.java:60)
	at org.junit.jupiter.engine.execution.InvocationInterceptorChain$ValidatingInvocation.proceed(InvocationInterceptorChain.java:131)
	at org.junit.jupiter.engine.extension.TimeoutExtension.intercept(TimeoutExtension.java:149)
	at org.junit.jupiter.engine.extension.TimeoutExtension.interceptTestableMethod(TimeoutExtension.java:140)
	at org.junit.jupiter.engine.extension.TimeoutExtension.interceptTestMethod(TimeoutExtension.java:84)
	at org.junit.jupiter.engine.execution.ExecutableInvoker$ReflectiveInterceptorCall.lambda$ofVoidMethod$0(ExecutableInvoker.java:115)
	at org.junit.jupiter.engine.execution.ExecutableInvoker.lambda$invoke$0(ExecutableInvoker.java:105)
	at org.junit.jupiter.engine.execution.InvocationInterceptorChain$InterceptedInvocation.proceed(InvocationInterceptorChain.java:106)
	at org.junit.jupiter.engine.execution.InvocationInterceptorChain.proceed(InvocationInterceptorChain.java:64)
	at org.junit.jupiter.engine.execution.InvocationInterceptorChain.chainAndInvoke(InvocationInterceptorChain.java:45)
	at org.junit.jupiter.engine.execution.InvocationInterceptorChain.invoke(InvocationInterceptorChain.java:37)
	at org.junit.jupiter.engine.execution.ExecutableInvoker.invoke(ExecutableInvoker.java:104)
	at org.junit.jupiter.engine.execution.ExecutableInvoker.invoke(ExecutableInvoker.java:98)
	at org.junit.jupiter.engine.descriptor.TestMethodTestDescriptor.lambda$invokeTestMethod$6(TestMethodTestDescriptor.java:205)
	at org.junit.platform.engine.support.hierarchical.ThrowableCollector.execute(ThrowableCollector.java:73)
	at org.junit.jupiter.engine.descriptor.TestMethodTestDescriptor.invokeTestMethod(TestMethodTestDescriptor.java:201)
	at org.junit.jupiter.engine.descriptor.TestMethodTestDescriptor.execute(TestMethodTestDescriptor.java:137)
	at org.junit.jupiter.engine.descriptor.TestMethodTestDescriptor.execute(TestMethodTestDescriptor.java:71)
	at org.junit.platform.engine.support.hierarchical.NodeTestTask.lambda$executeRecursively$5(NodeTestTask.java:135)
	at org.junit.platform.engine.support.hierarchical.ThrowableCollector.execute(ThrowableCollector.java:73)
	at org.junit.platform.engine.support.hierarchical.NodeTestTask.lambda$executeRecursively$7(NodeTestTask.java:125)
	at org.junit.platform.engine.support.hierarchical.Node.around(Node.java:135)
	at org.junit.platform.engine.support.hierarchical.NodeTestTask.lambda$executeRecursively$8(NodeTestTask.java:123)
	at org.junit.platform.engine.support.hierarchical.ThrowableCollector.execute(ThrowableCollector.java:73)
	at org.junit.platform.engine.support.hierarchical.NodeTestTask.executeRecursively(NodeTestTask.java:122)
	at org.junit.platform.engine.support.hierarchical.NodeTestTask.execute(NodeTestTask.java:80)
	at java.base/java.util.ArrayList.forEach(ArrayList.java:1511)
	at org.junit.platform.engine.support.hierarchical.SameThreadHierarchicalTestExecutorService.invokeAll(SameThreadHierarchicalTestExecutorService.java:38)
	at org.junit.platform.engine.support.hierarchical.NodeTestTask.lambda$executeRecursively$5(NodeTestTask.java:139)
	at org.junit.platform.engine.support.hierarchical.ThrowableCollector.execute(ThrowableCollector.java:73)
	at org.junit.platform.engine.support.hierarchical.NodeTestTask.lambda$executeRecursively$7(NodeTestTask.java:125)
	at org.junit.platform.engine.support.hierarchical.Node.around(Node.java:135)
	at org.junit.platform.engine.support.hierarchical.NodeTestTask.lambda$executeRecursively$8(NodeTestTask.java:123)
	at org.junit.platform.engine.support.hierarchical.ThrowableCollector.execute(ThrowableCollector.java:73)
	at org.junit.platform.engine.support.hierarchical.NodeTestTask.executeRecursively(NodeTestTask.java:122)
	at org.junit.platform.engine.support.hierarchical.NodeTestTask.execute(NodeTestTask.java:80)
	at java.base/java.util.ArrayList.forEach(ArrayList.java:1511)
	at org.junit.platform.engine.support.hierarchical.SameThreadHierarchicalTestExecutorService.invokeAll(SameThreadHierarchicalTestExecutorService.java:38)
	at org.junit.platform.engine.support.hierarchical.NodeTestTask.lambda$executeRecursively$5(NodeTestTask.java:139)
	at org.junit.platform.engine.support.hierarchical.ThrowableCollector.execute(ThrowableCollector.java:73)
	at org.junit.platform.engine.support.hierarchical.NodeTestTask.lambda$executeRecursively$7(NodeTestTask.java:125)
	at org.junit.platform.engine.support.hierarchical.Node.around(Node.java:135)
	at org.junit.platform.engine.support.hierarchical.NodeTestTask.lambda$executeRecursively$8(NodeTestTask.java:123)
	at org.junit.platform.engine.support.hierarchical.ThrowableCollector.execute(ThrowableCollector.java:73)
	at org.junit.platform.engine.support.hierarchical.NodeTestTask.executeRecursively(NodeTestTask.java:122)
	at org.junit.platform.engine.support.hierarchical.NodeTestTask.execute(NodeTestTask.java:80)
	at org.junit.platform.engine.support.hierarchical.SameThreadHierarchicalTestExecutorService.submit(SameThreadHierarchicalTestExecutorService.java:32)
	at org.junit.platform.engine.support.hierarchical.HierarchicalTestExecutor.execute(HierarchicalTestExecutor.java:57)
	at org.junit.platform.engine.support.hierarchical.HierarchicalTestEngine.execute(HierarchicalTestEngine.java:51)
	at org.junit.platform.launcher.core.DefaultLauncher.execute(DefaultLauncher.java:248)
	at org.junit.platform.launcher.core.DefaultLauncher.lambda$execute$5(DefaultLauncher.java:211)
	at org.junit.platform.launcher.core.DefaultLauncher.withInterceptedStreams(DefaultLauncher.java:226)
	at org.junit.platform.launcher.core.DefaultLauncher.execute(DefaultLauncher.java:199)
	at org.junit.platform.launcher.core.DefaultLauncher.execute(DefaultLauncher.java:132)
	at org.apache.maven.surefire.junitplatform.LazyLauncher.execute(LazyLauncher.java:56)
	at org.apache.maven.surefire.junitplatform.JUnitPlatformProvider.execute(JUnitPlatformProvider.java:184)
	at org.apache.maven.surefire.junitplatform.JUnitPlatformProvider.invokeAllTests(JUnitPlatformProvider.java:148)
	at org.apache.maven.surefire.junitplatform.JUnitPlatformProvider.invoke(JUnitPlatformProvider.java:122)
	at org.apache.maven.surefire.booter.ForkedBooter.runSuitesInProcess(ForkedBooter.java:385)
	at org.apache.maven.surefire.booter.ForkedBooter.execute(ForkedBooter.java:162)
	at org.apache.maven.surefire.booter.ForkedBooter.run(ForkedBooter.java:507)
	at org.apache.maven.surefire.booter.ForkedBooter.main(ForkedBooter.java:495)

[EL Finest]: jpa: 2023-12-08 15:56:19.506--ServerSession(211090736)--Thread(Thread[main,5,main])--End deploying Persistence Unit TodoMasterPU; session /file:/C:/Users/asahi/OneDrive/Documentos/programacion/porfolio-projects/todo-app/todo-master/todomaster/target/classes/_TodoMasterPU; state HalfDeployed; factoryCount 1
[EL Finest]: jpa: 2023-12-08 15:56:19.506--ServerSession(211090736)--Thread(Thread[main,5,main])--Begin undeploying Persistence Unit TodoMasterPU; session /file:/C:/Users/asahi/OneDrive/Documentos/programacion/porfolio-projects/todo-app/todo-master/todomaster/target/classes/_TodoMasterPU; state HalfDeployed; factoryCount 1
[EL Finest]: jpa: 2023-12-08 15:56:19.507--ServerSession(211090736)--Thread(Thread[main,5,main])--End undeploying Persistence Unit TodoMasterPU; session /file:/C:/Users/asahi/OneDrive/Documentos/programacion/porfolio-projects/todo-app/todo-master/todomaster/target/classes/_TodoMasterPU; state Undeployed; factoryCount 0
]]></system-out>
  </testcase>
  <testcase name="testGetTaskList_0args" classname="com.draekk.todomaster.controllers.GeneralControllerTest" time="0.073">
    <error message="Exception [EclipseLink-4003] (Eclipse Persistence Services - 2.7.12.v20230209-e5c4074ef3): org.eclipse.persistence.exceptions.DatabaseException&#10;Exception Description: Configuration error.  Class [org.postgresql.Driver] not found." type="javax.persistence.PersistenceException"><![CDATA[javax.persistence.PersistenceException: 
Exception [EclipseLink-4003] (Eclipse Persistence Services - 2.7.12.v20230209-e5c4074ef3): org.eclipse.persistence.exceptions.DatabaseException
Exception Description: Configuration error.  Class [org.postgresql.Driver] not found.
	at org.eclipse.persistence.internal.jpa.EntityManagerSetupImpl.deploy(EntityManagerSetupImpl.java:854)
	at org.eclipse.persistence.internal.jpa.EntityManagerFactoryDelegate.getAbstractSession(EntityManagerFactoryDelegate.java:222)
	at org.eclipse.persistence.internal.jpa.EntityManagerFactoryDelegate.getDatabaseSession(EntityManagerFactoryDelegate.java:200)
	at org.eclipse.persistence.internal.jpa.EntityManagerFactoryImpl.getDatabaseSession(EntityManagerFactoryImpl.java:542)
	at org.eclipse.persistence.jpa.PersistenceProvider.createEntityManagerFactoryImpl(PersistenceProvider.java:153)
	at org.eclipse.persistence.jpa.PersistenceProvider.createEntityManagerFactory(PersistenceProvider.java:191)
	at javax.persistence.Persistence.createEntityManagerFactory(Persistence.java:80)
	at javax.persistence.Persistence.createEntityManagerFactory(Persistence.java:55)
	at com.draekk.todomaster.persistence.UserJpaController.<init>(UserJpaController.java:32)
	at com.draekk.todomaster.persistence.PersistenceController.<init>(PersistenceController.java:11)
	at com.draekk.todomaster.controllers.GeneralController.<init>(GeneralController.java:15)
	at com.draekk.todomaster.controllers.GeneralControllerTest.testGetTaskList_0args(GeneralControllerTest.java:102)
	at java.base/jdk.internal.reflect.NativeMethodAccessorImpl.invoke0(Native Method)
	at java.base/jdk.internal.reflect.NativeMethodAccessorImpl.invoke(NativeMethodAccessorImpl.java:77)
	at java.base/jdk.internal.reflect.DelegatingMethodAccessorImpl.invoke(DelegatingMethodAccessorImpl.java:43)
	at java.base/java.lang.reflect.Method.invoke(Method.java:568)
	at org.junit.platform.commons.util.ReflectionUtils.invokeMethod(ReflectionUtils.java:686)
	at org.junit.jupiter.engine.execution.MethodInvocation.proceed(MethodInvocation.java:60)
	at org.junit.jupiter.engine.execution.InvocationInterceptorChain$ValidatingInvocation.proceed(InvocationInterceptorChain.java:131)
	at org.junit.jupiter.engine.extension.TimeoutExtension.intercept(TimeoutExtension.java:149)
	at org.junit.jupiter.engine.extension.TimeoutExtension.interceptTestableMethod(TimeoutExtension.java:140)
	at org.junit.jupiter.engine.extension.TimeoutExtension.interceptTestMethod(TimeoutExtension.java:84)
	at org.junit.jupiter.engine.execution.ExecutableInvoker$ReflectiveInterceptorCall.lambda$ofVoidMethod$0(ExecutableInvoker.java:115)
	at org.junit.jupiter.engine.execution.ExecutableInvoker.lambda$invoke$0(ExecutableInvoker.java:105)
	at org.junit.jupiter.engine.execution.InvocationInterceptorChain$InterceptedInvocation.proceed(InvocationInterceptorChain.java:106)
	at org.junit.jupiter.engine.execution.InvocationInterceptorChain.proceed(InvocationInterceptorChain.java:64)
	at org.junit.jupiter.engine.execution.InvocationInterceptorChain.chainAndInvoke(InvocationInterceptorChain.java:45)
	at org.junit.jupiter.engine.execution.InvocationInterceptorChain.invoke(InvocationInterceptorChain.java:37)
	at org.junit.jupiter.engine.execution.ExecutableInvoker.invoke(ExecutableInvoker.java:104)
	at org.junit.jupiter.engine.execution.ExecutableInvoker.invoke(ExecutableInvoker.java:98)
	at org.junit.jupiter.engine.descriptor.TestMethodTestDescriptor.lambda$invokeTestMethod$6(TestMethodTestDescriptor.java:205)
	at org.junit.platform.engine.support.hierarchical.ThrowableCollector.execute(ThrowableCollector.java:73)
	at org.junit.jupiter.engine.descriptor.TestMethodTestDescriptor.invokeTestMethod(TestMethodTestDescriptor.java:201)
	at org.junit.jupiter.engine.descriptor.TestMethodTestDescriptor.execute(TestMethodTestDescriptor.java:137)
	at org.junit.jupiter.engine.descriptor.TestMethodTestDescriptor.execute(TestMethodTestDescriptor.java:71)
	at org.junit.platform.engine.support.hierarchical.NodeTestTask.lambda$executeRecursively$5(NodeTestTask.java:135)
	at org.junit.platform.engine.support.hierarchical.ThrowableCollector.execute(ThrowableCollector.java:73)
	at org.junit.platform.engine.support.hierarchical.NodeTestTask.lambda$executeRecursively$7(NodeTestTask.java:125)
	at org.junit.platform.engine.support.hierarchical.Node.around(Node.java:135)
	at org.junit.platform.engine.support.hierarchical.NodeTestTask.lambda$executeRecursively$8(NodeTestTask.java:123)
	at org.junit.platform.engine.support.hierarchical.ThrowableCollector.execute(ThrowableCollector.java:73)
	at org.junit.platform.engine.support.hierarchical.NodeTestTask.executeRecursively(NodeTestTask.java:122)
	at org.junit.platform.engine.support.hierarchical.NodeTestTask.execute(NodeTestTask.java:80)
	at java.base/java.util.ArrayList.forEach(ArrayList.java:1511)
	at org.junit.platform.engine.support.hierarchical.SameThreadHierarchicalTestExecutorService.invokeAll(SameThreadHierarchicalTestExecutorService.java:38)
	at org.junit.platform.engine.support.hierarchical.NodeTestTask.lambda$executeRecursively$5(NodeTestTask.java:139)
	at org.junit.platform.engine.support.hierarchical.ThrowableCollector.execute(ThrowableCollector.java:73)
	at org.junit.platform.engine.support.hierarchical.NodeTestTask.lambda$executeRecursively$7(NodeTestTask.java:125)
	at org.junit.platform.engine.support.hierarchical.Node.around(Node.java:135)
	at org.junit.platform.engine.support.hierarchical.NodeTestTask.lambda$executeRecursively$8(NodeTestTask.java:123)
	at org.junit.platform.engine.support.hierarchical.ThrowableCollector.execute(ThrowableCollector.java:73)
	at org.junit.platform.engine.support.hierarchical.NodeTestTask.executeRecursively(NodeTestTask.java:122)
	at org.junit.platform.engine.support.hierarchical.NodeTestTask.execute(NodeTestTask.java:80)
	at java.base/java.util.ArrayList.forEach(ArrayList.java:1511)
	at org.junit.platform.engine.support.hierarchical.SameThreadHierarchicalTestExecutorService.invokeAll(SameThreadHierarchicalTestExecutorService.java:38)
	at org.junit.platform.engine.support.hierarchical.NodeTestTask.lambda$executeRecursively$5(NodeTestTask.java:139)
	at org.junit.platform.engine.support.hierarchical.ThrowableCollector.execute(ThrowableCollector.java:73)
	at org.junit.platform.engine.support.hierarchical.NodeTestTask.lambda$executeRecursively$7(NodeTestTask.java:125)
	at org.junit.platform.engine.support.hierarchical.Node.around(Node.java:135)
	at org.junit.platform.engine.support.hierarchical.NodeTestTask.lambda$executeRecursively$8(NodeTestTask.java:123)
	at org.junit.platform.engine.support.hierarchical.ThrowableCollector.execute(ThrowableCollector.java:73)
	at org.junit.platform.engine.support.hierarchical.NodeTestTask.executeRecursively(NodeTestTask.java:122)
	at org.junit.platform.engine.support.hierarchical.NodeTestTask.execute(NodeTestTask.java:80)
	at org.junit.platform.engine.support.hierarchical.SameThreadHierarchicalTestExecutorService.submit(SameThreadHierarchicalTestExecutorService.java:32)
	at org.junit.platform.engine.support.hierarchical.HierarchicalTestExecutor.execute(HierarchicalTestExecutor.java:57)
	at org.junit.platform.engine.support.hierarchical.HierarchicalTestEngine.execute(HierarchicalTestEngine.java:51)
	at org.junit.platform.launcher.core.DefaultLauncher.execute(DefaultLauncher.java:248)
	at org.junit.platform.launcher.core.DefaultLauncher.lambda$execute$5(DefaultLauncher.java:211)
	at org.junit.platform.launcher.core.DefaultLauncher.withInterceptedStreams(DefaultLauncher.java:226)
	at org.junit.platform.launcher.core.DefaultLauncher.execute(DefaultLauncher.java:199)
	at org.junit.platform.launcher.core.DefaultLauncher.execute(DefaultLauncher.java:132)
	at org.apache.maven.surefire.junitplatform.LazyLauncher.execute(LazyLauncher.java:56)
	at org.apache.maven.surefire.junitplatform.JUnitPlatformProvider.execute(JUnitPlatformProvider.java:184)
	at org.apache.maven.surefire.junitplatform.JUnitPlatformProvider.invokeAllTests(JUnitPlatformProvider.java:148)
	at org.apache.maven.surefire.junitplatform.JUnitPlatformProvider.invoke(JUnitPlatformProvider.java:122)
	at org.apache.maven.surefire.booter.ForkedBooter.runSuitesInProcess(ForkedBooter.java:385)
	at org.apache.maven.surefire.booter.ForkedBooter.execute(ForkedBooter.java:162)
	at org.apache.maven.surefire.booter.ForkedBooter.run(ForkedBooter.java:507)
	at org.apache.maven.surefire.booter.ForkedBooter.main(ForkedBooter.java:495)
Caused by: Exception [EclipseLink-4003] (Eclipse Persistence Services - 2.7.12.v20230209-e5c4074ef3): org.eclipse.persistence.exceptions.DatabaseException
Exception Description: Configuration error.  Class [org.postgresql.Driver] not found.
	at org.eclipse.persistence.exceptions.DatabaseException.configurationErrorClassNotFound(DatabaseException.java:91)
	at org.eclipse.persistence.sessions.DefaultConnector.loadDriverClass(DefaultConnector.java:269)
	at org.eclipse.persistence.sessions.DefaultConnector.connect(DefaultConnector.java:87)
	at org.eclipse.persistence.sessions.DatasourceLogin.connectToDatasource(DatasourceLogin.java:172)
	at org.eclipse.persistence.internal.sessions.DatabaseSessionImpl.setOrDetectDatasource(DatabaseSessionImpl.java:226)
	at org.eclipse.persistence.internal.sessions.DatabaseSessionImpl.loginAndDetectDatasource(DatabaseSessionImpl.java:810)
	at org.eclipse.persistence.internal.jpa.EntityManagerFactoryProvider.login(EntityManagerFactoryProvider.java:261)
	at org.eclipse.persistence.internal.jpa.EntityManagerSetupImpl.deploy(EntityManagerSetupImpl.java:771)
	... 78 more
]]></error>
    <system-out><![CDATA[getTaskList
[EL Finer]: 2023-12-08 15:56:19.512--Thread(Thread[main,5,main])--fixUNC: before fixing: url = file:/C:/Users/asahi/OneDrive/Documentos/programacion/porfolio-projects/todo-app/todo-master/todomaster/target/classes/, authority = , file = /C:/Users/asahi/OneDrive/Documentos/programacion/porfolio-projects/todo-app/todo-master/todomaster/target/classes/ (There is no English translation for this message.)
[EL Finer]: 2023-12-08 15:56:19.512--Thread(Thread[main,5,main])--fixUNC: after fixing: url = file:/C:/Users/asahi/OneDrive/Documentos/programacion/porfolio-projects/todo-app/todo-master/todomaster/target/classes/, authority = null, file = /C:/Users/asahi/OneDrive/Documentos/programacion/porfolio-projects/todo-app/todo-master/todomaster/target/classes/ (There is no English translation for this message.)
[EL Fine]: moxy: 2023-12-08 15:56:19.521--Thread(Thread[main,5,main])--SAXParserFactory instance: com.sun.org.apache.xerces.internal.jaxp.SAXParserFactoryImpl@4b40f651
[EL Finer]: jpa: 2023-12-08 15:56:19.523--Thread(Thread[main,5,main])--JavaSECMPInitializer - predeploying TodoMasterPU.
[EL Finest]: properties: 2023-12-08 15:56:19.532--ServerSession(1118840610)--Thread(Thread[main,5,main])--property=eclipselink.logging.parameters; value=true
[EL Fine]: server: 2023-12-08 15:56:19.532--Thread(Thread[main,5,main])--Configured server platform: org.eclipse.persistence.platform.server.NoServerPlatform
[EL Finest]: jpa: 2023-12-08 15:56:19.532--ServerSession(1118840610)--Thread(Thread[main,5,main])--Begin predeploying Persistence Unit TodoMasterPU; session /file:/C:/Users/asahi/OneDrive/Documentos/programacion/porfolio-projects/todo-app/todo-master/todomaster/target/classes/_TodoMasterPU; state Initial; factoryCount 0
[EL Finest]: properties: 2023-12-08 15:56:19.533--ServerSession(1118840610)--Thread(Thread[main,5,main])--property=eclipselink.orm.throw.exceptions; default value=true
[EL Finest]: properties: 2023-12-08 15:56:19.533--ServerSession(1118840610)--Thread(Thread[main,5,main])--property=eclipselink.multitenant.tenants-share-emf; default value=true
[EL Finest]: properties: 2023-12-08 15:56:19.533--ServerSession(1118840610)--Thread(Thread[main,5,main])--property=eclipselink.multitenant.tenants-share-cache; default value=false
[EL Finer]: metadata: 2023-12-08 15:56:19.533--Thread(Thread[main,5,main])--Searching for mapping file: [META-INF/orm.xml] at root URL: [file:/C:/Users/asahi/OneDrive/Documentos/programacion/porfolio-projects/todo-app/todo-master/todomaster/target/classes/].
[EL Finer]: metadata: 2023-12-08 15:56:19.541--Thread(Thread[main,5,main])--Searching for mapping file: [META-INF/eclipselink-orm.xml] at root URL: [file:/C:/Users/asahi/OneDrive/Documentos/programacion/porfolio-projects/todo-app/todo-master/todomaster/target/classes/].
[EL Config]: metadata: 2023-12-08 15:56:19.566--ServerSession(1118840610)--Thread(Thread[main,5,main])--The access type for the persistent class [class com.draekk.todomaster.models.User] is set to [FIELD].
[EL Config]: metadata: 2023-12-08 15:56:19.568--ServerSession(1118840610)--Thread(Thread[main,5,main])--The target entity (reference) class for the one to many mapping element [field tasks] is being defaulted to: class com.draekk.todomaster.models.Task.
[EL Config]: metadata: 2023-12-08 15:56:19.568--ServerSession(1118840610)--Thread(Thread[main,5,main])--The access type for the persistent class [class com.draekk.todomaster.models.Task] is set to [FIELD].
[EL Config]: metadata: 2023-12-08 15:56:19.569--ServerSession(1118840610)--Thread(Thread[main,5,main])--The target entity (reference) class for the many to one mapping element [field user] is being defaulted to: class com.draekk.todomaster.models.User.
[EL Config]: metadata: 2023-12-08 15:56:19.569--ServerSession(1118840610)--Thread(Thread[main,5,main])--The alias name for the entity class [class com.draekk.todomaster.models.User] is being defaulted to: User.
[EL Config]: metadata: 2023-12-08 15:56:19.57--ServerSession(1118840610)--Thread(Thread[main,5,main])--The column name for element [lastName] is being defaulted to: LASTNAME.
[EL Config]: metadata: 2023-12-08 15:56:19.57--ServerSession(1118840610)--Thread(Thread[main,5,main])--The column name for element [password] is being defaulted to: PASSWORD.
[EL Config]: metadata: 2023-12-08 15:56:19.57--ServerSession(1118840610)--Thread(Thread[main,5,main])--The column name for element [name] is being defaulted to: NAME.
[EL Config]: metadata: 2023-12-08 15:56:19.571--ServerSession(1118840610)--Thread(Thread[main,5,main])--The column name for element [id] is being defaulted to: ID.
[EL Config]: metadata: 2023-12-08 15:56:19.571--ServerSession(1118840610)--Thread(Thread[main,5,main])--The column name for element [email] is being defaulted to: EMAIL.
[EL Config]: metadata: 2023-12-08 15:56:19.571--ServerSession(1118840610)--Thread(Thread[main,5,main])--The column name for element [username] is being defaulted to: USERNAME.
[EL Config]: metadata: 2023-12-08 15:56:19.571--ServerSession(1118840610)--Thread(Thread[main,5,main])--The alias name for the entity class [class com.draekk.todomaster.models.Task] is being defaulted to: Task.
[EL Config]: metadata: 2023-12-08 15:56:19.572--ServerSession(1118840610)--Thread(Thread[main,5,main])--The column name for element [description] is being defaulted to: DESCRIPTION.
[EL Config]: metadata: 2023-12-08 15:56:19.572--ServerSession(1118840610)--Thread(Thread[main,5,main])--The column name for element [id] is being defaulted to: ID.
[EL Config]: metadata: 2023-12-08 15:56:19.572--ServerSession(1118840610)--Thread(Thread[main,5,main])--The column name for element [isCompleted] is being defaulted to: ISCOMPLETED.
[EL Config]: metadata: 2023-12-08 15:56:19.573--ServerSession(1118840610)--Thread(Thread[main,5,main])--The primary key column name for the mapping element [field user] is being defaulted to: ID.
[EL Finest]: jpa: 2023-12-08 15:56:19.573--ServerSession(1118840610)--Thread(Thread[main,5,main])--End predeploying Persistence Unit TodoMasterPU; session /file:/C:/Users/asahi/OneDrive/Documentos/programacion/porfolio-projects/todo-app/todo-master/todomaster/target/classes/_TodoMasterPU; state Predeployed; factoryCount 0
[EL Finer]: weaver: 2023-12-08 15:56:19.574--Thread(Thread[main,5,main])--JavaSECMPInitializer - transformer is null.
[EL Finest]: jpa: 2023-12-08 15:56:19.574--ServerSession(1118840610)--Thread(Thread[main,5,main])--Begin predeploying Persistence Unit TodoMasterPU; session /file:/C:/Users/asahi/OneDrive/Documentos/programacion/porfolio-projects/todo-app/todo-master/todomaster/target/classes/_TodoMasterPU; state Predeployed; factoryCount 0
[EL Finest]: jpa: 2023-12-08 15:56:19.574--ServerSession(1118840610)--Thread(Thread[main,5,main])--End predeploying Persistence Unit TodoMasterPU; session /file:/C:/Users/asahi/OneDrive/Documentos/programacion/porfolio-projects/todo-app/todo-master/todomaster/target/classes/_TodoMasterPU; state Predeployed; factoryCount 1
[EL Finer]: metamodel: 2023-12-08 15:56:19.574--ServerSession(1118840610)--Thread(Thread[main,5,main])--Canonical Metamodel class [com.draekk.todomaster.models.Task_] found and instantiated during initialization.
[EL Finer]: metamodel: 2023-12-08 15:56:19.574--ServerSession(1118840610)--Thread(Thread[main,5,main])--Canonical Metamodel class [com.draekk.todomaster.models.User_] found and instantiated during initialization.
[EL Finest]: jpa: 2023-12-08 15:56:19.575--ServerSession(1118840610)--Thread(Thread[main,5,main])--Begin deploying Persistence Unit TodoMasterPU; session /file:/C:/Users/asahi/OneDrive/Documentos/programacion/porfolio-projects/todo-app/todo-master/todomaster/target/classes/_TodoMasterPU; state Predeployed; factoryCount 1
[EL Finest]: jpa: 2023-12-08 15:56:19.576--ServerSession(1118840610)--Thread(Thread[main,5,main])--Bean Validation Factory was not initialized: [javax/validation/Validation].
[EL Finest]: properties: 2023-12-08 15:56:19.576--ServerSession(1118840610)--Thread(Thread[main,5,main])--property=eclipselink.logging.level; value=FINEST; translated value=FINEST
[EL Finest]: properties: 2023-12-08 15:56:19.576--ServerSession(1118840610)--Thread(Thread[main,5,main])--property=eclipselink.logging.parameters; value=true
[EL Finest]: properties: 2023-12-08 15:56:19.576--ServerSession(1118840610)--Thread(Thread[main,5,main])--property=eclipselink.logging.level; value=FINEST; translated value=FINEST
[EL Finest]: properties: 2023-12-08 15:56:19.577--ServerSession(1118840610)--Thread(Thread[main,5,main])--property=eclipselink.logging.parameters; value=true
[EL Finest]: properties: 2023-12-08 15:56:19.577--ServerSession(1118840610)--Thread(Thread[main,5,main])--property=javax.persistence.jdbc.user; value=postgres
[EL Finest]: properties: 2023-12-08 15:56:19.577--ServerSession(1118840610)--Thread(Thread[main,5,main])--property=javax.persistence.jdbc.password; value=xxxxxx
[EL Finest]: properties: 2023-12-08 15:56:19.579--ServerSession(1118840610)--Thread(Thread[main,5,main])--property=javax.persistence.jdbc.driver; value=org.postgresql.Driver
[EL Finest]: properties: 2023-12-08 15:56:19.58--ServerSession(1118840610)--Thread(Thread[main,5,main])--property=javax.persistence.jdbc.url; value=jdbc:postgresql://monorail.proxy.rlwy.net:32742/railway
[EL Info]: 2023-12-08 15:56:19.58--ServerSession(1118840610)--Thread(Thread[main,5,main])--EclipseLink, version: Eclipse Persistence Services - 2.7.12.v20230209-e5c4074ef3
[EL Severe]: ejb: 2023-12-08 15:56:19.581--ServerSession(1118840610)--Thread(Thread[main,5,main])--Local Exception Stack: 
Exception [EclipseLink-4003] (Eclipse Persistence Services - 2.7.12.v20230209-e5c4074ef3): org.eclipse.persistence.exceptions.DatabaseException
Exception Description: Configuration error.  Class [org.postgresql.Driver] not found.
	at org.eclipse.persistence.exceptions.DatabaseException.configurationErrorClassNotFound(DatabaseException.java:91)
	at org.eclipse.persistence.sessions.DefaultConnector.loadDriverClass(DefaultConnector.java:269)
	at org.eclipse.persistence.sessions.DefaultConnector.connect(DefaultConnector.java:87)
	at org.eclipse.persistence.sessions.DatasourceLogin.connectToDatasource(DatasourceLogin.java:172)
	at org.eclipse.persistence.internal.sessions.DatabaseSessionImpl.setOrDetectDatasource(DatabaseSessionImpl.java:226)
	at org.eclipse.persistence.internal.sessions.DatabaseSessionImpl.loginAndDetectDatasource(DatabaseSessionImpl.java:810)
	at org.eclipse.persistence.internal.jpa.EntityManagerFactoryProvider.login(EntityManagerFactoryProvider.java:261)
	at org.eclipse.persistence.internal.jpa.EntityManagerSetupImpl.deploy(EntityManagerSetupImpl.java:771)
	at org.eclipse.persistence.internal.jpa.EntityManagerFactoryDelegate.getAbstractSession(EntityManagerFactoryDelegate.java:222)
	at org.eclipse.persistence.internal.jpa.EntityManagerFactoryDelegate.getDatabaseSession(EntityManagerFactoryDelegate.java:200)
	at org.eclipse.persistence.internal.jpa.EntityManagerFactoryImpl.getDatabaseSession(EntityManagerFactoryImpl.java:542)
	at org.eclipse.persistence.jpa.PersistenceProvider.createEntityManagerFactoryImpl(PersistenceProvider.java:153)
	at org.eclipse.persistence.jpa.PersistenceProvider.createEntityManagerFactory(PersistenceProvider.java:191)
	at javax.persistence.Persistence.createEntityManagerFactory(Persistence.java:80)
	at javax.persistence.Persistence.createEntityManagerFactory(Persistence.java:55)
	at com.draekk.todomaster.persistence.UserJpaController.<init>(UserJpaController.java:32)
	at com.draekk.todomaster.persistence.PersistenceController.<init>(PersistenceController.java:11)
	at com.draekk.todomaster.controllers.GeneralController.<init>(GeneralController.java:15)
	at com.draekk.todomaster.controllers.GeneralControllerTest.testGetTaskList_0args(GeneralControllerTest.java:102)
	at java.base/jdk.internal.reflect.NativeMethodAccessorImpl.invoke0(Native Method)
	at java.base/jdk.internal.reflect.NativeMethodAccessorImpl.invoke(NativeMethodAccessorImpl.java:77)
	at java.base/jdk.internal.reflect.DelegatingMethodAccessorImpl.invoke(DelegatingMethodAccessorImpl.java:43)
	at java.base/java.lang.reflect.Method.invoke(Method.java:568)
	at org.junit.platform.commons.util.ReflectionUtils.invokeMethod(ReflectionUtils.java:686)
	at org.junit.jupiter.engine.execution.MethodInvocation.proceed(MethodInvocation.java:60)
	at org.junit.jupiter.engine.execution.InvocationInterceptorChain$ValidatingInvocation.proceed(InvocationInterceptorChain.java:131)
	at org.junit.jupiter.engine.extension.TimeoutExtension.intercept(TimeoutExtension.java:149)
	at org.junit.jupiter.engine.extension.TimeoutExtension.interceptTestableMethod(TimeoutExtension.java:140)
	at org.junit.jupiter.engine.extension.TimeoutExtension.interceptTestMethod(TimeoutExtension.java:84)
	at org.junit.jupiter.engine.execution.ExecutableInvoker$ReflectiveInterceptorCall.lambda$ofVoidMethod$0(ExecutableInvoker.java:115)
	at org.junit.jupiter.engine.execution.ExecutableInvoker.lambda$invoke$0(ExecutableInvoker.java:105)
	at org.junit.jupiter.engine.execution.InvocationInterceptorChain$InterceptedInvocation.proceed(InvocationInterceptorChain.java:106)
	at org.junit.jupiter.engine.execution.InvocationInterceptorChain.proceed(InvocationInterceptorChain.java:64)
	at org.junit.jupiter.engine.execution.InvocationInterceptorChain.chainAndInvoke(InvocationInterceptorChain.java:45)
	at org.junit.jupiter.engine.execution.InvocationInterceptorChain.invoke(InvocationInterceptorChain.java:37)
	at org.junit.jupiter.engine.execution.ExecutableInvoker.invoke(ExecutableInvoker.java:104)
	at org.junit.jupiter.engine.execution.ExecutableInvoker.invoke(ExecutableInvoker.java:98)
	at org.junit.jupiter.engine.descriptor.TestMethodTestDescriptor.lambda$invokeTestMethod$6(TestMethodTestDescriptor.java:205)
	at org.junit.platform.engine.support.hierarchical.ThrowableCollector.execute(ThrowableCollector.java:73)
	at org.junit.jupiter.engine.descriptor.TestMethodTestDescriptor.invokeTestMethod(TestMethodTestDescriptor.java:201)
	at org.junit.jupiter.engine.descriptor.TestMethodTestDescriptor.execute(TestMethodTestDescriptor.java:137)
	at org.junit.jupiter.engine.descriptor.TestMethodTestDescriptor.execute(TestMethodTestDescriptor.java:71)
	at org.junit.platform.engine.support.hierarchical.NodeTestTask.lambda$executeRecursively$5(NodeTestTask.java:135)
	at org.junit.platform.engine.support.hierarchical.ThrowableCollector.execute(ThrowableCollector.java:73)
	at org.junit.platform.engine.support.hierarchical.NodeTestTask.lambda$executeRecursively$7(NodeTestTask.java:125)
	at org.junit.platform.engine.support.hierarchical.Node.around(Node.java:135)
	at org.junit.platform.engine.support.hierarchical.NodeTestTask.lambda$executeRecursively$8(NodeTestTask.java:123)
	at org.junit.platform.engine.support.hierarchical.ThrowableCollector.execute(ThrowableCollector.java:73)
	at org.junit.platform.engine.support.hierarchical.NodeTestTask.executeRecursively(NodeTestTask.java:122)
	at org.junit.platform.engine.support.hierarchical.NodeTestTask.execute(NodeTestTask.java:80)
	at java.base/java.util.ArrayList.forEach(ArrayList.java:1511)
	at org.junit.platform.engine.support.hierarchical.SameThreadHierarchicalTestExecutorService.invokeAll(SameThreadHierarchicalTestExecutorService.java:38)
	at org.junit.platform.engine.support.hierarchical.NodeTestTask.lambda$executeRecursively$5(NodeTestTask.java:139)
	at org.junit.platform.engine.support.hierarchical.ThrowableCollector.execute(ThrowableCollector.java:73)
	at org.junit.platform.engine.support.hierarchical.NodeTestTask.lambda$executeRecursively$7(NodeTestTask.java:125)
	at org.junit.platform.engine.support.hierarchical.Node.around(Node.java:135)
	at org.junit.platform.engine.support.hierarchical.NodeTestTask.lambda$executeRecursively$8(NodeTestTask.java:123)
	at org.junit.platform.engine.support.hierarchical.ThrowableCollector.execute(ThrowableCollector.java:73)
	at org.junit.platform.engine.support.hierarchical.NodeTestTask.executeRecursively(NodeTestTask.java:122)
	at org.junit.platform.engine.support.hierarchical.NodeTestTask.execute(NodeTestTask.java:80)
	at java.base/java.util.ArrayList.forEach(ArrayList.java:1511)
	at org.junit.platform.engine.support.hierarchical.SameThreadHierarchicalTestExecutorService.invokeAll(SameThreadHierarchicalTestExecutorService.java:38)
	at org.junit.platform.engine.support.hierarchical.NodeTestTask.lambda$executeRecursively$5(NodeTestTask.java:139)
	at org.junit.platform.engine.support.hierarchical.ThrowableCollector.execute(ThrowableCollector.java:73)
	at org.junit.platform.engine.support.hierarchical.NodeTestTask.lambda$executeRecursively$7(NodeTestTask.java:125)
	at org.junit.platform.engine.support.hierarchical.Node.around(Node.java:135)
	at org.junit.platform.engine.support.hierarchical.NodeTestTask.lambda$executeRecursively$8(NodeTestTask.java:123)
	at org.junit.platform.engine.support.hierarchical.ThrowableCollector.execute(ThrowableCollector.java:73)
	at org.junit.platform.engine.support.hierarchical.NodeTestTask.executeRecursively(NodeTestTask.java:122)
	at org.junit.platform.engine.support.hierarchical.NodeTestTask.execute(NodeTestTask.java:80)
	at org.junit.platform.engine.support.hierarchical.SameThreadHierarchicalTestExecutorService.submit(SameThreadHierarchicalTestExecutorService.java:32)
	at org.junit.platform.engine.support.hierarchical.HierarchicalTestExecutor.execute(HierarchicalTestExecutor.java:57)
	at org.junit.platform.engine.support.hierarchical.HierarchicalTestEngine.execute(HierarchicalTestEngine.java:51)
	at org.junit.platform.launcher.core.DefaultLauncher.execute(DefaultLauncher.java:248)
	at org.junit.platform.launcher.core.DefaultLauncher.lambda$execute$5(DefaultLauncher.java:211)
	at org.junit.platform.launcher.core.DefaultLauncher.withInterceptedStreams(DefaultLauncher.java:226)
	at org.junit.platform.launcher.core.DefaultLauncher.execute(DefaultLauncher.java:199)
	at org.junit.platform.launcher.core.DefaultLauncher.execute(DefaultLauncher.java:132)
	at org.apache.maven.surefire.junitplatform.LazyLauncher.execute(LazyLauncher.java:56)
	at org.apache.maven.surefire.junitplatform.JUnitPlatformProvider.execute(JUnitPlatformProvider.java:184)
	at org.apache.maven.surefire.junitplatform.JUnitPlatformProvider.invokeAllTests(JUnitPlatformProvider.java:148)
	at org.apache.maven.surefire.junitplatform.JUnitPlatformProvider.invoke(JUnitPlatformProvider.java:122)
	at org.apache.maven.surefire.booter.ForkedBooter.runSuitesInProcess(ForkedBooter.java:385)
	at org.apache.maven.surefire.booter.ForkedBooter.execute(ForkedBooter.java:162)
	at org.apache.maven.surefire.booter.ForkedBooter.run(ForkedBooter.java:507)
	at org.apache.maven.surefire.booter.ForkedBooter.main(ForkedBooter.java:495)

[EL Finest]: jpa: 2023-12-08 15:56:19.582--ServerSession(1118840610)--Thread(Thread[main,5,main])--End deploying Persistence Unit TodoMasterPU; session /file:/C:/Users/asahi/OneDrive/Documentos/programacion/porfolio-projects/todo-app/todo-master/todomaster/target/classes/_TodoMasterPU; state HalfDeployed; factoryCount 1
[EL Finest]: jpa: 2023-12-08 15:56:19.582--ServerSession(1118840610)--Thread(Thread[main,5,main])--Begin undeploying Persistence Unit TodoMasterPU; session /file:/C:/Users/asahi/OneDrive/Documentos/programacion/porfolio-projects/todo-app/todo-master/todomaster/target/classes/_TodoMasterPU; state HalfDeployed; factoryCount 1
[EL Finest]: jpa: 2023-12-08 15:56:19.582--ServerSession(1118840610)--Thread(Thread[main,5,main])--End undeploying Persistence Unit TodoMasterPU; session /file:/C:/Users/asahi/OneDrive/Documentos/programacion/porfolio-projects/todo-app/todo-master/todomaster/target/classes/_TodoMasterPU; state Undeployed; factoryCount 0
]]></system-out>
  </testcase>
</testsuite>